# ========================================================
# test case : IBLSH1Recommender Hash Functions Evaluation
# ========================================================
fileName = data/android-apps/android-apps
numOfHashTables = 5
IBLSH1RecommenderHashFunctionsPrecision = [2.208857103896233E-4, 1.888792280965395E-4, 2.920722683966089E-4, 3.1298981868538886E-4, 3.101551512308118E-4, 2.6993571441448033E-4, 3.17503059061356E-4, 3.382412705555361E-4, 3.894876311332397E-4, 1.8517742749031834E-4];
IBLSH1RecommenderHashFunctionsPecall = [0.0010107106053563021, 8.921932089507037E-4, 0.0010734334999746731, 0.0011691784142466193, 0.001118756708753811, 0.0010672626895100318, 0.0011733549071912734, 0.0011970682072319652, 0.0014297468959124891, 0.001203040100163398];
IBLSH1RecommenderHashFunctionsDiversity = [0.9893352555485904, 0.9889835022427488, 0.9893928914656197, 0.9895984340446828, 0.9900503036137799, 0.9915209825117071, 0.9911389028448797, 0.9910408287927123, 0.9931495793161691, 0.9927433375003326];
IBLSH1RecommenderHashFunctionsAggrDiversity = [31524.333333333332, 31610.666666666668, 31718.0, 31719.0, 31741.0, 31342.333333333332, 31301.0, 31073.666666666668, 29688.666666666668, 28122.666666666668];
IBLSH1RecommenderHashFunctionsNovelty = [12.816947733511382, 12.904130524515965, 12.916666165242018, 12.895470604501975, 12.948096455381256, 12.928676730410862, 12.912947851382725, 12.946748364419927, 12.989346577290627, 12.96727599969006];
IBLSH1RecommenderHashFunctionsTopN = [20.0, 20.0, 20.0, 20.0, 20.0, 20.0, 20.0, 20.0, 20.0, 19.666666666666668];
IBLSH1RecommenderHashFunctionsAvgRecommTime = [82.60635907735018, 42.780319698357665, 21.9917278877369, 11.990902248629686, 6.445874055733291, 3.342007335352599, 1.7391782369245927, 0.929518267244206, 0.511105265833264, 0.30198639409072564];
IBLSH1RecommenderHashFunctionsCandidateItemListSize = [0.0, 0.0, 0.0, 0.0, 0.0, 0.0, 0.0, 0.0, 0.0, 0.0];
IBLSH1RecommenderHashFunctionsTopNRatioListSize = [1.0, 1.0, 1.0, 1.0, 1.0, 1.0, 1.0, 1.0, 1.0, 1.0];
# ========================================================
# test case : IBLSH1Recommender Hash Tables Evaluation
# ========================================================
fileName = data/android-apps/android-apps
numOfHashFunctions = 6
IBLSH1RecommenderHashTablesPrecision = [1.792386294772933E-4, 2.710451591469799E-4, 2.1696062842247192E-4, 3.218152857804997E-4, 4.054836762982358E-4, 4.4713358120173084E-4, 4.0365745476537393E-4, 4.3249839973988027E-4, 5.346064257543697E-4, 5.336037659023823E-4];
IBLSH1RecommenderHashTablesRecall = [9.31574158683318E-4, 0.0012763954658146861, 9.203971275846386E-4, 0.0010951025764995568, 0.0014424707317248237, 0.0015144711855089995, 0.0017678674126468052, 0.0016014305830481929, 0.0020139203540348962, 0.0020173615243028477];
IBLSH1RecommenderHashTablesDiversity = [0.9893109026088632, 0.989638498384013, 0.9897116343893916, 0.9893016041504937, 0.989209007966096, 0.9893915395557277, 0.989442309052848, 0.989037647973226, 0.989250247221141, 0.9895134426410342];
IBLSH1RecommenderHashTablesAggrDiversity = [31723.333333333332, 31722.666666666668, 31781.333333333332, 31795.333333333332, 31786.333333333332, 31766.333333333332, 31725.0, 31710.666666666668, 31679.0, 31709.0];
IBLSH1RecommenderHashTablesNovelty = [12.95409531065773, 12.869811570357115, 12.873937221245454, 12.884588304144176, 12.88822130120917, 12.846029068148084, 12.87093774446132, 12.880888432077299, 12.857427833041124, 12.935004710485766];
IBLSH1RecommenderHashTablesTopN = [20.0, 20.0, 20.0, 20.0, 20.0, 20.0, 20.0, 20.0, 20.0, 20.0];
IBLSH1RecommenderHashTablesAvgRecommTime = [17.54294946514417, 22.009464379855007, 23.534394541862174, 26.029305332378684, 30.893427273016524, 37.70888223221334, 46.22067652019413, 47.52637556448729, 42.905742535661126, 41.01819403298803];
IBLSH1RecommenderHashTablesCandidateItemListSize = [0.0, 0.0, 0.0, 0.0, 0.0, 0.0, 0.0, 0.0, 0.0, 0.0];
IBLSH1RecommenderHashTablesTopNRatioListSize = [1.0, 1.0, 1.0, 1.0, 1.0, 1.0, 1.0, 1.0, 1.0, 1.0];
# ========================================================
# test case : IBLSH2Recommender Hash Functions Evaluation
# ========================================================
fileName = data/android-apps/android-apps
numOfHashTables = 5
IBLSH2RecommenderHashFunctionsPrecision = [1.3986836556799026E-4, 8.380422910007764E-5, 7.017666465654227E-5, 1.5052435359148506E-4, 6.837404916625578E-5, 1.195674059168063E-4, 7.332364718332207E-5, 1.1606128159617487E-4, 1.1728950668030223E-4, 1.0659971548228376E-4];
IBLSH2RecommenderHashFunctionsPecall = [7.204421210634608E-4, 4.2872928185971247E-4, 3.780012684718643E-4, 7.36909452606657E-4, 5.146334548375312E-4, 5.712568232245416E-4, 5.503224467822356E-4, 6.816535861940442E-4, 7.261807585530264E-4, 6.080028076128223E-4];
IBLSH2RecommenderHashFunctionsDiversity = [0.998381910779857, 0.9983818093344302, 0.998291865991691, 0.998256161497871, 0.9981205828311407, 0.9979365469324982, 0.9977465020895471, 0.9973194801981332, 0.9956165516877159, 0.9943005583709691];
IBLSH2RecommenderHashFunctionsAggrDiversity = [32651.333333333332, 32652.333333333332, 32652.0, 32651.333333333332, 32649.0, 32647.0, 32631.666666666668, 32586.333333333332, 32457.0, 32060.0];
IBLSH2RecommenderHashFunctionsNovelty = [13.000827893579205, 13.00937052603365, 12.992030021610518, 13.002377692624307, 12.990603814997286, 12.99284235576475, 13.006697878844953, 13.000074889856975, 12.99286073816142, 12.993831495553522];
IBLSH2RecommenderHashFunctionsTopN = [20.0, 20.0, 20.0, 20.0, 20.0, 20.0, 20.0, 20.0, 20.0, 20.0];
IBLSH2RecommenderHashFunctionsAvgRecommTime = [13.56676626972193, 7.025023055801611, 3.559545786778964, 1.8416173901440416, 0.9417872989173861, 0.5325539699243178, 0.31833108393029436, 0.2049223072656455, 0.1396373522754858, 0.10283505826926431];
IBLSH2RecommenderHashFunctionsCandidateItemListSize = [0.0, 0.0, 0.0, 0.0, 0.0, 0.0, 0.0, 0.0, 0.0, 0.0];
IBLSH2RecommenderHashFunctionsTopNRatioListSize = [1.0, 1.0, 1.0, 1.0, 1.0, 1.0, 1.0, 1.0, 1.0, 1.0];
# ========================================================
# test case : IBLSH2Recommender Hash Tables Evaluation
# ========================================================
fileName = data/android-apps/android-apps
numOfHashFunctions = 6
IBLSH2RecommenderHashTablesPrecision = [1.1893977431186156E-4, 1.1200953966197574E-4, 6.349716021472618E-5, 9.52785612622364E-5, 9.691401180023551E-5, 1.0906990153016817E-4, 7.894067311401497E-5, 1.352645214020583E-4, 1.2160822112005833E-4, 9.839689936912866E-5];
IBLSH2RecommenderHashTablesRecall = [5.818674776057903E-4, 6.307004304967405E-4, 4.161819642463655E-4, 6.563693549637935E-4, 5.389101516128204E-4, 6.608813152468432E-4, 4.114186695019151E-4, 6.806475509951517E-4, 6.756249475132981E-4, 5.82255121950018E-4];
IBLSH2RecommenderHashTablesDiversity = [0.9983306338887491, 0.9983416321136422, 0.998324983985971, 0.9983659212661674, 0.9983418298183623, 0.9983455471714487, 0.9983759945333485, 0.9983243174016806, 0.9983522371899821, 0.9983652612528218];
IBLSH2RecommenderHashTablesAggrDiversity = [32652.0, 32652.333333333332, 32651.666666666668, 32652.0, 32652.666666666668, 32651.666666666668, 32652.333333333332, 32651.333333333332, 32652.666666666668, 32652.0];
IBLSH2RecommenderHashTablesNovelty = [13.005177078812537, 13.003926236200357, 12.992881345828915, 13.00903424881105, 12.995589936362228, 13.001241457012178, 13.001425911254302, 12.997921729324707, 13.001700455873959, 13.004984637813644];
IBLSH2RecommenderHashTablesTopN = [20.0, 20.0, 20.0, 20.0, 20.0, 20.0, 20.0, 20.0, 20.0, 20.0];
IBLSH2RecommenderHashTablesAvgRecommTime = [2.692525354375453, 3.498126616368866, 4.56061883923068, 5.370886401035436, 6.002739535825893, 6.5659273356366725, 7.489544962982084, 8.722322921355207, 10.32804542125704, 11.407739447860592];
IBLSH2RecommenderHashTablesCandidateItemListSize = [0.0, 0.0, 0.0, 0.0, 0.0, 0.0, 0.0, 0.0, 0.0, 0.0];
IBLSH2RecommenderHashTablesTopNRatioListSize = [1.0, 1.0, 1.0, 1.0, 1.0, 1.0, 1.0, 1.0, 1.0, 1.0];
# ========================================================
# test case : UBLSH1Recommender Hash Functions Evaluation
# ========================================================
fileName = data/android-apps/android-apps
numOfHashTables = 5
UBLSH1RecommenderHashFunctionsPrecision = [0.0021503078715385737, 0.002815288037424972, 0.0036635364630978225, 0.004569204070924098, 0.0066102801448289054, 0.0074136542953082, 0.007847337162591264, 0.00801828208129316, 0.007715577280591158, 0.006835514450961571];
UBLSH1RecommenderHashFunctionsPecall = [0.011539582598821234, 0.014636683959372196, 0.018501845776982016, 0.022893582720928913, 0.02960790925527078, 0.03261501334352362, 0.034645720915777896, 0.03287247321876418, 0.029922869904867085, 0.024578221452043716];
UBLSH1RecommenderHashFunctionsDiversity = [0.7853890044535637, 0.7058511802019259, 0.6145724611476084, 0.5212558542953026, 0.4298685949376757, 0.3847299589256303, 0.37735162631629837, 0.4172340838765751, 0.47419349080888856, 0.6305187752622797];
UBLSH1RecommenderHashFunctionsAggrDiversity = [4684.0, 4815.666666666667, 4480.0, 4199.0, 3964.6666666666665, 4122.333333333333, 4785.333333333333, 6369.0, 8627.333333333334, 11397.666666666666];
UBLSH1RecommenderHashFunctionsNovelty = [7.900394845453383, 7.4684697149028105, 7.07537121224344, 6.730460915833821, 6.404657015407111, 6.246448515489713, 6.234318119861665, 6.395905605233818, 6.729723973653951, 7.63285049934046];
UBLSH1RecommenderHashFunctionsTopN = [20.0, 20.0, 20.0, 20.0, 20.0, 20.0, 20.0, 20.0, 20.0, 19.333333333333332];
UBLSH1RecommenderHashFunctionsAvgRecommTime = [17.673363096985707, 12.177897123777912, 7.360974643878767, 4.602043327769386, 2.7865248951074384, 1.5954704636175168, 0.9054060349755741, 0.5182526756227442, 0.2864266784290544, 0.15736015852467067];
UBLSH1RecommenderHashFunctionsCandidateItemListSize = [0.0, 0.0, 0.0, 0.0, 0.0, 0.0, 0.0, 0.0, 0.0, 0.0];
UBLSH1RecommenderHashFunctionsTopNRatioListSize = [1.0, 1.0, 1.0, 1.0, 1.0, 1.0, 1.0, 1.0, 1.0, 1.0];
# ========================================================
# test case : UBLSH1Recommender Hash Tables Evaluation
# ========================================================
fileName = data/android-apps/android-apps
numOfHashFunctions = 6
UBLSH1RecommenderHashTablesPrecision = [0.0034854642295052314, 0.0037718317331048128, 0.0038313693946308153, 0.004091771595646535, 0.004101701829521847, 0.004243170470184153, 0.0040909727590584186, 0.0042907315287279, 0.0041001087698151984, 0.004026564778097267];
UBLSH1RecommenderHashTablesRecall = [0.017048217970827267, 0.01876359067846588, 0.018973707678785794, 0.019715137213805425, 0.020003521170613173, 0.01960592235915958, 0.02028635857303153, 0.021122038771769353, 0.0193883957571537, 0.01935529769345053];
UBLSH1RecommenderHashTablesDiversity = [0.6375943879216198, 0.6174407207486653, 0.6153844101063893, 0.615656406584569, 0.6203950362759258, 0.6231224477889855, 0.621800574378134, 0.6073104665225956, 0.6258390169078054, 0.6332536534108391];
UBLSH1RecommenderHashTablesAggrDiversity = [4592.333333333333, 4509.666666666667, 4399.0, 4345.666666666667, 4295.666666666667, 4285.666666666667, 4206.333333333333, 4079.6666666666665, 4068.6666666666665, 4030.6666666666665];
UBLSH1RecommenderHashTablesNovelty = [7.164601231073306, 7.089768467835474, 7.071798549272455, 7.069625039073162, 7.090556871250667, 7.104156164403936, 7.093465532718874, 7.044699504499586, 7.118113088199628, 7.137469059293198];
UBLSH1RecommenderHashTablesTopN = [20.0, 20.0, 20.0, 20.0, 20.0, 20.0, 20.0, 20.0, 20.0, 20.0];
UBLSH1RecommenderHashTablesAvgRecommTime = [6.5060846353952675, 7.468173409905792, 8.277625455249916, 9.271511662290266, 10.224855930834726, 11.152505807769549, 12.156992858728008, 13.044014366392844, 13.615334565061502, 14.224861934534813];
UBLSH1RecommenderHashTablesCandidateItemListSize = [0.0, 0.0, 0.0, 0.0, 0.0, 0.0, 0.0, 0.0, 0.0, 0.0];
UBLSH1RecommenderHashTablesTopNRatioListSize = [1.0, 1.0, 1.0, 1.0, 1.0, 1.0, 1.0, 1.0, 1.0, 1.0];
# ========================================================
# test case : UBLSH2Recommender Hash Functions Evaluation
# ========================================================
fileName = data/android-apps/android-apps
numOfHashTables = 5
UBLSH2RecommenderHashFunctionsPrecision = [3.421345168184131E-4, 5.648618598065354E-4, 6.863563476501751E-4, 8.310202848955677E-4, 0.0010036103105619581, 0.0011485806087748456, 0.0014765894668352052, 0.0015287137954015676, 0.0019261292228394307, 0.002220361529119827];
UBLSH2RecommenderHashFunctionsPecall = [0.0019164467698258678, 0.00296400915002955, 0.003316150353689626, 0.00477884404463587, 0.005618466095645112, 0.006685138855249719, 0.007853847680911184, 0.00877021902371461, 0.00998082698854543, 0.011125432593142222];
UBLSH2RecommenderHashFunctionsDiversity = [0.9834457712904922, 0.9753574573230338, 0.9638977565325334, 0.9494902280755495, 0.9323068530899383, 0.9128692790696676, 0.8920198765223574, 0.869856271558702, 0.8464195507094404, 0.8202947700485342];
UBLSH2RecommenderHashFunctionsAggrDiversity = [32297.333333333332, 31833.666666666668, 31171.333333333332, 30358.333333333332, 29538.333333333332, 28728.0, 28070.0, 27386.0, 26732.333333333332, 26281.0];
UBLSH2RecommenderHashFunctionsNovelty = [11.207773431146576, 10.794021494808474, 10.392241074203623, 10.030976029487727, 9.714932873968765, 9.439205786733169, 9.214497439077372, 9.029146864081653, 8.87481360534771, 8.762661627216602];
UBLSH2RecommenderHashFunctionsTopN = [20.0, 20.0, 20.0, 20.0, 20.0, 20.0, 20.0, 20.0, 20.0, 20.0];
UBLSH2RecommenderHashFunctionsAvgRecommTime = [3.448141648025208, 2.0651835392929123, 1.2909416860168106, 0.7638232905311192, 0.44241079931783744, 0.2587349033764632, 0.14854139339219918, 0.08045582724436995, 0.04689090140558574, 0.028402621261131536];
UBLSH2RecommenderHashFunctionsCandidateItemListSize = [0.0, 0.0, 0.0, 0.0, 0.0, 0.0, 0.0, 0.0, 0.0, 0.0];
UBLSH2RecommenderHashFunctionsTopNRatioListSize = [1.0, 1.0, 1.0, 1.0, 1.0, 1.0, 1.0, 1.0, 1.0, 1.0];
# ========================================================
# test case : UBLSH2Recommender Hash Tables Evaluation
# ========================================================
fileName = data/android-apps/android-apps
numOfHashFunctions = 6
UBLSH2RecommenderHashTablesPrecision = [5.094314833346652E-4, 6.336730076585248E-4, 5.678151055824007E-4, 5.482003870171883E-4, 5.227119389630914E-4, 6.072873126089737E-4, 5.13171221906366E-4, 6.023991164798933E-4, 5.204912023725963E-4, 4.315312055039945E-4];
UBLSH2RecommenderHashTablesRecall = [0.0034869079788487985, 0.0035438317364328707, 0.0033150918719839577, 0.003100670130813799, 0.002934301035950771, 0.0032273231266519453, 0.003197449460693311, 0.0031285061715432706, 0.0028518343856470223, 0.0025743452294845954];
UBLSH2RecommenderHashTablesDiversity = [0.960595675220678, 0.9637670514905109, 0.9667763965541626, 0.9691280168245227, 0.9706754645784542, 0.9723727607984433, 0.9738839811308636, 0.9749946464200402, 0.9759163103917475, 0.977169239329141];
UBLSH2RecommenderHashTablesAggrDiversity = [30961.0, 31173.0, 31357.666666666668, 31534.666666666668, 31644.333333333332, 31742.0, 31813.666666666668, 31908.0, 31984.0, 32020.0];
UBLSH2RecommenderHashTablesNovelty = [10.293502673390266, 10.392246597098065, 10.48291930635955, 10.565651908836317, 10.627140831378586, 10.69270485884853, 10.749156039161207, 10.799758098683734, 10.844605237636463, 10.897835498068046];
UBLSH2RecommenderHashTablesTopN = [20.0, 20.0, 20.0, 20.0, 20.0, 20.0, 20.0, 20.0, 20.0, 20.0];
UBLSH2RecommenderHashTablesAvgRecommTime = [1.0533514525027252, 1.2477728187991823, 1.4227872205262342, 1.5643152904526072, 1.7859297990673513, 1.9566878271666173, 2.115716745830676, 2.2018390106245427, 2.3135187167333924, 2.4288393934022405];
UBLSH2RecommenderHashTablesCandidateItemListSize = [0.0, 0.0, 0.0, 0.0, 0.0, 0.0, 0.0, 0.0, 0.0, 0.0];
UBLSH2RecommenderHashTablesTopNRatioListSize = [1.0, 1.0, 1.0, 1.0, 1.0, 1.0, 1.0, 1.0, 1.0, 1.0];
# ========================================================
# test case: UBKNNRecommender Precision
# ========================================================
dataFileBase = data/android-apps/android-apps
UBKNNRecommenderPrecision = 0.010542034488066412
UBKNNRecommenderRecall = 0.032556342913975495
UBKNNRecommenderDiversity = 0.8260779189935783
UBKNNRecommenderAggrDiversity = 11979.666666666666
UBKNNRecommenderNovelty = 9.941373285751167
UBKNNRecommenderAvgRecommTime = 0.48694773293009425;
# ========================================================
# test case: IBKNNRecommender Precision
# ========================================================
dataFileBase = data/android-apps/android-apps
IBKNNRecommenderPrecision = 0.023567887795969505
IBKNNRecommenderRecall = 0.09182962660185905
IBKNNRecommenderDiversity = 0.23587886785349968
IBKNNRecommenderAggrDiversity = 3056.0
IBKNNRecommenderNovelty = 6.110812942847435
IBKNNRecommenderAvgRecommTime = 0.3333571203258041;
# ========================================================
# test case : IBLSH1Recommender Hash Functions Evaluation
# ========================================================
fileName = data/yahoo-music/yahoo-music
numOfHashTables = 5
IBLSH1RecommenderHashFunctionsPrecision = [0.006641810882569686, 0.008066590175431746, 0.007118971728273547, 0.008872602819064242, 0.006892640319797971, 0.00762155402028139, 0.008101982576850937, 0.00572541012104396, 0.005853004400415513, 0.00506703295722362];
IBLSH1RecommenderHashFunctionsPecall = [0.03412356961883848, 0.03928916446791972, 0.036182184732883864, 0.041072726075207205, 0.03509007090660021, 0.0354995905229679, 0.0362524705067192, 0.027316205258961765, 0.026890905564321426, 0.021997061474470943];
IBLSH1RecommenderHashFunctionsDiversity = [0.23701908555720488, 0.2236146417068067, 0.2391086044343591, 0.24170258335215067, 0.2484779180257316, 0.24619284133557018, 0.2450019261165894, 0.24453486350648215, 0.25222935994793594, 0.25767079405787024];
IBLSH1RecommenderHashFunctionsAggrDiversity = [999.6666666666666, 999.0, 1000.0, 1000.0, 1000.0, 998.6666666666666, 987.6666666666666, 955.3333333333334, 798.6666666666666, 537.3333333333334];
IBLSH1RecommenderHashFunctionsNovelty = [5.910573068704726, 5.849455847233856, 5.947431287517971, 5.886512233053165, 5.940894419774497, 5.921078846265157, 5.921501881348231, 6.0078043816966895, 6.025955518944204, 6.050888671577095];
IBLSH1RecommenderHashFunctionsTopN = [20.0, 20.0, 20.0, 20.0, 20.0, 20.0, 19.666666666666668, 19.0, 18.333333333333332, 13.333333333333334];
IBLSH1RecommenderHashFunctionsAvgRecommTime = [7.641257642513245, 5.04444533379169, 3.3021078145689415, 2.0905162148033685, 1.1539396290246742, 0.6621563433354419, 0.41427941847254773, 0.307924353575734, 0.2299991509574971, 0.19539479604756402];
IBLSH1RecommenderHashFunctionsCandidateItemListSize = [0.0, 0.0, 0.0, 0.0, 0.0, 0.0, 0.0, 0.0, 0.0, 0.0];
IBLSH1RecommenderHashFunctionsTopNRatioListSize = [1.0, 1.0, 1.0, 1.0, 1.0, 1.0, 1.0, 1.0, 1.0, 0.9994616268483671];
# ========================================================
# test case : IBLSH1Recommender Hash Tables Evaluation
# ========================================================
fileName = data/yahoo-music/yahoo-music
numOfHashFunctions = 6
IBLSH1RecommenderHashTablesPrecision = [0.008301274385291069, 0.006715250425341314, 0.008703963563589144, 0.008307375526218979, 0.010079106258911846, 0.01214409797460151, 0.009861486441183691, 0.008682883155257682, 0.011666278042221824, 0.010818869021118692];
IBLSH1RecommenderHashTablesRecall = [0.039797873067480505, 0.033856214362118164, 0.04165033885083088, 0.03884953311952322, 0.046384609884159024, 0.05368541759017326, 0.0457620539931717, 0.04060197835113114, 0.052842281425394134, 0.04919430901831597];
IBLSH1RecommenderHashTablesDiversity = [0.24130468970844507, 0.24514259432467092, 0.2270908123736216, 0.23903028114129157, 0.2319961059878208, 0.2267810987232891, 0.23525487481392612, 0.22548736054474902, 0.22210407414196076, 0.22135376406207893];
IBLSH1RecommenderHashTablesAggrDiversity = [1000.0, 999.6666666666666, 1000.0, 999.6666666666666, 1000.0, 1000.0, 1000.0, 1000.0, 1000.0, 1000.0];
IBLSH1RecommenderHashTablesNovelty = [5.913159561013039, 5.97556445160215, 5.794215363986621, 5.920536786495645, 5.7939897434891074, 5.766258104569057, 5.8565371414606595, 5.86157469267981, 5.720693106534088, 5.76668320409334];
IBLSH1RecommenderHashTablesTopN = [20.0, 20.0, 20.0, 20.0, 20.0, 20.0, 20.0, 20.0, 20.0, 20.0];
IBLSH1RecommenderHashTablesAvgRecommTime = [2.738294455112232, 3.1756977848257244, 3.6780905940820094, 4.03483055198705, 4.401884338090958, 4.948140614880281, 5.164179289567286, 5.612850419773754, 5.918095552122387, 6.242724451490311];
IBLSH1RecommenderHashTablesCandidateItemListSize = [0.0, 0.0, 0.0, 0.0, 0.0, 0.0, 0.0, 0.0, 0.0, 0.0];
IBLSH1RecommenderHashTablesTopNRatioListSize = [1.0, 1.0, 1.0, 1.0, 1.0, 1.0, 1.0, 1.0, 1.0, 1.0];
# ========================================================
# test case : IBLSH2Recommender Hash Functions Evaluation
# ========================================================
fileName = data/yahoo-music/yahoo-music
numOfHashTables = 5
IBLSH2RecommenderHashFunctionsPrecision = [0.004321956963828341, 0.0043376147460671135, 0.004219448521687243, 0.004715574803388528, 0.005122661992433078, 0.004841675361772107, 0.005262352748618047, 0.006944197004243122, 0.007139818262441669, 0.0077105240593505];
IBLSH2RecommenderHashFunctionsPecall = [0.02345203696580644, 0.02257639945133418, 0.022072345063308088, 0.02627190804303124, 0.026499902648829978, 0.024819866557941776, 0.02499308312204031, 0.027956118406035874, 0.0225124399832288, 0.018894911731649422];
IBLSH2RecommenderHashFunctionsDiversity = [0.2635353176059922, 0.2644903203792917, 0.26083521646095315, 0.25852758451680397, 0.2539853954849148, 0.2614754176366445, 0.2576946441531981, 0.24184878529595344, 0.24531573900006776, 0.23726670887312876];
IBLSH2RecommenderHashFunctionsAggrDiversity = [1000.0, 1000.0, 1000.0, 1000.0, 1000.0, 1000.0, 995.0, 937.6666666666666, 775.0, 550.3333333333334];
IBLSH2RecommenderHashFunctionsNovelty = [6.075044307282023, 6.073381454340229, 6.066432106947045, 6.027891760506944, 6.011848373627855, 6.04527515008554, 6.017817433861874, 5.936069552764717, 5.967996554088425, 5.926746164339782];
IBLSH2RecommenderHashFunctionsTopN = [20.0, 20.0, 20.0, 20.0, 20.0, 20.0, 20.0, 19.0, 18.0, 14.333333333333334];
IBLSH2RecommenderHashFunctionsAvgRecommTime = [1.7808519781480523, 0.9799837966103132, 0.6914425601415513, 0.4509000125603282, 0.34480179268113803, 0.2567356300380113, 0.22672815051014283, 0.19661420458874213, 0.1571390022501815, 0.14698304085711011];
IBLSH2RecommenderHashFunctionsCandidateItemListSize = [0.0, 0.0, 0.0, 0.0, 0.0, 0.0, 0.0, 0.0, 0.0, 0.0];
IBLSH2RecommenderHashFunctionsTopNRatioListSize = [1.0, 1.0, 1.0, 1.0, 1.0, 1.0, 1.0, 1.0, 1.0, 0.9999743688325003];
# ========================================================
# test case : IBLSH2Recommender Hash Tables Evaluation
# ========================================================
fileName = data/yahoo-music/yahoo-music
numOfHashFunctions = 6
IBLSH2RecommenderHashTablesPrecision = [0.004796616009769117, 0.004757755799702772, 0.004434883449887208, 0.004331870866490062, 0.0044057735655746375, 0.004502477064119464, 0.004296650553764599, 0.0044812270213542725, 0.004343592483741353, 0.004341797295655918];
IBLSH2RecommenderHashTablesRecall = [0.024264722993075413, 0.02515711609227253, 0.02386516563486744, 0.023376859658055877, 0.024370407778250853, 0.02341955903830346, 0.023900039697117455, 0.02331428879613218, 0.023541695332496154, 0.02330033730758335];
IBLSH2RecommenderHashTablesDiversity = [0.26278827502706587, 0.25716052800351946, 0.25943053698137597, 0.2619314486225893, 0.26180874929827597, 0.26343244456812737, 0.26088412102899916, 0.26332438756847404, 0.26300551865984834, 0.261640797199526];
IBLSH2RecommenderHashTablesAggrDiversity = [1000.0, 1000.0, 1000.0, 1000.0, 1000.0, 1000.0, 1000.0, 1000.0, 1000.0, 1000.0];
IBLSH2RecommenderHashTablesNovelty = [6.05615650362434, 6.0226704505062765, 6.0535558545557935, 6.05536147420893, 6.0513180722625854, 6.061495181857232, 6.055858474247189, 6.064107785993869, 6.072788661914982, 6.06251007729428];
IBLSH2RecommenderHashTablesTopN = [20.0, 20.0, 20.0, 20.0, 20.0, 20.0, 20.0, 20.0, 20.0, 20.0];
IBLSH2RecommenderHashTablesAvgRecommTime = [0.5432168921868599, 0.6635144650036683, 0.7786102408122177, 0.8550096952795038, 1.033889578654737, 1.1298911139391188, 1.2902330637894854, 1.3724140711891284, 1.469643152875016, 1.5674600188930121];
IBLSH2RecommenderHashTablesCandidateItemListSize = [0.0, 0.0, 0.0, 0.0, 0.0, 0.0, 0.0, 0.0, 0.0, 0.0];
IBLSH2RecommenderHashTablesTopNRatioListSize = [1.0, 1.0, 1.0, 1.0, 1.0, 1.0, 1.0, 1.0, 1.0, 1.0];
# ========================================================
# test case : UBLSH1Recommender Hash Functions Evaluation
# ========================================================
fileName = data/yahoo-music/yahoo-music
numOfHashTables = 5
UBLSH1RecommenderHashFunctionsPrecision = [0.006366320432598206, 0.007595319875783377, 0.009561463808439863, 0.011626149727850891, 0.01437183723128517, 0.018544638187166396, 0.021682592182490027, 0.024737264500233613, 0.02637337852259045, 0.027161620526159547];
UBLSH1RecommenderHashFunctionsPecall = [0.031223963939204624, 0.03788155343247384, 0.04626313581411334, 0.05751911212808005, 0.06688749664968864, 0.0822481290955317, 0.09776624907117239, 0.10569297259621896, 0.11259296176718493, 0.11113326884542286];
UBLSH1RecommenderHashFunctionsDiversity = [0.22356512102907397, 0.21356791690954804, 0.19914081071537196, 0.18432439668968004, 0.175011040327702, 0.1676165869938028, 0.16190540223808517, 0.15875556056984508, 0.15844367854322794, 0.16032274551009532];
UBLSH1RecommenderHashFunctionsAggrDiversity = [999.6666666666666, 1000.0, 1000.0, 1000.0, 1000.0, 1000.0, 1000.0, 1000.0, 1000.0, 1000.0];
UBLSH1RecommenderHashFunctionsNovelty = [5.719824374274329, 5.535367044944103, 5.358386149077006, 5.0775392290692585, 4.849623596360082, 4.571587489325865, 4.286397138800436, 4.104194485086643, 4.090670872881866, 4.171366033198184];
UBLSH1RecommenderHashFunctionsTopN = [20.0, 20.0, 20.0, 20.0, 20.0, 20.0, 20.0, 20.0, 20.0, 19.0];
UBLSH1RecommenderHashFunctionsAvgRecommTime = [11.600309202981009, 9.105989930865467, 7.442958664858712, 5.705386446846158, 4.48537282113268, 3.4150013292261403, 2.4522865598391568, 1.5248071679298227, 0.9764901659752229, 0.5997551775052218];
UBLSH1RecommenderHashFunctionsCandidateItemListSize = [0.0, 0.0, 0.0, 0.0, 0.0, 0.0, 0.0, 0.0, 0.0, 0.0];
UBLSH1RecommenderHashFunctionsTopNRatioListSize = [1.0, 1.0, 1.0, 1.0, 1.0, 1.0, 1.0, 1.0, 1.0, 0.9998463899650881];
# ========================================================
# test case : UBLSH1Recommender Hash Tables Evaluation
# ========================================================
fileName = data/yahoo-music/yahoo-music
numOfHashFunctions = 6
UBLSH1RecommenderHashTablesPrecision = [0.007922485745882163, 0.008672291065807072, 0.010095691917777134, 0.009779623076373464, 0.010374124196206522, 0.010754216725598334, 0.010855606191860214, 0.010777454702362355, 0.010785837025712236, 0.011553085487856954];
UBLSH1RecommenderHashTablesRecall = [0.04080282538318355, 0.04434173370218938, 0.048641806724201264, 0.04783001654561849, 0.05033783884328333, 0.05025795388891011, 0.05219206835675103, 0.05149130633222915, 0.05157288846219035, 0.0515240973525693];
UBLSH1RecommenderHashTablesDiversity = [0.20287484031819525, 0.1980111433739027, 0.19550153968443115, 0.1968890757718161, 0.19135893410890772, 0.19276071766519454, 0.19290651796599625, 0.1938204426963189, 0.19593807053473822, 0.19340511079334533];
UBLSH1RecommenderHashTablesAggrDiversity = [1000.0, 1000.0, 1000.0, 1000.0, 1000.0, 999.6666666666666, 1000.0, 999.6666666666666, 1000.0, 1000.0];
UBLSH1RecommenderHashTablesNovelty = [5.437579114621863, 5.384208967207546, 5.272744837857901, 5.324257635066068, 5.240260785374218, 5.229148109565942, 5.233386442978782, 5.231238455688427, 5.237154960213625, 5.235107179818459];
UBLSH1RecommenderHashTablesTopN = [20.0, 20.0, 20.0, 20.0, 20.0, 20.0, 20.0, 20.0, 20.0, 20.0];
UBLSH1RecommenderHashTablesAvgRecommTime = [6.725656947154035, 7.306226799418805, 8.001812824802036, 8.818950646080426, 9.080527115532153, 9.419814122417309, 9.59773390771303, 10.729126548243832, 11.186245446453059, 11.34407806427429];
UBLSH1RecommenderHashTablesCandidateItemListSize = [0.0, 0.0, 0.0, 0.0, 0.0, 0.0, 0.0, 0.0, 0.0, 0.0];
UBLSH1RecommenderHashTablesTopNRatioListSize = [1.0, 1.0, 1.0, 1.0, 1.0, 1.0, 1.0, 1.0, 1.0, 1.0];
# ========================================================
# test case : UBLSH2Recommender Hash Functions Evaluation
# ========================================================
fileName = data/yahoo-music/yahoo-music
numOfHashTables = 5
UBLSH2RecommenderHashFunctionsPrecision = [0.003946236841426132, 0.004291302687855293, 0.004337062107559031, 0.0047658474437165975, 0.005084493338926712, 0.005589557770319793, 0.006420218314325772, 0.007935663312367088, 0.009678916424097529, 0.010336971512710104];
UBLSH2RecommenderHashFunctionsPecall = [0.0215943513613167, 0.022803293546782167, 0.023676495515000062, 0.025315885916690276, 0.027170120337786558, 0.030608085580006678, 0.033683425919051324, 0.0404897629451866, 0.04747281143570608, 0.04863498358321036];
UBLSH2RecommenderHashFunctionsDiversity = [0.25801511499015267, 0.2540879319349411, 0.24908216215330095, 0.24147346735510944, 0.2335277277350388, 0.22405394473128626, 0.21574962831809508, 0.20596274528992184, 0.1980860570511845, 0.1924315157743691];
UBLSH2RecommenderHashFunctionsAggrDiversity = [1000.0, 1000.0, 1000.0, 1000.0, 1000.0, 1000.0, 1000.0, 1000.0, 1000.0, 1000.0];
UBLSH2RecommenderHashFunctionsNovelty = [6.012892796465195, 5.983487520728217, 5.944445630751173, 5.885583534916854, 5.80954766334483, 5.708795577090168, 5.6144468092052735, 5.475901771371647, 5.348313769260817, 5.241664043185524];
UBLSH2RecommenderHashFunctionsTopN = [20.0, 20.0, 20.0, 20.0, 20.0, 20.0, 20.0, 20.0, 20.0, 19.0];
UBLSH2RecommenderHashFunctionsAvgRecommTime = [5.5382412049399905, 3.641932642867045, 2.3946883692609533, 1.5681548711493376, 0.9885374915932784, 0.6472731224078077, 0.43598625552401854, 0.24638289262119437, 0.15035625464720406, 0.11796163543537293];
UBLSH2RecommenderHashFunctionsCandidateItemListSize = [0.0, 0.0, 0.0, 0.0, 0.0, 0.0, 0.0, 0.0, 0.0, 0.0];
UBLSH2RecommenderHashFunctionsTopNRatioListSize = [1.0, 1.0, 1.0, 1.0, 1.0, 1.0, 1.0, 1.0, 1.0, 0.9998205932330587];
# ========================================================
# test case : UBLSH2Recommender Hash Tables Evaluation
# ========================================================
fileName = data/yahoo-music/yahoo-music
numOfHashFunctions = 6
UBLSH2RecommenderHashTablesPrecision = [0.004159137272450601, 0.004304571521276265, 0.004523093701710706, 0.00430427488126586, 0.003990011906724972, 0.00444400010490717, 0.00426386138542634, 0.004525003213267739, 0.004365153648851538, 0.004307479369216095];
UBLSH2RecommenderHashTablesRecall = [0.023702236974907583, 0.023051562225724437, 0.024575214292164096, 0.024068775892325003, 0.022581046091749313, 0.023919284846236327, 0.023892350308648096, 0.024596728229088743, 0.02396665890177461, 0.023998363456495645];
UBLSH2RecommenderHashTablesDiversity = [0.24775059373457667, 0.24862390950060909, 0.24783263521028376, 0.24957957247131726, 0.24935928228539886, 0.2503754531556958, 0.25031410298971973, 0.2519423683480682, 0.2506300395841235, 0.2522992788656588];
UBLSH2RecommenderHashTablesAggrDiversity = [1000.0, 1000.0, 1000.0, 1000.0, 1000.0, 1000.0, 1000.0, 1000.0, 1000.0, 1000.0];
UBLSH2RecommenderHashTablesNovelty = [5.938451143982191, 5.943166225053428, 5.937402908975794, 5.944794375391406, 5.944697689692629, 5.949333507902061, 5.947731248316951, 5.962058987320579, 5.955703847401426, 5.9610012019440495];
UBLSH2RecommenderHashTablesTopN = [20.0, 20.0, 20.0, 20.0, 20.0, 20.0, 20.0, 20.0, 20.0, 20.0];
UBLSH2RecommenderHashTablesAvgRecommTime = [2.0727820556386978, 2.3248066248781654, 2.604137629275965, 3.001171822347709, 3.242543863900791, 3.650088120939157, 3.9848673875450333, 4.11646185824861, 4.299785991237672, 4.564812274957837];
UBLSH2RecommenderHashTablesCandidateItemListSize = [0.0, 0.0, 0.0, 0.0, 0.0, 0.0, 0.0, 0.0, 0.0, 0.0];
UBLSH2RecommenderHashTablesTopNRatioListSize = [1.0, 1.0, 1.0, 1.0, 1.0, 1.0, 1.0, 1.0, 1.0, 1.0];
# ========================================================
# test case: UBKNNRecommender Precision
# ========================================================
dataFileBase = data/yahoo-music/yahoo-music
UBKNNRecommenderPrecision = 0.012845148135263317
UBKNNRecommenderRecall = 0.0594182575307823
UBKNNRecommenderDiversity = 0.19232880443602288
UBKNNRecommenderAggrDiversity = 1000.0
UBKNNRecommenderNovelty = 5.438028269197765
UBKNNRecommenderAvgRecommTime = 0.6177764561803807;
# ========================================================
# test case: IBKNNRecommender Precision
# ========================================================
dataFileBase = data/yahoo-music/yahoo-music
IBKNNRecommenderPrecision = 0.00284081585104206
IBKNNRecommenderRecall = 0.01722809266001286
IBKNNRecommenderDiversity = 0.2711225902518657
IBKNNRecommenderAggrDiversity = 930.3333333333334
IBKNNRecommenderNovelty = 6.677297846748179
IBKNNRecommenderAvgRecommTime = 0.3710440740064205;
# ========================================================
# test case : IBLSH1Recommender Hash Functions Evaluation
# ========================================================
fileName = data/amazon-movies-tv/amazon-movies-tv
numOfHashTables = 5
IBLSH1RecommenderHashFunctionsPrecision = [3.850563689615908E-4, 4.7322141286898625E-4, 4.1282173607303153E-4, 5.121777826095115E-4, 5.193470407344908E-4, 3.7316272823791037E-4, 3.8881905548754803E-4, 3.8696822480645634E-4, 4.3560081431360116E-4, 5.097677996132207E-4];
IBLSH1RecommenderHashFunctionsPecall = [0.0021064124474460336, 0.002209786083738764, 0.0024702620599355556, 0.002471700743918469, 0.002431828926320718, 0.0020787697876910823, 0.0019190328492901488, 0.00198641874487444, 0.002058891715857532, 0.002051267896065769];
IBLSH1RecommenderHashFunctionsDiversity = [0.9023788183704541, 0.904837261632841, 0.8961062818820187, 0.9134749096419318, 0.9084896072122525, 0.9098197679865988, 0.9124664104084003, 0.9123717584697301, 0.9139950627832958, 0.9146669952846184];
IBLSH1RecommenderHashFunctionsAggrDiversity = [17374.333333333332, 17398.0, 17378.0, 17418.666666666668, 17410.666666666668, 17386.333333333332, 17334.0, 17338.333333333332, 16912.0, 15562.666666666666];
IBLSH1RecommenderHashFunctionsNovelty = [9.223284757438748, 9.236648650543598, 9.194908869635675, 9.269560001602642, 9.247897206531135, 9.251005827530582, 9.26471452826096, 9.257336666437093, 9.251744662227354, 9.254200988542083];
IBLSH1RecommenderHashFunctionsTopN = [20.0, 20.0, 20.0, 20.0, 20.0, 20.0, 20.0, 20.0, 19.0, 19.0];
IBLSH1RecommenderHashFunctionsAvgRecommTime = [194.5376061105154, 101.6981394840664, 58.46829662400529, 33.216668636142956, 19.739755775461926, 10.880300290208089, 6.447684613157445, 3.3386735032029122, 2.0906772059485856, 1.2646663070671045];
IBLSH1RecommenderHashFunctionsCandidateItemListSize = [0.0, 0.0, 0.0, 0.0, 0.0, 0.0, 0.0, 0.0, 0.0, 0.0];
IBLSH1RecommenderHashFunctionsTopNRatioListSize = [0.9992645513444637, 0.9992645513444637, 0.9992645513444637, 0.9992645513444637, 0.9992645513444637, 0.9992645513444637, 0.9992645513444637, 0.9992645513444637, 0.9992645513444637, 0.9992645513444637];
# ========================================================
# test case : IBLSH1Recommender Hash Tables Evaluation
# ========================================================
fileName = data/amazon-movies-tv/amazon-movies-tv
numOfHashFunctions = 6
IBLSH1RecommenderHashTablesPrecision = [4.041437604404203E-4, 5.308646209218178E-4, 5.029236971478943E-4, 6.439276867146304E-4, 5.327263131295416E-4, 5.273079627811814E-4, 6.308550846327972E-4, 6.155682976130405E-4, 7.091582760596135E-4, 6.013800593186306E-4];
IBLSH1RecommenderHashTablesRecall = [0.002251323068854128, 0.0027100855761122786, 0.002308172275022206, 0.003211562450003296, 0.002641075874681633, 0.0027076966364338612, 0.0029473243586651716, 0.0030167537108126852, 0.003310482582925371, 0.002851094776927892];
IBLSH1RecommenderHashTablesDiversity = [0.8972504682324361, 0.8963706817743486, 0.9034450675308162, 0.8984765083317857, 0.8977435968820422, 0.8989790859751258, 0.9005630620792339, 0.8950907654217529, 0.8860208394177239, 0.8875676485246332];
IBLSH1RecommenderHashTablesAggrDiversity = [17360.333333333332, 17381.666666666668, 17414.333333333332, 17401.666666666668, 17407.666666666668, 17413.666666666668, 17423.666666666668, 17420.666666666668, 17410.0, 17413.666666666668];
IBLSH1RecommenderHashTablesNovelty = [9.208072937316537, 9.187449125950046, 9.22334609019925, 9.199050008240064, 9.201979414487115, 9.201219124038756, 9.209139062685546, 9.189491586583422, 9.134518813908597, 9.155802859131228];
IBLSH1RecommenderHashTablesTopN = [20.0, 20.0, 20.0, 20.0, 20.0, 20.0, 20.0, 20.0, 20.0, 20.0];
IBLSH1RecommenderHashTablesAvgRecommTime = [48.92972308875886, 58.18480604727274, 64.53688872951192, 73.18696922308322, 85.31540447380873, 96.93144537156961, 121.64153648852103, 166.50139716491188, 177.44203466377346, 190.2606202969068];
IBLSH1RecommenderHashTablesCandidateItemListSize = [0.0, 0.0, 0.0, 0.0, 0.0, 0.0, 0.0, 0.0, 0.0, 0.0];
IBLSH1RecommenderHashTablesTopNRatioListSize = [0.9992645513444637, 0.9992645513444637, 0.9992645513444637, 0.9992645513444637, 0.9992645513444637, 0.9992645513444637, 0.9992645513444637, 0.9992645513444637, 0.9992645513444637, 0.9992645513444637];
# ========================================================
# test case : IBLSH2Recommender Hash Functions Evaluation
# ========================================================
fileName = data/amazon-movies-tv/amazon-movies-tv
numOfHashTables = 5
IBLSH2RecommenderHashFunctionsPrecision = [2.3980728732250748E-4, 1.9036832341580564E-4, 1.8768005116334555E-4, 2.0869362232362813E-4, 2.1499242088687736E-4, 2.7306156024450693E-4, 1.9895152481703643E-4, 2.691023394752505E-4, 3.0871824497213284E-4, 3.485422046888102E-4];
IBLSH2RecommenderHashFunctionsPecall = [0.001312881981583908, 0.0010967721341681544, 0.0011563906886477816, 0.0012601929608958451, 0.0012029255612915647, 0.0014203124263903347, 0.0013625627424077756, 0.0013211214339993284, 0.0016259672977641502, 0.0015240747942499233];
IBLSH2RecommenderHashFunctionsDiversity = [0.9295114729361215, 0.9288132123247169, 0.9274787875736755, 0.9277443845557979, 0.9275749821773016, 0.9267324771737248, 0.9254209945037268, 0.9240979934228402, 0.9222391909476132, 0.9236131500505688];
IBLSH2RecommenderHashFunctionsAggrDiversity = [17454.0, 17454.0, 17454.0, 17454.0, 17454.0, 17454.0, 17454.0, 17453.666666666668, 17450.666666666668, 17429.666666666668];
IBLSH2RecommenderHashFunctionsNovelty = [9.34483309089493, 9.339345449485945, 9.33284262391374, 9.334184773387868, 9.331036408453064, 9.327068877617004, 9.320466247715705, 9.312358210918605, 9.30010852295718, 9.311210572298066];
IBLSH2RecommenderHashFunctionsTopN = [20.0, 20.0, 20.0, 20.0, 20.0, 20.0, 20.0, 20.0, 19.0, 19.0];
IBLSH2RecommenderHashFunctionsAvgRecommTime = [80.04799350783942, 41.91568623753135, 23.06856349267642, 12.042996229699183, 6.807904368575607, 3.964491795723585, 2.446998081216121, 1.5733165337121393, 1.0874247045368783, 0.8063194104982502];
IBLSH2RecommenderHashFunctionsCandidateItemListSize = [0.0, 0.0, 0.0, 0.0, 0.0, 0.0, 0.0, 0.0, 0.0, 0.0];
IBLSH2RecommenderHashFunctionsTopNRatioListSize = [0.9992645513444637, 0.9992645513444637, 0.9992645513444637, 0.9992645513444637, 0.9992645513444637, 0.9992645513444637, 0.9992645513444637, 0.9992645513444637, 0.9992645513444637, 0.9992645513444637];
# ========================================================
# test case : IBLSH2Recommender Hash Tables Evaluation
# ========================================================
fileName = data/amazon-movies-tv/amazon-movies-tv
numOfHashFunctions = 6
IBLSH2RecommenderHashTablesPrecision = [2.442499426767079E-4, 2.71407665189305E-4, 2.1189144094236004E-4, 2.503660868428362E-4, 1.5875186488373768E-4, 2.29300006487337E-4, 2.510189183706824E-4, 1.9372904012659325E-4, 2.7703421812987105E-4, 2.545543825347352E-4];
IBLSH2RecommenderHashTablesRecall = [0.001205485463087811, 0.0014587244609359287, 0.001201586423895823, 0.001232055040559024, 0.0010467169506417988, 0.0012666299643651175, 0.0014757075060524202, 9.826243484533353E-4, 0.0013218094479733411, 0.0013629900568255682];
IBLSH2RecommenderHashTablesDiversity = [0.929113248965106, 0.927813391975817, 0.9267287616272957, 0.9285398908918067, 0.9284899170948266, 0.9290795474926975, 0.9277583801343647, 0.9285071850140861, 0.9282259189736113, 0.9290021199814743];
IBLSH2RecommenderHashTablesAggrDiversity = [17454.0, 17454.0, 17454.0, 17454.0, 17453.666666666668, 17454.0, 17454.0, 17454.0, 17454.0, 17454.0];
IBLSH2RecommenderHashTablesNovelty = [9.345135470912249, 9.33487297372191, 9.325502137400228, 9.338348168609697, 9.337144989198064, 9.342052422044027, 9.331902461682619, 9.337813474889728, 9.33651548866274, 9.341480688199512];
IBLSH2RecommenderHashTablesTopN = [20.0, 20.0, 20.0, 20.0, 20.0, 20.0, 20.0, 20.0, 20.0, 20.0];
IBLSH2RecommenderHashTablesAvgRecommTime = [15.467159238455784, 22.291055685726906, 28.409471980059877, 30.13850464913015, 33.95613123635973, 37.36655228298269, 46.98298085311271, 54.551496487785506, 58.10462734444127, 62.075945027847915];
IBLSH2RecommenderHashTablesCandidateItemListSize = [0.0, 0.0, 0.0, 0.0, 0.0, 0.0, 0.0, 0.0, 0.0, 0.0];
IBLSH2RecommenderHashTablesTopNRatioListSize = [0.9992645513444637, 0.9992645513444637, 0.9992645513444637, 0.9992645513444637, 0.9992645513444637, 0.9992645513444637, 0.9992645513444637, 0.9992645513444637, 0.9992645513444637, 0.9992645513444637];
# ========================================================
# test case : UBLSH1Recommender Hash Functions Evaluation
# ========================================================
fileName = data/amazon-movies-tv/amazon-movies-tv
numOfHashTables = 5
UBLSH1RecommenderHashFunctionsPrecision = [6.774990580594398E-4, 8.986608730500335E-4, 0.0011139155389475776, 0.0013046918116069, 0.0013041406147311682, 0.0015430413173459963, 0.0015443745947648004, 0.0013244392580421815, 0.0012064041815442303, 9.018664573701559E-4];
UBLSH1RecommenderHashFunctionsPecall = [0.0032661066002382133, 0.0044622151391655734, 0.005628118621795177, 0.0065932170963381165, 0.007068739180047326, 0.007452172857838365, 0.007393737610917511, 0.006747217440358152, 0.005649110133528142, 0.004148614990596654];
UBLSH1RecommenderHashFunctionsDiversity = [0.6417774774826994, 0.5287039452474427, 0.4131264716127913, 0.32818356640334617, 0.2613886441724416, 0.2585174195735272, 0.2758412910712497, 0.350733163061043, 0.4213627368568453, 0.5521281279060933];
UBLSH1RecommenderHashFunctionsAggrDiversity = [9757.666666666666, 10640.666666666666, 10069.666666666666, 8918.333333333334, 8486.666666666666, 8979.333333333334, 10262.333333333334, 12584.666666666666, 13591.666666666666, 12516.0];
UBLSH1RecommenderHashFunctionsNovelty = [7.848077193321335, 7.454375989765082, 7.10412121349225, 6.848437418444327, 6.662847680496603, 6.658432942489725, 6.730483621386894, 6.976432970409962, 7.253363117318906, 7.74782416913575];
UBLSH1RecommenderHashFunctionsTopN = [20.0, 20.0, 20.0, 20.0, 20.0, 20.0, 20.0, 20.0, 20.0, 19.0];
UBLSH1RecommenderHashFunctionsAvgRecommTime = [84.30503392867472, 63.68326602374287, 46.44461174672716, 29.78531798984547, 18.726425962840437, 11.177736887687848, 6.44156852454138, 3.6461727048228556, 2.013818371419911, 1.0934267956191253];
UBLSH1RecommenderHashFunctionsCandidateItemListSize = [0.0, 0.0, 0.0, 0.0, 0.0, 0.0, 0.0, 0.0, 0.0, 0.0];
UBLSH1RecommenderHashFunctionsTopNRatioListSize = [0.9992645513444637, 0.9992645513444637, 0.9992645513444637, 0.9992645513444637, 0.9992645513444637, 0.9992645513444637, 0.9992645513444637, 0.9992645513444637, 0.9992645513444637, 0.9991933972246402];
# ========================================================
# test case : UBLSH1Recommender Hash Tables Evaluation
# ========================================================
fileName = data/amazon-movies-tv/amazon-movies-tv
numOfHashFunctions = 6
UBLSH1RecommenderHashTablesPrecision = [0.0011041721244603715, 0.0011372168775810243, 0.0011031175414309088, 0.0011109907490955682, 0.001065963085897035, 0.0011616443377092478, 0.0012058404367150499, 0.0012141444949414883, 0.0010513927009109469, 0.0010259811220107433];
UBLSH1RecommenderHashTablesRecall = [0.00530750744698331, 0.005744298806562023, 0.005441784400611598, 0.0056462453183129665, 0.005496943939367532, 0.005179990650847891, 0.006033862060647508, 0.006386636766811264, 0.005550078890991913, 0.0056544393096378785];
UBLSH1RecommenderHashTablesDiversity = [0.4360932098636927, 0.41804878183531974, 0.4060702975428317, 0.41593921372013515, 0.40323373438496507, 0.4001334691934521, 0.40666380113481054, 0.4148944983536764, 0.41292422877348894, 0.4167890010417448];
UBLSH1RecommenderHashTablesAggrDiversity = [9975.0, 10167.0, 9749.0, 9665.0, 9394.333333333334, 9246.0, 9134.333333333334, 8961.333333333334, 8840.0, 8636.0];
UBLSH1RecommenderHashTablesNovelty = [7.167738587805023, 7.106457959497536, 7.090015583283147, 7.108138548654408, 7.078991795919172, 7.074009889169349, 7.085790698355063, 7.103218975960007, 7.108167175532284, 7.122711376690191];
UBLSH1RecommenderHashTablesTopN = [20.0, 20.0, 20.0, 20.0, 20.0, 20.0, 20.0, 20.0, 20.0, 20.0];
UBLSH1RecommenderHashTablesAvgRecommTime = [40.31056960546824, 46.90896189342993, 50.992637772780085, 54.8477240974392, 58.33771119968609, 61.65200689634171, 65.46800680670141, 67.37801993715976, 69.73367460300109, 72.35606183911646];
UBLSH1RecommenderHashTablesCandidateItemListSize = [0.0, 0.0, 0.0, 0.0, 0.0, 0.0, 0.0, 0.0, 0.0, 0.0];
UBLSH1RecommenderHashTablesTopNRatioListSize = [0.9992645513444637, 0.9992645513444637, 0.9992645513444637, 0.9992645513444637, 0.9992645513444637, 0.9992645513444637, 0.9992645513444637, 0.9992645513444637, 0.9992645513444637, 0.9992645513444637];
# ========================================================
# test case : UBLSH2Recommender Hash Functions Evaluation
# ========================================================
fileName = data/amazon-movies-tv/amazon-movies-tv
numOfHashTables = 5
UBLSH2RecommenderHashFunctionsPrecision = [2.4386542232173329E-4, 2.748722126695368E-4, 3.031224999265433E-4, 3.8571751014009666E-4, 4.239279284369022E-4, 4.687657299733908E-4, 5.080210986919387E-4, 4.158795531566757E-4, 6.590338368151096E-4, 4.925310492243427E-4];
UBLSH2RecommenderHashFunctionsPecall = [0.0014007574494585987, 0.001544308937007064, 0.0016333315269225568, 0.0020178656882079973, 0.002054036838308418, 0.0026769720452730432, 0.0027410334216736616, 0.0024223776458073046, 0.003144694596058562, 0.0028874161317989032];
UBLSH2RecommenderHashFunctionsDiversity = [0.8945238384152555, 0.8777566574734946, 0.8567795892163343, 0.8300186953423188, 0.8010238775693462, 0.77266340994333, 0.7483047468467428, 0.7268564786554256, 0.7049229580124625, 0.6835194384985006];
UBLSH2RecommenderHashFunctionsAggrDiversity = [17454.0, 17453.333333333332, 17453.0, 17449.333333333332, 17442.666666666668, 17438.666666666668, 17431.333333333332, 17419.333333333332, 17414.0, 17399.666666666668];
UBLSH2RecommenderHashFunctionsNovelty = [9.047718819365565, 8.931281276991541, 8.800970071539082, 8.652977860664661, 8.512780960524251, 8.393244225824217, 8.301505936862803, 8.238264516269549, 8.193994790342634, 8.178197278100017];
UBLSH2RecommenderHashFunctionsTopN = [20.0, 20.0, 20.0, 20.0, 20.0, 20.0, 20.0, 20.0, 20.0, 19.0];
UBLSH2RecommenderHashFunctionsAvgRecommTime = [12.2147340417446, 8.10526493295796, 5.057238303278371, 3.1077409057807395, 1.8794278671653986, 1.061415339608925, 0.6133307249021913, 0.3303261540310905, 0.189557748994344, 0.10428067445310678];
UBLSH2RecommenderHashFunctionsCandidateItemListSize = [0.0, 0.0, 0.0, 0.0, 0.0, 0.0, 0.0, 0.0, 0.0, 0.0];
UBLSH2RecommenderHashFunctionsTopNRatioListSize = [0.9992645513444637, 0.9992645513444637, 0.9992645513444637, 0.9992645513444637, 0.9992645513444637, 0.9992645513444637, 0.9992645513444637, 0.9992645513444637, 0.9992645513444637, 0.9992170865255833];
# ========================================================
# test case : UBLSH2Recommender Hash Tables Evaluation
# ========================================================
fileName = data/amazon-movies-tv/amazon-movies-tv
numOfHashFunctions = 6
UBLSH2RecommenderHashTablesPrecision = [3.929557531438858E-4, 3.2056907632824346E-4, 2.9605270710385945E-4, 2.85983770011939E-4, 3.0857440339933454E-4, 2.9835817839828576E-4, 3.8453593401452184E-4, 2.923291100430951E-4, 3.0884993253690635E-4, 2.2083013337160793E-4];
UBLSH2RecommenderHashTablesRecall = [0.001950393788286436, 0.0016973623551217408, 0.0017564989082203234, 0.001627058217315176, 0.00164512623600632, 0.00168650430673178, 0.0017820631763600405, 0.001554043841560538, 0.0015879369548428837, 0.0014111386825072382];
UBLSH2RecommenderHashTablesDiversity = [0.8490323868191557, 0.8550681675781485, 0.861662452762221, 0.8641791399613993, 0.8677478659635581, 0.8697935717253852, 0.8729427996284366, 0.8754537929269057, 0.8771569571503289, 0.8789276724570105];
UBLSH2RecommenderHashTablesAggrDiversity = [17451.0, 17452.333333333332, 17453.333333333332, 17453.0, 17453.0, 17452.666666666668, 17452.333333333332, 17453.333333333332, 17452.333333333332, 17453.0];
UBLSH2RecommenderHashTablesNovelty = [8.756766713335267, 8.791282094776895, 8.829151849795743, 8.846611122324491, 8.867578773682412, 8.881870156408091, 8.900983422014129, 8.916840038713259, 8.928104894117718, 8.939394676119786];
UBLSH2RecommenderHashTablesTopN = [20.0, 20.0, 20.0, 20.0, 20.0, 20.0, 20.0, 20.0, 20.0, 20.0];
UBLSH2RecommenderHashTablesAvgRecommTime = [4.343869795620669, 5.162213879656467, 5.928863707045491, 6.496406276361877, 7.246922463770873, 7.752655095843686, 8.249115544722754, 8.749482957482181, 9.176078074839792, 9.915410553108131];
UBLSH2RecommenderHashTablesCandidateItemListSize = [0.0, 0.0, 0.0, 0.0, 0.0, 0.0, 0.0, 0.0, 0.0, 0.0];
UBLSH2RecommenderHashTablesTopNRatioListSize = [0.9992645513444637, 0.9992645513444637, 0.9992645513444637, 0.9992645513444637, 0.9992645513444637, 0.9992645513444637, 0.9992645513444637, 0.9992645513444637, 0.9992645513444637, 0.9992645513444637];
# ========================================================
# test case: UBKNNRecommender Precision
# ========================================================
dataFileBase = data/amazon-movies-tv/amazon-movies-tv
UBKNNRecommenderPrecision = 0.004690977992016525
UBKNNRecommenderRecall = 0.017076765898357743
UBKNNRecommenderDiversity = 0.6008810453089017
UBKNNRecommenderAggrDiversity = 13214.0
UBKNNRecommenderNovelty = 8.814080381586102
UBKNNRecommenderAvgRecommTime = 5.4831571594669315;
# ========================================================
# test case: IBKNNRecommender Precision
# ========================================================
dataFileBase = data/amazon-movies-tv/amazon-movies-tv
IBKNNRecommenderPrecision = 0.012292645309642733
IBKNNRecommenderRecall = 0.04434399465056949
IBKNNRecommenderDiversity = 0.2298330025949931
IBKNNRecommenderAggrDiversity = 7659.666666666667
IBKNNRecommenderNovelty = 6.989666405835529
IBKNNRecommenderAvgRecommTime = 1.2051581382207268;
# ========================================================
# test case : IBLSH1Recommender Hash Functions Evaluation
# ========================================================
fileName = "ml-1m"
numOfHashTables = 5
IBLSH1RecommenderHashFunctionsPrecision = [0.0064881722839078525, 0.008013167914249693, 0.009773982756426165, 0.009747945930232623, 0.010463565275105878, 0.011609995562786496, 0.009933828929210041, 0.009675993165692101, 0.008960255704094993, 0.00782430153569008];
IBLSH1RecommenderHashFunctionsPecall = [0.029931372967964904, 0.033621649778418784, 0.039915135620634916, 0.03885701371034755, 0.04208307514882829, 0.044293564140429585, 0.03984092453100832, 0.03576970253341301, 0.03449267749978469, 0.031315905214022534];
IBLSH1RecommenderHashFunctionsDiversity = [0.11861224170891853, 0.11274258697700346, 0.09325525577518916, 0.09181514814263379, 0.09016132845977028, 0.07299886265904569, 0.0876671015847323, 0.11329667421235949, 0.11822665503326217, 0.12323080453032798];
IBLSH1RecommenderHashFunctionsAggrDiversity = [2097.6666666666665, 2094.3333333333335, 2021.6666666666667, 2041.6666666666667, 2217.0, 1980.0, 2209.0, 2585.3333333333335, 2382.0, 2243.3333333333335];
IBLSH1RecommenderHashFunctionsNovelty = [4.07050968734393, 3.9080212312442995, 3.6139004870786025, 3.6008320767179263, 3.4656011160586, 3.2615749285891105, 3.557426723579718, 3.9390919191941838, 3.833359425716703, 4.048996807069453];
IBLSH1RecommenderHashFunctionsTopN = [20.0, 20.0, 20.0, 20.0, 20.0, 20.0, 20.0, 20.0, 20.0, 20.0];
IBLSH1RecommenderHashFunctionsAvgRecommTime = [509.492535960796, 282.6027981668176, 159.20937119246614, 90.37258238699106, 46.21643413807467, 28.754444962614667, 15.470978264324545, 8.474808670310265, 5.254312754773832, 3.853918927449452];
IBLSH1RecommenderHashFunctionsCandidateItemListSize = [0.0, 0.0, 0.0, 0.0, 0.0, 0.0, 0.0, 0.0, 0.0, 0.0];
IBLSH1RecommenderHashFunctionsTopNRatioListSize = [1.0, 1.0, 1.0, 1.0, 1.0, 1.0, 1.0, 1.0, 1.0, 1.0];
# ========================================================
# test case : IBLSH1Recommender Hash Tables Evaluation
# ========================================================
fileName = "ml-1m"
numOfHashFunctions = 6
IBLSH1RecommenderHashTablesPrecision = [0.0076571086804756066, 0.010795137708255834, 0.010345658455708168, 0.010912578515130444, 0.011344235400672949, 0.012734768373838039, 0.0142155729692528, 0.013871384807922904, 0.012634283042155853, 0.020791392593367566];
IBLSH1RecommenderHashTablesRecall = [0.031815470092297536, 0.04336960039189643, 0.0413651856619392, 0.045207043566384504, 0.045981192542902415, 0.05004155733787849, 0.05341535751200407, 0.0558289114121121, 0.052457649515451434, 0.07200530665608229];
IBLSH1RecommenderHashTablesDiversity = [0.08340870798904697, 0.08692219883254436, 0.08849102965877999, 0.08840943035636362, 0.0757262425982142, 0.07108080108979509, 0.07912903509057621, 0.06307015393361587, 0.06259692657204745, 0.05572929911935307];
IBLSH1RecommenderHashTablesAggrDiversity = [1810.3333333333333, 2011.6666666666667, 2017.3333333333333, 1875.6666666666667, 1934.3333333333333, 1814.6666666666667, 1950.6666666666667, 1732.3333333333333, 1749.3333333333333, 1730.3333333333333];
IBLSH1RecommenderHashTablesNovelty = [3.5998091589303294, 3.4358838245046748, 3.629191148988698, 3.3779570927969966, 3.4144141621726134, 3.2604457994555163, 3.2038510770366604, 2.999891933314048, 3.0719583670616193, 2.6313257520809357];
IBLSH1RecommenderHashTablesTopN = [20.0, 20.0, 20.0, 20.0, 20.0, 20.0, 20.0, 20.0, 20.0, 20.0];
IBLSH1RecommenderHashTablesAvgRecommTime = [138.10024150704953, 163.79210586033037, 200.71148244262304, 230.50461908724319, 265.88719889559025, 307.6607299188145, 334.5873796251398, 364.1266101543233, 411.106528403979, 410.7052157524745];
IBLSH1RecommenderHashTablesCandidateItemListSize = [0.0, 0.0, 0.0, 0.0, 0.0, 0.0, 0.0, 0.0, 0.0, 0.0];
IBLSH1RecommenderHashTablesTopNRatioListSize = [1.0, 1.0, 1.0, 1.0, 1.0, 1.0, 1.0, 1.0, 1.0, 1.0];
# ========================================================
# test case : IBLSH2Recommender Hash Functions Evaluation
# ========================================================
fileName = "ml-1m"
numOfHashTables = 5
IBLSH2RecommenderHashFunctionsPrecision = [0.0014750055515833343, 0.0015081856031524358, 0.001453996565502748, 0.001687023253640108, 0.0018128865985322345, 0.0023377327835105615, 0.002529321963764216, 0.002455012500469927, 0.0029755008657749234, 0.0030025693483775955];
IBLSH2RecommenderHashFunctionsPecall = [0.007705743965473817, 0.007907485145148252, 0.007923057993220364, 0.008913155599198842, 0.009434509167318172, 0.011963845818289985, 0.013680066135249613, 0.012614184813631947, 0.015160162049174775, 0.015217760175291284];
IBLSH2RecommenderHashFunctionsDiversity = [0.3567776140964216, 0.325831436940288, 0.33310490195231446, 0.321934179388089, 0.29985471086516324, 0.2746824121052388, 0.2468802870472312, 0.2523909192121872, 0.22348695201029392, 0.20432738286431082];
IBLSH2RecommenderHashFunctionsAggrDiversity = [3696.0, 3696.0, 3696.0, 3695.3333333333335, 3694.6666666666665, 3693.3333333333335, 3680.6666666666665, 3652.6666666666665, 3551.3333333333335, 3302.6666666666665];
IBLSH2RecommenderHashFunctionsNovelty = [5.886314400608136, 5.701263309304649, 5.749895415785379, 5.674416958144032, 5.529246374939639, 5.350078970936823, 5.117206160209727, 5.2021342959221135, 4.937360444840884, 4.87666247367713];
IBLSH2RecommenderHashFunctionsTopN = [20.0, 20.0, 20.0, 20.0, 20.0, 20.0, 20.0, 20.0, 20.0, 20.0];
IBLSH2RecommenderHashFunctionsAvgRecommTime = [92.71437160716566, 57.926636263656896, 34.43803023114234, 18.565185344840604, 11.947031110333574, 7.85230679630012, 5.127059581221405, 3.333749714637627, 2.6194598306795167, 2.2646443320078515];
IBLSH2RecommenderHashFunctionsCandidateItemListSize = [0.0, 0.0, 0.0, 0.0, 0.0, 0.0, 0.0, 0.0, 0.0, 0.0];
IBLSH2RecommenderHashFunctionsTopNRatioListSize = [1.0, 1.0, 1.0, 1.0, 1.0, 1.0, 1.0, 1.0, 1.0, 1.0];
# ========================================================
# test case : IBLSH2Recommender Hash Tables Evaluation
# ========================================================
fileName = "ml-1m"
numOfHashFunctions = 6
IBLSH2RecommenderHashTablesPrecision = [0.0016450821579675958, 0.0015793456030094445, 0.0016413772425229777, 0.0016605460403132995, 0.0015263127715358508, 0.0016600188203696874, 0.001455839642518748, 0.0015172788164850397, 0.001598871342555643, 0.0015541598793130205];
IBLSH2RecommenderHashTablesRecall = [0.0089952423740136, 0.008604900728024112, 0.008617085157314934, 0.008650445796282782, 0.007875211972844921, 0.008548936186183787, 0.008450189243882722, 0.008059556712217598, 0.00821295985656175, 0.008222040181078737];
IBLSH2RecommenderHashTablesDiversity = [0.33260774059424836, 0.33777778641224526, 0.3239278165363031, 0.32938640239711736, 0.3458037436310555, 0.32755476938354233, 0.3394987693266213, 0.3394639675710287, 0.3328883377196501, 0.33525624841243723];
IBLSH2RecommenderHashTablesAggrDiversity = [3695.6666666666665, 3696.0, 3696.0, 3696.0, 3696.0, 3696.0, 3696.0, 3696.0, 3696.0, 3696.0];
IBLSH2RecommenderHashTablesNovelty = [5.734749005270771, 5.762569931161992, 5.684465929955171, 5.727874860082086, 5.815651677065547, 5.714656358291659, 5.7831579572995375, 5.791320350552535, 5.746836957788421, 5.756358036494075];
IBLSH2RecommenderHashTablesTopN = [20.0, 20.0, 20.0, 20.0, 20.0, 20.0, 20.0, 20.0, 20.0, 20.0];
IBLSH2RecommenderHashTablesAvgRecommTime = [26.86859789215495, 32.89442189751595, 43.94366083974652, 48.02928331198665, 53.47916518366674, 60.65905400939715, 63.12282400829404, 68.54218991913253, 76.3881766432202, 81.64418579064726];
IBLSH2RecommenderHashTablesCandidateItemListSize = [0.0, 0.0, 0.0, 0.0, 0.0, 0.0, 0.0, 0.0, 0.0, 0.0];
IBLSH2RecommenderHashTablesTopNRatioListSize = [1.0, 1.0, 1.0, 1.0, 1.0, 1.0, 1.0, 1.0, 1.0, 1.0];
# ========================================================
# test case : UBLSH1Recommender Hash Functions Evaluation
# ========================================================
fileName = "ml-1m"
numOfHashTables = 5
UBLSH1RecommenderHashFunctionsPrecision = [0.002387752807391082, 0.003313094762775885, 0.004289693595547302, 0.005363296985737863, 0.006476521572749611, 0.008114345809481878, 0.008595475269434848, 0.009343198111291097, 0.009591900195019718, 0.010116150063157026];
UBLSH1RecommenderHashFunctionsPecall = [0.01290811861072063, 0.017419711378916892, 0.02066221716108446, 0.025087954455412342, 0.02948114299920321, 0.034282219320458135, 0.03827193877099092, 0.04004070289676733, 0.04073273084965722, 0.0413723242678242];
UBLSH1RecommenderHashFunctionsDiversity = [0.12667273483231944, 0.1016753018473248, 0.07926071443034, 0.07148158847474327, 0.06880085200659522, 0.06022503074168886, 0.058838006873233956, 0.05821469572622179, 0.05838656897634228, 0.05919436962842877];
UBLSH1RecommenderHashFunctionsAggrDiversity = [2549.0, 2670.6666666666665, 2733.3333333333335, 2664.0, 2557.3333333333335, 2415.6666666666665, 2432.0, 2482.3333333333335, 2576.3333333333335, 2655.0];
UBLSH1RecommenderHashFunctionsNovelty = [4.331802712723993, 4.028791738505108, 3.678473038096243, 3.4304276222894057, 3.1933747915385964, 2.9267292110689413, 2.8341868232146203, 2.7649720998567644, 2.7614704271770734, 2.7969645991534082];
UBLSH1RecommenderHashFunctionsTopN = [20.0, 20.0, 20.0, 20.0, 20.0, 20.0, 20.0, 20.0, 19.0, 19.0];
UBLSH1RecommenderHashFunctionsAvgRecommTime = [49.10345876641142, 40.897817154825965, 31.75335042486866, 24.72738175064551, 18.698131434520047, 11.953204081637258, 9.565467814298328, 6.562271381649887, 5.055764856010125, 3.3331042331029472];
UBLSH1RecommenderHashFunctionsCandidateItemListSize = [0.0, 0.0, 0.0, 0.0, 0.0, 0.0, 0.0, 0.0, 0.0, 0.0];
UBLSH1RecommenderHashFunctionsTopNRatioListSize = [1.0, 1.0, 1.0, 1.0, 1.0, 1.0, 1.0, 0.9999440058233944, 0.9994398406886966, 0.9932257789679501];
# ========================================================
# test case : UBLSH1Recommender Hash Tables Evaluation
# ========================================================
fileName = "ml-1m"
numOfHashFunctions = 6
UBLSH1RecommenderHashTablesPrecision = [0.0038347234004054514, 0.0042100252604761745, 0.004612123947256398, 0.0043858111075233365, 0.005181178475664377, 0.005335864448887122, 0.00514695976803942, 0.005313725368542306, 0.00563514409041956, 0.00529765440216771];
UBLSH1RecommenderHashTablesRecall = [0.01949522571965585, 0.021114078967575944, 0.021371885922168224, 0.022493812533770335, 0.024791751741865303, 0.02519619102584811, 0.02450976027546153, 0.025382339238075646, 0.026073688141164408, 0.025430616022562524];
UBLSH1RecommenderHashTablesDiversity = [0.08353097460286012, 0.08021007967910188, 0.07482948160967302, 0.07407282446557388, 0.07251692212021298, 0.0718604798371733, 0.07500372751502274, 0.0741363107084516, 0.07510774990795765, 0.07288181061070748];
UBLSH1RecommenderHashTablesAggrDiversity = [2727.6666666666665, 2709.3333333333335, 2628.6666666666665, 2608.3333333333335, 2557.3333333333335, 2506.0, 2483.6666666666665, 2429.3333333333335, 2352.6666666666665, 2342.6666666666665];
UBLSH1RecommenderHashTablesNovelty = [3.8390285754016324, 3.7114097133490938, 3.5461243770530744, 3.544314004107593, 3.4497143237162464, 3.3908074252423077, 3.4615698614490804, 3.4513251162991394, 3.3839204792487956, 3.3688918935501193];
UBLSH1RecommenderHashTablesTopN = [20.0, 20.0, 20.0, 20.0, 20.0, 20.0, 20.0, 20.0, 20.0, 20.0];
UBLSH1RecommenderHashTablesAvgRecommTime = [29.361254818378132, 32.44636973211345, 36.18719127554326, 38.97098237245865, 39.35149847560147, 42.650056698067374, 44.459523245324164, 45.44672610479847, 46.6367485729081, 49.11853802470139];
UBLSH1RecommenderHashTablesCandidateItemListSize = [0.0, 0.0, 0.0, 0.0, 0.0, 0.0, 0.0, 0.0, 0.0, 0.0];
UBLSH1RecommenderHashTablesTopNRatioListSize = [1.0, 1.0, 1.0, 1.0, 1.0, 1.0, 1.0, 1.0, 1.0, 1.0];
# ========================================================
# test case : UBLSH2Recommender Hash Functions Evaluation
# ========================================================
fileName = "ml-1m"
numOfHashTables = 5
UBLSH2RecommenderHashFunctionsPrecision = [0.001362326151201022, 0.0016388531996584727, 0.0016577141441954664, 0.0017218135337676186, 0.0020664773852663546, 0.002367941169398882, 0.0024926103973292478, 0.002882763714151346, 0.003182312069492755, 0.0038474749990938684];
UBLSH2RecommenderHashFunctionsPecall = [0.007676141794324073, 0.008344799192288104, 0.00888474314613484, 0.009376351205672552, 0.01104169753138589, 0.0123497900762213, 0.013474783232402032, 0.015108910620338529, 0.01644109919701757, 0.018453824722580236];
UBLSH2RecommenderHashFunctionsDiversity = [0.24658113809902674, 0.2139136812492378, 0.19332499948334794, 0.1608839348318328, 0.14666666518784893, 0.1309579414561685, 0.11327830287326528, 0.09744181455736023, 0.09304793091945524, 0.0876341174984188];
UBLSH2RecommenderHashFunctionsAggrDiversity = [3694.0, 3687.0, 3670.3333333333335, 3641.6666666666665, 3616.3333333333335, 3593.6666666666665, 3543.3333333333335, 3484.0, 3460.0, 3442.3333333333335];
UBLSH2RecommenderHashFunctionsNovelty = [5.3031954343887975, 5.105200003481582, 4.977049834579468, 4.747447481652018, 4.62232065680928, 4.475527270470752, 4.276725114471567, 4.072937575646497, 3.99159014320755, 3.870371232721405];
UBLSH2RecommenderHashFunctionsTopN = [20.0, 20.0, 20.0, 20.0, 20.0, 20.0, 20.0, 19.666666666666668, 19.0, 19.0];
UBLSH2RecommenderHashFunctionsAvgRecommTime = [8.818199543284532, 6.025145463333992, 4.280737657388763, 2.9018848657261263, 2.1357368552824405, 1.4925615848862812, 0.9871537149937021, 0.5917281414994623, 0.44878512846736385, 0.3657198075392552];
UBLSH2RecommenderHashFunctionsCandidateItemListSize = [0.0, 0.0, 0.0, 0.0, 0.0, 0.0, 0.0, 0.0, 0.0, 0.0];
UBLSH2RecommenderHashFunctionsTopNRatioListSize = [1.0, 1.0, 1.0, 1.0, 1.0, 1.0, 1.0, 1.0, 0.9992727587185973, 0.994682252648329];
# ========================================================
# test case : UBLSH2Recommender Hash Tables Evaluation
# ========================================================
fileName = "ml-1m"
numOfHashFunctions = 6
UBLSH2RecommenderHashTablesPrecision = [0.001632902042397644, 0.0016673505112255402, 0.0016565078221209666, 0.0015727964148012144, 0.001907925089624422, 0.0014909186374152384, 0.0015460209959537626, 0.0015689324777313914, 0.001781149715915114, 0.001682829982087172];
UBLSH2RecommenderHashTablesRecall = [0.008743224396610613, 0.008408530910904167, 0.008712418501278863, 0.008171604125147098, 0.008996460900821223, 0.008600321361151667, 0.00847228295075087, 0.00857694374794267, 0.008554107035281554, 0.008912623463144887];
UBLSH2RecommenderHashTablesDiversity = [0.18026747793937528, 0.1951574392862866, 0.19682363822903395, 0.20129586511865474, 0.20385027059052852, 0.20126681403715216, 0.21116006749088737, 0.213291772149349, 0.21281685434699785, 0.21413752783510828];
UBLSH2RecommenderHashTablesAggrDiversity = [3654.3333333333335, 3672.3333333333335, 3676.3333333333335, 3684.6666666666665, 3682.6666666666665, 3687.3333333333335, 3686.6666666666665, 3690.0, 3689.0, 3690.6666666666665];
UBLSH2RecommenderHashTablesNovelty = [4.901162564622804, 4.97902851349059, 4.990152426939608, 5.017161683908015, 5.021016785474547, 5.017768787949154, 5.068575291316956, 5.069867805093099, 5.078164965222652, 5.075760351007658];
UBLSH2RecommenderHashTablesTopN = [20.0, 20.0, 20.0, 20.0, 20.0, 20.0, 20.0, 20.0, 20.0, 20.0];
UBLSH2RecommenderHashTablesAvgRecommTime = [3.532412387215693, 4.491978681636407, 4.963671646016523, 5.785610540941981, 6.210665914695891, 6.298477434454518, 7.2680825703939265, 8.147371997132732, 7.9619796209357965, 8.515836715616132];
UBLSH2RecommenderHashTablesCandidateItemListSize = [0.0, 0.0, 0.0, 0.0, 0.0, 0.0, 0.0, 0.0, 0.0, 0.0];
UBLSH2RecommenderHashTablesTopNRatioListSize = [1.0, 1.0, 1.0, 1.0, 1.0, 1.0, 1.0, 1.0, 1.0, 1.0];
# ========================================================
# test case: UBKNNRecommender Precision
# ========================================================
dataFileBase = data/ml-1m/ml-1m
UBKNNRecommenderPrecision = 0.006891569264076623
UBKNNRecommenderRecall = 0.033886129906941176
UBKNNRecommenderDiversity = 0.07023946939493599
UBKNNRecommenderAggrDiversity = 2548.0
UBKNNRecommenderNovelty = 2.7022997177143377
UBKNNRecommenderAvgRecommTime = 3.9150038704388646;
# ========================================================
# test case: IBKNNRecommender Precision
# ========================================================
dataFileBase = data/ml-1m/ml-1m
IBKNNRecommenderPrecision = 1.2180740352454494E-4
IBKNNRecommenderRecall = 5.4532979014278E-4
IBKNNRecommenderDiversity = 0.8075029112987738
IBKNNRecommenderAggrDiversity = 733.6666666666666
IBKNNRecommenderNovelty = 8.171017426960832
IBKNNRecommenderAvgRecommTime = 2.767991155049829;
# ========================================================
# test case : IBLSH1Recommender Hash Functions Evaluation
# ========================================================
fileName = data/ml-1m-new/ml-1m-new
numOfHashTables = 5
IBLSH1RecommenderHashFunctionsPrecision = [8.188947115992297E-4, 8.358383222365007E-4, 8.778605506178901E-4, 0.001220361895583228, 0.001365382219149303, 8.381749136205032E-4, 9.662026892129034E-4, 7.831156001433591E-4, 0.0010556061482511743, 0.001054856556400937];
IBLSH1RecommenderHashFunctionsPecall = [0.0045843844729168675, 0.00437887498354592, 0.0045810616737875015, 0.005991965395317962, 0.005749991411890757, 0.004228061683595912, 0.005002984110437376, 0.004386039695307394, 0.006067579790694185, 0.0055022702768591685];
IBLSH1RecommenderHashFunctionsDiversity = [0.8567047004362246, 0.8572083781209198, 0.8546788192628375, 0.855112611927451, 0.855185465808625, 0.8582370282969078, 0.858599685216434, 0.8576945860582484, 0.8615701295659991, 0.8673345652535712];
IBLSH1RecommenderHashFunctionsAggrDiversity = [5694.0, 5694.0, 5694.0, 5694.0, 5694.0, 5692.666666666667, 5691.0, 5657.666666666667, 5580.333333333333, 5295.333333333333];
IBLSH1RecommenderHashFunctionsNovelty = [10.802149222856658, 10.79551753764791, 10.747350953174461, 10.772592892752769, 10.716556573688699, 10.761171301002372, 10.72969197188326, 10.72703175108161, 10.75547159706413, 10.84992256325877];
IBLSH1RecommenderHashFunctionsTopN = [20.0, 20.0, 20.0, 20.0, 20.0, 20.0, 19.0, 19.0, 19.0, 18.0];
IBLSH1RecommenderHashFunctionsAvgRecommTime = [150.26692697627644, 78.54092051326732, 35.53316118885663, 15.376684042458947, 6.9137233210785425, 3.3786612436868455, 1.8069033613031362, 1.031335429746339, 0.6184258375725956, 0.42177858305321986];
IBLSH1RecommenderHashFunctionsCandidateItemListSize = [0.0, 0.0, 0.0, 0.0, 0.0, 0.0, 0.0, 0.0, 0.0, 0.0];
IBLSH1RecommenderHashFunctionsTopNRatioListSize = [0.9898941824915463, 0.9898941824915463, 0.9898941824915463, 0.9898941824915463, 0.9898941824915463, 0.9898941824915463, 0.9898941824915463, 0.9898941824915463, 0.9898259553803922, 0.9895103626559751];
