# ========================================================
# test case: UB Prediction
# ========================================================
fileName = data/ml.data
UBMaeList = [0.9708620957165505, 0.8585682557138984, 0.8317724965029357, 0.8176693750523016, 0.8112547605973471, 0.8068449709957127, 0.8027812234808808, 0.800840992394544, 0.7993982393704665, 0.7983938952272623]
UBRuntime = [13125.0, 13022.666666666666, 12988.666666666666, 13003.666666666666, 13104.666666666666, 13073.333333333334, 12876.0, 12964.0, 13278.333333333334, 13244.333333333334]
# ========================================================
# test case UBLSH Prediction
# ========================================================
fileName = data/ml.data
UBLSHMaeList = [1.0238316563353056, 0.930800996776036, 0.9206386015405323, 0.9166965651999602, 0.9174312158344593, 0.9158608920507261, 0.9138154996167728, 0.9134984858733258, 0.9185014809215022, 0.9034629080334371]
UBLSHRuntime = [3903.6666666666665, 4907.333333333333, 4619.0, 4601.0, 4713.666666666667, 5033.666666666667, 4321.0, 4287.333333333333, 4580.333333333333, 4771.333333333333]
UBLSHCandidateSetList = [41.21980977691533, 54.83766916482921, 46.37354674527584, 44.99253003236708, 44.61068288109359, 45.78371010903794, 46.046179995850785, 46.31182606750491, 43.04711460651132, 51.12472223061244]
# ========================================================
# test case : UB Model Build
# ========================================================
fileName = data/ml.data;
UBnumOfUsersList = [133, 223, 313, 403, 493, 583, 673, 763, 853, 943];
UBnumOfItemsList = [242, 402, 562, 722, 882, 1042, 1202, 1362, 1522, 1682];
UBmodelBuildTimeList = [111, 599, 1059, 1462, 1995, 2572, 3775, 4765, 5692, 7622];
# ========================================================
# test case : UBLSH Model Build
# ========================================================
fileName = data/ml.data;
UBLSHnumOfUsersList = [133, 223, 313, 403, 493, 583, 673, 763, 853, 943];
UBLSHnumOfItemsList = [242, 402, 562, 722, 882, 1042, 1202, 1362, 1522, 1682];
UBLSHmodelBuildTimeList = [26, 71, 70, 138, 156, 168, 186, 174, 234, 213];
# ========================================================
# test case UBLSH Prediction
# ========================================================
fileName = data/ml.data
UBLSHMaeList = [0.9844791563650114, 0.890502827364163, 0.8598165499198318, 0.8547391791810477, 0.8519470894551883, 0.8493355108039337, 0.8481615591632421, 0.8460386318323252, 0.8454982631955247, 0.8469807599696866]
UBLSHRuntime = [7514.666666666667, 8581.0, 7408.666666666667, 8856.0, 8324.666666666666, 8978.666666666666, 8196.666666666666, 9796.333333333334, 9463.333333333334, 10016.333333333334]
UBLSHCandidateSetList = [120.68614796472764, 125.9866040211691, 119.29239661244667, 139.7149819651349, 129.4575020662203, 125.90143044188517, 129.21594520357107, 145.06684428763978, 134.70241296755532, 143.92271909451915]
# ========================================================
# test case: UB Prediction
# ========================================================
fileName = data/ml.data
UBMaeList = [0.9710281427808095, 0.823805723739382, 0.8068274844530144, 0.8001329661320593, 0.7976822004951685, 0.7974023882381752, 0.7978346008662834, 0.7984994119052518, 0.7990079345332525, 0.7990184993088891]
UBRuntime = [12990.0, 12655.666666666666, 12662.666666666666, 12843.0, 527216.3333333334, 12415.333333333334, 12427.0, 11926.0, 12288.333333333334, 12427.666666666666]
# ========================================================
# test case: UB Prediction
# ========================================================
fileName = data/ml.data
UBMaeList = [0.9710281427808095, 0.823805723739382, 0.8068274844530144, 0.8001329661320593, 0.7976822004951685, 0.7974023882381752, 0.7978346008662834, 0.7984994119052518, 0.7990079345332525, 0.7990184993088891]
UBRuntime = [12762.333333333334, 12551.666666666666, 12555.0, 12523.333333333334, 12595.666666666666, 12203.666666666666, 12991.333333333334, 12845.0, 12570.666666666666, 13053.333333333334]
# ========================================================
# test case UBLSH Prediction
# ========================================================
fileName = data/ml.data
UBLSHMaeList = [1.0291176773153314, 0.9120000699887129, 0.9077960827984796, 0.931779751980916, 0.9290731833384184, 0.9143421405934046, 0.9258451132068074, 0.9160302893920841, 0.9236872363823224, 0.9173457368551632]
UBLSHRuntime = [4309.0, 4508.333333333333, 4618.0, 3700.0, 4056.3333333333335, 4088.3333333333335, 4351.333333333333, 4270.0, 3630.3333333333335, 4328.333333333333]
UBLSHCandidateSetList = [41.6166623688189, 47.798962639956585, 47.62059144583777, 37.415313401113984, 39.2449386044741, 43.55476009927446, 43.68405936139393, 43.57106910281692, 40.10729754688438, 44.86897275479577]
# ========================================================
# test case UBLSH Prediction
# ========================================================
fileName = data/ml.data
UBLSHMaeList = [0.9786109983928375, 0.8594126407686059, 0.8546331581146903, 0.8508211487540808, 0.8498449418942547, 0.8429011518761195, 0.8451708627572844, 0.8523923130311132, 0.8511095048455459, 0.8536799386174088]
UBLSHRuntime = [8576.0, 7712.333333333333, 7034.333333333333, 7350.0, 6780.0, 9396.0, 7838.666666666667, 8243.666666666666, 8206.0, 7720.0]
UBLSHCandidateSetList = [130.33469675790226, 133.55747379802554, 124.61359093502745, 121.08762422064267, 116.17381787269069, 136.9689695939085, 136.12219745394813, 127.5758611174637, 128.43426981723906, 128.801487913185]
# ========================================================
# test case: UBLSH 2D 
# ========================================================
fileName = data/ml.data
k = 20
UBLSHMae2D = [[0.8121377166136637, 0.834262670434147, 0.8694558428207757, 0.9064264335747619, 0.941070235366665, 0.988780033669745, 1.0120794197400997, 0.976516020749464, 0.9559811253364594, 0.93396131953019]; [0.8008751497220237, 0.8108418280718169, 0.8263035329173462, 0.8412725968285609, 0.8841628891349121, 0.9207775244607804, 0.9857703607984849, 0.9872345473850411, 0.9923156675763541, 0.9822082940879279]; [0.7988162477864349, 0.8045289936487765, 0.8138547712750489, 0.8292266381279144, 0.847676234064399, 0.8888291093591394, 0.9338272571148275, 0.9715563648265645, 0.9863956546186761, 0.9907637910126499]; [0.7982664735913407, 0.8011946918025817, 0.8092180159918922, 0.8189591885225154, 0.8369549242879812, 0.8624717275027941, 0.8982062385890502, 0.9405145512142035, 0.9840222237116452, 0.9934726253584308]; [0.7985745206650897, 0.7994256310789765, 0.8042759065988733, 0.8124389129998136, 0.8251642645872942, 0.8452798639295014, 0.8761225977635365, 0.920967945251078, 0.9572178742330529, 0.9759195611306692]; [0.7980162894859393, 0.7992728941339394, 0.8027200416633434, 0.8099188162671122, 0.8204285725079622, 0.8351078019840691, 0.8682536380911592, 0.8934896213717929, 0.9422779171434609, 0.9763306846691684]; [0.7979938116726841, 0.7985129078363441, 0.8006727358224627, 0.8054712000322931, 0.8168445890573567, 0.8313051821167893, 0.8564000886974871, 0.8838941209722949, 0.9322811679765916, 0.9561293264906304]; [0.7979520925830802, 0.798076910986007, 0.8001108962550313, 0.803177391599036, 0.8116155514836366, 0.8254236202811315, 0.8454257598996792, 0.8780356199411683, 0.9113182373837775, 0.952907625114837]; [0.7980062578367794, 0.7981632579775338, 0.7984430332319059, 0.8030891952761329, 0.8127131562400214, 0.8243092381577392, 0.8440679641371953, 0.8707318880999334, 0.9080937707894426, 0.950849270777037]; [0.7979974623041651, 0.798017330293535, 0.7999258665631741, 0.8020135512275481, 0.8080044916425401, 0.8184167009535185, 0.8368667505248273, 0.8514384097503479, 0.8966073498111458, 0.9374350682661237]];
UBLSHRuntime2D = [[24410, 10795, 9422, 5529, 4233, 5423, 6748, 9082, 12912, 16604]; [29538, 20958, 11991, 11220, 5847, 3759, 3585, 4668, 6279, 10953]; [32567, 28691, 18936, 13409, 8372, 5354, 3446, 3583, 4763, 7400]; [32567, 28691, 18936, 13409, 8372, 5354, 3446, 3583, 4763, 7400]; [35701, 32642, 27110, 17129, 11675, 8478, 5398, 3736, 3397, 4152]; [36463, 33848, 27433, 20687, 15298, 9699, 5863, 4651, 3627, 3791]; [34760, 32820, 29425, 22859, 15490, 10792, 7638, 5159, 3472, 3796]; [36541, 36125, 30418, 23550, 17625, 11614, 9535, 5607, 4205, 3735]; [35085, 36534, 33931, 25591, 18537, 12749, 8369, 5965, 4366, 3789]; [36757, 35147, 31807, 26944, 19563, 14495, 10291, 7631, 5114, 4250]];
UBLSHCandidate_Set_List2D = [[579.7933472398673, 253.92910147550765, 165.94361381430326, 92.5383596628734, 50.23948617158063, 24.65207321498396, 13.122131443458372, 12.640375069236443, 5.985205792594702, 3.3890157353281922]; [755.9198875902197, 498.76255727866715, 267.68743992173876, 201.53978384120197, 103.40554667390761, 51.128511612168246, 22.916815774587576, 17.324294404695348, 12.196124639229069, 6.448070708122987]; [848.4084300451818, 632.4601877108129, 407.6816127541903, 240.83004375551482, 153.3483121701145, 82.60002391041682, 40.35325534571785, 23.284801320600195, 14.416472193335892, 8.715624142356772]; [909.3215335511914, 692.1350160914159, 486.61414277183167, 292.9504795096768, 182.15804646997387, 101.15256166452666, 60.79940828225059, 32.167876346433516, 18.37404267067644, 10.804156804732715]; [922.4727937332381, 792.2131944697007, 575.118029704258, 353.0069560649002, 216.11384591041121, 136.37539519480757, 78.24695254511697, 41.26286919111629, 25.2933344079665, 16.134700581445724]; [932.2347592992925, 828.9890304147899, 633.5511207759605, 428.3260826278527, 284.5637582856854, 172.9372678502974, 85.84833656853397, 56.29303059293655, 29.76654258215105, 18.12176657159348]; [938.9772473377487, 859.3516136894431, 695.479573134335, 460.9573411691831, 283.98568833816165, 184.29415171477964, 107.56426074518447, 63.448519449661795, 32.79404849280471, 22.390120104126407]; [939.6470670322474, 883.3604731598208, 703.252455514536, 509.90942562706283, 342.747213403929, 216.3333007707154, 133.69909444518757, 69.46299403760092, 41.461708453733, 24.258852323279523]; [940.9575712495833, 906.2828459471226, 774.0901853475102, 529.984153348989, 341.268128148944, 215.99670667397882, 124.37171200947431, 73.16590573700007, 42.94032294884274, 24.138682718905482]; [941.6869538882371, 909.7560105794861, 771.9011674718196, 580.2043164894686, 396.59070269537045, 245.70812274906643, 155.74833150186802, 94.82167670548017, 51.25272806486373, 30.62594893054137]];
# ========================================================
# test case: IB Prediction
# ========================================================
fileName = data/ml.data
IBMaeList = [1.0223599825331513, 0.8780356448734038, 0.8615021869003848, 0.8581521382062774, 0.856060201243433, 0.8550478520103427, 0.854232821271578, 0.8557096316406797, 0.8551507865802942, 0.8566557799467468]
IBRuntime = [37043.0, 36359.333333333336, 36087.0, 36011.333333333336, 36098.333333333336, 35965.333333333336, 37500.333333333336, 36977.333333333336, 36150.333333333336, 36368.0]

numberOfRatings = [0, 1, 2, 3, 4, 5, 6, 7, 8, 9, 10, 11, 12, 13, 14, 15, 16, 17, 18, 19, 20, 21, 22, 23, 24, 25, 26, 27, 28, 29, 30, 31, 32, 33, 34, 35, 36, 37, 38, 39, 40, 41, 42, 43, 44, 45, 46, 47, 48, 49, 50];
numberOfUsers = [0, 0, 199, 99, 77, 71, 48, 38, 26, 21, 39, 20, 26, 24, 25, 21, 18, 10, 21, 11, 14, 11, 11, 15, 7, 5, 8, 12, 7, 5, 6, 6, 5, 3, 1, 4, 4, 2, 5, 2, 3, 1, 0, 2, 1, 0, 0, 0, 2, 2, 5];

ML-100k
numberOfRatings = [0, 1, 2, 3, 4, 5, 6, 7, 8, 9, 10]
numberOfUsers = [0, 0, 199, 99, 77, 71, 48, 38, 26, 21, 364]

fileName = "xaa"
numberOfRatings = [0, 1, 2, 3, 4, 5, 6, 7, 8, 9, 10];
numberOfUsers = [0, 0, 258, 168, 152, 124, 103, 94, 70, 63, 936];

ml-1m.data
numberOfRatings = [0, 1, 2, 3, 4, 5, 6, 7, 8, 9, 10];
numberOfUsers = [0, 0, 751, 552, 440, 359, 307, 274, 224, 188, 2945];


ymusic
numberOfRatings = [0, 1, 2, 3, 4, 5, 6, 7, 8, 9, 10];
numberOfUsers = [0, 7311, 4703, 1741, 804, 366, 188, 96, 56, 33, 102];

numberOfRatings = [0, 1, 2, 3, 4, 5, 6, 7, 8, 9, 10]
numberOfUsers = [0, 10350, 2843, 1138, 492, 235, 123, 72, 35, 29, 83]

numberOfRatings = [0, 1, 2, 3, 4, 5, 6, 7, 8, 9, 10]
numberOfUsers = [1519, 7197, 3993, 1438, 640, 264, 132, 75, 41, 25, 76]

numberOfRatings = [0, 1, 2, 3, 4, 5, 6, 7, 8, 9, 10]
numberOfUsers = [0, 1165, 2564, 1271, 0, 0, 0, 0, 0, 0, 0]

numberOfRatings = [0, 1, 2, 3, 4, 5, 6, 7, 8, 9, 10];
numberOfUsers = [0, 7311, 4703, 1741, 804, 366, 188, 96, 56, 33, 102];# ========================================================
# test case UBLSH Prediction
# ========================================================
fileName = data/ymusic-all.data
UBLSHMaeList = [0.9895824114965585, 0.8550825228236327, 0.854604109368247, 0.8530742496245312, 0.8409174396108868, 0.8536472806756477, 0.8542420653032337, 0.849783741553585, 0.8489739164136276, 0.8570267531627311]
UBLSHRuntime = [4797.666666666667, 4711.666666666667, 4969.666666666667, 4220.666666666667, 5949.666666666667, 5068.333333333333, 4768.333333333333, 4305.666666666667, 4929.333333333333, 4978.0]
UBLSHCandidateSetList = [125.52972617024916, 140.5677967061158, 137.5642487642917, 111.36717479384544, 168.84938655329117, 128.04443389845065, 130.35220807494022, 119.3314877296275, 140.42384138585624, 128.10827163438967]
# ========================================================
# test case: UB Prediction
# ========================================================
fileName = data/100k/ml.data
UBMaeList = [1.0339963539470223, 0.8409291775627081, 0.8171943055518156, 0.8079093732395193, 0.8040669023666108, 0.8010637569511726, 0.8006486395525632, 0.8005441364718635, 0.8005090294437857, 0.8003166395311995]
UBRuntime = [6990.333333333333, 6990.0, 7038.0, 7212.666666666667, 7028.666666666667, 7069.0, 6991.333333333333, 7075.666666666667, 7255.666666666667, 7127.666666666667]
# ========================================================
# test case UBLSH Prediction
# ========================================================
fileName = data/100k/ml.data
UBLSHMaeList = [0.9985543240467827, 0.8467720833832683, 0.8285118376820323, 0.8338759442111875, 0.8355302392824117, 0.8316524536781826, 0.8271091938391472, 0.8337443792985283, 0.8394858199214088, 0.8313135978784539]
UBLSHRuntime = [4060.3333333333335, 4911.666666666667, 4950.0, 4115.666666666667, 4540.0, 4159.333333333333, 5299.666666666667, 4621.0, 4067.3333333333335, 5463.0]
UBLSHCandidateSetList = [114.74519838968035, 127.42619469038063, 132.3463333451139, 113.4683034429151, 129.88088632716617, 118.8925870892927, 144.66972739693367, 128.8593646215966, 117.89208311612936, 145.72954565208147]
# ========================================================
# test case UBLSH Prediction
# ========================================================
fileName = data/100k/ml.data
UBLSHMaeList = [0.9965571352699326, 0.8330662342987516, 0.8253387013886613, 0.8305806815096703, 0.8298310004008251, 0.8309545284740448, 0.8309727332219098, 0.835213484515836, 0.8343863441080942, 0.8383530515941199]
UBLSHRuntime = [4332.333333333333, 4518.666666666667, 5186.0, 5130.0, 5116.666666666667, 4786.666666666667, 5611.0, 4322.0, 4643.666666666667, 4379.0]
UBLSHCandidateSetList = [124.12124272388071, 124.87574389923078, 136.86922941678515, 132.15686310296664, 142.89993618466596, 134.23737223320487, 140.25192940488816, 120.06340426460194, 123.85156578299491, 124.30962063291578]
# ========================================================
# test case: UB Prediction
# ========================================================
fileName = data/100k/ml.data
UBMaeList = [1.0339963539470223, 0.8171943055518156, 0.8040669023666108, 0.8006486395525632, 0.8005090294437857, 0.8003188429649478, 0.8012379309883381, 0.8014780128765168, 0.8016695765797124, 0.8025551529316656]
UBRuntime = [7205.0, 7062.0, 7204.0, 7181.666666666667, 7312.666666666667, 7319.666666666667, 7375.666666666667, 7543.333333333333, 7733.333333333333, 7615.333333333333]
# ========================================================
# test case: UBLSH 2D - Hash Functions vs. k
# ========================================================
fileName = data/100k/ml.data
k = 51
UBLSHkMae2D = [[1.0346122071979027, 1.0281682024198726, 1.016455945006033, 1.0014451819401995, 0.9931562926251942, 0.9993380848362733, 0.9867773401402934, 0.9915946764282029, 0.999047278873325, 1.0199672822337622]; [0.8410844308405016, 0.8403094019430645, 0.8387534274701712, 0.8374977997498005, 0.8377379061552691, 0.8466128289421441, 0.8563719953847714, 0.8705657320770306, 0.8893067448969875, 0.9138064528088773]; [0.8179009273414417, 0.8163009732651302, 0.8154958803221602, 0.8167094978868832, 0.8239087246739977, 0.833175215351682, 0.8415387950497525, 0.8657360516103075, 0.88386896486206, 0.901956201975028]; [0.8077723121763952, 0.8075550071551513, 0.8073725488179502, 0.8130656160052431, 0.817164125502729, 0.8347029620956294, 0.8415696079896113, 0.8734355434527888, 0.8919719656003843, 0.9086300270410747]; [0.8042345205164764, 0.8030369613660153, 0.8067607038070346, 0.8125268972558747, 0.8175279728056789, 0.8312506754106183, 0.8425008274656004, 0.8691236197961008, 0.8847293376853234, 0.906398475427962]; [0.801029719151041, 0.8016438767986385, 0.8039934811219324, 0.8095538720959984, 0.8199026916644829, 0.8321777708543084, 0.8436390096647449, 0.8646437067195505, 0.8913184399812758, 0.914409464616284]; [0.8006341294484868, 0.8015961818588909, 0.8046143153575595, 0.8086673248678483, 0.81768319802039, 0.8268490132110614, 0.848496930553873, 0.8621345383281254, 0.8898097844638571, 0.9019402843411116]; [0.8006034842642887, 0.8020362899592052, 0.8023732828718219, 0.8101673821004679, 0.8171665053140232, 0.8370053896268942, 0.8466470766638521, 0.8673974455335766, 0.8838255305313835, 0.9078654556443796]; [0.800358235186676, 0.8013971467274511, 0.803425164694866, 0.810021850040732, 0.8169879070967797, 0.8338192516900728, 0.8474438391623366, 0.865078441768254, 0.8908869709546338, 0.9090071806503802]; [0.8004023846849454, 0.8009747655066454, 0.8031557624104648, 0.8092979668773793, 0.8220716662032216, 0.8306623688547438, 0.8553802839084105, 0.8675811123141006, 0.8860859739712942, 0.9072657437349904]];
UBLSHkRuntime2D = [[20197, 18186, 14004, 10690, 6721, 4586, 3436, 3006, 2252, 2743]; [19786, 17955, 13494, 9428, 6669, 4137, 2860, 2437, 2153, 2747]; [19524, 18188, 13347, 10459, 6373, 4440, 3312, 2427, 2083, 2866]; [20028, 18721, 14707, 10290, 6673, 4414, 3400, 2261, 2268, 2476]; [19603, 18674, 12921, 8991, 6889, 4343, 2968, 2326, 2163, 2948]; [20625, 18348, 15103, 9817, 6389, 4349, 3625, 2392, 2217, 2872]; [20707, 18223, 14268, 10207, 7202, 5487, 3084, 2469, 2283, 2335]; [20428, 18335, 15090, 9659, 7033, 3905, 2935, 2424, 2224, 2562]; [20712, 18351, 14699, 9796, 6994, 4562, 3327, 2448, 2208, 2871]; [20015, 17929, 15382, 10475, 6538, 4820, 2717, 2207, 2295, 2971]];
UBLSHkCandidate_Set_List2D = [[921.8314590008267, 792.4664425107895, 554.2943140193191, 374.30255047642413, 217.88087436168402, 131.19440145911759, 76.4675153118104, 54.53368938519271, 24.768609838365993, 14.57475031559216]; [926.5933517106564, 788.5406837985387, 550.7035486181786, 339.27881447174036, 223.94885167158193, 126.93517058962567, 72.86548668314437, 46.679850289010574, 26.042150486177334, 14.036320306710854]; [922.1436856654141, 796.0778468481298, 538.4639254154581, 369.05540684488597, 223.35883995712152, 127.44779364591118, 75.16592612866106, 44.377281792447036, 26.332170421341818, 17.134596186552212]; [931.5466290866967, 795.4829312277235, 563.1705830539048, 371.38583757621655, 231.1392563617222, 117.68938983814819, 80.25695283380905, 37.56103661622466, 24.278331611112105, 12.628120893286598]; [921.2808467612823, 807.5676497591048, 528.106037643941, 347.50829026067976, 222.57153134918653, 126.71295798362378, 71.71030156439605, 43.448124948331646, 26.276065183042764, 14.955393374300897]; [923.5689108007209, 788.3293078406922, 586.4675303542776, 351.37004896669805, 195.90633849499716, 127.18484867226641, 85.36752109421354, 43.4899003248625, 22.17951171449469, 13.04701849396428]; [922.0787119706396, 777.4394808446465, 563.0166194947909, 364.75985685530003, 231.91606741484148, 156.8266956653243, 74.87714349078799, 44.99936185179638, 25.319270862763318, 16.393325262625897]; [928.6754442125319, 779.5063536230788, 589.2342860737199, 355.9506364547489, 229.063304083654, 120.24095559545877, 72.01710117222684, 48.208123428845546, 26.32654409855503, 12.641600647615455]; [925.7692236241082, 790.8053543084058, 571.1584655067066, 352.6875082729289, 237.27161041759942, 130.40749077880494, 72.64279099049192, 41.35675229725956, 23.615294208055968, 13.317811072228432]; [925.0841060675269, 777.867099939378, 578.0531228726938, 361.77189750698113, 215.44365039737798, 142.86811196609173, 67.74635723327096, 41.19772267834202, 27.541008621653855, 13.49146111824451]];
# ========================================================
# test case: UB k and y 2D 
# ========================================================
fileName = data/amazon-movies-tv-1m.data
UBMaeList2D = [[1.0339963539470223, 0.9892280061839337, 0.9687041396375226, 0.9851574443001446, 1.0504250958056625, 1.1229869420216152, 1.1924652735462256, 1.271150095025916, 1.3486250245168014, 1.440785812369312]; [0.8409291775627081, 0.8291154846417438, 0.8243377252623006, 0.8537388724213585, 0.935138875499785, 1.012938779604693, 1.0927038049076159, 1.1719149761102494, 1.253127403592038, 1.3471562882716601]; [0.8171943055518156, 0.8095945806072772, 0.8076511203849176, 0.8387761946685243, 0.9203629436745757, 0.9994841303868727, 1.0799001623611588, 1.160599689756797, 1.242432217018358, 1.3369701966407275]; [0.8079093732395193, 0.801640108812279, 0.8015455259186064, 0.8337956501638017, 0.9160685949973177, 0.9951933788367257, 1.0758251756274706, 1.1566983446699801, 1.2398910508209484, 1.3341442082056403]; [0.8040669023666108, 0.7985337986711936, 0.7990755855014514, 0.832953044101318, 0.9155534006019984, 0.9943721157760953, 1.075049928397853, 1.1556921505701032, 1.238835824498346, 1.3327348639891559]; [0.8010637569511726, 0.7973545037991846, 0.7985989186834809, 0.8325107867649572, 0.9154086178077213, 0.9948062446593952, 1.07556653079859, 1.1564153889348312, 1.239605206309912, 1.3333014329540287]; [0.8006486395525632, 0.797659453369275, 0.7992165528718488, 0.8334551494452298, 0.916220698870597, 0.9953993116877041, 1.0758373849374188, 1.1568570679774661, 1.2399441326786242, 1.3336287101881188]; [0.8005441364718635, 0.7978488024437488, 0.8000765151090782, 0.8340308198964909, 0.9165556765698462, 0.9960776841727171, 1.0764771433060056, 1.1572117635997818, 1.240045497703296, 1.3339027813385103]; [0.8005090294437857, 0.7981782237784318, 0.8003829728686219, 0.8340399906894023, 0.9167203232209514, 0.9965362701383865, 1.0769407691520732, 1.1574134847961957, 1.2403483311830592, 1.3346543669265698]; [0.8003166395311995, 0.7981858377662076, 0.8004039190799656, 0.8341751963926994, 0.9173725053852957, 0.9969839865028911, 1.0771533558798334, 1.157893417605643, 1.2408740671509666, 1.3351262503815795]];
UBRunTimeList2D = [[6979, 6942, 6883, 6869, 6814, 6851, 6875, 7385, 7237, 6817]; [6989, 6958, 6953, 6953, 6785, 6759, 6794, 6819, 6848, 6861]; [7044, 7038, 6977, 6842, 6956, 7022, 6843, 7023, 6879, 6841]; [7263, 7139, 7512, 7503, 7108, 7284, 6948, 7025, 6967, 7107]; [7240, 6977, 6986, 7082, 7171, 6921, 6929, 6950, 6922, 6913]; [7146, 7059, 7030, 6938, 6887, 6927, 6865, 6946, 6955, 6908]; [7152, 6993, 7071, 7139, 7093, 6996, 7077, 6964, 7038, 7064]; [7211, 7207, 7160, 7027, 7095, 7044, 7119, 6992, 7001, 6968]; [7236, 7057, 7033, 7043, 7011, 7013, 7018, 6945, 6980, 7042]; [7237, 7165, 7084, 7153, 7197, 7103, 7012, 7118, 6984, 7100]];
# ========================================================
# test case: UB Prediction
# ========================================================
fileName = data/100k/ml
UBMaeList = [1.0339963539470223, 0.8409291775627081, 0.8171943055518156, 0.8079093732395193, 0.8040669023666108, 0.8010637569511726, 0.8006486395525632, 0.8005441364718635, 0.8005090294437857, 0.8003166395311995]
UBRuntime = [6968.333333333333, 7050.0, 6985.666666666667, 6895.0, 7016.666666666667, 7018.333333333333, 7026.333333333333, 6993.0, 7050.333333333333, 7124.0]
# ========================================================
# test case: UB k and y 2D 
# ========================================================
fileName = data/100k/ml
UBMaeList2D = [[1.0339963539470223, 0.9892280061839337, 0.9687041396375226, 0.9851574443001446, 1.0504250958056625, 1.1229869420216152, 1.1924652735462256, 1.271150095025916, 1.3486250245168014, 1.440785812369312]; [0.8409291775627081, 0.8291154846417438, 0.8243377252623006, 0.8537388724213585, 0.935138875499785, 1.012938779604693, 1.0927038049076159, 1.1719149761102494, 1.253127403592038, 1.3471562882716601]; [0.8171943055518156, 0.8095945806072772, 0.8076511203849176, 0.8387761946685243, 0.9203629436745757, 0.9994841303868727, 1.0799001623611588, 1.160599689756797, 1.242432217018358, 1.3369701966407275]; [0.8079093732395193, 0.801640108812279, 0.8015455259186064, 0.8337956501638017, 0.9160685949973177, 0.9951933788367257, 1.0758251756274706, 1.1566983446699801, 1.2398910508209484, 1.3341442082056403]; [0.8040669023666108, 0.7985337986711936, 0.7990755855014514, 0.832953044101318, 0.9155534006019984, 0.9943721157760953, 1.075049928397853, 1.1556921505701032, 1.238835824498346, 1.3327348639891559]; [0.8010637569511726, 0.7973545037991846, 0.7985989186834809, 0.8325107867649572, 0.9154086178077213, 0.9948062446593952, 1.07556653079859, 1.1564153889348312, 1.239605206309912, 1.3333014329540287]; [0.8006486395525632, 0.797659453369275, 0.7992165528718488, 0.8334551494452298, 0.916220698870597, 0.9953993116877041, 1.0758373849374188, 1.1568570679774661, 1.2399441326786242, 1.3336287101881188]; [0.8005441364718635, 0.7978488024437488, 0.8000765151090782, 0.8340308198964909, 0.9165556765698462, 0.9960776841727171, 1.0764771433060056, 1.1572117635997818, 1.240045497703296, 1.3339027813385103]; [0.8005090294437857, 0.7981782237784318, 0.8003829728686219, 0.8340399906894023, 0.9167203232209514, 0.9965362701383865, 1.0769407691520732, 1.1574134847961957, 1.2403483311830592, 1.3346543669265698]; [0.8003166395311995, 0.7981858377662076, 0.8004039190799656, 0.8341751963926994, 0.9173725053852957, 0.9969839865028911, 1.0771533558798334, 1.157893417605643, 1.2408740671509666, 1.3351262503815795]];
UBRunTimeList2D = [[6818, 6773, 6859, 6715, 6772, 6739, 6697, 6771, 6746, 6776]; [6851, 6896, 6866, 6873, 6746, 6781, 6740, 6876, 6776, 6813]; [7021, 6984, 6880, 6878, 6866, 6908, 6838, 6762, 6809, 6777]; [6979, 7028, 6963, 6784, 6875, 7021, 6963, 6791, 6864, 6802]; [7041, 7088, 6821, 6772, 6901, 6765, 6689, 6734, 6861, 6919]; [7064, 7006, 6969, 6985, 6975, 6847, 6901, 6957, 6901, 6849]; [7073, 7021, 6981, 7009, 7022, 6845, 6980, 7017, 6993, 6978]; [7214, 7135, 7044, 7017, 7018, 7059, 7018, 6925, 6912, 7043]; [7177, 7106, 7007, 7066, 7131, 7053, 6981, 7026, 6991, 6942]; [7222, 7178, 7078, 7153, 7094, 7011, 7050, 6993, 7010, 7072]];
# ========================================================
# test case: IB Prediction
# ========================================================
fileName = data/100k/ml
IBMaeList = [1.1311637866032473, 0.891047430630063, 0.8465830101975641, 0.8273614789147897, 0.816125924418237, 0.809824545533536, 0.8060532975046569, 0.8035686641291969, 0.8023147962210307, 0.8013803867513937]
IBRuntime = [19205.666666666668, 19159.0, 18989.666666666668, 19191.0, 19224.666666666668, 18991.333333333332, 19260.0, 19190.333333333332, 19078.666666666668, 19141.0]
# ========================================================
# test case UBLSH vs. k - Prediction
# ========================================================
fileName = data/100k/ml
UBLSHMaeList = [0.9900600778480122, 0.8435030098931827, 0.8302827858205495, 0.8298427951824715, 0.8292720624203783, 0.8287784769814102, 0.8336504707824169, 0.8282687135608695, 0.8323015670545476, 0.8309854210072946]
UBLSHRuntime = [4376.0, 5160.666666666667, 4417.666666666667, 4067.6666666666665, 4258.666666666667, 4563.666666666667, 4396.666666666667, 4540.0, 4626.0, 4732.333333333333]
UBLSHCandidateSetList = [135.7132417254787, 139.0605574353075, 123.01308774266829, 121.30659603710355, 129.2746693294145, 124.63767721772882, 124.1058474342123, 124.34380260968055, 128.5249149848041, 137.8664809003303]
# ========================================================
# test case: UBLSH 2D - Hash Functions vs. k
# ========================================================
fileName = data/100k/ml
k = 51
UBLSHkMae2D = [[1.0198373211559684, 1.0105951572529372, 1.0051148585551413, 1.0009265682199355, 1.0094806854257217, 1.0133668486475518, 1.0152906944448261, 1.021799741455956, 1.0296329290182953, 1.0311647497514729]; [0.8390701328158511, 0.8443996109024119, 0.8560089830840661, 0.8641845619815336, 0.8928915606977196, 0.897926724881906, 0.9158105713959727, 0.9163055492128572, 0.910501384266773, 0.8930754739466212]; [0.8160899423102906, 0.8248213246889256, 0.8388663499534982, 0.867059884710029, 0.8863979151421223, 0.889750771396374, 0.9121357789258836, 0.9012367077008397, 0.8956982465808384, 0.8850776497253289]; [0.8143562261294802, 0.8214710758814219, 0.8398804614966672, 0.8582875624010033, 0.8764138497956835, 0.8927810578310246, 0.9034797790710883, 0.899129709056635, 0.8896690663283767, 0.8749078632173434]; [0.8107076771014264, 0.8198966320057982, 0.8427469921484242, 0.8721799874642492, 0.884255493971858, 0.906777332930845, 0.9137555105885172, 0.8981979271077787, 0.8790123750569353, 0.8735390116361615]; [0.8110623388801236, 0.8209736191164265, 0.8360534902680512, 0.8657665041760302, 0.887322553844029, 0.8922047965908538, 0.8948866115700008, 0.9038894647644883, 0.8889366375202493, 0.8788767968089393]; [0.8076059623119031, 0.8261544712247658, 0.8435838908437057, 0.8541299793747341, 0.8849444986249221, 0.8883045388569739, 0.8982123663891254, 0.9058881203362673, 0.8854374211706277, 0.8644410487285583]; [0.810389410809122, 0.8198761287471076, 0.8469017777892317, 0.8674243178459475, 0.888606232251286, 0.8982156911039757, 0.8983832580851234, 0.90046276150595, 0.8892515274832782, 0.8735279239563466]; [0.808375587469508, 0.8236816109301657, 0.8437974940118494, 0.8682128902325528, 0.8809044671220297, 0.8972057338671727, 0.9060521245134013, 0.9076688219029153, 0.8863926841647976, 0.87178117971837]; [0.8090950416700613, 0.824384821524612, 0.8403419808186613, 0.8605003102336631, 0.8846580302013454, 0.9194107661899147, 0.9102163989589491, 0.9087598712344079, 0.8921453600781661, 0.8850249980941131]];
UBLSHkRuntime2D = [[11164, 6074, 5270, 2240, 2586, 3062, 4020, 6217, 7575, 10199]; [11613, 9964, 4092, 3022, 2320, 3180, 4345, 6100, 8611, 12280]; [10317, 6779, 4539, 2556, 2435, 3241, 4358, 5396, 7759, 9741]; [10192, 7213, 4456, 3479, 2390, 2973, 4240, 5377, 8970, 11270]; [12100, 8365, 3560, 2372, 2408, 2812, 3970, 6392, 8807, 10320]; [10050, 8351, 5158, 2545, 2386, 3033, 3770, 7278, 7560, 9882]; [11383, 5542, 3641, 3777, 2143, 3148, 4701, 7195, 8737, 12297]; [12773, 8355, 3569, 2539, 2298, 2711, 3754, 6130, 8960, 12226]; [11212, 7860, 3885, 2419, 2674, 3233, 3858, 5967, 8974, 11613]; [13060, 6696, 4035, 2310, 2588, 2986, 4388, 5917, 8319, 9913]];
UBLSHkCandidate_Set_List2D = [[478.47110619444175, 256.6872527273526, 157.627460103473, 70.92123661956704, 41.4709105944242, 24.15421292846032, 18.461865539212777, 9.765362298978017, 5.620314107947279, 3.5002185960715546]; [519.3299790343794, 366.56143410036384, 155.6928442255864, 98.44010964203483, 37.687340579812876, 32.986557888653344, 13.889052732777087, 7.36480847249285, 4.098110025724759, 2.041529055060464]; [500.4798860724459, 263.3250745462551, 154.33605423740053, 78.66511414535739, 47.015638650589494, 34.09825310467276, 14.262634379658927, 11.857748600014617, 4.887851898700105, 2.852057985877169]; [494.03486347330073, 270.0783495473493, 173.8335812078507, 96.10682762431894, 50.72492246922348, 28.591151085889766, 16.771833814932005, 9.58109452278856, 3.8998099495141587, 2.5875338100211565]; [534.4051001086892, 335.39399149238466, 146.23593010151617, 77.87087361067363, 42.812382767212604, 24.36510990743977, 14.15346621764945, 8.69021082809698, 4.16395884620698, 2.6072160350337263]; [478.50304713810937, 283.88726797700684, 179.9088683092185, 72.82081529521487, 44.42239751961788, 31.94724599565585, 19.96748554878653, 6.230694131180999, 4.9763382607558695, 3.0820423899978704]; [487.0102096520962, 251.43910965956866, 139.79676864517663, 92.81153353475342, 41.489183904460795, 33.72710770564037, 26.933396783949622, 6.459542689477382, 4.639753817910019, 2.07254001296272]; [544.727044219066, 334.42947178046853, 141.75195476390226, 76.51526749119591, 42.588548192845764, 22.864850625646778, 17.806982369098346, 9.78228584338259, 4.325797930540068, 2.201159314470336]; [507.7140907986948, 296.1160276451951, 147.2011416213783, 81.9508567750964, 53.743573671377725, 29.78067326864028, 14.647529687854338, 9.028062831246771, 4.0788015216915285, 2.4861671423750598]; [549.1332704871554, 288.3747745119614, 150.68948546611716, 76.84074362937388, 51.77106045746496, 21.1397798481418, 13.68750471136579, 7.588209959075585, 4.790636779056584, 2.7996798959557836]];
# ========================================================
# test case: UBLSH 2D - Hash Functions vs. y
# ========================================================
fileName = data/100k/ml
k = 51
UBLSHyMae2D = [[0.8086996915183754, 0.826827290296094, 0.8397835848643534, 0.8567374243898594, 0.8771968256900479, 0.8965729546568411, 0.8980149534626737, 0.8961153306170305, 0.8926385971867713, 0.8837134159544294]; [0.8090251297646528, 0.8254374757595029, 0.8476034801097647, 0.870463458163868, 0.9082773541453264, 0.9307340165674391, 0.9383314187236907, 0.9258547269534135, 0.9135441584623679, 0.8975856236275699]; [0.8174560343230838, 0.8456546056530766, 0.8763527402410386, 0.9212155687481415, 0.9681611172713139, 1.0002921808270706, 1.0274671648557712, 1.0159476274705823, 0.9685533685113401, 0.94334346553019]; [0.8642486282497526, 0.9056163681080829, 0.9678251719200395, 1.0284377226292545, 1.0575910196416347, 1.1141150655272354, 1.1494982088815842, 1.1057959520640477, 1.0634829573311575, 1.0009356663633746]; [0.9534933143099918, 1.0054352849462036, 1.0664415411470858, 1.1377320008087692, 1.2082687123301412, 1.23946928301777, 1.2397844326000014, 1.2398055507324897, 1.176014899016194, 1.1262903597884553]; [1.0387191903285073, 1.093746026507895, 1.1461673234488055, 1.253732388704565, 1.284646130513256, 1.3491632871234505, 1.3481166949108383, 1.336567097722664, 1.3117997168670028, 1.2453994929894774]; [1.1373911593598987, 1.1876679665867143, 1.2450017893366288, 1.3359891215906732, 1.3779385633445818, 1.47316636133779, 1.4560124651587367, 1.444368347258963, 1.3894281467983947, 1.3443085828750494]; [1.2183213720605133, 1.2636054732440296, 1.3402712223618594, 1.438063689213749, 1.4649871280204547, 1.517194988926293, 1.557563132866993, 1.5106474285784994, 1.4648147623933756, 1.425685001446752]; [1.2882390387805867, 1.3572266386038365, 1.4577063509813906, 1.521182211661447, 1.6275365022427568, 1.6337429076972636, 1.6752828588966626, 1.636399949305022, 1.5724588671933202, 1.5326481998743542]; [1.381455052540101, 1.441066851550116, 1.5239432063141614, 1.5733165830847196, 1.6832299788357714, 1.7171277610003541, 1.7091668007274035, 1.7206160880471844, 1.6720493453292786, 1.6152185435977169]];
UBLSHyRuntime2D = [[12950, 6826, 5394, 3482, 2879, 3323, 3704, 4929, 7926, 9798]; [12448, 7201, 4582, 2744, 2891, 2917, 4187, 6426, 8020, 10074]; [11257, 8680, 4091, 3566, 2284, 3118, 4436, 6034, 8277, 11260]; [12479, 7030, 4041, 3006, 2704, 2879, 4302, 5800, 8148, 12557]; [12558, 7240, 3859, 2299, 2547, 3122, 3898, 6018, 8576, 9386]; [14326, 6275, 5192, 2992, 2998, 2979, 4331, 6372, 8316, 10031]; [12709, 6431, 3628, 2878, 2946, 3224, 3748, 6566, 8091, 9855]; [13914, 7086, 5188, 2921, 2737, 2958, 3787, 6196, 7098, 9721]; [12375, 7579, 4310, 3017, 2259, 3124, 4053, 6361, 8618, 9628]; [11340, 8637, 4229, 2843, 2718, 2921, 4256, 6522, 6678, 10354]];
UBLSHyCandidate_Set_List2D = [[543.2896080147087, 283.2172217893553, 167.07661667396445, 91.10400198118798, 52.58677162353374, 23.270738856879337, 17.479646461439813, 8.803507314320477, 4.682962167090596, 3.480453970529846]; [528.9243075636437, 292.9776541983877, 159.8523122575098, 85.62933609518852, 52.381338834030544, 24.855863074268658, 13.984868721469397, 7.897696509414753, 5.1133698116159145, 2.6217208739993634]; [512.3315217391304, 354.3469029554878, 160.39841125519686, 100.85720983996869, 44.001001978996236, 33.35200505557031, 11.896796404821233, 6.9911244392336025, 4.197164584830303, 2.6025671096086795]; [593.5561265837056, 264.2196066171377, 139.79642274205978, 87.71270368459454, 52.88443256183712, 23.21778282115659, 11.355257671897986, 7.20940770109938, 4.126984338574242, 1.895859744549627]; [571.7904465402189, 291.8209026408374, 146.86466000839297, 71.63542026204749, 43.86642907787501, 23.84267531160766, 20.202110626807023, 9.287063524450232, 4.403497888164316, 3.5968904386482747]; [614.5389498481233, 268.47221631139735, 179.14332742182353, 88.93859997763064, 59.37026770146512, 27.633688047894257, 15.865012943884627, 9.438841677630458, 5.246227953667625, 3.051818162547137]; [524.1301727440289, 260.90486361918784, 145.374363839765, 88.52771466448262, 58.9896563064221, 22.158375522445343, 14.511910500522214, 6.602670227133892, 5.750154082123207, 3.478959663654201]; [558.4123661819721, 284.1043421738179, 179.5025563050591, 78.82330236896684, 57.11377448908521, 36.3177404591033, 17.827246820637146, 8.065770519175215, 6.870710080134484, 3.316808055584493]; [530.8063055128682, 281.7895166794506, 159.5142016181003, 95.62779169527046, 36.78641621207081, 28.781108630345432, 12.287631525271584, 9.110176736746585, 4.4157047809395555, 3.370720930915881]; [502.569369896477, 343.68818085014647, 156.34285346167837, 92.07925276831052, 46.77568762139708, 27.02354946610457, 19.052390240330855, 6.5441907275937785, 7.160177955897027, 3.356792673056521]];
# ========================================================
# test case: UB k and y 2D
# ========================================================
fileName = data/100k/ml
UBMaeList2D = [[1.0339963539470223, 0.9892280061839337, 0.9687041396375226, 0.9851574443001446, 1.0504250958056625, 1.1229869420216152, 1.1924652735462256, 1.271150095025916, 1.3486250245168014, 1.440785812369312, 1.4950038606166602, 1.5540703813400996, 1.6034456882838841, 1.6619798482993573, 1.7242209287681465, 1.7931048829439138, 1.8562507508310502, 1.9257642700288489, 2.0141709149049403, 2.078835649905645]; [0.8409291775627081, 0.8291154846417438, 0.8243377252623006, 0.8537388724213585, 0.935138875499785, 1.012938779604693, 1.0927038049076159, 1.1719149761102494, 1.253127403592038, 1.3471562882716601, 1.4066510230267848, 1.4702170985222311, 1.5258133812655679, 1.5878467005074988, 1.6495251499007988, 1.7250972389858852, 1.7944319711689414, 1.8679103463647195, 1.9563269339356957, 2.0260691188948017]; [0.8171943055518156, 0.8095945806072772, 0.8076511203849176, 0.8387761946685243, 0.9203629436745757, 0.9994841303868727, 1.0799001623611588, 1.160599689756797, 1.242432217018358, 1.3369701966407275, 1.3973269211536767, 1.460734239071413, 1.5175868034368183, 1.5800329332372067, 1.641607517206512, 1.7198666126706241, 1.7886164214649376, 1.862687243035457, 1.9521640608585784, 2.022181923527494]; [0.8079093732395193, 0.801640108812279, 0.8015455259186064, 0.8337956501638017, 0.9160685949973177, 0.9951933788367257, 1.0758251756274706, 1.1566983446699801, 1.2398910508209484, 1.3341442082056403, 1.3941125858257746, 1.458312508180005, 1.5148633531712477, 1.57789446490319, 1.6396841112252805, 1.7179422923353505, 1.7874430601646327, 1.8625260572529136, 1.951866734328881, 2.0224648426256304]; [0.8040669023666108, 0.7985337986711936, 0.7990755855014514, 0.832953044101318, 0.9155534006019984, 0.9943721157760953, 1.075049928397853, 1.1556921505701032, 1.238835824498346, 1.3327348639891559, 1.3937952717307596, 1.4578612460101255, 1.5142544776024718, 1.5776936826033439, 1.639794762956192, 1.7183506311192371, 1.787690252733744, 1.8623085350783188, 1.9519738971439313, 2.0225498730333675]; [0.8010637569511726, 0.7973545037991846, 0.7985989186834809, 0.8325107867649572, 0.9154086178077213, 0.9948062446593952, 1.07556653079859, 1.1564153889348312, 1.239605206309912, 1.3333014329540287, 1.394071045673093, 1.458205756414458, 1.514778605785149, 1.578226650480224, 1.6405970681797264, 1.7188576671806768, 1.788194063224693, 1.862717556830596, 1.9525855848836977, 2.0231345755146504]; [0.8006486395525632, 0.797659453369275, 0.7992165528718488, 0.8334551494452298, 0.916220698870597, 0.9953993116877041, 1.0758373849374188, 1.1568570679774661, 1.2399441326786242, 1.3336287101881188, 1.394401198160888, 1.4588311840723664, 1.5153114961817604, 1.5789550401774377, 1.6409280669556672, 1.7191321779616555, 1.7885297872489263, 1.863064093721058, 1.9529525579968128, 2.0233684040506703]; [0.8005441364718635, 0.7978488024437488, 0.8000765151090782, 0.8340308198964909, 0.9165556765698462, 0.9960776841727171, 1.0764771433060056, 1.1572117635997818, 1.240045497703296, 1.3339027813385103, 1.395297458598585, 1.4595006310579632, 1.5159976921025535, 1.5793397446068875, 1.641116424237289, 1.7195726412159118, 1.7891003153381335, 1.8636457302842035, 1.9533274326144092, 2.023867049252194]; [0.8005090294437857, 0.7981782237784318, 0.8003829728686219, 0.8340399906894023, 0.9167203232209514, 0.9965362701383865, 1.0769407691520732, 1.1574134847961957, 1.2403483311830592, 1.3346543669265698, 1.3958168364313555, 1.459985522059892, 1.5163749784665759, 1.579542542826861, 1.6416855949753348, 1.7200978363115393, 1.7894128015589665, 1.8639903108452163, 1.9538277025365591, 2.0240604709815817]; [0.8003166395311995, 0.7981858377662076, 0.8004039190799656, 0.8341751963926994, 0.9173725053852957, 0.9969839865028911, 1.0771533558798334, 1.157893417605643, 1.2408740671509666, 1.3351262503815795, 1.3967230211253086, 1.4607261127595164, 1.5167958141235907, 1.5799436142280572, 1.6422517695847079, 1.7205709136702092, 1.7897988276976877, 1.8644100009055018, 1.9540960016804643, 2.024309669700259]; [0.8003188429649478, 0.7984296684489199, 0.800534529957973, 0.8348983449625133, 0.9182797113927044, 0.9978902559921795, 1.0776643488938447, 1.1582971633069397, 1.2415210107591557, 1.335885167469305, 1.3972544077872406, 1.4613097887017261, 1.5171915528439228, 1.5804720426150087, 1.642659970060488, 1.7208659804245876, 1.789970442926344, 1.8646790580316408, 1.9543740160709595, 2.024437169359438]; [0.8007738425332155, 0.7989759303639493, 0.8013090179273116, 0.8356081060163683, 0.91885264301501, 0.9982230140314776, 1.0782461845895759, 1.158936530321409, 1.2421679993954082, 1.3363481678216553, 1.3977231968597046, 1.4615563774477531, 1.5177447377899798, 1.5810114910210453, 1.6430021024813926, 1.7212316045396252, 1.7902967189556918, 1.8650878964583797, 1.954604776921352, 2.0245868879250932]; [0.8012379309883381, 0.7996093000356285, 0.8020744814560331, 0.835923499953089, 0.9192236578601567, 0.998892890520143, 1.0790612530747967, 1.1596137398411992, 1.2426856595067057, 1.336648780107833, 1.3982124455295788, 1.4620222819004105, 1.5182459826622023, 1.5814068124849558, 1.6433262515256548, 1.721585549619081, 1.7906520480553147, 1.865278075706856, 1.954775811850049, 2.024772977745025]; [0.801198961668303, 0.7998909211185684, 0.8024843966951435, 0.8366401002591344, 0.9197990271209534, 0.9995178729832349, 1.079356042755309, 1.1599675396593832, 1.2431754976435256, 1.337293758115628, 1.398741430035682, 1.4623806393402365, 1.5185673222140472, 1.5817183025942299, 1.6437974725249684, 1.72191384097413, 1.790901855313096, 1.865534148897728, 1.954946855174813, 2.0248783809294593]; [0.8014780128765168, 0.8002117423289327, 0.803074661634002, 0.8371175317224294, 0.9200411707610908, 0.9997938653862684, 1.0797267135366748, 1.160465109684141, 1.2437839205082615, 1.3377053457918313, 1.3991554436587892, 1.4628261961526317, 1.5189870809669834, 1.5822367249494314, 1.644152490103609, 1.7221654637027892, 1.7911165435104135, 1.865680332312084, 1.95505487836541, 2.02496248887619]; [0.801414092272441, 0.8004036424399531, 0.8034556197464661, 0.8375143074049157, 0.9205979624683991, 1.000300183037255, 1.0801652722610975, 1.1608798154315239, 1.2442005661576674, 1.3381920951851913, 1.3996059916458252, 1.463251197515248, 1.519397987432044, 1.5825313683937805, 1.6442752393247657, 1.7223657347971828, 1.7912978240263342, 1.8658213471569065, 1.95516103411331, 2.025098160523824]; [0.8016695765797124, 0.8007931476394902, 0.8038786182125007, 0.8379373719009213, 0.9211346017319425, 1.0007920408535065, 1.0807089432954544, 1.1614656530567262, 1.2448380474289964, 1.3387313679447796, 1.3999517490373001, 1.4636897843678838, 1.5196010083287697, 1.5827994220789832, 1.6445690377916946, 1.7226218758559682, 1.7914005351395599, 1.8659627203166507, 1.9552864821777067, 2.0251945989922344]; [0.8020799861463815, 0.8014409494204755, 0.8046046830141972, 0.8385593292337002, 0.9217064847577784, 1.00119523407931, 1.0812321675512875, 1.162076692312726, 1.2452072703459092, 1.3391887810187733, 1.4003049983902693, 1.4640727112245167, 1.5199065083701677, 1.5830585495052187, 1.6448123699440795, 1.7226837003950097, 1.7915779152048714, 1.8660962223967967, 1.9553392564129914, 2.02523830764035]; [0.8025551529316656, 0.8019276250499582, 0.8051587271249314, 0.8390732677811362, 0.9220548483875343, 1.0016167914566658, 1.081781511867548, 1.1625261138825496, 1.2456397555514038, 1.3394553397753388, 1.4006915316946522, 1.4643153152215298, 1.5201067351182704, 1.5832682866137713, 1.6449478028485045, 1.7228497916503642, 1.7916502048357226, 1.8661975751032545, 1.955414289313074, 2.025300259187949]; [0.8028916705025392, 0.802331489771127, 0.8056668582634625, 0.839513532148037, 0.9223681629572181, 1.00223356856313, 1.082291645632661, 1.1629864775127219, 1.2459098037093213, 1.3398615996412897, 1.4010754002056762, 1.4645241779851492, 1.5202791148879324, 1.5834598660219559, 1.6450910324373222, 1.7229600269799246, 1.791775104429022, 1.8662687484282359, 1.9554609238614697, 2.025343865474339]];
UBRunTimeList2D = [[7023, 7015, 6869, 6872, 6795, 6803, 6760, 6761, 6709, 6686, 6723, 6863, 6844, 6767, 6730, 6812, 6682, 6746, 6773, 6734]; [6992, 6944, 6855, 6879, 6825, 6804, 6831, 6800, 6834, 6859, 6754, 6713, 6726, 6739, 6767, 6739, 6733, 6715, 6773, 6759]; [7015, 7062, 6809, 6819, 6858, 6840, 6703, 6772, 6821, 6796, 6748, 6752, 6730, 6754, 6741, 6773, 6751, 6708, 6785, 6796]; [6933, 6940, 6868, 6865, 6884, 6902, 6797, 6964, 6885, 6870, 6830, 6885, 6832, 6850, 6810, 6878, 6950, 6881, 6840, 6724]; [6983, 7075, 6945, 6932, 6886, 6850, 7111, 7107, 7080, 7103, 7205, 7036, 6954, 6940, 7013, 7144, 7398, 7301, 7240, 7253]; [7498, 7364, 7331, 7420, 7225, 7201, 7351, 7318, 7261, 7230, 7173, 7182, 7237, 7390, 7247, 7259, 7260, 7283, 7204, 7282]; [7447, 7440, 7377, 7358, 7226, 7368, 7263, 7370, 7355, 7223, 7443, 7351, 7316, 7356, 7339, 7297, 7291, 7224, 7333, 7275]; [7451, 7513, 7506, 7432, 7356, 7448, 7402, 7292, 7379, 7293, 7330, 7458, 7430, 7312, 7341, 7416, 7215, 7326, 7329, 7359]; [7581, 7484, 7452, 7449, 7435, 7447, 7472, 7443, 7441, 7372, 7555, 7319, 7565, 7387, 7406, 7298, 7388, 7463, 7500, 7366]; [7680, 7563, 7453, 7399, 7411, 7385, 7491, 7423, 7488, 7509, 7480, 7500, 7437, 7521, 7430, 7421, 7500, 7485, 7538, 7352]; [7687, 7452, 7484, 7511, 7441, 7476, 7501, 7449, 7354, 7397, 7620, 7456, 7519, 7564, 7523, 7460, 7381, 7441, 7423, 7406]; [7594, 7655, 7661, 7644, 7410, 7579, 7497, 7462, 7608, 7545, 7369, 7474, 7568, 7385, 7394, 7496, 7559, 7446, 7539, 7552]; [7715, 7559, 7586, 7452, 7533, 7558, 7609, 7516, 7605, 7493, 7565, 7501, 7514, 7488, 7572, 7583, 7543, 7581, 7468, 7498]; [7733, 7715, 7576, 7554, 7640, 7654, 7417, 7613, 7540, 7574, 7578, 7540, 7531, 7489, 7767, 7590, 7553, 7472, 7562, 7496]; [7820, 7633, 7657, 7656, 7612, 7705, 7510, 7566, 7620, 7573, 7592, 7564, 7494, 7640, 7562, 7470, 7621, 7666, 7640, 7581]; [7740, 7662, 7731, 7683, 7666, 7544, 7563, 7587, 7503, 7519, 7701, 7580, 7509, 7583, 7538, 7637, 7748, 7619, 7513, 7585]; [7824, 7822, 7717, 7646, 7610, 7726, 7730, 7564, 7676, 7504, 7682, 7583, 7721, 7738, 7693, 7568, 7654, 7655, 7581, 7585]; [7712, 7795, 7660, 7655, 7729, 7622, 7586, 7653, 7565, 7696, 7650, 7684, 7795, 7659, 7534, 7691, 7708, 7676, 7638, 7512]; [7702, 7836, 7567, 7721, 7646, 7687, 7729, 7644, 7602, 7662, 7744, 7657, 7773, 7623, 7745, 7729, 7559, 7681, 7733, 7727]; [7744, 7838, 7830, 7782, 7610, 7565, 7816, 7569, 7703, 7710, 7744, 7616, 7740, 7750, 7715, 7642, 7723, 7737, 7760, 7805]];
# ========================================================
# test case: UB Prediction
# ========================================================
fileName = data/100k/ml
UBMaeList = [1.5425311412449687, 1.3345196813035651, 1.3230174234772452, 1.3196133061244322, 1.317229780786482, 1.3173148091147302, 1.3163753930081494, 1.3156875562424981, 1.315234659436107, 1.314263077665636]
UBRuntime = [524624.0, 512458.3333333333, 542206.3333333334, 549131.6666666666, 534122.6666666666, 525108.0, 533068.3333333334, 529011.0, 532370.6666666666, 533217.0]
# ========================================================
# test case: UBLSHHashFunctions Prediction Performance
# ========================================================
fileName = data/100k/ml.data
k = 30
numOfHashTables = 1
numOfHashFunctions = 6
UBLSHHashFunctionsMaeList =  [0.8186932807987771, 0.8396082084048424, 0.8760289170028775, 0.9137057471068818, 0.9557715031712449, 0.9867713896193705, 1.0077429076132554, 0.9846816148152575, 0.9621721059255209, 0.9343536518903931, 0.8981390462490637, 0.8734563083211974, 0.8563800447063669, 0.8333824907309961, 0.8174966928589553, 0.8133675246993484, 0.8085353560275893, 0.8040961082682392, 0.8037625978608288, 0.8052221024334377];
UBLSHHashFunctionsRuntimeList = [6415, 4972, 2438, 2390, 1417, 1928, 2617, 3411, 3980, 6085, 7234, 8691, 8642, 9956, 10501, 11017, 11035, 11541, 12067, 12091];
UBLSHCandidateSetList = [159.39798257679965, 83.74048601558918, 48.15497478221, 28.117377349839526, 14.2801467216873, 5.954149472718936, 3.4507106831728565, 2.616689591930307, 1.3668042182485098, 0.9656121045392022, 0.3200366804218248, 0.2356717102246676, 0.16185236130215497, 0.1535992663915635, 0.048601558917927556, 0.02246675836772123, 0.015130674002751032, 0.01329665291150848, 0.0022925263640531865, 0.0032095369096744614];
# ========================================================
# test case: UBLSH 2D - Hash Functions vs. k
# ========================================================
fileName = data/100k/ml.data
k = 76
UBLSHkMae2D = [[0.9810863307543857, 0.9742701224519187, 1.0024069941833076, 1.0201041352859057, 1.0503614933160004, 1.0730656898407207, 1.0809631272267215, 1.0693828357941568, 1.072420308216114, 1.049498839172026, 1.0167729291034309, 1.004049365479487, 1.0006966091898775, 0.9852400573064677, 0.9813935691943375], [0.8380848894989841, 0.8569331266220693, 0.8755983080961803, 0.9129300501119753, 0.9510978222403086, 0.9883151711680966, 1.0056080363874136, 0.9908369206442492, 0.9707741531662065, 0.9503177404971798, 0.9122122470717925, 0.9054303985097443, 0.8632752937457195, 0.8560208917300419, 0.8434072640610107], [0.8201135669353325, 0.8450847751340623, 0.8743049822222849, 0.9042745416692615, 0.9623034186305448, 0.9743224149636177, 0.9788842249964853, 0.9805490440027725, 0.9736804440627864, 0.921235271582946, 0.9081253172922664, 0.8807760729543274, 0.8597105448385918, 0.8394069256690927, 0.8273870175713961], [0.8166372502578617, 0.8425926974535886, 0.8747318506911529, 0.9106092224811202, 0.9563737914367135, 0.9707638222956673, 1.0088031461325946, 0.9840219616572584, 0.9676047737146746, 0.9416480124921333, 0.9011034302214406, 0.8812548908183403, 0.8418625754418342, 0.8321018317493879, 0.8248106603995696], [0.8163623902108045, 0.8390127041851517, 0.8723107859117906, 0.9149873558921363, 0.949704822712225, 0.9696427567078721, 0.9836719315212288, 0.9835869821304793, 0.9616630245457208, 0.936601249583771, 0.8820870225135106, 0.8649297120812477, 0.8477225475658944, 0.82778699880956, 0.8236889187996573], [0.8158351983815519, 0.8448822723291755, 0.8674223058739496, 0.9101900911452064, 0.9419663059493978, 0.9923323878549736, 1.0113696500665352, 0.9877445266329231, 0.9559899726432125, 0.9211569225390724, 0.8880808050344254, 0.8622155168704547, 0.8474701774388839, 0.8346341205899955, 0.8142608759424692], [0.8146430869106985, 0.8435293534118946, 0.8747042527564411, 0.915303533092791, 0.9482750749831741, 0.9665356932489108, 0.98605374806609, 0.9772651516117637, 0.9657781011167836, 0.9326711460221692, 0.9064389224667259, 0.8729163241062521, 0.8462376687236773, 0.8420473097706491, 0.8228622418742942], [0.8170145346815406, 0.8399068974851539, 0.8769141499080977, 0.9174269282395672, 0.9469015346262698, 0.9814451843621689, 1.016249159697435, 0.9864290362027703, 0.9563595193519324, 0.9450897066388908, 0.910868991853663, 0.887576281329791, 0.8524879499119195, 0.8233774017893736, 0.8280998006671588], [0.8165431393508481, 0.8389165055310063, 0.8800935420219426, 0.9133304581607824, 0.9656240620386775, 0.999903652185691, 0.9959474954594402, 0.9990776916534191, 0.9708332294576643, 0.9488016799876097, 0.8979325283633289, 0.8711464204014576, 0.8444922091847378, 0.8295220704385188, 0.8203648758580372], [0.8212002437459618, 0.8404016236888415, 0.874479169848548, 0.9187622559951848, 0.9476446529580983, 0.9942591400353736, 1.008549770931406, 0.9916521886840788, 0.9624316473483239, 0.93646118020767, 0.9162076973033338, 0.8544856710825126, 0.8596102512125284, 0.8400997474594961, 0.8325816136954588], [0.8207670268417515, 0.8393542053059923, 0.8823257098458775, 0.9062511399054408, 0.955876059757891, 0.9725739285515788, 1.0053833161811685, 0.9922103064826288, 0.9648807489623685, 0.9303593967353537, 0.8980700433086648, 0.8662967669078551, 0.8473912154153576, 0.8407005144825702, 0.8296490055868668], [0.825022579364798, 0.8454277294237964, 0.8832072718951817, 0.9273529494708178, 0.9500444376615839, 0.9853635159480122, 0.9994594197485634, 0.9904216405018976, 0.9519661619713036, 0.9290094305262384, 0.8931383759248882, 0.8671549977603789, 0.8441375396561969, 0.8242897436300499, 0.8298232826950597], [0.8247500915806042, 0.8516371495467042, 0.8774833409682712, 0.922340255136099, 0.9519943243153345, 0.9950667280645046, 0.9983671937319829, 0.9949096898923487, 0.9553022682495782, 0.9296486807057356, 0.8953017308703544, 0.8763953550048903, 0.8632630130274578, 0.8410376201461842, 0.8199064353857041], [0.8220504871650632, 0.8456259520081016, 0.8718790287154291, 0.9126166165881102, 0.952415695788977, 0.9728173692226646, 0.9919792679670018, 0.9943901088640121, 0.9573755818450095, 0.9290771461373076, 0.9275433932212303, 0.880066758374142, 0.841859374111232, 0.8401599649637935, 0.8325889004953853], [0.8221137289003172, 0.8511197677381185, 0.876706061956782, 0.9218191140360936, 0.9563485457779238, 0.9809556281584656, 0.9975203328590615, 0.9931982376165278, 0.9540940881851062, 0.9394406991379741, 0.8865042476976082, 0.8639358037391895, 0.8453153655169586, 0.8397241452965337, 0.828200807323792]];
UBLSHkRuntime2D = [[7252, 4622, 3264, 1763, 1599, 1720, 2311, 3203, 4446, 6141, 6404, 9296, 8436, 9613, 10590], [5860, 4723, 2737, 1981, 1679, 1717, 2502, 3367, 5206, 5553, 7670, 7523, 9807, 10469, 10779], [7341, 4051, 1997, 2110, 1511, 1973, 2321, 3619, 4815, 6878, 6970, 8137, 8599, 10538, 10601], [6813, 4150, 2373, 1960, 1349, 1759, 2266, 2836, 5910, 5655, 7034, 7436, 9721, 9499, 10608], [6359, 3908, 2845, 1726, 1330, 1882, 2297, 3246, 4346, 6649, 8490, 8612, 8875, 10031, 10372], [6370, 4879, 2753, 1456, 1956, 1754, 2779, 3620, 5177, 7083, 7650, 8521, 9690, 9920, 10782], [6300, 4993, 2983, 1791, 1287, 1977, 2279, 3125, 4226, 6637, 7137, 8030, 9186, 9462, 10097], [6588, 4087, 2135, 1499, 1807, 1886, 2358, 2910, 4997, 5707, 6733, 7961, 9400, 10250, 10028], [6404, 3600, 2226, 1870, 1532, 1846, 2777, 3662, 4623, 5708, 7868, 8420, 9931, 10172, 10763], [6071, 4993, 2806, 1708, 1992, 1888, 2383, 3808, 3659, 5577, 6463, 8909, 8807, 9843, 9523], [6672, 3993, 2044, 1699, 1823, 1782, 3049, 3468, 4628, 4846, 7641, 8831, 9485, 9270, 10063], [6115, 4185, 2902, 2291, 1678, 1800, 2548, 3890, 4459, 6908, 8060, 8770, 9789, 10647, 10513], [6900, 4078, 2981, 2211, 1740, 1888, 2736, 4103, 3755, 5973, 7171, 8055, 8338, 9702, 10776], [6868, 3364, 2838, 2468, 1634, 2291, 2332, 3841, 4868, 6056, 6532, 8257, 10114, 9941, 10321], [7727, 3904, 2533, 2078, 1915, 1956, 2468, 4013, 5219, 5995, 8022, 9397, 9769, 9309, 10495]];
UBLSHkCandidate_Set_List2D = [[499.04551214720294, 327.9999832417869, 167.25844381185325, 77.77475199762561, 47.09950939829958, 31.450168297844527, 15.230393423895071, 10.071049856085871, 4.890454070397652, 3.263072428441589, 2.244295435172065, 0.6832325959111621, 0.8427402106085481, 0.42868268086570116, 0.17285714262831156], [473.3332312243886, 273.2187844466932, 160.5220182372992, 96.92506524352211, 52.091898956975086, 26.251948486759165, 13.4469192737512, 8.693135209513368, 5.1203259204356515, 3.1845943103247367, 1.7793174725642171, 1.6691892929451442, 0.4680833334998382, 0.25747173151499847, 0.16249422521952372], [551.6971889172877, 260.00711707072514, 133.13021209337836, 111.21870338340388, 47.404051832053426, 27.430236544726014, 19.935391459601124, 10.71681103127242, 5.616360272902807, 2.0534226214300237, 1.6668256205193728, 0.9986632959783209, 0.8336682610696656, 0.2280603068719584, 0.14136587760709216], [534.1514297850293, 294.75488411212746, 144.23119649919974, 104.85750341137596, 49.60002421313559, 34.73147671216647, 15.00568478400084, 12.92340545539001, 4.043351221053757, 2.8639560793706482, 1.8194606995130511, 1.3086121915685653, 0.5319105870813187, 0.3531478885582125, 0.21676391202943793], [496.56774267424856, 260.0200440668689, 162.54917287862668, 78.41016349429805, 42.629824880766506, 32.01577624833276, 18.76841270470355, 10.397314011212908, 5.39088719620445, 2.3148068346018165, 1.0907784367127782, 0.9277744227160675, 0.603258286916947, 0.2834501355027053, 0.22104957726629934], [497.81692177589576, 347.3733191885771, 170.3660530362636, 71.5662688095451, 63.749075260208656, 24.246020755505004, 13.006645251618721, 9.759286432887608, 4.444316631454607, 2.0662045742557176, 1.733276575167095, 0.7702381434164524, 0.4822804242176503, 0.37557772171616866, 0.14915693481213688], [512.748047845918, 308.00920691076374, 180.48227109713392, 89.17696380036091, 44.087411128111654, 35.95137308737631, 18.135222572408924, 11.872953073141119, 7.497084419852643, 3.009463394793888, 1.9273564059980572, 0.973714274364253, 0.5479435367670713, 0.47494223500612537, 0.21121850221833824], [503.23855363858746, 290.2407534898785, 141.5728266730307, 80.72663194741477, 57.061733579481036, 30.310957917062808, 12.40603626208849, 11.228337315732054, 5.374435919740958, 3.3078364764589154, 2.1160059734589756, 1.2391174096063553, 0.6038527856980475, 0.2507472479264781, 0.2743142967985262], [502.16916957324, 285.2552848587059, 162.37312871448333, 101.2408973472883, 42.26338163011946, 26.294565520098672, 15.360845655254474, 7.1843287989664715, 4.356570339080691, 2.9639052660142404, 1.369364828248816, 1.0097073377979366, 0.3878197912362978, 0.28685878508869483, 0.1481078322650797], [487.27298934132403, 326.0560942000273, 162.69581973380687, 74.19197355200633, 58.2283370824847, 25.343361142684046, 16.184985974776044, 7.364729788459427, 6.192544744787313, 3.3585368643373594, 2.7250684520314246, 0.7047320503591967, 0.9219163631006287, 0.4323029092152113, 0.30474704226226784], [508.73686261451365, 300.3167676785526, 140.63376138127978, 79.98561874036069, 53.77640655314852, 28.89827177025766, 11.84498159023173, 8.63816401209967, 5.9220682221123, 5.040590914790396, 1.4083028717682395, 0.7541612027187261, 0.6389730694025865, 0.46776277857753046, 0.2886464620862791], [524.5635440964525, 284.83737552627616, 177.56188454437788, 97.43238909738908, 51.823718078122674, 28.568252455531837, 14.869419094790066, 6.8327650767524135, 6.422967847299829, 2.3962352066299992, 1.2298792718000169, 0.8499387052665063, 0.3934020288365833, 0.20999300753487948, 0.23674893453337162], [501.8292280352735, 294.5570794138774, 169.82965117593932, 99.24681526716604, 48.98249104142132, 24.76321500861145, 17.676954912138154, 8.460071784485004, 10.793252012947333, 2.8236791885768007, 1.649765605945685, 1.1944462689726496, 0.7342212999940552, 0.39986648097442457, 0.12691152724142948], [494.3452667744582, 254.81244121516957, 164.2870203355745, 109.7735619659065, 55.40546640603028, 39.669029002369676, 16.288526633836998, 7.792100520434691, 5.2542933307845106, 2.4337112454647687, 2.1000872091227936, 1.1671452223124552, 0.42541293522780804, 0.3782439037754044, 0.27978663368125756], [546.2412897723696, 271.98808889347964, 154.23953430598772, 92.4665643274722, 61.28325654488712, 30.492675706803706, 19.484507442736014, 7.873272847762057, 4.896355680758986, 3.342768276634383, 1.2288102561118555, 0.6701514298271825, 0.40197877739329346, 0.4869988269840965, 0.2053551509793179]];
# ========================================================
# test case: UBLSHHashFunctions Prediction Performance
# ========================================================
fileName = data/100k/ml.data
k = 30
numOfHashTables = 1
numOfHashFunctions = 6
UBLSHHashFunctionsMaeList =  [0.8189881449889999, 0.8438213825346174, 0.8701066672803832, 0.9130507749580836, 0.964600512863352, 0.9914479615696171, 1.003069935030764, 0.9916663398986013, 0.9633590697347897, 0.9348138639410922, 0.8912272452216413, 0.8610415507958257, 0.8434464104066078, 0.8359337230568101, 0.8159849410240656, 0.8113217148922184, 0.8130266659906518, 0.8059394954464535, 0.806625923181783, 0.8041681945908238];
UBLSHHashFunctionsRuntimeList = [8080, 3624, 2782, 2016, 1461, 2052, 2571, 4566, 5499, 5569, 8129, 9936, 10029, 10319, 11211, 11641, 11240, 11769, 11766, 11625];
UBLSHCandidateSetList = [191.19624025676296, 97.79871618523613, 46.01421366345713, 36.9353507565337, 10.911966987620358, 6.672627235213205, 4.7308574048601555, 1.9408528198074277, 1.5864282439248052, 1.235213204951857, 0.5162769371847776, 0.41448876662081613, 0.12700596056854654, 0.10316368638239339, 0.046767537826685, 0.018340210912425492, 0.013755158184319119, 0.008253094910591471, 0.015130674002751032, 0.0022925263640531865];
PredictedItemsList  = [5325.333333333333, 5325.333333333333, 5325.333333333333, 5325.333333333333, 5325.333333333333, 5325.333333333333, 5325.333333333333, 5325.333333333333, 5325.333333333333, 5325.333333333333, 5325.333333333333, 5325.333333333333, 5325.333333333333, 5325.333333333333, 5325.333333333333, 5325.333333333333, 5325.333333333333, 5325.333333333333, 5325.333333333333, 5325.333333333333];
# ========================================================
# test case: UBLSH 2D - Hash Functions vs. y
# ========================================================
fileName = data/100k/ml.data
k = 76
UBLSHyMae2D = [[0.8172737103558823, 0.8347499459689035, 0.8485073878982061, 0.8690692321631367, 0.8985535025403233, 0.9037758809571943, 0.9063588891776023, 0.9092827176940977, 0.8960705399253621, 0.8815145349479573, 0.8750600390349961, 0.8467917189251208, 0.8299642238099022, 0.8299136195028337, 0.8280200960544706], [0.8212552631871057, 0.83611813989448, 0.8551739737700776, 0.8722760978645865, 0.9111502515153989, 0.9180982788353919, 0.9381355473876435, 0.9374714642257246, 0.9245980890306592, 0.9003286507411866, 0.8661103109569113, 0.8564480482833039, 0.8418267112974916, 0.8399869797281371, 0.8193843697739537], [0.8260774266471794, 0.849318908430792, 0.8870131970311791, 0.9346238459374022, 0.9664855794988435, 1.0143090518850777, 1.0054131869988163, 1.0165021993799004, 0.9788006244193728, 0.9426580689147389, 0.9115289923706295, 0.8777013743910094, 0.8617255639888836, 0.8542750655617996, 0.8414640488016222], [0.8687193882019552, 0.9182643683082311, 0.966335517108733, 1.0171299552726605, 1.072646574932264, 1.086801026830822, 1.1003291126731567, 1.1136948178216566, 1.0685630299448865, 1.009227579286854, 0.966310556266811, 0.9209097139339062, 0.9106014712273988, 0.8759612849440422, 0.8660390153176966], [0.9592781587432461, 1.00575589976007, 1.0607591619581018, 1.1160381353620805, 1.1697927906089916, 1.2538323902426696, 1.2335898569480939, 1.2165427420940116, 1.1579674252342047, 1.1415981720660746, 1.0720387786945718, 1.0179736072136987, 1.004448556092153, 0.972790578838069, 0.965061093975374], [1.032184166601762, 1.0705799910138523, 1.1459212187494539, 1.2164579195022918, 1.2271801899087544, 1.3207009353186772, 1.3269256761988242, 1.3078586335246596, 1.2660356366615904, 1.2282197726298285, 1.1273638392552408, 1.0912681707217147, 1.0817193352287526, 1.0447882816561478, 1.0432458636218163], [1.1003623923174897, 1.1639361196563072, 1.2420638618128432, 1.3160604782811611, 1.3808950489485448, 1.424149192786249, 1.4225212652097483, 1.430416072677075, 1.3596332288935915, 1.3116109677727712, 1.2368115039709542, 1.2012953995866587, 1.1355756578389393, 1.1109471764813035, 1.0835859145939082], [1.189885860086066, 1.2555772286257616, 1.320564463529812, 1.3920966663520697, 1.4707279951713277, 1.5231518243539648, 1.5256506593105101, 1.5101565589189017, 1.4511335367711207, 1.4195594481220575, 1.3355550145862505, 1.2840504235908814, 1.234617598075489, 1.2145125015311544, 1.1879769334781731], [1.2758388847144977, 1.3653762894738828, 1.409908919819251, 1.5014802109808445, 1.5643974225256858, 1.6293536539762152, 1.6204439892497444, 1.6430149743013047, 1.5667174662468664, 1.5014709648334426, 1.4054316731970362, 1.3653866636045269, 1.3554171763836003, 1.2872964574741774, 1.2602679065401918], [1.3701123633793084, 1.4236908061401217, 1.5058918633706295, 1.600228814849915, 1.64337653427199, 1.724504506865939, 1.7524491424895434, 1.6925204239155995, 1.6524867465138833, 1.5868390691812724, 1.5163330652649076, 1.4372007252187473, 1.4072227756731037, 1.3955305257274964, 1.377661538323154], [1.4433597278314194, 1.4960521234273585, 1.5705615289572668, 1.6196181793185118, 1.7421830564502627, 1.7931451351139274, 1.8006718255991727, 1.8037042777203702, 1.7211215131471607, 1.664647835066468, 1.5909186719291972, 1.51780032161091, 1.5089141224976916, 1.4452919960669561, 1.453334923691867], [1.4917749319499187, 1.5541605709801674, 1.6309303292323503, 1.7217862201381269, 1.746879409346577, 1.8654559422682626, 1.896105053836686, 1.885683767131111, 1.7839025105963637, 1.776893345188232, 1.6623113052998832, 1.6001688295688854, 1.536472188181783, 1.5148344403800553, 1.4812625109260715], [1.5539871497783269, 1.6256181133740066, 1.7048866243453604, 1.7687918735771886, 1.8474573433934245, 1.9282346831260926, 1.9593226180519039, 1.9121496992906633, 1.8915924802868034, 1.8077995320810218, 1.7661663854000063, 1.673624256101176, 1.614865114629594, 1.577741597510779, 1.5360312591151792], [1.6169772148390518, 1.7014636298399342, 1.7626765383640626, 1.8919953362858477, 1.9731130274955158, 2.000966436861449, 2.0454068833322196, 2.0251351766362613, 1.9639961772160452, 1.8604474322265208, 1.7775909461355603, 1.7577713565158064, 1.6851075962995423, 1.6424797962071986, 1.602524858584017], [1.6843639637004177, 1.766309240490613, 1.848220761985889, 1.9573949970886062, 1.997753986434457, 2.107915196962845, 2.1047118198668513, 2.0651324763398033, 2.0286740101400915, 1.9669887426195187, 1.9015093567628822, 1.7986215781462949, 1.767840517528495, 1.6986744055118443, 1.6825274626081062]];
UBLSHyRuntime2D = [[7572, 3906, 3188, 1716, 1467, 1891, 2044, 3644, 4135, 5720, 6770, 8517, 9750, 9813, 9725], [6072, 4115, 2427, 2784, 1721, 2033, 2059, 3525, 4177, 5718, 7851, 8564, 8862, 9444, 10373], [6494, 3661, 1861, 1753, 1638, 1893, 2538, 3386, 5186, 6274, 7221, 8317, 9021, 9585, 9808], [7468, 5511, 3308, 1948, 2025, 1925, 2306, 4411, 5663, 6814, 8362, 8531, 8940, 10638, 10643], [6271, 5050, 2771, 1366, 1660, 1832, 2427, 3913, 4988, 5535, 8039, 8572, 8434, 9523, 9791], [7425, 4471, 2132, 1702, 1951, 1629, 2270, 3869, 5204, 6340, 8396, 9529, 9159, 10128, 10173], [6946, 3961, 2463, 2439, 1555, 2040, 2538, 4102, 5547, 6273, 7943, 8891, 9895, 9650, 11063], [7467, 4155, 2877, 1768, 1932, 1930, 2688, 3439, 4931, 5556, 7336, 9286, 9981, 10308, 10762], [6257, 6286, 2930, 1927, 1850, 2038, 2464, 3985, 5357, 7157, 9047, 8576, 9424, 10775, 11183], [6484, 3652, 2420, 1794, 1676, 1922, 2458, 3762, 4380, 5463, 7553, 9471, 9752, 10042, 10397], [6150, 3733, 2503, 2506, 1733, 1764, 2436, 3651, 6217, 6361, 6765, 9033, 8749, 10551, 9973], [8836, 3150, 2688, 1916, 1919, 1821, 2908, 3562, 5260, 6134, 7790, 8810, 10201, 10258, 10878], [8141, 3548, 2909, 1676, 1726, 1861, 2436, 3276, 4704, 5835, 6615, 8144, 9642, 10534, 10945], [8257, 4305, 2429, 2163, 1230, 1693, 2389, 4476, 5079, 6478, 7936, 8091, 9569, 10168, 11088], [7608, 3283, 3649, 1669, 1985, 1855, 2499, 3265, 5387, 6172, 7176, 8341, 8812, 10545, 10739]];
UBLSHyCandidate_Set_List2D = [[542.8355167125842, 276.9664570557052, 174.54596402085085, 83.61358509313985, 43.45528383841272, 27.28043571327865, 19.052622879970002, 7.98302818477309, 6.081045522265828, 3.504190888595876, 2.1614862116752604, 0.8190760989904783, 0.5099822975472895, 0.5175942676254841, 0.3286441707917233], [483.997612688096, 302.05960672149575, 143.6799681016172, 110.91417109918827, 46.02923316184417, 36.69524057408332, 18.72395982082673, 8.119108234386319, 5.105736457093858, 3.1032951910501443, 1.3540584421802457, 0.9105586588646908, 0.6313977294622101, 0.3839374125385087, 0.2006853170553362], [507.72033469802983, 240.75316007606003, 141.42805552558232, 88.14401359471962, 52.725335139930536, 26.818191762745112, 15.17267486029381, 10.403229562084446, 4.707639173182513, 2.7284926533141216, 1.7443117779426116, 0.910360198156868, 0.6708165763262685, 0.546836713463513, 0.2941161817276779], [517.4456734397116, 320.7042145466215, 160.62477723859516, 88.67947490150384, 53.59896394750158, 29.818440083118077, 20.789712983713937, 6.250130420161255, 3.65871991732485, 2.1868839487306553, 1.083363068857509, 0.8094552968955805, 0.5271873470084156, 0.312986873923029, 0.20501999795789602], [512.2458940534844, 312.0494643670887, 163.41539015615123, 71.29477071219384, 58.56055437034522, 25.81912158971733, 13.826522359473486, 7.802714056030683, 4.38530831212026, 3.613880933210576, 1.5321438222522712, 0.9386486801374204, 0.7277282699039698, 0.4623673402543779, 0.3280275678432207], [533.5291926784415, 311.2548776060252, 143.6775498268302, 81.10966962001555, 65.64644961925514, 26.653395912641475, 17.16583750091312, 8.038232496518752, 6.568913994659279, 3.1014074387624704, 1.1396864386200596, 0.6880559122108912, 0.7207233452534063, 0.37545764429502265, 0.26105425247990005], [512.9654713720818, 272.76716453163334, 149.5966709480857, 91.04042913293068, 42.86231330892762, 31.252512576268476, 13.401231864115873, 7.687643811919602, 4.005892539943358, 3.5944747706745557, 1.413858038625051, 1.0341854957766674, 0.4524789378791784, 0.31510522634233246, 0.08651130948807471], [573.0714837401807, 280.0895296847395, 176.25563943495536, 87.60187694553521, 61.7976572881739, 29.360142936260814, 15.547580522396705, 9.606406695223319, 4.953735539234629, 3.626331201749513, 1.5315258554156586, 0.9251353704146951, 0.480987455478924, 0.4233483739560615, 0.3447989842548213], [492.3770498918636, 329.5770066032165, 159.43951421748957, 81.62202093313269, 62.301359724036196, 27.515248375392172, 22.75287770157418, 8.366561492064966, 4.7290294013631575, 2.482460608262754, 1.2849604289456584, 0.9087880763685655, 0.7234999123228837, 0.28628249552529716, 0.14721654543607623], [495.90965991842467, 261.8158338652988, 146.78530297234843, 81.73956386048758, 48.732396709964284, 26.316896799226356, 15.258751149425839, 8.236866913665118, 6.54004945542594, 3.4736588724985604, 1.4780403105955042, 0.7803848808128203, 0.503037819555975, 0.34336223023493373, 0.22472590488170688], [502.5529662683089, 264.11793060974003, 156.15037892797517, 113.57568881939541, 52.160188710069384, 25.84483103047336, 15.61669678138171, 9.239032102901392, 3.4738162526342165, 3.17172461996328, 1.6784976204053983, 0.7369329606025716, 0.7434376361988292, 0.30343249018154417, 0.3099879284567733], [646.7867614792596, 251.5670658616351, 162.73271862409104, 90.51051248094807, 68.88066086853662, 28.22607479303295, 12.48491149084173, 8.903469154416564, 4.388933629758302, 2.7348668715138555, 1.7677423733688273, 0.8144612505528862, 0.39607839696677427, 0.2811035622620744, 0.14961178212954193], [573.4921852035543, 259.36330132923985, 186.37175302349522, 85.00427132286677, 56.05740024373187, 30.653861186771067, 16.928824928494162, 10.97640041921162, 5.110315762944523, 3.045296729693913, 2.142507809788653, 1.0561054015204585, 0.5584369256234277, 0.2864579097089603, 0.17434373476840367], [592.804793710935, 284.37992709158124, 154.55025579173517, 83.70530827528779, 42.26936740062048, 27.51104290977375, 14.248160420549503, 5.587689282131929, 5.069839803500968, 2.465376489589579, 1.665980868878241, 1.0854755432562824, 0.5123042055833662, 0.3480337109414002, 0.12522858579722368], [572.1858001841288, 257.37323355776135, 202.64170073977186, 80.82346187323994, 51.96829563776566, 24.540284053548266, 20.05883532661412, 9.406024984719698, 4.2311498113238315, 3.326088392477456, 1.8049066148293262, 0.8498745369537807, 0.6667435127690103, 0.2104043237778536, 0.20547779786824308]];
# ========================================================
# test case: UBLSHHashFunctions Prediction Performance
# ========================================================
fileName = data/100k/ml.data
k = 30
numOfHashTables = 1
numOfHashFunctions = 6
UBLSHHashFunctionsMaeList =  [0.8146149076940726, 0.8357795755142368, 0.8775224306340974, 0.925001427541321, 0.9677413129906888, 1.0018012201898696, 1.1193985037970298, 1.1028211369005205, 1.0415144382756403, 1.1521417555187146, 1.104680893776124, 1.061884238160212, 1.154958775338096, 1.0074946248817471, 1.117765823415597, 1.0924192925481824, 1.0861027309070959, 1.025974025974026, 0.9595959595959596, 1.0];
UBLSHHashFunctionsRuntimeList = [60601, 4674, 2534, 1345, 1179, 752, 330, 344, 389, 262, 219, 212, 183, 191, 113, 183, 182, 239, 147, 193];
UBLSHCandidateSetList = [482.1255539143279, 319.79320531757753, 130.50369276218612, 67.38404726735598, 45.67208271787297, 26.579025110782865, 9.895125553914328, 8.737075332348597, 6.029542097488922, 3.2540620384047267, 3.8567208271787297, 0.9423929098966026, 0.4017725258493353, 0.3663220088626292, 0.15214180206794684, 0.2570162481536189, 0.10635155096011817, 0.051698670605613, 0.03545051698670606, 0.0103397341211226];
PredictedItemsList  = [4981.0, 4946.0, 4890.0, 4734.0, 4442.0, 4004.0, 3195.0, 2940.0, 2657.0, 2161.0, 2025.0, 1077.0, 498.0, 564.0, 244.0, 251.0, 209.0, 77.0, 99.0, 6.0];
# ========================================================
# test case: UBLSHHashFunctions Prediction Performance
# ========================================================
fileName = data/100k/ml.data
k = 30
numOfHashTables = 1
numOfHashFunctions = 6
UBLSHHashFunctionsMaeList =  [0.8179583171669806, 0.8343728115453484, 0.8666253734084308, 0.9155173260679531, 0.9585227575720076, 1.0151733587952745, 1.0613521897046672, 1.1060187325270394, 1.0916519197197792, 1.125450323672289, 1.1736616771257176, 1.1128152874842305, 1.1237213829575594, 1.1723570848388454, 1.048897011125728];
UBLSHHashFunctionsRuntimeList = [7892, 4285, 2105, 1582, 1081, 882, 620, 402, 372, 269, 202, 204, 183, 189, 195];
UBLSHCandidateSetList = [214.88629069234295, 91.46492434662999, 47.11691884456672, 29.71939477303989, 15.986703347088492, 5.9990829894543785, 5.344337459880788, 3.6657496561210454, 1.8977533241632278, 0.5754241173773499, 0.38651994497936726, 0.2787712058688675, 0.10958276020174233, 0.13892709766162312, 0.18202659330582302];
PredictedItemsList  = [5312.666666666667, 5273.666666666667, 5216.666666666667, 5044.0, 4782.666666666667, 4390.666666666667, 3888.0, 3126.3333333333335, 2822.3333333333335, 1894.3333333333333, 1321.3333333333333, 1003.0, 574.6666666666666, 341.0, 620.6666666666666];
# ========================================================
# test case: UBLSHHashFunctions Prediction Performance
# ========================================================
fileName = data/100k/ml.data
k = 30
numOfHashTables = 1
numOfHashFunctions = 6
UBLSHHashFunctionsMaeList =  [0.816375120425552, 0.8390214103244998, 0.864862776493824, 0.9038098292764066, 0.9608092874085173, 1.010689990650581, 1.0446933050458709, 1.1148053464803152, 1.0938451468253574, 1.15617536885009, 1.1137386151790862, 1.1053043611462003, 1.0387987347743308, 1.0916644205184722, 1.1674285766609078];
UBLSHHashFunctionsRuntimeList = [6844, 3892, 2647, 2240, 1036, 725, 599, 343, 297, 232, 269, 251, 220, 178, 216];
UBLSHCandidateSetList = [158.9348922512609, 91.8230169646951, 49.484181568088026, 51.80146721687299, 16.528656579550667, 6.192113709307658, 4.03622191655204, 2.0082530949105917, 1.2067858780375975, 0.5864282439248051, 0.5153599266391563, 0.3773498395231545, 0.16781292984869325, 0.08253094910591471, 0.03988995873452545];
PredictedItemsList  = [5313.666666666667, 5275.0, 5204.0, 5048.666666666667, 4790.666666666667, 4311.333333333333, 3803.0, 3050.6666666666665, 2532.0, 1482.6666666666667, 1482.6666666666667, 1158.0, 752.6666666666666, 294.3333333333333, 291.6666666666667];
# ========================================================
# test case: UBLSHHashFunctions Prediction Performance
# ========================================================
fileName = data/100k/ml.data
k = 30
numOfHashTables = 1
numOfHashFunctions = 6
UBLSHHashFunctionsMaeList =  [0.8297521499102564, 0.855192860268232, 0.91638345423882, 1.0257087251218289, 1.1985851099323945, 1.457957865507398, 1.6344084367497353, 1.8932267806979652, 2.281807524842416, 2.670394553519598, 2.8809695194402156, 3.1181578152869505, 3.2580235544888203, 3.2313056465633547, 3.399641160594552];
UBLSHHashFunctionsRuntimeList = [8755, 4153, 3323, 1802, 1257, 622, 697, 543, 340, 246, 243, 224, 193, 192, 169];
UBLSHCandidateSetList = [239.8065107748739, 100.89912883998166, 69.49885373681798, 25.23658872077029, 15.650618982118294, 6.6753782668500685, 4.466758367721229, 3.9422283356258596, 1.8881247134342045, 0.9335167354424576, 0.546079779917469, 0.4163227877120587, 0.2393397524071527, 0.08069692801467217, 0.055479138010087116];
PredictedItemsList  = [5325.333333333333, 5325.333333333333, 5325.333333333333, 5325.333333333333, 5325.333333333333, 5325.333333333333, 5325.333333333333, 5325.333333333333, 5325.333333333333, 5325.333333333333, 5325.333333333333, 5325.333333333333, 5325.333333333333, 5325.333333333333, 5325.333333333333];
# ========================================================
# test case: UBLSHHashFunctions Prediction Performance
# ========================================================
fileName = data/100k/ml.data
k = 30
numOfHashTables = 1
numOfHashFunctions = 6
UBLSHHashFunctionsMaeList =  [0.8140056822380685, 0.8361259623912862, 0.8719912717884609, 0.9051177169119523, 0.9566517281245251, 1.0262646519514436, 1.0543413394814223, 1.0786649225697988, 1.1005903625496531, 1.1562762482570257, 1.0903516700037872, 1.1396887616029447, 1.1251804229748419, 1.1356835183797902, 1.0828917886259648];
UBLSHHashFunctionsRuntimeList = [7344, 3870, 2273, 1727, 1097, 653, 637, 470, 275, 253, 229, 258, 204, 210, 193];
UBLSHCandidateSetList = [167.85098578633654, 101.95139844108208, 44.29436038514442, 27.02109124254929, 21.094910591471802, 7.315451627693719, 4.089408528198074, 2.8968363136176065, 1.5254470426409903, 1.3484640073360843, 0.474094452086199, 0.380559376432829, 0.2026593305823017, 0.04218248509857864, 0.06327372764786794];
PredictedItemsList  = [5311.0, 5284.333333333333, 5205.333333333333, 5056.0, 4786.666666666667, 4266.666666666667, 3882.3333333333335, 3200.6666666666665, 2532.3333333333335, 1818.0, 1565.0, 1408.6666666666667, 874.3333333333334, 441.0, 373.6666666666667];
# ========================================================
# test case: UBLSHHashFunctions Prediction Performance
# ========================================================
fileName = data/ymusic/ymusic.data
k = 30
numOfHashTables = 1
numOfHashFunctions = 6
UBLSHHashFunctionsMaeList =  [1.7415423180167913, 1.7934743536492004, 1.9798702104663055, 2.1011396354428906, 2.2818634623089626, 2.40651014208529, 2.474155717611296, 2.579748467920816, 2.7559014816730616, 2.8013689093601486, 2.84029199703358, 2.8382742808216452, 2.999176893930501, 2.906492598722848, 2.98972747836758];
UBLSHHashFunctionsRuntimeList = [48855, 25212, 16409, 9403, 5913, 4388, 3528, 3168, 2293, 2221, 2111, 2126, 2144, 2113, 2080];
UBLSHCandidateSetList = [7909.367947669664, 3947.8698555464703, 2270.2443445080403, 1189.8872989915508, 573.7027800490597, 342.57358953393293, 198.23480512401198, 108.45748160261651, 40.29367675115835, 23.605614608885254, 12.234805124011991, 8.329245025892615, 2.8582720087217224, 2.238757154538021, 1.2424366312346689];
PredictedItemsList  = [19000.0, 19000.0, 18999.0, 18984.0, 18865.0, 18377.0, 17310.0, 15402.0, 12632.0, 10184.0, 7445.0, 6048.0, 3143.0, 2628.0, 1645.0];
# ========================================================
# test case: UBLSHHashFunctions Prediction Performance
# ========================================================
fileName = data/100k/ml.data
k = 30
numOfHashTables = 5
numOfHashFunctions = 6
UBLSHHashFunctionsMaeList =  [0.7989201535931619, 0.8024477376265082, 0.8048223041203129, 0.8146034820570853, 0.8301281288251292, 0.8447428337384645, 0.8858700705953315, 0.9032205059843053, 0.9726387537584685, 1.0008815201818593, 1.0231244951894138, 0.9972900991621908, 1.1061860553244511, 1.0461738044764937, 1.0753427386144594];
UBLSHHashFunctionsRuntimeList = [12488, 10944, 8938, 6633, 4163, 2716, 2218, 1541, 797, 872, 647, 629, 468, 479, 453];
UBLSHCandidateSetList = [937.8980797636632, 783.2658788774003, 602.3042836041359, 375.0, 207.61595273264402, 139.3884785819793, 74.45051698670606, 46.635155096011815, 24.651403249630725, 17.10930576070901, 8.515509601181684, 6.784342688330871, 2.519940915805022, 1.9113737075332349, 0.9350073855243722];
PredictedItemsList  = [4993.0, 4993.0, 4992.0, 4983.0, 4955.0, 4921.0, 4869.0, 4748.0, 4477.0, 4175.0, 3602.0, 3455.0, 2213.0, 2035.0, 1195.0];
# ========================================================
# test case : UB Model Build
# ========================================================
fileName = data/100k/ml.data;
UBnumOfUsersList = [133, 223, 313, 403, 493, 583, 673, 763, 853, 943];
UBnumOfItemsList = [242, 402, 562, 722, 882, 1042, 1202, 1362, 1522, 1682];
UBmodelBuildTimeList = [151, 251, 429, 753, 1032, 1829, 2128, 2613, 3280, 3511];
# ========================================================
# test case : UB Model Build
# ========================================================
fileName = data/100k/ml.data;
UBnumOfUsersList = [133, 223, 313, 403, 493, 583, 673, 763, 853, 943];
UBnumOfItemsList = [242, 402, 562, 722, 882, 1042, 1202, 1362, 1522, 1682];
UBmodelBuildTimeList = [150, 241, 447, 712, 967, 1832, 2066, 2614, 3243, 3727];
# ========================================================
# test case : UBLSH Model Build
# ========================================================
fileName = data/100k/ml.data;
UBLSHnumOfUsersList = [133, 223, 313, 403, 493, 583, 673, 763, 853, 943];
UBLSHnumOfItemsList = [242, 402, 562, 722, 882, 1042, 1202, 1362, 1522, 1682];
UBLSHmodelBuildTimeList = [38, 39, 42, 54, 59, 71, 82, 99, 133, 87];
# ========================================================
# test case: UB Prediction
# ========================================================
fileName = data/100k/ml.data
UBMaeList = [1.0412126509643167, 0.8416824029922786, 0.8216192506437642, 0.811781388647677, 0.8083860941099436, 0.8054290934114912, 0.805866950986036, 0.8055916360888284, 0.8055942087109956, 0.8054469526389288]
UBRuntime = [6472.0, 6276.0, 6489.666666666667, 6397.333333333333, 6337.0, 6325.666666666667, 6266.333333333333, 6402.666666666667, 6404.666666666667, 6419.333333333333]
