This is pdfTeX, Version 3.1415926-2.5-1.40.14 (MiKTeX 2.9 64-bit) (preloaded format=pdflatex 2014.5.29)  29 MAY 2015 17:34
entering extended mode
**6160*Term*Project.tex
("C:\development\workspace\lsh\TermProject\6160 Term Project.tex"
LaTeX2e <2011/06/27>
Babel <v3.8m> and hyphenation patterns for english, afrikaans, ancientgreek, ar
abic, armenian, assamese, basque, bengali, bokmal, bulgarian, catalan, coptic, 
croatian, czech, danish, dutch, esperanto, estonian, farsi, finnish, french, ga
lician, german, german-x-2013-05-26, greek, gujarati, hindi, hungarian, iceland
ic, indonesian, interlingua, irish, italian, kannada, kurmanji, latin, latvian,
 lithuanian, malayalam, marathi, mongolian, mongolianlmc, monogreek, ngerman, n
german-x-2013-05-26, nynorsk, oriya, panjabi, pinyin, polish, portuguese, roman
ian, russian, sanskrit, serbian, slovak, slovenian, spanish, swedish, swissgerm
an, tamil, telugu, turkish, turkmen, ukenglish, ukrainian, uppersorbian, usengl
ishmax, welsh, loaded.
(C:\development\workspace\lsh\TermProject\IEEEtran.cls
Document Class: IEEEtran 2012/11/21 V1.8c by Harald Hanche-Olsen and Anders Chr
istensen
-- Based on V1.7a by Michael Shell
-- See the "IEEEtran_HOWTO" manual for usage information.
-- http://www.michaelshell.org/tex/ieeetran/
\@IEEEtrantmpdimenA=\dimen102
\@IEEEtrantmpdimenB=\dimen103
\@IEEEtrantmpcountA=\count79
\@IEEEtrantmpcountB=\count80
\@IEEEtrantmptoksA=\toks14
LaTeX Font Info:    Try loading font information for OT1+ptm on input line 373.

("C:\Program Files\MiKTeX 2.9\tex\latex\psnfss\ot1ptm.fd"
File: ot1ptm.fd 2001/06/04 font definitions for OT1/ptm.
)
-- Using 8.5in x 11in (letter) paper.
-- Using PDF output.
\@IEEEnormalsizeunitybaselineskip=\dimen104
-- This is a 10 point document.
\CLASSINFOnormalsizebaselineskip=\dimen105
\CLASSINFOnormalsizeunitybaselineskip=\dimen106
\IEEEnormaljot=\dimen107
LaTeX Font Info:    Font shape `OT1/ptm/bx/n' in size <5> not available
(Font)              Font shape `OT1/ptm/b/n' tried instead on input line 731.
LaTeX Font Info:    Font shape `OT1/ptm/bx/it' in size <5> not available
(Font)              Font shape `OT1/ptm/b/it' tried instead on input line 731.
LaTeX Font Info:    Font shape `OT1/ptm/bx/n' in size <7> not available
(Font)              Font shape `OT1/ptm/b/n' tried instead on input line 731.
LaTeX Font Info:    Font shape `OT1/ptm/bx/it' in size <7> not available
(Font)              Font shape `OT1/ptm/b/it' tried instead on input line 731.
LaTeX Font Info:    Font shape `OT1/ptm/bx/n' in size <8> not available
(Font)              Font shape `OT1/ptm/b/n' tried instead on input line 731.
LaTeX Font Info:    Font shape `OT1/ptm/bx/it' in size <8> not available
(Font)              Font shape `OT1/ptm/b/it' tried instead on input line 731.
LaTeX Font Info:    Font shape `OT1/ptm/bx/n' in size <9> not available
(Font)              Font shape `OT1/ptm/b/n' tried instead on input line 731.
LaTeX Font Info:    Font shape `OT1/ptm/bx/it' in size <9> not available
(Font)              Font shape `OT1/ptm/b/it' tried instead on input line 731.
LaTeX Font Info:    Font shape `OT1/ptm/bx/n' in size <10> not available
(Font)              Font shape `OT1/ptm/b/n' tried instead on input line 731.
LaTeX Font Info:    Font shape `OT1/ptm/bx/it' in size <10> not available
(Font)              Font shape `OT1/ptm/b/it' tried instead on input line 731.
LaTeX Font Info:    Font shape `OT1/ptm/bx/n' in size <11> not available
(Font)              Font shape `OT1/ptm/b/n' tried instead on input line 731.
LaTeX Font Info:    Font shape `OT1/ptm/bx/it' in size <11> not available
(Font)              Font shape `OT1/ptm/b/it' tried instead on input line 731.
LaTeX Font Info:    Font shape `OT1/ptm/bx/n' in size <12> not available
(Font)              Font shape `OT1/ptm/b/n' tried instead on input line 731.
LaTeX Font Info:    Font shape `OT1/ptm/bx/it' in size <12> not available
(Font)              Font shape `OT1/ptm/b/it' tried instead on input line 731.
LaTeX Font Info:    Font shape `OT1/ptm/bx/n' in size <17> not available
(Font)              Font shape `OT1/ptm/b/n' tried instead on input line 731.
LaTeX Font Info:    Font shape `OT1/ptm/bx/it' in size <17> not available
(Font)              Font shape `OT1/ptm/b/it' tried instead on input line 731.
LaTeX Font Info:    Font shape `OT1/ptm/bx/n' in size <20> not available
(Font)              Font shape `OT1/ptm/b/n' tried instead on input line 731.
LaTeX Font Info:    Font shape `OT1/ptm/bx/it' in size <20> not available
(Font)              Font shape `OT1/ptm/b/it' tried instead on input line 731.
LaTeX Font Info:    Font shape `OT1/ptm/bx/n' in size <24> not available
(Font)              Font shape `OT1/ptm/b/n' tried instead on input line 731.
LaTeX Font Info:    Font shape `OT1/ptm/bx/it' in size <24> not available
(Font)              Font shape `OT1/ptm/b/it' tried instead on input line 731.
\IEEEilabelindentA=\dimen108
\IEEEilabelindentB=\dimen109
\IEEEilabelindent=\dimen110
\IEEEelabelindent=\dimen111
\IEEEdlabelindent=\dimen112
\IEEElabelindent=\dimen113
\IEEEiednormlabelsep=\dimen114
\IEEEiedmathlabelsep=\dimen115
\IEEEiedtopsep=\skip41
\c@section=\count81
\c@subsection=\count82
\c@subsubsection=\count83
\c@paragraph=\count84
\c@IEEEsubequation=\count85
\abovecaptionskip=\skip42
\belowcaptionskip=\skip43
\c@figure=\count86
\c@table=\count87
\@IEEEeqnnumcols=\count88
\@IEEEeqncolcnt=\count89
\@IEEEtmpitemindent=\dimen116
\c@IEEEbiography=\count90
\@IEEEtranrubishbin=\box26
) ("C:\Program Files\MiKTeX 2.9\tex\latex\graphics\graphicx.sty"
Package: graphicx 1999/02/16 v1.0f Enhanced LaTeX Graphics (DPC,SPQR)

("C:\Program Files\MiKTeX 2.9\tex\latex\graphics\keyval.sty"
Package: keyval 1999/03/16 v1.13 key=value parser (DPC)
\KV@toks@=\toks15
)
("C:\Program Files\MiKTeX 2.9\tex\latex\graphics\graphics.sty"
Package: graphics 2009/02/05 v1.0o Standard LaTeX Graphics (DPC,SPQR)

("C:\Program Files\MiKTeX 2.9\tex\latex\graphics\trig.sty"
Package: trig 1999/03/16 v1.09 sin cos tan (DPC)
)
("C:\Program Files\MiKTeX 2.9\tex\latex\00miktex\graphics.cfg"
File: graphics.cfg 2007/01/18 v1.5 graphics configuration of teTeX/TeXLive
)
Package graphics Info: Driver file: pdftex.def on input line 91.

("C:\Program Files\MiKTeX 2.9\tex\latex\pdftex-def\pdftex.def"
File: pdftex.def 2011/05/27 v0.06d Graphics/color for pdfTeX

("C:\Program Files\MiKTeX 2.9\tex\generic\oberdiek\infwarerr.sty"
Package: infwarerr 2010/04/08 v1.3 Providing info/warning/error messages (HO)
)
("C:\Program Files\MiKTeX 2.9\tex\generic\oberdiek\ltxcmds.sty"
Package: ltxcmds 2011/11/09 v1.22 LaTeX kernel commands for general use (HO)
)
\Gread@gobject=\count91
))
\Gin@req@height=\dimen117
\Gin@req@width=\dimen118
)
("C:\Program Files\MiKTeX 2.9\tex\latex\amsmath\amsmath.sty"
Package: amsmath 2013/01/14 v2.14 AMS math features
\@mathmargin=\skip44

For additional information on amsmath, use the `?' option.
("C:\Program Files\MiKTeX 2.9\tex\latex\amsmath\amstext.sty"
Package: amstext 2000/06/29 v2.01

("C:\Program Files\MiKTeX 2.9\tex\latex\amsmath\amsgen.sty"
File: amsgen.sty 1999/11/30 v2.0
\@emptytoks=\toks16
\ex@=\dimen119
))
("C:\Program Files\MiKTeX 2.9\tex\latex\amsmath\amsbsy.sty"
Package: amsbsy 1999/11/29 v1.2d
\pmbraise@=\dimen120
)
("C:\Program Files\MiKTeX 2.9\tex\latex\amsmath\amsopn.sty"
Package: amsopn 1999/12/14 v2.01 operator names
)
\inf@bad=\count92
LaTeX Info: Redefining \frac on input line 210.
\uproot@=\count93
\leftroot@=\count94
LaTeX Info: Redefining \overline on input line 306.
\classnum@=\count95
\DOTSCASE@=\count96
LaTeX Info: Redefining \ldots on input line 378.
LaTeX Info: Redefining \dots on input line 381.
LaTeX Info: Redefining \cdots on input line 466.
\Mathstrutbox@=\box27
\strutbox@=\box28
\big@size=\dimen121
LaTeX Font Info:    Redeclaring font encoding OML on input line 566.
LaTeX Font Info:    Redeclaring font encoding OMS on input line 567.
\macc@depth=\count97
\c@MaxMatrixCols=\count98
\dotsspace@=\muskip10
\c@parentequation=\count99
\dspbrk@lvl=\count100
\tag@help=\toks17
\row@=\count101
\column@=\count102
\maxfields@=\count103
\andhelp@=\toks18
\eqnshift@=\dimen122
\alignsep@=\dimen123
\tagshift@=\dimen124
\tagwidth@=\dimen125
\totwidth@=\dimen126
\lineht@=\dimen127
\@envbody=\toks19
\multlinegap=\skip45
\multlinetaggap=\skip46
\mathdisplay@stack=\toks20
LaTeX Info: Redefining \[ on input line 2665.
LaTeX Info: Redefining \] on input line 2666.
)
("C:\Program Files\MiKTeX 2.9\tex\latex\amsfonts\amssymb.sty"
Package: amssymb 2013/01/14 v3.01 AMS font symbols

("C:\Program Files\MiKTeX 2.9\tex\latex\amsfonts\amsfonts.sty"
Package: amsfonts 2013/01/14 v3.01 Basic AMSFonts support
\symAMSa=\mathgroup4
\symAMSb=\mathgroup5
LaTeX Font Info:    Overwriting math alphabet `\mathfrak' in version `bold'
(Font)                  U/euf/m/n --> U/euf/b/n on input line 106.
))
("C:\Program Files\MiKTeX 2.9\tex\latex\algorithms\algorithmic.sty"
Package: algorithmic 2009/08/24 v0.1 Document Style `algorithmic'

("C:\Program Files\MiKTeX 2.9\tex\latex\base\ifthen.sty"
Package: ifthen 2001/05/26 v1.1c Standard LaTeX ifthen package (DPC)
)
\c@ALC@unique=\count104
\c@ALC@line=\count105
\c@ALC@rem=\count106
\c@ALC@depth=\count107
\ALC@tlm=\skip47
\algorithmicindent=\skip48
)
("C:\Program Files\MiKTeX 2.9\tex\latex\caption\caption.sty"
Package: caption 2013/05/02 v3.3-89 Customizing captions (AR)

("C:\Program Files\MiKTeX 2.9\tex\latex\caption\caption3.sty"
Package: caption3 2013/05/02 v1.6-88 caption3 kernel (AR)
Package caption3 Info: TeX engine: e-TeX on input line 57.
\captionmargin=\dimen128
\captionmargin@=\dimen129
\captionwidth=\dimen130
\caption@tempdima=\dimen131
\caption@indent=\dimen132
\caption@parindent=\dimen133
\caption@hangindent=\dimen134
Package caption Info: Unknown document class (or package),
(caption)             standard defaults will be used.
)

Package caption Warning: Unsupported document class (or package) detected,
(caption)                usage of the caption package is not recommended.
See the caption package documentation for explanation.

Package caption Info: \@makecaption = \long macro:#1#2->\ifx \@captype \@IEEEta
blestring \footnotesize {\centering \normalfont \footnotesize #1.\qquad \scshap
e #2\par }\@IEEEtablecaptionsepspace \else \@IEEEfigurecaptionsepspace \setbox 
\@tempboxa \hbox {\normalfont \footnotesize {#1.}~~ #2}\ifdim \wd \@tempboxa >\
hsize \setbox \@tempboxa \hbox {\normalfont \footnotesize {#1.}~~ }\parbox [t]{
\hsize }{\normalfont \footnotesize \noindent \unhbox \@tempboxa #2}\else \ifCLA
SSOPTIONconference \hbox to\hsize {\normalfont \footnotesize \box \@tempboxa \h
fil }\else \hbox to\hsize {\normalfont \footnotesize \box \@tempboxa \hfil }\fi
 \fi \fi .
\c@ContinuedFloat=\count108
) ("C:\Program Files\MiKTeX 2.9\tex\latex\caption\subcaption.sty"
Package: subcaption 2013/02/03 v1.1-62 Sub-captions (AR)
\c@subfigure=\count109
\c@subtable=\count110
)
("C:\Program Files\MiKTeX 2.9\tex\latex\natbib\natbib.sty"
Package: natbib 2010/09/13 8.31b (PWD, AO)
\bibhang=\skip49
\bibsep=\skip50
LaTeX Info: Redefining \cite on input line 694.
\c@NAT@ctr=\count111
)
("C:\Program Files\MiKTeX 2.9\tex\latex\tools\verbatim.sty"
Package: verbatim 2003/08/22 v1.5q LaTeX2e package for verbatim enhancements
\every@verbatim=\toks21
\verbatim@line=\toks22
\verbatim@in@stream=\read1
)
("C:\Program Files\MiKTeX 2.9\tex\latex\booktabs\booktabs.sty"
Package: booktabs 2005/04/14 v1.61803 publication quality tables
\heavyrulewidth=\dimen135
\lightrulewidth=\dimen136
\cmidrulewidth=\dimen137
\belowrulesep=\dimen138
\belowbottomsep=\dimen139
\aboverulesep=\dimen140
\abovetopsep=\dimen141
\cmidrulesep=\dimen142
\cmidrulekern=\dimen143
\defaultaddspace=\dimen144
\@cmidla=\count112
\@cmidlb=\count113
\@aboverulesep=\dimen145
\@belowrulesep=\dimen146
\@thisruleclass=\count114
\@lastruleclass=\count115
\@thisrulewidth=\dimen147
)
("C:\Program Files\MiKTeX 2.9\tex\latex\tools\tabularx.sty"
Package: tabularx 1999/01/07 v2.07 `tabularx' package (DPC)

("C:\Program Files\MiKTeX 2.9\tex\latex\tools\array.sty"
Package: array 2008/09/09 v2.4c Tabular extension package (FMi)
\col@sep=\dimen148
\extrarowheight=\dimen149
\NC@list=\toks23
\extratabsurround=\skip51
\backup@length=\skip52
)
\TX@col@width=\dimen150
\TX@old@table=\dimen151
\TX@old@col=\dimen152
\TX@target=\dimen153
\TX@delta=\dimen154
\TX@cols=\count116
\TX@ftn=\toks24
)
("C:\Program Files\MiKTeX 2.9\tex\latex\mh\mathtools.sty"
Package: mathtools 2014/05/21 v1.14 mathematical typesetting tools

("C:\Program Files\MiKTeX 2.9\tex\latex\tools\calc.sty"
Package: calc 2007/08/22 v4.3 Infix arithmetic (KKT,FJ)
\calc@Acount=\count117
\calc@Bcount=\count118
\calc@Adimen=\dimen155
\calc@Bdimen=\dimen156
\calc@Askip=\skip53
\calc@Bskip=\skip54
LaTeX Info: Redefining \setlength on input line 76.
LaTeX Info: Redefining \addtolength on input line 77.
\calc@Ccount=\count119
\calc@Cskip=\skip55
)
("C:\Program Files\MiKTeX 2.9\tex\latex\mh\mhsetup.sty"
Package: mhsetup 2010/01/21 v1.2a programming setup (MH)
)
LaTeX Info: Thecontrolsequence`\['isalreadyrobust on input line 129.
LaTeX Info: Thecontrolsequence`\]'isalreadyrobust on input line 129.
\g_MT_multlinerow_int=\count120
\l_MT_multwidth_dim=\dimen157
\origjot=\skip56
\l_MT_shortvdotswithinadjustabove_dim=\dimen158
\l_MT_shortvdotswithinadjustbelow_dim=\dimen159
\l_MT_above_intertext_sep=\dimen160
\l_MT_below_intertext_sep=\dimen161
\l_MT_above_shortintertext_sep=\dimen162
\l_MT_below_shortintertext_sep=\dimen163
)
("C:\Program Files\MiKTeX 2.9\tex\latex\oberdiek\epstopdf.sty"
Package: epstopdf 2010/02/09 v2.5 Conversion with epstopdf on the fly (HO)

("C:\Program Files\MiKTeX 2.9\tex\latex\oberdiek\epstopdf-base.sty"
Package: epstopdf-base 2010/02/09 v2.5 Base part for package epstopdf

("C:\Program Files\MiKTeX 2.9\tex\latex\oberdiek\grfext.sty"
Package: grfext 2010/08/19 v1.1 Manage graphics extensions (HO)

("C:\Program Files\MiKTeX 2.9\tex\generic\oberdiek\kvdefinekeys.sty"
Package: kvdefinekeys 2011/04/07 v1.3 Define keys (HO)
))
("C:\Program Files\MiKTeX 2.9\tex\latex\oberdiek\kvoptions.sty"
Package: kvoptions 2011/06/30 v3.11 Key value format for package options (HO)

("C:\Program Files\MiKTeX 2.9\tex\generic\oberdiek\kvsetkeys.sty"
Package: kvsetkeys 2012/04/25 v1.16 Key value parser (HO)

("C:\Program Files\MiKTeX 2.9\tex\generic\oberdiek\etexcmds.sty"
Package: etexcmds 2011/02/16 v1.5 Avoid name clashes with e-TeX commands (HO)

("C:\Program Files\MiKTeX 2.9\tex\generic\oberdiek\ifluatex.sty"
Package: ifluatex 2010/03/01 v1.3 Provides the ifluatex switch (HO)
Package ifluatex Info: LuaTeX not detected.
)
Package etexcmds Info: Could not find \expanded.
(etexcmds)             That can mean that you are not using pdfTeX 1.50 or
(etexcmds)             that some package has redefined \expanded.
(etexcmds)             In the latter case, load this package earlier.
)))
("C:\Program Files\MiKTeX 2.9\tex\generic\oberdiek\pdftexcmds.sty"
Package: pdftexcmds 2011/11/29 v0.20 Utility functions of pdfTeX for LuaTeX (HO
)

("C:\Program Files\MiKTeX 2.9\tex\generic\oberdiek\ifpdf.sty"
Package: ifpdf 2011/01/30 v2.3 Provides the ifpdf switch (HO)
Package ifpdf Info: pdfTeX in PDF mode is detected.
)
Package pdftexcmds Info: LuaTeX not detected.
Package pdftexcmds Info: \pdf@primitive is available.
Package pdftexcmds Info: \pdf@ifprimitive is available.
Package pdftexcmds Info: \pdfdraftmode found.
)
Package grfext Info: Graphics extension search list:
(grfext)             [.png,.pdf,.jpg,.mps,.jpeg,.jbig2,.jb2,.PNG,.PDF,.JPG,.JPE
G,.JBIG2,.JB2,.eps]
(grfext)             \AppendGraphicsExtensions on input line 452.
))
("C:\Program Files\MiKTeX 2.9\tex\latex\adjustbox\adjustbox.sty"
Package: adjustbox 2012/05/21 v1.0 Adjusting TeX boxes (trim, clip, ...)

("C:\Program Files\MiKTeX 2.9\tex\latex\xkeyval\xkeyval.sty"
Package: xkeyval 2012/10/14 v2.6b package option processing (HA)

("C:\Program Files\MiKTeX 2.9\tex\generic\xkeyval\xkeyval.tex"
\XKV@toks=\toks25
\XKV@tempa@toks=\toks26
\XKV@depth=\count121
File: xkeyval.tex 2012/10/14 v2.6b key=value parser (HA)
))
("C:\Program Files\MiKTeX 2.9\tex\latex\adjustbox\adjcalc.sty"
Package: adjcalc 2012/05/16 v1.1 Provides advanced setlength with multiple back
-ends (calc, etex, pgfmath)
)
("C:\Program Files\MiKTeX 2.9\tex\latex\adjustbox\trimclip.sty"
Package: trimclip 2012/05/16 v1.0 Trim and clip general TeX material

("C:\Program Files\MiKTeX 2.9\tex\latex\collectbox\collectbox.sty"
Package: collectbox 2012/05/17 v0.4b Collect macro arguments as boxes
\collectedbox=\box29
)
\tc@llx=\dimen164
\tc@lly=\dimen165
\tc@urx=\dimen166
\tc@ury=\dimen167
Package trimclip Info: Using driver 'tc-pdftex.def'.

("C:\Program Files\MiKTeX 2.9\tex\latex\adjustbox\tc-pdftex.def"
File: tc-pdftex.def 2012/05/13 v1.0 Clipping driver for pdftex
))
\adjbox@Width=\dimen168
\adjbox@Height=\dimen169
\adjbox@Depth=\dimen170
\adjbox@Totalheight=\dimen171

("C:\Program Files\MiKTeX 2.9\tex\latex\ifoddpage\ifoddpage.sty"
Package: ifoddpage 2011/09/13 v1.0 Conditionals for odd/even page detection
\c@checkoddpage=\count122
)
("C:\Program Files\MiKTeX 2.9\tex\latex\ltxmisc\varwidth.sty"
Package: varwidth 2009/03/30 ver 0.92;  Variable-width minipages
\@vwid@box=\box30
\sift@deathcycles=\count123
\@vwid@loff=\dimen172
\@vwid@roff=\dimen173
))
("C:\Program Files\MiKTeX 2.9\tex\latex\url\url.sty"
\Urlmuskip=\muskip11
Package: url 2013/09/16  ver 3.4  Verb mode for urls, etc.
)
("C:\Program Files\MiKTeX 2.9\tex\latex\graphics\epsfig.sty"
Package: epsfig 1999/02/16 v1.7a (e)psfig emulation (SPQR)
\epsfxsize=\dimen174
\epsfysize=\dimen175
)
("C:\Program Files\MiKTeX 2.9\tex\latex\algorithm2e\algorithm2e.sty"
Package: algorithm2e 2013/01/06 v5.00 algorithms environments
\c@AlgoLine=\count124

("C:\Program Files\MiKTeX 2.9\tex\latex\tools\xspace.sty"
Package: xspace 2009/10/20 v1.13 Space after command names (DPC,MH)
)
("C:\Program Files\MiKTeX 2.9\tex\latex\ltxmisc\relsize.sty"
Package: relsize 2003/07/04 ver 3.1
)
********************************************************
Package `algorithm2e' Release 5.0 -- january 06 2013 --
- algorithm2e-announce@lirmm.fr mailing list for announcement about releases
- algorithm2e-discussion@lirmm.fr mailing list for discussion about package
subscribe by emailing sympa@lirmm.fr with 'subscribe <list> <firstname name>'
- Author: Christophe Fiorio (cfiorio@um2.fr)
********************************************************
\skiptotal=\skip57
\skiplinenumber=\skip58
\skiprule=\skip59
\skiphlne=\skip60
\skiptext=\skip61
\skiplength=\skip62
\algomargin=\skip63
\skipalgocfslide=\skip64
\algowidth=\dimen176
\inoutsize=\dimen177
\inoutindent=\dimen178
\interspacetitleruled=\dimen179
\interspacealgoruled=\dimen180
\interspacetitleboxruled=\dimen181
\algocf@inoutbox=\box31
\algocf@inputbox=\box32
\AlCapSkip=\skip65
\AlCapHSkip=\skip66
\algoskipindent=\skip67
\algocf@nlbox=\box33
\algocf@hangingbox=\box34
\algocf@untilbox=\box35
\algocf@skipuntil=\skip68
\algocf@capbox=\box36
\algoheightruledefault=\skip69
\algoheightrule=\skip70
\algotitleheightruledefault=\skip71
\algotitleheightrule=\skip72
\c@algocfline=\count125
\c@algocfproc=\count126
\c@algocf=\count127
\algocf@algoframe=\box37
\algocf@algobox=\box38
) ("C:\development\workspace\lsh\TermProject\6160 Term Project.aux"

LaTeX Warning: Label `fig:lsh-functions-candidate-size' multiply defined.


LaTeX Warning: Label `sub@fig:lsh-functions-candidate-size' multiply defined.

)
LaTeX Font Info:    Checking defaults for OML/cmm/m/it on input line 154.
LaTeX Font Info:    ... okay on input line 154.
LaTeX Font Info:    Checking defaults for T1/cmr/m/n on input line 154.
LaTeX Font Info:    ... okay on input line 154.
LaTeX Font Info:    Checking defaults for OT1/cmr/m/n on input line 154.
LaTeX Font Info:    ... okay on input line 154.
LaTeX Font Info:    Checking defaults for OMS/cmsy/m/n on input line 154.
LaTeX Font Info:    ... okay on input line 154.
LaTeX Font Info:    Checking defaults for OMX/cmex/m/n on input line 154.
LaTeX Font Info:    ... okay on input line 154.
LaTeX Font Info:    Checking defaults for U/cmr/m/n on input line 154.
LaTeX Font Info:    ... okay on input line 154.
 ("C:\Program Files\MiKTeX 2.9\tex\context\base\supp-pdf.mkii"
[Loading MPS to PDF converter (version 2006.09.02).]
\scratchcounter=\count128
\scratchdimen=\dimen182
\scratchbox=\box39
\nofMPsegments=\count129
\nofMParguments=\count130
\everyMPshowfont=\toks27
\MPscratchCnt=\count131
\MPscratchDim=\dimen183
\MPnumerator=\count132
\makeMPintoPDFobject=\count133
\everyMPtoPDFconversion=\toks28
)
Package caption Info: Begin \AtBeginDocument code.
Package caption Info: End \AtBeginDocument code.

Underfull \hbox (badness 2158) in paragraph at lines 236--247
\OT1/ptm/m/n/10 Neighborhood-based col-lab-o-ra-tive fil-ter-ing al-go-rithms a
re
 []

LaTeX Font Info:    Try loading font information for U+msa on input line 249.
("C:\Program Files\MiKTeX 2.9\tex\latex\amsfonts\umsa.fd"
File: umsa.fd 2013/01/14 v3.01 AMS symbols A
)
LaTeX Font Info:    Try loading font information for U+msb on input line 249.

("C:\Program Files\MiKTeX 2.9\tex\latex\amsfonts\umsb.fd"
File: umsb.fd 2013/01/14 v3.01 AMS symbols B
) [1{C:/ProgramData/MiKTeX/2.9/pdftex/config/pdftex.map}


]
Missing character: There is no ï in font ptmr7t!
Missing character: There is no ¿ in font ptmr7t!
Missing character: There is no ¼ in font ptmr7t!
 [2]
<lsh.png, id=21, 846.5226pt x 415.3116pt>
File: lsh.png Graphic file (type png)
 <use lsh.png>
Package pdftex.def Info: lsh.png used on input line 464.
(pdftex.def)             Requested size: 253.95874pt x 124.59444pt.

Overfull \hbox (0.90887pt too wide) in paragraph at lines 464--466
 [] 
 []

Missing character: There is no ï in font ptmr7t!
Missing character: There is no ¿ in font ptmr7t!
Missing character: There is no ¼ in font ptmr7t!
Package epstopdf Info: Source file: <charts/ub-mae-k.eps>
(epstopdf)                    date: 2015-05-22 20:53:42
(epstopdf)                    size: 23475 bytes
(epstopdf)             Output file: <charts/ub-mae-k-eps-converted-to.pdf>
(epstopdf)                    date: 2015-05-29 15:58:17
(epstopdf)                    size: 5742 bytes
(epstopdf)             Command: <epstopdf --outfile=charts/ub-mae-k-eps-convert
ed-to.pdf charts/ub-mae-k.eps>
(epstopdf)             \includegraphics on input line 557.
Package epstopdf Info: Output file is already uptodate.
<charts/ub-mae-k-eps-converted-to.pdf, id=23, 289.08pt x 230.8625pt>
File: charts/ub-mae-k-eps-converted-to.pdf Graphic file (type pdf)

<use charts/ub-mae-k-eps-converted-to.pdf>
Package pdftex.def Info: charts/ub-mae-k-eps-converted-to.pdf used on input lin
e 557.
(pdftex.def)             Requested size: 117.92563pt x 94.17514pt.
Package epstopdf Info: Source file: <charts/ub-mae-y.eps>
(epstopdf)                    date: 2015-05-22 21:54:08
(epstopdf)                    size: 23631 bytes
(epstopdf)             Output file: <charts/ub-mae-y-eps-converted-to.pdf>
(epstopdf)                    date: 2015-05-29 15:58:17
(epstopdf)                    size: 5783 bytes
(epstopdf)             Command: <epstopdf --outfile=charts/ub-mae-y-eps-convert
ed-to.pdf charts/ub-mae-y.eps>
(epstopdf)             \includegraphics on input line 563.
Package epstopdf Info: Output file is already uptodate.

<charts/ub-mae-y-eps-converted-to.pdf, id=24, 289.08pt x 230.8625pt>
File: charts/ub-mae-y-eps-converted-to.pdf Graphic file (type pdf)

<use charts/ub-mae-y-eps-converted-to.pdf>
Package pdftex.def Info: charts/ub-mae-y-eps-converted-to.pdf used on input lin
e 563.
(pdftex.def)             Requested size: 117.92563pt x 94.17514pt.
 [3 <C:/development/workspace/lsh/TermProject/lsh.png>]
Package epstopdf Info: Source file: <charts/mae-lsh-heat-map.eps>
(epstopdf)                    date: 2015-05-22 21:25:04
(epstopdf)                    size: 39822 bytes
(epstopdf)             Output file: <charts/mae-lsh-heat-map-eps-converted-to.p
df>
(epstopdf)                    date: 2015-05-29 15:58:18
(epstopdf)                    size: 9202 bytes
(epstopdf)             Command: <epstopdf --outfile=charts/mae-lsh-heat-map-eps
-converted-to.pdf charts/mae-lsh-heat-map.eps>
(epstopdf)             \includegraphics on input line 579.
Package epstopdf Info: Output file is already uptodate.

<charts/mae-lsh-heat-map-eps-converted-to.pdf, id=29, 289.08pt x 230.8625pt>
File: charts/mae-lsh-heat-map-eps-converted-to.pdf Graphic file (type pdf)

<use charts/mae-lsh-heat-map-eps-converted-to.pdf>
Package pdftex.def Info: charts/mae-lsh-heat-map-eps-converted-to.pdf used on i
nput line 579.
(pdftex.def)             Requested size: 117.92563pt x 94.17514pt.
Package epstopdf Info: Source file: <charts/runtime-lsh-heat-map.eps>
(epstopdf)                    date: 2015-05-22 21:25:32
(epstopdf)                    size: 37385 bytes
(epstopdf)             Output file: <charts/runtime-lsh-heat-map-eps-converted-
to.pdf>
(epstopdf)                    date: 2015-05-29 15:58:18
(epstopdf)                    size: 9284 bytes
(epstopdf)             Command: <epstopdf --outfile=charts/runtime-lsh-heat-map
-eps-converted-to.pdf charts/runtime-lsh-heat-map.eps>
(epstopdf)             \includegraphics on input line 585.
Package epstopdf Info: Output file is already uptodate.

<charts/runtime-lsh-heat-map-eps-converted-to.pdf, id=30, 289.08pt x 230.8625pt
>
File: charts/runtime-lsh-heat-map-eps-converted-to.pdf Graphic file (type pdf)
 <use charts/runtime-lsh-heat-map-eps-converted-to.pdf>
Package pdftex.def Info: charts/runtime-lsh-heat-map-eps-converted-to.pdf used 
on input line 585.
(pdftex.def)             Requested size: 117.92563pt x 94.17514pt.
Package epstopdf Info: Source file: <charts/candidate-set-lsh-heat-map.eps>
(epstopdf)                    date: 2015-05-22 21:25:54
(epstopdf)                    size: 40594 bytes
(epstopdf)             Output file: <charts/candidate-set-lsh-heat-map-eps-conv
erted-to.pdf>
(epstopdf)                    date: 2015-05-29 15:58:19
(epstopdf)                    size: 9465 bytes
(epstopdf)             Command: <epstopdf --outfile=charts/candidate-set-lsh-he
at-map-eps-converted-to.pdf charts/candidate-set-lsh-heat-map.eps>
(epstopdf)             \includegraphics on input line 591.
Package epstopdf Info: Output file is already uptodate.

<charts/candidate-set-lsh-heat-map-eps-converted-to.pdf, id=31, 289.08pt x 230.
8625pt>
File: charts/candidate-set-lsh-heat-map-eps-converted-to.pdf Graphic file (type
 pdf)
 <use charts/candidate-set-lsh-heat-map-eps-converted-to.pdf>
Package pdftex.def Info: charts/candidate-set-lsh-heat-map-eps-converted-to.pdf
 used on input line 591.
(pdftex.def)             Requested size: 117.92563pt x 94.17514pt.
Package epstopdf Info: Source file: <charts/ub-mae-hash-tables.eps>
(epstopdf)                    date: 2015-05-22 21:36:08
(epstopdf)                    size: 24604 bytes
(epstopdf)             Output file: <charts/ub-mae-hash-tables-eps-converted-to
.pdf>
(epstopdf)                    date: 2015-05-29 15:58:20
(epstopdf)                    size: 7332 bytes
(epstopdf)             Command: <epstopdf --outfile=charts/ub-mae-hash-tables-e
ps-converted-to.pdf charts/ub-mae-hash-tables.eps>
(epstopdf)             \includegraphics on input line 615.
Package epstopdf Info: Output file is already uptodate.

<charts/ub-mae-hash-tables-eps-converted-to.pdf, id=32, 289.08pt x 230.8625pt>
File: charts/ub-mae-hash-tables-eps-converted-to.pdf Graphic file (type pdf)

<use charts/ub-mae-hash-tables-eps-converted-to.pdf>
Package pdftex.def Info: charts/ub-mae-hash-tables-eps-converted-to.pdf used on
 input line 615.
(pdftex.def)             Requested size: 117.92563pt x 94.17514pt.
Package epstopdf Info: Source file: <charts/ub-runtime-hash-tables.eps>
(epstopdf)                    date: 2015-05-22 21:58:32
(epstopdf)                    size: 23915 bytes
(epstopdf)             Output file: <charts/ub-runtime-hash-tables-eps-converte
d-to.pdf>
(epstopdf)                    date: 2015-05-29 15:58:20
(epstopdf)                    size: 7296 bytes
(epstopdf)             Command: <epstopdf --outfile=charts/ub-runtime-hash-tabl
es-eps-converted-to.pdf charts/ub-runtime-hash-tables.eps>
(epstopdf)             \includegraphics on input line 621.
Package epstopdf Info: Output file is already uptodate.

<charts/ub-runtime-hash-tables-eps-converted-to.pdf, id=33, 289.08pt x 230.8625
pt>
File: charts/ub-runtime-hash-tables-eps-converted-to.pdf Graphic file (type pdf
)
 <use charts/ub-runtime-hash-tables-eps-converted-to.pdf>
Package pdftex.def Info: charts/ub-runtime-hash-tables-eps-converted-to.pdf use
d on input line 621.
(pdftex.def)             Requested size: 117.92563pt x 94.17514pt.
Package epstopdf Info: Source file: <charts/lsh-canidate-hash-tables.eps>
(epstopdf)                    date: 2015-05-22 22:11:18
(epstopdf)                    size: 23867 bytes
(epstopdf)             Output file: <charts/lsh-canidate-hash-tables-eps-conver
ted-to.pdf>
(epstopdf)                    date: 2015-05-29 15:58:21
(epstopdf)                    size: 6965 bytes
(epstopdf)             Command: <epstopdf --outfile=charts/lsh-canidate-hash-ta
bles-eps-converted-to.pdf charts/lsh-canidate-hash-tables.eps>
(epstopdf)             \includegraphics on input line 627.
Package epstopdf Info: Output file is already uptodate.

<charts/lsh-canidate-hash-tables-eps-converted-to.pdf, id=34, 289.08pt x 230.86
25pt>
File: charts/lsh-canidate-hash-tables-eps-converted-to.pdf Graphic file (type p
df)
 <use charts/lsh-canidate-hash-tables-eps-converted-to.pdf>
Package pdftex.def Info: charts/lsh-canidate-hash-tables-eps-converted-to.pdf u
sed on input line 627.
(pdftex.def)             Requested size: 117.92563pt x 94.17514pt.
Package epstopdf Info: Source file: <charts/ub-mae-hash-functions.eps>
(epstopdf)                    date: 2015-05-22 21:47:36
(epstopdf)                    size: 24062 bytes
(epstopdf)             Output file: <charts/ub-mae-hash-functions-eps-converted
-to.pdf>
(epstopdf)                    date: 2015-05-29 15:58:21
(epstopdf)                    size: 7422 bytes
(epstopdf)             Command: <epstopdf --outfile=charts/ub-mae-hash-function
s-eps-converted-to.pdf charts/ub-mae-hash-functions.eps>
(epstopdf)             \includegraphics on input line 649.
Package epstopdf Info: Output file is already uptodate.

<charts/ub-mae-hash-functions-eps-converted-to.pdf, id=35, 289.08pt x 230.8625p
t>
File: charts/ub-mae-hash-functions-eps-converted-to.pdf Graphic file (type pdf)

 <use charts/ub-mae-hash-functions-eps-converted-to.pdf>
Package pdftex.def Info: charts/ub-mae-hash-functions-eps-converted-to.pdf used
 on input line 649.
(pdftex.def)             Requested size: 117.92563pt x 94.17514pt.
Package epstopdf Info: Source file: <charts/ub-runtime-hash-functions.eps>
(epstopdf)                    date: 2015-05-22 21:48:02
(epstopdf)                    size: 23933 bytes
(epstopdf)             Output file: <charts/ub-runtime-hash-functions-eps-conve
rted-to.pdf>
(epstopdf)                    date: 2015-05-29 15:58:22
(epstopdf)                    size: 7463 bytes
(epstopdf)             Command: <epstopdf --outfile=charts/ub-runtime-hash-func
tions-eps-converted-to.pdf charts/ub-runtime-hash-functions.eps>
(epstopdf)             \includegraphics on input line 655.
Package epstopdf Info: Output file is already uptodate.

<charts/ub-runtime-hash-functions-eps-converted-to.pdf, id=36, 289.08pt x 230.8
625pt>
File: charts/ub-runtime-hash-functions-eps-converted-to.pdf Graphic file (type 
pdf)
 <use charts/ub-runtime-hash-functions-eps-converted-to.pdf>
Package pdftex.def Info: charts/ub-runtime-hash-functions-eps-converted-to.pdf 
used on input line 655.
(pdftex.def)             Requested size: 117.92563pt x 94.17514pt.
Package epstopdf Info: Source file: <charts/lsh-canidate-hash-functions.eps>
(epstopdf)                    date: 2015-05-22 21:49:00
(epstopdf)                    size: 23747 bytes
(epstopdf)             Output file: <charts/lsh-canidate-hash-functions-eps-con
verted-to.pdf>
(epstopdf)                    date: 2015-05-29 15:58:22
(epstopdf)                    size: 6840 bytes
(epstopdf)             Command: <epstopdf --outfile=charts/lsh-canidate-hash-fu
nctions-eps-converted-to.pdf charts/lsh-canidate-hash-functions.eps>
(epstopdf)             \includegraphics on input line 661.
Package epstopdf Info: Output file is already uptodate.

<charts/lsh-canidate-hash-functions-eps-converted-to.pdf, id=37, 289.08pt x 230
.8625pt>
File: charts/lsh-canidate-hash-functions-eps-converted-to.pdf Graphic file (typ
e pdf)
 <use charts/lsh-canidate-hash-functions-eps-converted-to.pdf>
Package pdftex.def Info: charts/lsh-canidate-hash-functions-eps-converted-to.pd
f used on input line 661.
(pdftex.def)             Requested size: 117.92563pt x 94.17514pt.


LaTeX Warning: `!h' float specifier changed to `!ht'.

Package epstopdf Info: Source file: <charts/cl-mae.eps>
(epstopdf)                    date: 2015-05-29 17:31:28
(epstopdf)                    size: 24368 bytes
(epstopdf)             Output file: <charts/cl-mae-eps-converted-to.pdf>
(epstopdf)                    date: 2015-05-29 17:34:25
(epstopdf)                    size: 8184 bytes
(epstopdf)             Command: <epstopdf --outfile=charts/cl-mae-eps-converted
-to.pdf charts/cl-mae.eps>
(epstopdf)             \includegraphics on input line 679.
Package epstopdf Info: Output file is already uptodate.
<charts/cl-mae-eps-converted-to.pdf, id=38, 289.08pt x 230.8625pt>
File: charts/cl-mae-eps-converted-to.pdf Graphic file (type pdf)

<use charts/cl-mae-eps-converted-to.pdf>
Package pdftex.def Info: charts/cl-mae-eps-converted-to.pdf used on input line 
679.
(pdftex.def)             Requested size: 117.92563pt x 94.17514pt.
Package epstopdf Info: Source file: <charts/cl-runtime.eps>
(epstopdf)                    date: 2015-05-29 17:31:29
(epstopdf)                    size: 24099 bytes
(epstopdf)             Output file: <charts/cl-runtime-eps-converted-to.pdf>
(epstopdf)                    date: 2015-05-29 17:34:26
(epstopdf)                    size: 8145 bytes
(epstopdf)             Command: <epstopdf --outfile=charts/cl-runtime-eps-conve
rted-to.pdf charts/cl-runtime.eps>
(epstopdf)             \includegraphics on input line 685.
Package epstopdf Info: Output file is already uptodate.

<charts/cl-runtime-eps-converted-to.pdf, id=39, 289.08pt x 230.8625pt>
File: charts/cl-runtime-eps-converted-to.pdf Graphic file (type pdf)

<use charts/cl-runtime-eps-converted-to.pdf>
Package pdftex.def Info: charts/cl-runtime-eps-converted-to.pdf used on input l
ine 685.
(pdftex.def)             Requested size: 117.92563pt x 94.17514pt.
Package epstopdf Info: Source file: <charts/cl-size.eps>
(epstopdf)                    date: 2015-05-29 17:34:00
(epstopdf)                    size: 24107 bytes
(epstopdf)             Output file: <charts/cl-size-eps-converted-to.pdf>
(epstopdf)                    date: 2015-05-29 17:34:26
(epstopdf)                    size: 8428 bytes
(epstopdf)             Command: <epstopdf --outfile=charts/cl-size-eps-converte
d-to.pdf charts/cl-size.eps>
(epstopdf)             \includegraphics on input line 691.
Package epstopdf Info: Output file is already uptodate.

<charts/cl-size-eps-converted-to.pdf, id=40, 289.08pt x 230.8625pt>
File: charts/cl-size-eps-converted-to.pdf Graphic file (type pdf)

<use charts/cl-size-eps-converted-to.pdf>
Package pdftex.def Info: charts/cl-size-eps-converted-to.pdf used on input line
 691.
(pdftex.def)             Requested size: 117.92563pt x 94.17514pt.


LaTeX Warning: `!h' float specifier changed to `!ht'.

[4 <C:/development/workspace/lsh/TermProject/charts/ub-mae-k-eps-converted-to.p
df> <C:/development/workspace/lsh/TermProject/charts/ub-mae-y-eps-converted-to.
pdf> <C:/development/workspace/lsh/TermProject/charts/mae-lsh-heat-map-eps-conv
erted-to.pdf> <C:/development/workspace/lsh/TermProject/charts/runtime-lsh-heat
-map-eps-converted-to.pdf> <C:/development/workspace/lsh/TermProject/charts/can
didate-set-lsh-heat-map-eps-converted-to.pdf> <C:/development/workspace/lsh/Ter
mProject/charts/ub-mae-hash-tables-eps-converted-to.pdf> <C:/development/worksp
ace/lsh/TermProject/charts/ub-runtime-hash-tables-eps-converted-to.pdf> <C:/dev
elopment/workspace/lsh/TermProject/charts/lsh-canidate-hash-tables-eps-converte
d-to.pdf>] ("C:\development\workspace\lsh\TermProject\6160 Term Project.bbl")

** Conference Paper **
Before submitting the final camera ready copy, remember to:

 1. Manually equalize the lengths of two columns on the last page
 of your paper;

 2. Ensure that any PostScript and/or PDF output post-processing
 uses only Type 1 fonts and that every step in the generation
 process uses the appropriate paper size.

[5 <C:/development/workspace/lsh/TermProject/charts/ub-mae-hash-functions-eps-c
onverted-to.pdf> <C:/development/workspace/lsh/TermProject/charts/ub-runtime-ha
sh-functions-eps-converted-to.pdf> <C:/development/workspace/lsh/TermProject/ch
arts/lsh-canidate-hash-functions-eps-converted-to.pdf> <C:/development/workspac
e/lsh/TermProject/charts/cl-mae-eps-converted-to.pdf> <C:/development/workspace
/lsh/TermProject/charts/cl-runtime-eps-converted-to.pdf> <C:/development/worksp
ace/lsh/TermProject/charts/cl-size-eps-converted-to.pdf>]
("C:\development\workspace\lsh\TermProject\6160 Term Project.aux")

LaTeX Warning: There were multiply-defined labels.

 ) 
Here is how much of TeX's memory you used:
 7653 strings out of 493921
 118092 string characters out of 3147273
 211552 words of memory out of 3000000
 10805 multiletter control sequences out of 15000+200000
 36862 words of font info for 72 fonts, out of 3000000 for 9000
 844 hyphenation exceptions out of 8191
 42i,9n,75p,667b,500s stack positions out of 5000i,500n,10000p,200000b,50000s
{C:/Program Files/MiKTeX 2.9/fonts/enc/dvips/fontname/8r.enc}<C:/Program File
s/MiKTeX 2.9/fonts/type1/public/amsfonts/cm/cmex10.pfb><C:/Program Files/MiKTeX
 2.9/fonts/type1/public/amsfonts/cm/cmmi10.pfb><C:/Program Files/MiKTeX 2.9/fon
ts/type1/public/amsfonts/cm/cmmi5.pfb><C:/Program Files/MiKTeX 2.9/fonts/type1/
public/amsfonts/cm/cmmi7.pfb><C:/Program Files/MiKTeX 2.9/fonts/type1/public/am
sfonts/cm/cmr10.pfb><C:/Program Files/MiKTeX 2.9/fonts/type1/public/amsfonts/cm
/cmr5.pfb><C:/Program Files/MiKTeX 2.9/fonts/type1/public/amsfonts/cm/cmr7.pfb>
<C:/Program Files/MiKTeX 2.9/fonts/type1/public/amsfonts/cm/cmsy10.pfb><C:/Prog
ram Files/MiKTeX 2.9/fonts/type1/public/amsfonts/cm/cmsy7.pfb><C:/Program Files
/MiKTeX 2.9/fonts/type1/urw/times/utmb8a.pfb><C:/Program Files/MiKTeX 2.9/fonts
/type1/urw/times/utmbi8a.pfb><C:/Program Files/MiKTeX 2.9/fonts/type1/urw/times
/utmr8a.pfb><C:/Program Files/MiKTeX 2.9/fonts/type1/urw/times/utmri8a.pfb>
Output written on "6160 Term Project.pdf" (5 pages, 308491 bytes).
PDF statistics:
 161 PDF objects out of 1000 (max. 8388607)
 0 named destinations out of 1000 (max. 500000)
 76 words of extra memory for PDF output out of 10000 (max. 10000000)

