# ========================================================
# test case : IBLSH1Recommender Hash Functions Evaluation
# ========================================================
fileName = ../../../data/amazon-movies-tv/amazon-movies-tv
numOfHashTables = 5
IBLSH1RecommenderHashFunctionsPrecision = [1.5747899129068516E-4, 2.3101724582980923E-4, 3.202297836265987E-4, 3.854124825138022E-4, 4.562372234731501E-4, 4.6368280527323756E-4, 5.2208923416221E-4, 4.5253926540283275E-4, 4.410593086267736E-4, 4.853606319988612E-4];
IBLSH1RecommenderHashFunctionsPecall = [9.419860740601003E-4, 0.0014683470357389518, 0.0016588652009012486, 0.00208210453514597, 0.002217302113809545, 0.0023792768953108116, 0.0028410889092048866, 0.002314509219800717, 0.0018954899862270106, 0.0021279507275268517];
IBLSH1RecommenderHashFunctionsDiversity = [0.9439040867778745, 0.9226764850611918, 0.9113882807665918, 0.9006235297861944, 0.9008580214043228, 0.9026782412233224, 0.8998511934261136, 0.9022484892816758, 0.9076591445787447, 0.917960757659264];
IBLSH1RecommenderHashFunctionsAggrDiversity = [968.3333333333334, 16436.666666666668, 17354.0, 17344.666666666668, 17386.0, 17404.333333333332, 17404.0, 17384.333333333332, 17385.333333333332, 17359.666666666668];
IBLSH1RecommenderHashFunctionsNovelty = [9.422410907396118, 9.358070004865342, 9.281802396977211, 9.224584518435671, 9.23058010115774, 9.22691614888562, 9.205610747190375, 9.20407166222348, 9.241933530218686, 9.29285413923479];
IBLSH1RecommenderHashFunctionsTopN = [20.0, 20.0, 20.0, 20.0, 20.0, 20.0, 20.0, 20.0, 20.0, 20.0];
IBLSH1RecommenderHashFunctionsAvgRecommTime = [251.05284593133638, 236.4880944521934, 162.90534953629268, 89.0432650202564, 36.55156644766583, 17.398504670908423, 11.183628128905868, 6.176643642740662, 3.484845132098073, 1.9919753582575026];
IBLSH1RecommenderHashFunctionsCandidateItemListSize = [0.0, 0.0, 0.0, 0.0, 0.0, 0.0, 0.0, 0.0, 0.0, 0.0];
IBLSH1RecommenderHashFunctionsTopNRatioListSize = [0.9992645513444637, 0.9992645513444637, 0.9992645513444637, 0.9992645513444637, 0.9992645513444637, 0.9992645513444637, 0.9992645513444637, 0.9992645513444637, 0.9992645513444637, 0.9992645513444637];
# ========================================================
# test case : IBLSH1Recommender Hash Tables Evaluation
# ========================================================
fileName = ../../../data/amazon-movies-tv/amazon-movies-tv
numOfHashFunctions = 6
IBLSH1RecommenderHashTablesPrecision = [2.736992022721728E-4, 2.845131851863047E-4, 4.175032515020118E-4, 4.270295438663535E-4, 4.504460215478988E-4, 5.178121115385779E-4, 4.368156212046321E-4, 6.012631294836944E-4, 6.415081492194114E-4, 5.434126974787051E-4];
IBLSH1RecommenderHashTablesRecall = [0.0015993327737668253, 0.001659761739054557, 0.0021125222397427768, 0.0023436347306434544, 0.002364383569006531, 0.0025190403652627625, 0.0024187846271222467, 0.003033412086103289, 0.0029185252747610285, 0.0027411312264981305];
IBLSH1RecommenderHashTablesDiversity = [0.9227481583343858, 0.9152831590140117, 0.9061756763214808, 0.9051730728165112, 0.9042590949418313, 0.8989880947458367, 0.897700937390602, 0.894268416355462, 0.8942243899155623, 0.892760887633551];
IBLSH1RecommenderHashTablesAggrDiversity = [5607.333333333333, 17395.333333333332, 17393.0, 17395.0, 17399.666666666668, 17393.333333333332, 17402.333333333332, 17392.333333333332, 17409.333333333332, 17418.333333333332];
IBLSH1RecommenderHashTablesNovelty = [9.33840683629648, 9.29910778822092, 9.25982585082761, 9.233054456483734, 9.2291014963141, 9.208527547188334, 9.207002069069006, 9.194280329383576, 9.1751808000827, 9.174736204249085];
IBLSH1RecommenderHashTablesTopN = [20.0, 20.0, 20.0, 20.0, 20.0, 20.0, 20.0, 20.0, 20.0, 20.0];
IBLSH1RecommenderHashTablesAvgRecommTime = [4.25330570649594, 8.232384915148854, 12.103704211460093, 14.215775743837435, 19.14218742461092, 20.646582094246856, 23.35726062812429, 27.84816092724867, 32.760704253809784, 40.174193845165455];
IBLSH1RecommenderHashTablesCandidateItemListSize = [0.0, 0.0, 0.0, 0.0, 0.0, 0.0, 0.0, 0.0, 0.0, 0.0];
IBLSH1RecommenderHashTablesTopNRatioListSize = [0.9992645513444637, 0.9992645513444637, 0.9992645513444637, 0.9992645513444637, 0.9992645513444637, 0.9992645513444637, 0.9992645513444637, 0.9992645513444637, 0.9992645513444637, 0.9992645513444637];
# ========================================================
# test case : IBLSH2Recommender Hash Functions Evaluation
# ========================================================
fileName = ../../../data/amazon-movies-tv/amazon-movies-tv
numOfHashTables = 5
IBLSH2RecommenderHashFunctionsPrecision = [2.0736884865000678E-4, 2.0263197521458933E-4, 2.2422057997270332E-4, 1.99356640263549E-4, 2.430869023106417E-4, 2.6059145325000644E-4, 1.922432209843947E-4, 2.3039459013850128E-4, 2.88163334669561E-4, 2.8545301907006423E-4];
IBLSH2RecommenderHashFunctionsPecall = [0.001020159067641671, 0.0012753633057568938, 0.001303646421953096, 0.0011690009328146058, 0.001223889857348499, 0.0012570585588104804, 0.0013021474894642261, 0.001377837379399411, 0.0013307357030304383, 0.0014563098657665158];
IBLSH2RecommenderHashFunctionsDiversity = [0.931698256631542, 0.9313810221208708, 0.9304928302114851, 0.9298135982673719, 0.9292736579432562, 0.9284266523187462, 0.9283397773896738, 0.9249636750305488, 0.9254847767865909, 0.9244798590779251];
IBLSH2RecommenderHashFunctionsAggrDiversity = [17454.0, 17454.0, 17454.0, 17454.0, 17454.0, 17454.0, 17454.0, 17454.0, 17453.666666666668, 17454.0];
IBLSH2RecommenderHashFunctionsNovelty = [9.359333718157547, 9.357985994529772, 9.351774892954012, 9.347410595608025, 9.3430343994396, 9.338011128330752, 9.337899860835257, 9.314582273993203, 9.318127846544924, 9.313723652754424];
IBLSH2RecommenderHashFunctionsTopN = [20.0, 20.0, 20.0, 20.0, 20.0, 20.0, 20.0, 20.0, 20.0, 20.0];
IBLSH2RecommenderHashFunctionsAvgRecommTime = [137.02252016814657, 88.86065242671191, 48.86768164747735, 27.8334387040771, 15.126909741627715, 7.703282552183339, 3.609171934372378, 1.7536521965171605, 0.9290129635198232, 0.5729909149848257];
IBLSH2RecommenderHashFunctionsCandidateItemListSize = [0.0, 0.0, 0.0, 0.0, 0.0, 0.0, 0.0, 0.0, 0.0, 0.0];
IBLSH2RecommenderHashFunctionsTopNRatioListSize = [0.9992645513444637, 0.9992645513444637, 0.9992645513444637, 0.9992645513444637, 0.9992645513444637, 0.9992645513444637, 0.9992645513444637, 0.9992645513444637, 0.9992645513444637, 0.9992645513444637];
# ========================================================
# test case : IBLSH2Recommender Hash Tables Evaluation
# ========================================================
fileName = ../../../data/amazon-movies-tv/amazon-movies-tv
numOfHashFunctions = 6
IBLSH2RecommenderHashTablesPrecision = [2.4396879175516664E-4, 2.3332965422191197E-4, 2.0494044299602983E-4, 2.2106242276459133E-4, 2.5880243581737306E-4, 2.027535046397746E-4, 1.816643742116291E-4, 1.9983165662378638E-4, 1.6957681506869405E-4, 2.416713204156554E-4];
IBLSH2RecommenderHashTablesRecall = [0.0013422572036539025, 0.0013195985233671631, 0.0012453339318524365, 0.001291767740761397, 0.0012940465872370653, 0.0012257148478578346, 0.0011430043186988394, 0.0010912524275509645, 0.0011367935166762902, 0.0013016782215566263];
IBLSH2RecommenderHashTablesDiversity = [0.926993005244865, 0.9283550056902731, 0.9278682145207928, 0.9286884827080941, 0.9279516712264827, 0.9280911706247986, 0.9288403835639153, 0.9276624634246948, 0.928237299259281, 0.9283483438078318];
IBLSH2RecommenderHashTablesAggrDiversity = [17453.666666666668, 17454.0, 17454.0, 17454.0, 17454.0, 17454.0, 17454.0, 17454.0, 17454.0, 17454.0];
IBLSH2RecommenderHashTablesNovelty = [9.333688962338835, 9.339707810441926, 9.334138506557585, 9.33899158708512, 9.334545475921145, 9.33631956415353, 9.341180692336799, 9.331895718994282, 9.335177078666248, 9.337377510972942];
IBLSH2RecommenderHashTablesTopN = [20.0, 20.0, 20.0, 20.0, 20.0, 20.0, 20.0, 20.0, 20.0, 20.0];
IBLSH2RecommenderHashTablesAvgRecommTime = [0.8599559422654357, 2.240265945321489, 4.054552417003702, 5.284966545464131, 7.577067013505546, 9.476358456507688, 10.831348360136838, 11.931369931692457, 14.250971992733191, 16.382647147476153];
IBLSH2RecommenderHashTablesCandidateItemListSize = [0.0, 0.0, 0.0, 0.0, 0.0, 0.0, 0.0, 0.0, 0.0, 0.0];
IBLSH2RecommenderHashTablesTopNRatioListSize = [0.9992645513444637, 0.9992645513444637, 0.9992645513444637, 0.9992645513444637, 0.9992645513444637, 0.9992645513444637, 0.9992645513444637, 0.9992645513444637, 0.9992645513444637, 0.9992645513444637];
# ========================================================
# test case : UBLSH1Recommender Hash Functions Evaluation
# ========================================================
fileName = ../../../data/amazon-movies-tv/amazon-movies-tv
numOfHashTables = 5
UBLSH1RecommenderHashFunctionsPrecision = [3.7689254856613087E-4, 3.766218252536711E-4, 5.532006100476506E-4, 7.997049795364692E-4, 9.297483883154214E-4, 0.0010386853146640799, 0.0013012056150897677, 0.0015424317940035627, 0.0014758487027742328, 0.001507348559276915];
UBLSH1RecommenderHashFunctionsPecall = [0.001972899193713577, 0.002167844916377355, 0.0030131340829954757, 0.0037309147992850397, 0.004617010672652259, 0.005364975012042601, 0.0063087035475539385, 0.007478093756350504, 0.007608174105599823, 0.006785176294581009];
UBLSH1RecommenderHashFunctionsDiversity = [0.8133572196603579, 0.8124623035978381, 0.7137182923594035, 0.6363301485303553, 0.5210437504974229, 0.40599417604560006, 0.3169069020886803, 0.26206809156395466, 0.25947045326146195, 0.27513685101293855];
UBLSH1RecommenderHashFunctionsAggrDiversity = [690.3333333333334, 1412.3333333333333, 6083.0, 9761.0, 10569.333333333334, 10010.0, 8712.333333333334, 8516.666666666666, 8991.666666666666, 10212.333333333334];
UBLSH1RecommenderHashFunctionsNovelty = [8.770057643021941, 8.630571993297933, 8.137810504131233, 7.833122231508033, 7.4365523430185645, 7.083682025354192, 6.827868843412283, 6.661953641531519, 6.661777915931393, 6.727268057128753];
UBLSH1RecommenderHashFunctionsTopN = [20.0, 20.0, 20.0, 20.0, 20.0, 20.0, 20.0, 20.0, 20.0, 20.0];
UBLSH1RecommenderHashFunctionsAvgRecommTime = [23.462367852671537, 25.81700171530548, 25.37248842990267, 19.86123034295437, 14.81845856288762, 10.584153793863313, 6.283198206101048, 4.130289294141051, 2.3186976764085463, 1.3466239117392547];
UBLSH1RecommenderHashFunctionsCandidateItemListSize = [0.0, 0.0, 0.0, 0.0, 0.0, 0.0, 0.0, 0.0, 0.0, 0.0];
UBLSH1RecommenderHashFunctionsTopNRatioListSize = [0.9992645513444637, 0.9992645513444637, 0.9992645513444637, 0.9992645513444637, 0.9992645513444637, 0.9992645513444637, 0.9992645513444637, 0.9992645513444637, 0.9992645513444637, 0.9992645513444637];
# ========================================================
# test case : UBLSH1Recommender Hash Tables Evaluation
# ========================================================
fileName = ../../../data/amazon-movies-tv/amazon-movies-tv
numOfHashFunctions = 6
UBLSH1RecommenderHashTablesPrecision = [0.001248447342410262, 0.001161513893666328, 0.0011063931668680738, 0.0010685705312086801, 0.0010998597107386944, 0.0012064338005598368, 0.0010928156037643849, 0.0011833671182672608, 0.0010411025893441155, 0.0011304705056651865];
UBLSH1RecommenderHashTablesRecall = [0.00553884283716732, 0.005174581227586662, 0.005341301147658638, 0.005499720896717529, 0.005823627899909423, 0.005774157662443449, 0.005610295289540444, 0.00575537814900787, 0.005562104783181702, 0.005358883483313338];
UBLSH1RecommenderHashTablesDiversity = [0.4206707642238876, 0.4559913241853197, 0.45215722515190643, 0.4345950813794766, 0.41314341109464453, 0.415752609042566, 0.39454005855781465, 0.39675816462924224, 0.3993951217247746, 0.41457460871273527];
UBLSH1RecommenderHashTablesAggrDiversity = [4773.0, 7875.333333333333, 9268.333333333334, 9943.333333333334, 10071.0, 9838.666666666666, 9468.666666666666, 9324.333333333334, 9245.333333333334, 9179.0];
UBLSH1RecommenderHashTablesNovelty = [7.204633087258368, 7.258885770400514, 7.223162058658089, 7.159037541305763, 7.096606534369937, 7.102001085093843, 7.0597113759828245, 7.062262440833787, 7.084391739919024, 7.1067225767098705];
UBLSH1RecommenderHashTablesTopN = [20.0, 20.0, 20.0, 20.0, 20.0, 20.0, 20.0, 20.0, 20.0, 20.0];
UBLSH1RecommenderHashTablesAvgRecommTime = [3.4821125362884846, 5.541334572374804, 7.376731071370312, 9.19362391278114, 10.409221525156061, 11.802955533238444, 12.569421079290203, 13.661023358755699, 14.359907687372795, 15.251389244397147];
UBLSH1RecommenderHashTablesCandidateItemListSize = [0.0, 0.0, 0.0, 0.0, 0.0, 0.0, 0.0, 0.0, 0.0, 0.0];
UBLSH1RecommenderHashTablesTopNRatioListSize = [0.9992645513444637, 0.9992645513444637, 0.9992645513444637, 0.9992645513444637, 0.9992645513444637, 0.9992645513444637, 0.9992645513444637, 0.9992645513444637, 0.9992645513444637, 0.9992645513444637];
# ========================================================
# test case : UBLSH2Recommender Hash Functions Evaluation
# ========================================================
fileName = ../../../data/amazon-movies-tv/amazon-movies-tv
numOfHashTables = 5
UBLSH2RecommenderHashFunctionsPrecision = [2.1814097965414925E-4, 2.993592280391292E-4, 2.2119661592211016E-4, 2.419878281442159E-4, 3.1441562916099594E-4, 3.2889306789894544E-4, 3.118890626207144E-4, 3.5245197552127627E-4, 4.6334053752166587E-4, 5.038277235722604E-4];
UBLSH2RecommenderHashFunctionsPecall = [0.0014644201006306454, 0.001316815643895148, 0.0013593175810820135, 0.0014374256930842135, 0.0016111229686849762, 0.0015828174169892674, 0.0019795850553686587, 0.0021124027820503765, 0.0027078402652773565, 0.0026040657335475166];
UBLSH2RecommenderHashFunctionsDiversity = [0.9142937131153613, 0.9174551913554918, 0.9082676028840911, 0.8954390775679529, 0.8789772079957542, 0.855830815654325, 0.8296290458803064, 0.8011940414006476, 0.7745519242047085, 0.7483446748016847];
UBLSH2RecommenderHashFunctionsAggrDiversity = [17454.0, 17452.666666666668, 17453.666666666668, 17453.333333333332, 17453.0, 17453.333333333332, 17448.333333333332, 17447.333333333332, 17433.0, 17429.666666666668];
UBLSH2RecommenderHashFunctionsNovelty = [9.211180230435978, 9.226378282812252, 9.150255895751622, 9.05087527231772, 8.938215842943686, 8.794602690860266, 8.651966435110937, 8.514323167896451, 8.400798837571623, 8.302964035344152];
UBLSH2RecommenderHashFunctionsTopN = [20.0, 20.0, 20.0, 20.0, 20.0, 20.0, 20.0, 20.0, 20.0, 20.0];
UBLSH2RecommenderHashFunctionsAvgRecommTime = [6.203532630975777, 5.964683582897812, 4.590885664992503, 3.429351079404004, 2.302969030027906, 1.4764142815155814, 0.970827663617695, 0.560692923675341, 0.3216720600659168, 0.18264450319664202];
UBLSH2RecommenderHashFunctionsCandidateItemListSize = [0.0, 0.0, 0.0, 0.0, 0.0, 0.0, 0.0, 0.0, 0.0, 0.0];
UBLSH2RecommenderHashFunctionsTopNRatioListSize = [0.9992645513444637, 0.9992645513444637, 0.9992645513444637, 0.9992645513444637, 0.9992645513444637, 0.9992645513444637, 0.9992645513444637, 0.9992645513444637, 0.9992645513444637, 0.9992645513444637];
# ========================================================
# test case : UBLSH2Recommender Hash Tables Evaluation
# ========================================================
fileName = ../../../data/amazon-movies-tv/amazon-movies-tv
numOfHashFunctions = 6
UBLSH2RecommenderHashTablesPrecision = [3.80439256451999E-4, 3.5085284067673224E-4, 3.5253643999559364E-4, 2.758071606004874E-4, 3.1941156922194467E-4, 3.1447985983029756E-4, 2.76071285978253E-4, 3.2425955640335864E-4, 2.831941148822628E-4, 2.9587691432765166E-4];
UBLSH2RecommenderHashTablesRecall = [0.002090019652740464, 0.001824613036534569, 0.0019865865794032977, 0.0016920565040434998, 0.0016312842072196253, 0.0016959268339541086, 0.001552639392698913, 0.001712123113997175, 0.0014876240294087626, 0.001703386498765739];
UBLSH2RecommenderHashTablesDiversity = [0.8107282481229031, 0.8300836797979697, 0.840818563600681, 0.8492908303291884, 0.8554261992786344, 0.8601765171039294, 0.8642286278936382, 0.8672852785058073, 0.8711137976404867, 0.8728854953692515];
UBLSH2RecommenderHashTablesAggrDiversity = [17445.0, 17451.0, 17452.0, 17453.333333333332, 17452.333333333332, 17452.0, 17453.0, 17452.333333333332, 17452.333333333332, 17452.333333333332];
UBLSH2RecommenderHashTablesNovelty = [8.552626600560064, 8.650474466744905, 8.710221682134899, 8.756957526091734, 8.793039386822056, 8.820324399088683, 8.846919114014321, 8.865448656756122, 8.88899013152937, 8.901533815957253];
UBLSH2RecommenderHashTablesTopN = [20.0, 20.0, 20.0, 20.0, 20.0, 20.0, 20.0, 20.0, 20.0, 20.0];
UBLSH2RecommenderHashTablesAvgRecommTime = [0.4592918540321039, 0.7717018803746863, 1.0271759485512433, 1.2903659108063534, 1.4974682129562584, 1.7014666648112309, 1.918599906802796, 2.140969036164704, 2.25440360467106, 2.4337365224324032];
UBLSH2RecommenderHashTablesCandidateItemListSize = [0.0, 0.0, 0.0, 0.0, 0.0, 0.0, 0.0, 0.0, 0.0, 0.0];
UBLSH2RecommenderHashTablesTopNRatioListSize = [0.9992645513444637, 0.9992645513444637, 0.9992645513444637, 0.9992645513444637, 0.9992645513444637, 0.9992645513444637, 0.9992645513444637, 0.9992645513444637, 0.9992645513444637, 0.9992645513444637];
