# ========================================================
# test case: UBKNNLSHHashTables Prediction Performance
# ========================================================
dataFileBase = ../../../data/amazon-movies-tv/amazon-movies-tv
k = 20
numOfHashTables = 5
numOfHashFunctions = 6
UBKNNLSHHashTablesMaeList =  [1.9914869702241402, 1.4643301678987155, 1.2829786578161246, 1.1831960078761226, 1.120418763328351, 1.0774941004552754, 1.0438119134150152, 1.019124141516472, 1.0021857167899184, 0.9860138418141161];
UBKNNLSHHashTablesRuntimeList = [0.10220716580763815, 0.13402241238986404, 0.15784695649838568, 0.1948263066910633, 0.2254167405736088, 0.26549450099688854, 0.30345402269347604, 0.3353252302894675, 0.3613481780334129, 0.4038041384242369];
UBKNNLSHHashTablesCandidateSetList = [256.0501324680305, 506.92239544368897, 752.1005253550771, 996.4397225218112, 1234.5174063678514, 1467.1919400319148, 1705.443792309296, 1934.8387618928423, 2151.607243210539, 2377.00628353802];
UBKNNLSHHashTablesPredictionCoverageList  = [0.5875909764336933, 0.7562556419596949, 0.8352544667559189, 0.8830470261959782, 0.9127209213996291, 0.933692558994945, 0.9494159379137528, 0.9606465172744478, 0.9682155795323416, 0.9751908662258657];
# ========================================================
# test case: UBKNNLSHHashFunctions Prediction Performance
# ========================================================
dataFileBase = ../../../data/amazon-movies-tv/amazon-movies-tv
k = 20
numOfHashTables = 5
numOfHashFunctions = 6
UBKNNLSHHashFunctionsMaeList =  [0.850674216617327, 0.8574710772528251, 0.8762857137659855, 0.9160198056987131, 0.9912782507150936, 1.1194900791704026, 1.33188180352752, 1.7012659889559718, 2.3828314366502856, 3.579414850525916];
UBKNNLSHHashFunctionsRuntimeList = [3.4893478316602, 5.884562995988391, 3.826645678726422, 2.171549671568088, 1.3362489949160838, 0.7628150768640152, 0.4922473229515972, 0.34729399317469345, 0.2980985008314569, 0.23939413981373187];
UBKNNLSHHashFunctionsCandidateSetList = [15552.631822004889, 12270.968316374567, 7866.014551106814, 4476.1496017431955, 2387.392581941727, 1235.7565777560908, 630.74238077328, 318.88518963939003, 160.33291748579126, 80.76594556310548];
UBKNNLSHHashFunctionsPredictionCoverageList  = [1.0, 1.0, 0.9998397477249666, 0.9961424883770389, 0.973707092885743, 0.9136223042119582, 0.8101162367529149, 0.6672379889945733, 0.49827581417985173, 0.34178762878250646];
# ========================================================
# test case: IBKNNLSHHashTables Prediction Performance
# ========================================================
dataFileBase = ../../../data/amazon-movies-tv/amazon-movies-tv
k = 20
numOfHashTables = 5
numOfHashFunctions = 6
IBKNNLSHHashTablesMaeList =  [1.6619194453808739, 1.28836296814057, 1.144273519720533, 1.0650476496140293, 1.0137306333058727, 0.9789439007732533, 0.9495568919420606, 0.9301307542362919, 0.9137851690679101, 0.9002515309761052];
IBKNNLSHHashTablesRuntimeList = [0.5480322700320377, 0.9225106712978407, 1.221878358401494, 1.5485789115600146, 1.8005326429793935, 2.0333054245860254, 2.315791654627189, 2.66849735570316, 2.9743236874227086, 3.1024983078660986];
IBKNNLSHHashTablesCandidateSetList = [283.6288013705842, 565.1108184200882, 836.078972945055, 1108.2778258668227, 1371.1247248610948, 1637.1250951683464, 1905.2161041033203, 2156.274363940621, 2407.996676933262, 2653.018077202299];
IBKNNLSHHashTablesPredictionCoverageList  = [0.6224560367823282, 0.7747032621764679, 0.8504469803810352, 0.8965783272483037, 0.9250474831010014, 0.9450175660026636, 0.958845091070528, 0.9686133671073123, 0.9755271308217999, 0.9806380300803079];
# ========================================================
# test case: IBKNNLSHHashFunctions Prediction Performance
# ========================================================
dataFileBase = ../../../data/amazon-movies-tv/amazon-movies-tv
k = 20
numOfHashTables = 5
numOfHashFunctions = 6
IBKNNLSHHashFunctionsMaeList =  [0.7868514596913285, 0.7925526079309463, 0.8090161905548363, 0.8435523877308214, 0.905610713638584, 1.0107170423839# ========================================================
# test case: IBLSH1HashTables Prediction Performance
# ========================================================
dataFileBase = ../../../data/amazon-movies-tv/amazon-movies-tv
k = 20
numOfHashTables = 5
numOfHashFunctions = 6
IBLSH1HashTablesMaeList =  [1.4448549987693697, 1.129001885995939, 1.017373216903848, 0.9557239617637496, 0.918589973253652, 0.893593892459622, 0.8761661268518385, 0.8633392757281858, 0.8540915044673071, 0.8464788625528448];
IBLSH1HashTablesRuntimeList = [0.2446466198025264, 0.37800677722311404, 0.5811417469833648, 0.7200987928150538, 0.8943735546990108, 1.1307739439562574, 1.136671453871543, 1.3613420247061763, 1.4622499631727213, 1.685759778864244];
IBLSH1HashTablesCandidateSetList = [286.35770969851166, 575.9636404152286, 848.9605526571524, 1122.2752526719469, 1388.346804682954, 1655.9206605506486, 1905.3731373720889, 2158.6283267881354, 2406.7050794913916, 2658.6073741068794];
IBLSH1HashTablesPredictionCoverageList  = [0.6231527559520654, 0.7767594044066244, 0.8515888379231391, 0.8968286798995095, 0.9263710650349335, 0.9456027630924284, 0.9587864190613633, 0.9683787247515842, 0.9753225009370139, 0.980569351934163];
# ========================================================
# test case: IBLSH1HashFunctions Prediction Performance
# ========================================================
dataFileBase = ../../../data/amazon-movies-tv/amazon-movies-tv
k = 20
numOfHashTables = 5
numOfHashFunctions = 6
IBLSH1HashFunctionsMaeList =  [0.8084569594829569, 0.8099155856865784, 0.8130963900002243, 0.8227409125079199, 0.8504125249183125, 0.9176851961066292, 1.0515081071641073, 1.268955144000655, 1.6257280501294498, 2.1921210144164753];
IBLSH1HashFunctionsRuntimeList = [58.29333859038415, 23.777354792972595, 8.823850356981705, 3.6203019373421412, 1.7047149965412967, 0.7657544765600923, 0.3609054042379264, 0.15847991284682117, 0.08783355133538644, 0.04687971537058619];
IBLSH1HashFunctionsCandidateSetList = [16925.028636374722, 13414.15170907254, 8651.561548200376, 4940.707913692296, 2665.932556091787, 1388.5640918666463, 708.2438134231085, 362.24354936382207, 183.63285437530985, 93.55296221097326];
IBLSH1HashFunctionsPredictionCoverageList  = [0.9999914149784523, 0.9998926888378354, 0.9993618521093881, 0.9961811238093057, 0.9790498118205833, 0.9259903884979799, 0.8267510509544133, 0.6972010905530807, 0.5568668248268334, 0.4191839885684675];
# ========================================================
# test case: IBLSH2HashTables Prediction Performance
# ========================================================
dataFileBase = ../../../data/amazon-movies-tv/amazon-movies-tv
k = 20
numOfHashTables = 5
numOfHashFunctions = 6
IBLSH2HashTablesMaeList =  [1.7342394288955347, 1.3114029565917917, 1.1536152602090848, 1.06113459756276, 1.0080827803927315, 0.9694290054223915, 0.9412685010468443, 0.9225074151227259, 0.9059819964090807, 0.891407969327044];
IBLSH2HashTablesRuntimeList = [0.033906875789429705, 0.07062174364606255, 0.12070935447430058, 0.13774154166656769, 0.1876376778822904, 0.21203867474837795, 0.23706137127200222, 0.28985824501257784, 0.31543720815077564, 0.3694918660422663];
IBLSH2HashTablesCandidateSetList = [286.8408603729999, 571.9536796411696, 844.1190088837357, 1127.8464776058581, 1380.5727108573076, 1643.580566982659, 1917.0101389709464, 2159.933243144319, 2417.452628237361, 2668.9871724569703];
IBLSH2HashTablesPredictionCoverageList  = [0.5278581642886108, 0.6844036159674288, 0.7679396818003635, 0.826338960809472, 0.863179893848242, 0.8909279963505267, 0.9127538238853103, 0.9285544749989407, 0.9414376232976261, 0.9510785367490057];
# ========================================================
# test case: IBLSH2HashFunctions Prediction Performance
# ========================================================
dataFileBase = ../../../data/amazon-movies-tv/amazon-movies-tv
k = 20
numOfHashTables = 5
numOfHashFunctions = 6
IBLSH2HashFunctionsMaeList =  [0.8142365214474272, 0.8160418650281763, 0.8236754825554526, 0.8437284323673426, 0.8969126733881547, 1.0062708399208387, 1.20369937371679, 1.5017066282171776, 1.9930279635713406, 2.8199659599999567];
IBLSH2HashFunctionsRuntimeList = [2.308426600474055, 1.7900729972234308, 1.2205701921206848, 0.6922808218282444, 0.34660181162821785, 0.19143696813549363, 0.08483488805454069, 0.04909612515366889, 0.02448429981372272, 0.011933120394377824];
IBLSH2HashFunctionsCandidateSetList = [16926.70493623874, 13387.490728263521, 8637.84583507661, 4962.185263907384, 2669.524238577115, 1385.2383616136287, 711.6784979643149, 362.2979809102691, 184.631703097743, 93.12952777969477];
IBLSH2HashFunctionsPredictionCoverageList  = [0.999957074871791, 0.9996809239969299, 0.9978623405880832, 0.987623327907779, 0.9490267506285454, 0.8626876795647455, 0.7395493389750831, 0.6012168635531603, 0.46214038381605915, 0.33153581498836965];
# ========================================================
# test case: UBLSH1HashTables Prediction Performance
# ========================================================
dataFileBase = ../../../data/amazon-movies-tv/amazon-movies-tv
k = 20
numOfHashTables = 5
numOfHashFunctions = 6
UBLSH1HashTablesMaeList =  [1.7039261676873632, 1.2674868069556748, 1.124353408718569, 1.048283866280184, 1.003519042601096, 0.9739099687766759, 0.9503287000836778, 0.9344473176682673, 0.9235506111532371, 0.9138098135202434];
UBLSH1HashTablesRuntimeList = [0.12719031954143545, 0.3107174065334505, 0.4088701124623456, 0.4851658507306129, 0.5911985540995393, 0.7612605069724891, 0.9187102665870878, 0.9422491507928766, 1.0492373900281995, 1.1590803851143527];
UBLSH1HashTablesCandidateSetList = [257.79492219138035, 514.6425961821949, 765.0958370381809, 1014.424378441728, 1251.3199137665163, 1485.9784202535209, 1731.670400540495, 1951.7134990624363, 2186.8471978671414, 2409.226929360267];
UBLSH1HashTablesPredictionCoverageList  = [0.5859669955779478, 0.7562784755567818, 0.8360328797105749, 0.8829697143631506, 0.9136180708800442, 0.9339630424425541, 0.949650589687181, 0.9602673261390319, 0.9686634326001645, 0.9750692419315005];
# ========================================================
# test case: UBLSH1HashFunctions Prediction Performance
# ========================================================
dataFileBase = ../../../data/amazon-movies-tv/amazon-movies-tv
k = 20
numOfHashTables = 5
numOfHashFunctions = 6
UBLSH1HashFunctionsMaeList =  [0.8583413133042435, 0.8607716326267004, 0.8649110246122939, 0.8787303229298955, 0.9159327164313575, 1.0034805434497145, 1.1705141019309966, 1.459394747807641, 2.001294683687813, 2.972254982278814];
UBLSH1HashFunctionsRuntimeList = [9.330971898901776, 6.27593657490411, 3.0429611757981654, 1.394324529458316, 0.635738979475593, 0.3021967602942553, 0.13547428845756157, 0.05844092869989661, 0.034089552361584216, 0.010994521951303928];
UBLSH1HashFunctionsCandidateSetList = [15555.883549038248, 12302.90350320956, 7891.995653381947, 4499.646040995833, 2419.768004579789, 1255.0622412877706, 640.3211371199749, 326.91601407062063, 165.3249696346257, 84.2773776414805];
UBLSH1HashFunctionsPredictionCoverageList  = [1.0, 1.0, 0.999856917419972, 0.9961024178662197, 0.9734610099676246, 0.9125749700749145, 0.8087082874734186, 0.6673024079478512, 0.5023293878927724, 0.34588716573379935];
# ========================================================
# test case: UBLSH2HashTables Prediction Performance
# ========================================================
dataFileBase = ../../../data/amazon-movies-tv/amazon-movies-tv
k = 20
numOfHashTables = 5
numOfHashFunctions = 6
UBLSH2HashTablesMaeList =  [2.1478396724443596, 1.5165389700694298, 1.2912311208586227, 1.1806937415892773, 1.1154961844188376, 1.0702042869917086, 1.0339198171570905, 1.006589145497183, 0.9880086088587576, 0.9722155812452851];
UBLSH2HashTablesRuntimeList = [0.017995519648737534, 0.0354259239482331, 0.04798973029010076, 0.06498257486864087, 0.08531460349114979, 0.10433166690321624, 0.11031957602220208, 0.1404460067726919, 0.15653577832016297, 0.1694932658018092];
UBLSH2HashTablesCandidateSetList = [258.9460590325541, 511.91147528381697, 764.8919476522925, 1011.9611296034209, 1248.8262296177659, 1486.0865027535442, 1721.6905637977657, 1958.5103818148752, 2180.2102271453105, 2405.6958492291847];
UBLSH2HashTablesPredictionCoverageList  = [0.475042236899162, 0.6515919302261367, 0.7493318791104198, 0.8084664805335816, 0.8469986680908421, 0.8752747220399041, 0.8991266262313425, 0.9158630034559808, 0.9294229959651144, 0.9400010852525599];
