05:36:35,916  INFO main TestDriver:runSelection:102 - Processing ======================== ../../../data/ml-1m/ml-1m ========================
 05:36:35,918  INFO main TestDriver:runSelection:103 - Starting top-n recommendation tests...
 05:36:49,031  INFO main DataParser:computeSparsity:293 - numOfUsers = 6040
 05:36:49,032  INFO main DataParser:computeSparsity:294 - numOfItems = 3695
 05:36:49,051  INFO main DataParser:computeSparsity:295 - sparsity = 0.0403
 05:36:49,051  INFO main DataParser:readTrainingDataFile:204 - Total train datasize: 900189
 05:36:49,606  INFO main DataParser:readTestDataFile:240 - Total test datasize: 100020
 06:54:13,339  INFO main AbstractTest:calculateLSHMetrics:219 - Avg Top-N Rec Time for one user = 774.5983164983165
 06:54:19,980  INFO main DataParser:computeSparsity:293 - numOfUsers = 6040
 06:54:19,980  INFO main DataParser:computeSparsity:294 - numOfItems = 3697
 06:54:19,981  INFO main DataParser:computeSparsity:295 - sparsity = 0.0403
 06:54:19,981  INFO main DataParser:readTrainingDataFile:204 - Total train datasize: 900189
 06:54:20,267  INFO main DataParser:readTestDataFile:240 - Total test datasize: 100020
 07:59:28,186  INFO main AbstractTest:calculateLSHMetrics:219 - Avg Top-N Rec Time for one user = 649.7340836552999
 07:59:33,752  INFO main DataParser:computeSparsity:293 - numOfUsers = 6040
 07:59:33,753  INFO main DataParser:computeSparsity:294 - numOfItems = 3696
 07:59:33,763  INFO main DataParser:computeSparsity:295 - sparsity = 0.0403
 07:59:33,763  INFO main DataParser:readTrainingDataFile:204 - Total train datasize: 900189
 07:59:34,029  INFO main DataParser:readTestDataFile:240 - Total test datasize: 100020
 09:07:45,177  INFO main AbstractTest:calculateLSHMetrics:219 - Avg Top-N Rec Time for one user = 678.2631931646843
 09:07:45,177  INFO main AbstractTest:runHashFunctionsLSHEvaluation:62 - numOfBands = 5
 09:07:45,177  INFO main AbstractTest:runHashFunctionsLSHEvaluation:63 - numOfHashFunctions = 1
 09:07:45,177  INFO main AbstractTest:runHashFunctionsLSHEvaluation:64 - Avg Recommendation Time = 700.8651977727668
 09:07:50,957  INFO main DataParser:computeSparsity:293 - numOfUsers = 6040
 09:07:50,958  INFO main DataParser:computeSparsity:294 - numOfItems = 3695
 09:07:50,958  INFO main DataParser:computeSparsity:295 - sparsity = 0.0403
 09:07:50,958  INFO main DataParser:readTrainingDataFile:204 - Total train datasize: 900189
 09:07:51,217  INFO main DataParser:readTestDataFile:240 - Total test datasize: 100020
 09:58:32,260  INFO main AbstractTest:calculateLSHMetrics:219 - Avg Top-N Rec Time for one user = 500.72424242424245
 09:58:37,937  INFO main DataParser:computeSparsity:293 - numOfUsers = 6040
 09:58:37,938  INFO main DataParser:computeSparsity:294 - numOfItems = 3697
 09:58:37,938  INFO main DataParser:computeSparsity:295 - sparsity = 0.0403
 09:58:37,938  INFO main DataParser:readTrainingDataFile:204 - Total train datasize: 900189
 09:58:41,317  INFO main DataParser:readTestDataFile:240 - Total test datasize: 100020
 10:50:00,658  INFO main AbstractTest:calculateLSHMetrics:219 - Avg Top-N Rec Time for one user = 505.7485301528641
 10:50:06,098  INFO main DataParser:computeSparsity:293 - numOfUsers = 6040
 10:50:06,099  INFO main DataParser:computeSparsity:294 - numOfItems = 3696
 10:50:06,099  INFO main DataParser:computeSparsity:295 - sparsity = 0.0403
 10:50:06,099  INFO main DataParser:readTrainingDataFile:204 - Total train datasize: 900189
 10:50:06,365  INFO main DataParser:readTestDataFile:240 - Total test datasize: 100020
 11:41:36,211  INFO main AbstractTest:calculateLSHMetrics:219 - Avg Top-N Rec Time for one user = 503.2933489696767
 11:41:36,211  INFO main AbstractTest:runHashFunctionsLSHEvaluation:62 - numOfBands = 5
 11:41:36,212  INFO main AbstractTest:runHashFunctionsLSHEvaluation:63 - numOfHashFunctions = 2
 11:41:36,212  INFO main AbstractTest:runHashFunctionsLSHEvaluation:64 - Avg Recommendation Time = 503.2553738489278
 11:41:39,635  INFO main DataParser:computeSparsity:293 - numOfUsers = 6040
 11:41:39,635  INFO main DataParser:computeSparsity:294 - numOfItems = 3695
 11:41:39,635  INFO main DataParser:computeSparsity:295 - sparsity = 0.0403
 11:41:39,635  INFO main DataParser:readTrainingDataFile:204 - Total train datasize: 900189
 11:41:39,811  INFO main DataParser:readTestDataFile:240 - Total test datasize: 100020
 12:16:19,421  INFO main AbstractTest:calculateLSHMetrics:219 - Avg Top-N Rec Time for one user = 337.82020202020203
 12:16:22,787  INFO main DataParser:computeSparsity:293 - numOfUsers = 6040
 12:16:22,787  INFO main DataParser:computeSparsity:294 - numOfItems = 3697
 12:16:22,787  INFO main DataParser:computeSparsity:295 - sparsity = 0.0403
 12:16:22,787  INFO main DataParser:readTrainingDataFile:204 - Total train datasize: 900189
 12:16:22,957  INFO main DataParser:readTestDataFile:240 - Total test datasize: 100020
 12:53:13,285  INFO main AbstractTest:calculateLSHMetrics:219 - Avg Top-N Rec Time for one user = 357.34268436082647
 12:53:18,929  INFO main DataParser:computeSparsity:293 - numOfUsers = 6040
 12:53:18,930  INFO main DataParser:computeSparsity:294 - numOfItems = 3696
 12:53:18,930  INFO main DataParser:computeSparsity:295 - sparsity = 0.0403
 12:53:18,930  INFO main DataParser:readTrainingDataFile:204 - Total train datasize: 900189
 12:53:19,210  INFO main DataParser:readTestDataFile:240 - Total test datasize: 100020
 13:32:00,809  INFO main AbstractTest:calculateLSHMetrics:219 - Avg Top-N Rec Time for one user = 370.8485508460379
 13:32:00,809  INFO main AbstractTest:runHashFunctionsLSHEvaluation:62 - numOfBands = 5
 13:32:00,810  INFO main AbstractTest:runHashFunctionsLSHEvaluation:63 - numOfHashFunctions = 3
 13:32:00,810  INFO main AbstractTest:runHashFunctionsLSHEvaluation:64 - Avg Recommendation Time = 355.33714574235546
 13:32:07,522  INFO main DataParser:computeSparsity:293 - numOfUsers = 6040
 13:32:07,522  INFO main DataParser:computeSparsity:294 - numOfItems = 3695
 13:32:07,522  INFO main DataParser:computeSparsity:295 - sparsity = 0.0403
 13:32:07,522  INFO main DataParser:readTrainingDataFile:204 - Total train datasize: 900189
 13:32:07,785  INFO main DataParser:readTestDataFile:240 - Total test datasize: 100020
 13:55:58,084  INFO main AbstractTest:calculateLSHMetrics:219 - Avg Top-N Rec Time for one user = 211.60892255892256
 13:56:01,547  INFO main DataParser:computeSparsity:293 - numOfUsers = 6040
 13:56:01,547  INFO main DataParser:computeSparsity:294 - numOfItems = 3697
 13:56:01,547  INFO main DataParser:computeSparsity:295 - sparsity = 0.0403
 13:56:01,548  INFO main DataParser:readTrainingDataFile:204 - Total train datasize: 900189
 13:56:01,764  INFO main DataParser:readTestDataFile:240 - Total test datasize: 100020
 14:18:40,043  INFO main AbstractTest:calculateLSHMetrics:219 - Avg Top-N Rec Time for one user = 210.3759449017302
 14:18:47,243  INFO main DataParser:computeSparsity:293 - numOfUsers = 6040
 14:18:47,243  INFO main DataParser:computeSparsity:294 - numOfItems = 3696
 14:18:47,243  INFO main DataParser:computeSparsity:295 - sparsity = 0.0403
 14:18:47,243  INFO main DataParser:readTrainingDataFile:204 - Total train datasize: 900189
 14:18:47,513  INFO main DataParser:readTestDataFile:240 - Total test datasize: 100020
 14:40:59,916  INFO main AbstractTest:calculateLSHMetrics:219 - Avg Top-N Rec Time for one user = 209.10152454347462
 14:40:59,917  INFO main AbstractTest:runHashFunctionsLSHEvaluation:62 - numOfBands = 5
 14:40:59,917  INFO main AbstractTest:runHashFunctionsLSHEvaluation:63 - numOfHashFunctions = 4
 14:40:59,917  INFO main AbstractTest:runHashFunctionsLSHEvaluation:64 - Avg Recommendation Time = 210.36213066804248
 14:41:03,340  INFO main DataParser:computeSparsity:293 - numOfUsers = 6040
 14:41:03,340  INFO main DataParser:computeSparsity:294 - numOfItems = 3695
 14:41:03,340  INFO main DataParser:computeSparsity:295 - sparsity = 0.0403
 14:41:03,340  INFO main DataParser:readTrainingDataFile:204 - Total train datasize: 900189
 14:41:03,508  INFO main DataParser:readTestDataFile:240 - Total test datasize: 100020
 14:55:56,646  INFO main AbstractTest:calculateLSHMetrics:219 - Avg Top-N Rec Time for one user = 120.75572390572391
 14:56:00,431  INFO main DataParser:computeSparsity:293 - numOfUsers = 6040
 14:56:00,431  INFO main DataParser:computeSparsity:294 - numOfItems = 3697
 14:56:00,431  INFO main DataParser:computeSparsity:295 - sparsity = 0.0403
 14:56:00,431  INFO main DataParser:readTrainingDataFile:204 - Total train datasize: 900189
 14:56:00,653  INFO main DataParser:readTestDataFile:240 - Total test datasize: 100020
 15:10:30,139  INFO main AbstractTest:calculateLSHMetrics:219 - Avg Top-N Rec Time for one user = 123.7236687384512
 15:10:34,849  INFO main DataParser:computeSparsity:293 - numOfUsers = 6040
 15:10:34,849  INFO main DataParser:computeSparsity:294 - numOfItems = 3696
 15:10:34,849  INFO main DataParser:computeSparsity:295 - sparsity = 0.0403
 15:10:34,849  INFO main DataParser:readTrainingDataFile:204 - Total train datasize: 900189
 15:10:35,047  INFO main DataParser:readTestDataFile:240 - Total test datasize: 100020
 15:24:10,697  INFO main AbstractTest:calculateLSHMetrics:219 - Avg Top-N Rec Time for one user = 110.87786898978054
 15:24:10,698  INFO main AbstractTest:runHashFunctionsLSHEvaluation:62 - numOfBands = 5
 15:24:10,698  INFO main AbstractTest:runHashFunctionsLSHEvaluation:63 - numOfHashFunctions = 5
 15:24:10,698  INFO main AbstractTest:runHashFunctionsLSHEvaluation:64 - Avg Recommendation Time = 118.45242054465189
 15:24:17,057  INFO main DataParser:computeSparsity:293 - numOfUsers = 6040
 15:24:17,057  INFO main DataParser:computeSparsity:294 - numOfItems = 3695
 15:24:17,057  INFO main DataParser:computeSparsity:295 - sparsity = 0.0403
 15:24:17,057  INFO main DataParser:readTrainingDataFile:204 - Total train datasize: 900189
 15:24:17,595  INFO main DataParser:readTestDataFile:240 - Total test datasize: 100020
 15:33:42,825  INFO main AbstractTest:calculateLSHMetrics:219 - Avg Top-N Rec Time for one user = 68.60286195286196
 15:33:48,494  INFO main DataParser:computeSparsity:293 - numOfUsers = 6040
 15:33:48,495  INFO main DataParser:computeSparsity:294 - numOfItems = 3697
 15:33:48,495  INFO main DataParser:computeSparsity:295 - sparsity = 0.0403
 15:33:48,495  INFO main DataParser:readTrainingDataFile:204 - Total train datasize: 900189
 15:33:48,763  INFO main DataParser:readTestDataFile:240 - Total test datasize: 100020
 15:43:17,511  INFO main AbstractTest:calculateLSHMetrics:219 - Avg Top-N Rec Time for one user = 69.51856206954477
 15:43:23,375  INFO main DataParser:computeSparsity:293 - numOfUsers = 6040
 15:43:23,375  INFO main DataParser:computeSparsity:294 - numOfItems = 3696
 15:43:23,375  INFO main DataParser:computeSparsity:295 - sparsity = 0.0403
 15:43:23,375  INFO main DataParser:readTrainingDataFile:204 - Total train datasize: 900189
 15:43:23,631  INFO main DataParser:readTestDataFile:240 - Total test datasize: 100020
 15:52:49,551  INFO main AbstractTest:calculateLSHMetrics:219 - Avg Top-N Rec Time for one user = 66.34126319316468
 15:52:49,551  INFO main AbstractTest:runHashFunctionsLSHEvaluation:62 - numOfBands = 5
 15:52:49,551  INFO main AbstractTest:runHashFunctionsLSHEvaluation:63 - numOfHashFunctions = 6
 15:52:49,552  INFO main AbstractTest:runHashFunctionsLSHEvaluation:64 - Avg Recommendation Time = 68.15422907185713
 15:52:55,519  INFO main DataParser:computeSparsity:293 - numOfUsers = 6040
 15:52:55,519  INFO main DataParser:computeSparsity:294 - numOfItems = 3695
 15:52:55,519  INFO main DataParser:computeSparsity:295 - sparsity = 0.0403
 15:52:55,519  INFO main DataParser:readTrainingDataFile:204 - Total train datasize: 900189
 15:52:55,798  INFO main DataParser:readTestDataFile:240 - Total test datasize: 100020
 15:59:48,399  INFO main AbstractTest:calculateLSHMetrics:219 - Avg Top-N Rec Time for one user = 37.26750841750842
 15:59:54,095  INFO main DataParser:computeSparsity:293 - numOfUsers = 6040
 15:59:54,095  INFO main DataParser:computeSparsity:294 - numOfItems = 3697
 15:59:54,095  INFO main DataParser:computeSparsity:295 - sparsity = 0.0403
 15:59:54,095  INFO main DataParser:readTrainingDataFile:204 - Total train datasize: 900189
 15:59:54,348  INFO main DataParser:readTestDataFile:240 - Total test datasize: 100020
 16:05:41,683  INFO main AbstractTest:calculateLSHMetrics:219 - Avg Top-N Rec Time for one user = 32.77927095582059
 16:05:45,369  INFO main DataParser:computeSparsity:293 - numOfUsers = 6040
 16:05:45,369  INFO main DataParser:computeSparsity:294 - numOfItems = 3696
 16:05:45,369  INFO main DataParser:computeSparsity:295 - sparsity = 0.0403
 16:05:45,369  INFO main DataParser:readTrainingDataFile:204 - Total train datasize: 900189
 16:05:45,545  INFO main DataParser:readTestDataFile:240 - Total test datasize: 100020
 16:12:50,955  INFO main AbstractTest:calculateLSHMetrics:219 - Avg Top-N Rec Time for one user = 34.365890433908525
 16:12:50,956  INFO main AbstractTest:runHashFunctionsLSHEvaluation:62 - numOfBands = 5
 16:12:50,956  INFO main AbstractTest:runHashFunctionsLSHEvaluation:63 - numOfHashFunctions = 7
 16:12:50,956  INFO main AbstractTest:runHashFunctionsLSHEvaluation:64 - Avg Recommendation Time = 34.80422326907918
 16:12:58,264  INFO main DataParser:computeSparsity:293 - numOfUsers = 6040
 16:12:58,264  INFO main DataParser:computeSparsity:294 - numOfItems = 3695
 16:12:58,264  INFO main DataParser:computeSparsity:295 - sparsity = 0.0403
 16:12:58,264  INFO main DataParser:readTrainingDataFile:204 - Total train datasize: 900189
 16:12:58,555  INFO main DataParser:readTestDataFile:240 - Total test datasize: 100020
 16:18:32,724  INFO main AbstractTest:calculateLSHMetrics:219 - Avg Top-N Rec Time for one user = 20.476430976430976
 16:18:38,295  INFO main DataParser:computeSparsity:293 - numOfUsers = 6040
 16:18:38,295  INFO main DataParser:computeSparsity:294 - numOfItems = 3697
 16:18:38,295  INFO main DataParser:computeSparsity:295 - sparsity = 0.0403
 16:18:38,296  INFO main DataParser:readTrainingDataFile:204 - Total train datasize: 900189
 16:18:38,545  INFO main DataParser:readTestDataFile:240 - Total test datasize: 100020
 