# ========================================================
# test case : IBLSH1Recommender Hash Functions Evaluation
# ========================================================
fileName = ../../../data/ml-1m/ml-1m
numOfHashTables = 5
IBLSH1RecommenderHashFunctionsPrecision = [0.0014145217797441698, 0.002780397839755005, 0.0047607299572504985, 0.006466449446558793, 0.009832460429139525, 0.01030445812025369, 0.010140116386156639, 0.009761640752815144, 0.009546239298335165, 0.009388374593194247];
IBLSH1RecommenderHashFunctionsPecall = [0.006874707000962755, 0.01401273014847034, 0.02306817701699165, 0.028193854683745804, 0.041126325177758466, 0.04168786013787338, 0.04110975800533499, 0.03954142747852326, 0.03868083007941666, 0.035791405237650085];
IBLSH1RecommenderHashFunctionsDiversity = [0.35957007752399717, 0.23660806937321321, 0.1461104109553919, 0.09823971074307303, 0.08646753413912904, 0.08313368888538365, 0.083956675178589, 0.08111373427774397, 0.09794327739493193, 0.09355704439377711];
IBLSH1RecommenderHashFunctionsAggrDiversity = [831.6666666666666, 2744.3333333333335, 2094.6666666666665, 1883.0, 1774.0, 1868.0, 1890.0, 1890.0, 2203.3333333333335, 2400.3333333333335];
IBLSH1RecommenderHashFunctionsNovelty = [5.994236099605065, 5.116489142874065, 4.370387677473087, 3.9566624669085138, 3.4950794306285204, 3.4481919579274476, 3.3084853592352395, 3.35796516769571, 3.6102356989152895, 3.6863038727040505];
IBLSH1RecommenderHashFunctionsTopN = [20.0, 20.0, 20.0, 20.0, 20.0, 20.0, 20.0, 20.0, 20.0, 20.0];
IBLSH1RecommenderHashFunctionsAvgRecommTime = [360.86663757426055, 293.29741966563756, 205.6861433520484, 128.61372287107213, 60.76080535202686, 27.577087349486934, 15.244427359652894, 8.710768996910838, 4.905737050440352, 3.031971289735362];
IBLSH1RecommenderHashFunctionsCandidateItemListSize = [0.0, 0.0, 0.0, 0.0, 0.0, 0.0, 0.0, 0.0, 0.0, 0.0];
IBLSH1RecommenderHashFunctionsTopNRatioListSize = [1.0, 1.0, 1.0, 1.0, 1.0, 1.0, 1.0, 1.0, 1.0, 1.0];
# ========================================================
# test case : IBLSH1Recommender Hash Tables Evaluation
# ========================================================
fileName = ../../../data/ml-1m/ml-1m
numOfHashFunctions = 6
IBLSH1RecommenderHashTablesPrecision = [0.002027402837174179, 0.004207168862577766, 0.00600377033470485, 0.007296400098902512, 0.008753482240487059, 0.009269108158343631, 0.009697891516918722, 0.012240328662333863, 0.012821380705228346, 0.013171301200615139];
IBLSH1RecommenderHashTablesRecall = [0.010271045067518829, 0.020326629876456847, 0.0266588739264738, 0.031499736459206486, 0.03675436967904597, 0.038833346529989425, 0.03935493949166948, 0.048401030153957365, 0.05069175823404648, 0.05062920152324112];
IBLSH1RecommenderHashTablesDiversity = [0.321213915913155, 0.22229823285841335, 0.13454830587269273, 0.11313593777308069, 0.08750812380974882, 0.0850969305746835, 0.08175085403524597, 0.06946419792650553, 0.06290928635927112, 0.06569605802633949];
IBLSH1RecommenderHashTablesAggrDiversity = [1629.0, 2480.0, 2373.0, 2135.0, 1915.3333333333333, 1952.3333333333333, 1882.6666666666667, 1793.0, 1464.3333333333333, 1721.3333333333333];
IBLSH1RecommenderHashTablesNovelty = [5.6401000384044115, 5.024127659062997, 4.292312812840863, 3.9248420518017184, 3.6608207648522915, 3.563469564627482, 3.5442627052493685, 3.2664788407803926, 2.9188268793114, 3.106353570462329];
IBLSH1RecommenderHashTablesTopN = [20.0, 20.0, 20.0, 20.0, 20.0, 20.0, 20.0, 20.0, 20.0, 20.0];
IBLSH1RecommenderHashTablesAvgRecommTime = [4.706463781698324, 9.309016257461282, 15.323495022411544, 21.969629249870874, 27.793070804584534, 34.12889929777364, 43.69475530354979, 48.221812262101075, 65.20624631838828, 67.25490220006954];
IBLSH1RecommenderHashTablesCandidateItemListSize = [0.0, 0.0, 0.0, 0.0, 0.0, 0.0, 0.0, 0.0, 0.0, 0.0];
IBLSH1RecommenderHashTablesTopNRatioListSize = [1.0, 1.0, 1.0, 1.0, 1.0, 1.0, 1.0, 1.0, 1.0, 1.0];
# ========================================================
# test case : IBLSH2Recommender Hash Functions Evaluation
# ========================================================
fileName = ../../../data/ml-1m/ml-1m
numOfHashTables = 5
IBLSH2RecommenderHashFunctionsPrecision = [0.001035131954317995, 0.001023191661434879, 0.001404642826475045, 0.0013028840844942467, 0.0014184023140849265, 0.001743269041302228, 0.0015815270450936986, 0.0018815353517648492, 0.002199173464600507, 0.0023660879359535757];
IBLSH2RecommenderHashFunctionsPecall = [0.005442950116312826, 0.005719165034129849, 0.00658895706517184, 0.0074196138701445764, 0.0074488694714136576, 0.009188870620178842, 0.008859826962027063, 0.010337847926696916, 0.011715472224483166, 0.012338442082702648];
IBLSH2RecommenderHashFunctionsDiversity = [0.4167573819961183, 0.4035441038325547, 0.38854295247577725, 0.3647715224990109, 0.35390282646705523, 0.3274243750845694, 0.32326354398352586, 0.29592088171676423, 0.2847967912026868, 0.25878073759607384];
IBLSH2RecommenderHashFunctionsAggrDiversity = [3696.0, 3696.0, 3696.0, 3696.0, 3696.0, 3696.0, 3695.6666666666665, 3693.6666666666665, 3694.0, 3684.0];
IBLSH2RecommenderHashFunctionsNovelty = [6.2455244482979095, 6.173456100485198, 6.083980077907448, 5.931700079458278, 5.874912188497787, 5.708136144277052, 5.686462938008455, 5.492130373889521, 5.402352510291448, 5.263331173512756];
IBLSH2RecommenderHashFunctionsTopN = [20.0, 20.0, 20.0, 20.0, 20.0, 20.0, 20.0, 20.0, 20.0, 20.0];
IBLSH2RecommenderHashFunctionsAvgRecommTime = [115.40541812825859, 74.34774340107764, 48.93256930984756, 32.93671995136761, 19.255094863710976, 10.903483980366856, 4.526042502195337, 2.8840824790368944, 1.6955499269853063, 1.2492861904852948];
IBLSH2RecommenderHashFunctionsCandidateItemListSize = [0.0, 0.0, 0.0, 0.0, 0.0, 0.0, 0.0, 0.0, 0.0, 0.0];
IBLSH2RecommenderHashFunctionsTopNRatioListSize = [1.0, 1.0, 1.0, 1.0, 1.0, 1.0, 1.0, 1.0, 1.0, 1.0];
# ========================================================
# test case : IBLSH2Recommender Hash Tables Evaluation
# ========================================================
fileName = ../../../data/ml-1m/ml-1m
numOfHashFunctions = 6
IBLSH2RecommenderHashTablesPrecision = [0.0015829754428181764, 0.0018397374226597231, 0.0014960046114432335, 0.001510017742763433, 0.0017590683315863182, 0.001534280638316986, 0.001579769188428242, 0.0016394274814337227, 0.001411751533771827, 0.0013994969018303212];
IBLSH2RecommenderHashTablesRecall = [0.007658355974613766, 0.009376673031612355, 0.008026605790721111, 0.007675918961661283, 0.009107322771760946, 0.008282229672312229, 0.008465830310954625, 0.008815462333225443, 0.008208155463159282, 0.007935638818691337];
IBLSH2RecommenderHashTablesDiversity = [0.3561046229301801, 0.31243790462441495, 0.3250933172379548, 0.3248100915824502, 0.31287874049424375, 0.33324383921247025, 0.32487983118791286, 0.3263054952119018, 0.3256336238992373, 0.3296841531862041];
IBLSH2RecommenderHashTablesAggrDiversity = [3679.0, 3692.0, 3695.3333333333335, 3696.0, 3696.0, 3696.0, 3696.0, 3696.0, 3696.0, 3696.0];
IBLSH2RecommenderHashTablesNovelty = [5.902038770112626, 5.624421744308523, 5.709985286727284, 5.708504319389852, 5.6190973816285235, 5.749493109696769, 5.70050107580436, 5.71062444919339, 5.709312076666666, 5.730144513178035];
IBLSH2RecommenderHashTablesTopN = [20.0, 20.0, 20.0, 20.0, 20.0, 20.0, 20.0, 20.0, 20.0, 20.0];
IBLSH2RecommenderHashTablesAvgRecommTime = [1.3528066315846294, 3.0840209126880977, 4.692224601967069, 7.0386380750385795, 10.556641295319219, 11.949649061056748, 15.87231882700379, 18.926604240602035, 21.06781648059884, 23.086012319339755];
IBLSH2RecommenderHashTablesCandidateItemListSize = [0.0, 0.0, 0.0, 0.0, 0.0, 0.0, 0.0, 0.0, 0.0, 0.0];
IBLSH2RecommenderHashTablesTopNRatioListSize = [1.0, 1.0, 1.0, 1.0, 1.0, 1.0, 1.0, 1.0, 1.0, 1.0];
# ========================================================
# test case : UBLSH1Recommender Hash Functions Evaluation
# ========================================================
fileName = ../../../data/ml-1m/ml-1m
numOfHashTables = 5
UBLSH1RecommenderHashFunctionsPrecision = [0.0012107453296942017, 0.001618928228714663, 0.002219296168042151, 0.002541695983308348, 0.0033890442931142155, 0.004476767607716316, 0.005613914573049761, 0.006643253779600702, 0.0073558852163794234, 0.00899404767056535];
UBLSH1RecommenderHashFunctionsPecall = [0.007543512032055634, 0.008926235739493532, 0.011516429195732751, 0.013898914767766906, 0.01717405308034027, 0.021835511713919956, 0.026110819420360542, 0.030954091292231967, 0.03415651333610923, 0.0388537586846433];
UBLSH1RecommenderHashFunctionsDiversity = [0.32479175090206186, 0.2500105812747403, 0.15863127536474805, 0.12410809346687528, 0.10188782696370169, 0.07518087615599886, 0.07070006406374973, 0.06291621825517629, 0.06138926177235093, 0.05861837094970956];
UBLSH1RecommenderHashFunctionsAggrDiversity = [528.6666666666666, 839.3333333333334, 1997.3333333333333, 2595.0, 2647.0, 2712.0, 2630.0, 2528.0, 2455.3333333333335, 2438.3333333333335];
UBLSH1RecommenderHashFunctionsNovelty = [5.488503675231768, 5.1589819215853, 4.5359470928362535, 4.309004882586313, 3.993646040917786, 3.650644595216415, 3.429517876523631, 3.1447958998548224, 2.960679013104974, 2.8146638418063135];
UBLSH1RecommenderHashFunctionsTopN = [20.0, 20.0, 20.0, 20.0, 20.0, 20.0, 20.0, 20.0, 20.0, 20.0];
UBLSH1RecommenderHashFunctionsAvgRecommTime = [9.640185871582915, 11.153042414257191, 11.026735032115937, 10.000433716480314, 8.245013044800652, 6.628811822637307, 5.171952394824779, 3.6067078800300956, 2.662717843553072, 1.890161586544471];
UBLSH1RecommenderHashFunctionsCandidateItemListSize = [0.0, 0.0, 0.0, 0.0, 0.0, 0.0, 0.0, 0.0, 0.0, 0.0];
UBLSH1RecommenderHashFunctionsTopNRatioListSize = [1.0, 1.0, 1.0, 1.0, 1.0, 1.0, 1.0, 1.0, 1.0, 1.0];
# ========================================================
# test case : UBLSH1Recommender Hash Tables Evaluation
# ========================================================
fileName = ../../../data/ml-1m/ml-1m
numOfHashFunctions = 6
UBLSH1RecommenderHashTablesPrecision = [0.0036150107639548097, 0.003580828114552567, 0.0036178206246506536, 0.0038944061015430756, 0.004432102076781247, 0.0048991729346899585, 0.004416110732707444, 0.0049533323743749386, 0.004836434313054345, 0.005011869775488085];
UBLSH1RecommenderHashTablesRecall = [0.013492100560198006, 0.015556891464540623, 0.016971699476386822, 0.019237945714952902, 0.020770445480036325, 0.022703111929858615, 0.021729455409834966, 0.024191831154096243, 0.023789560496171345, 0.024902879870277197];
UBLSH1RecommenderHashTablesDiversity = [0.16638234436048635, 0.11111633113009205, 0.08589402016174885, 0.07975252797142225, 0.0778096733601758, 0.07751749397598968, 0.07415049641827345, 0.07327169549172266, 0.07334944031826642, 0.07265918306523969];
UBLSH1RecommenderHashTablesAggrDiversity = [2588.3333333333335, 2727.6666666666665, 2725.3333333333335, 2703.3333333333335, 2687.3333333333335, 2613.0, 2613.3333333333335, 2534.3333333333335, 2501.6666666666665, 2493.6666666666665];
UBLSH1RecommenderHashTablesNovelty = [4.6176634625373305, 4.2118746917737155, 3.9475079231350225, 3.768484686758471, 3.685423017524958, 3.5778059438030128, 3.5282770906979284, 3.4768194264221175, 3.4500444667885066, 3.406964328776412];
UBLSH1RecommenderHashTablesTopN = [20.0, 20.0, 20.0, 20.0, 20.0, 20.0, 20.0, 20.0, 20.0, 20.0];
UBLSH1RecommenderHashTablesAvgRecommTime = [2.3943110549995823, 3.7886036441882953, 4.858146492633099, 5.564362879992778, 6.5815887833550235, 7.264995850790652, 7.753304071590965, 8.311103524544569, 8.770168569301074, 9.055346620473715];
UBLSH1RecommenderHashTablesCandidateItemListSize = [0.0, 0.0, 0.0, 0.0, 0.0, 0.0, 0.0, 0.0, 0.0, 0.0];
UBLSH1RecommenderHashTablesTopNRatioListSize = [1.0, 1.0, 1.0, 1.0, 1.0, 1.0, 1.0, 1.0, 1.0, 1.0];
# ========================================================
# test case : UBLSH2Recommender Hash Functions Evaluation
# ========================================================
fileName = ../../../data/ml-1m/ml-1m
numOfHashTables = 5
UBLSH2RecommenderHashFunctionsPrecision = [0.001199680006239304, 0.0010986692237926262, 0.0013399520256954648, 0.0012721548161429405, 0.00135992254627217, 0.0015740068134384585, 0.001795630653807859, 0.001989748461614122, 0.002435774274523531, 0.0024099630184269967];
UBLSH2RecommenderHashFunctionsPecall = [0.006648204492043851, 0.005855001195981392, 0.007142304115425037, 0.007436625097642643, 0.00781511291539227, 0.008632399272978762, 0.009879957789986694, 0.011192901022390041, 0.012579053996304846, 0.0136293974289508];
UBLSH2RecommenderHashFunctionsDiversity = [0.3330838249622847, 0.3189350683742982, 0.28060109357646773, 0.2486504957229434, 0.21587190216993632, 0.18778175924082274, 0.1644206158851475, 0.14498425487666758, 0.12504472563249266, 0.11395929041174546];
UBLSH2RecommenderHashFunctionsAggrDiversity = [3696.0, 3696.0, 3695.6666666666665, 3695.3333333333335, 3684.6666666666665, 3670.6666666666665, 3645.3333333333335, 3620.3333333333335, 3579.0, 3545.0];
UBLSH2RecommenderHashFunctionsNovelty = [5.7148418302975115, 5.683853931095663, 5.493051598354161, 5.308992891005251, 5.117547114129935, 4.934132299902225, 4.7728909546106975, 4.605045454628855, 4.405840414969133, 4.290180919070649];
UBLSH2RecommenderHashFunctionsTopN = [20.0, 20.0, 20.0, 20.0, 20.0, 20.0, 20.0, 20.0, 20.0, 20.0];
UBLSH2RecommenderHashFunctionsAvgRecommTime = [3.605092754213324, 3.2834651860528847, 3.0480680542929393, 2.39744045885933, 1.9090796868603654, 1.3294757712981342, 0.938726076883272, 0.6672566050371275, 0.4629617833172242, 0.33180330458554513];
UBLSH2RecommenderHashFunctionsCandidateItemListSize = [0.0, 0.0, 0.0, 0.0, 0.0, 0.0, 0.0, 0.0, 0.0, 0.0];
UBLSH2RecommenderHashFunctionsTopNRatioListSize = [1.0, 1.0, 1.0, 1.0, 1.0, 1.0, 1.0, 1.0, 1.0, 1.0];
# ========================================================
# test case : UBLSH2Recommender Hash Tables Evaluation
# ========================================================
fileName = ../../../data/ml-1m/ml-1m
numOfHashFunctions = 6
UBLSH2RecommenderHashTablesPrecision = [0.0016413218488112128, 0.0014916500811600504, 0.0016061980930057488, 0.0016295639676890607, 0.0014980536356898565, 0.0015853395669441987, 0.0016331592960216548, 0.001807170490694003, 0.0016249100249876604, 0.0018677860428109472];
UBLSH2RecommenderHashTablesRecall = [0.008645316124473683, 0.00839368269204978, 0.008811431911360775, 0.008486633478119206, 0.008285123287031055, 0.009064780217192262, 0.009040620255889826, 0.009365516835407943, 0.008689346532191741, 0.00946857451793273];
UBLSH2RecommenderHashTablesDiversity = [0.16103589385846437, 0.17408023489197966, 0.17585278882972133, 0.1878929131676361, 0.18935483845001574, 0.19550323703619146, 0.19647067496506132, 0.20444484642159436, 0.20456367459982316, 0.20824158884600943];
UBLSH2RecommenderHashTablesAggrDiversity = [3609.3333333333335, 3641.0, 3649.6666666666665, 3664.3333333333335, 3670.6666666666665, 3677.6666666666665, 3680.0, 3682.6666666666665, 3685.0, 3686.6666666666665];
UBLSH2RecommenderHashTablesNovelty = [4.821526355187718, 4.867613218779595, 4.872135315362672, 4.946388680178376, 4.951052143665721, 4.982045802249369, 4.984667532734471, 5.032021322360703, 5.024520420153421, 5.050810655680913];
UBLSH2RecommenderHashTablesTopN = [20.0, 20.0, 20.0, 20.0, 20.0, 20.0, 20.0, 20.0, 20.0, 20.0];
UBLSH2RecommenderHashTablesAvgRecommTime = [0.40235907685549677, 0.6467145085618046, 0.8820528599390252, 1.2199568787487571, 1.3789917120514155, 1.6129796095860343, 1.674191035357085, 1.9815129230338264, 2.090614201724656, 2.1807713515027416];
UBLSH2RecommenderHashTablesCandidateItemListSize = [0.0, 0.0, 0.0, 0.0, 0.0, 0.0, 0.0, 0.0, 0.0, 0.0];
UBLSH2RecommenderHashTablesTopNRatioListSize = [1.0, 1.0, 1.0, 1.0, 1.0, 1.0, 1.0, 1.0, 1.0, 1.0];
