# ========================================================
# test case: UBKNNLSHHashTables Prediction Performance
# ========================================================
dataFileBase = data/yahoo-music/yahoo-music
k = 20
numOfHashTables = 5
numOfHashFunctions = 6
UBKNNLSHHashTablesMaeList =  [1.4050944953642568, 1.3106309639152554, 1.2899755956709327, 1.2765972322741492, 1.2686397401640725, 1.2663952327607535, 1.2638721539124609, 1.2630249813299876, 1.2579617484861592, 1.2537009903639877];
UBKNNLSHHashTablesRuntimeList = [0.20784741689314531, 0.26666200702768755, 0.3931074223997986, 0.42498972679071384, 0.4993661606122177, 0.5823044856406604, 0.6587731291586911, 0.7008932640597939, 0.7969373803664205, 0.8706316652994257];
UBKNNLSHHashTablesCandidateSetList = [323.90848300345624, 642.3761557652991, 981.294348619614, 1251.907521210834, 1540.102030194136, 1911.4338192663015, 2132.0524477649938, 2335.6272174091278, 2624.9279291091593, 2936.8975182547724];
UBKNNLSHHashTablesPredictionCoverageList  = [0.9563759001002644, 0.9949958982772765, 0.9991523106371343, 0.9998359310910582, 0.9999544253030718, 0.9999908850606144, 1.0, 1.0, 1.0, 1.0];
# ========================================================
# test case: UBKNNLSHHashFunctions Prediction Performance
# ========================================================
dataFileBase = data/yahoo-music/yahoo-music
k = 20
numOfHashTables = 5
numOfHashFunctions = 6
UBKNNLSHHashFunctionsMaeList =  [1.2536961507328865, 1.251422847962328, 1.2525347519436763, 1.2513876789540679, 1.2621609654428478, 1.2720053154291688, 1.2873198269682353, 1.3174857249970813, 1.3942772917905069, 1.532380637682658];
UBKNNLSHHashFunctionsRuntimeList = [4.312633305988515, 3.8410536869929817, 2.63245829915231, 1.6240087503418101, 0.9509342812870294, 0.5360828536112873, 0.32897914321467736, 0.22732166696598521, 0.16526278062681898, 0.14261924744204554];
UBKNNLSHHashFunctionsCandidateSetList = [14975.587760948367, 12484.825597284924, 8519.766896041045, 5150.796172204281, 2886.982884585448, 1508.3134559790217, 824.0665930570445, 461.18752897249095, 242.22203398307818, 139.11279678096432];
UBKNNLSHHashFunctionsPredictionCoverageList  = [1.0, 1.0, 1.0, 1.0, 1.0, 0.9999544253030718, 0.9989700118494212, 0.9912040834928447, 0.9609242548537053, 0.8947589098532495];
# ========================================================
# test case: IBKNNLSHHashTables Prediction Performance
# ========================================================
dataFileBase = data/yahoo-music/yahoo-music
k = 20
numOfHashTables = 5
numOfHashFunctions = 6
IBKNNLSHHashTablesMaeList =  [2.7929118024014814, 1.8183203560125485, 1.4806390140870624, 1.3431428419117941, 1.2785847098150154, 1.2061657528534069, 1.1601299716886515, 1.1342457151063345, 1.1208363287623238, 1.1022202762557796];
IBKNNLSHHashTablesRuntimeList = [0.24432811271100455, 0.2709617311057665, 0.3392969610725975, 0.34586047465751646, 0.4045731235780028, 0.477110749839685, 0.5293267781015367, 0.5996886154799367, 0.632421857625423, 0.663127674109396];
IBKNNLSHHashTablesCandidateSetList = [18.43036259680296, 37.271994079527694, 55.87554906717157, 70.54564519458451, 86.29759670096348, 103.66796162751076, 122.36785711542257, 135.19242583287084, 148.8919481328545, 164.98280063476798];
IBKNNLSHHashTablesPredictionCoverageList  = [0.40943396226415096, 0.6202625102543068, 0.7547899006471607, 0.8162975116215477, 0.8638319205177286, 0.9035092516634764, 0.9305715066994805, 0.9459484094430772, 0.9561936013125513, 0.9665937471515814];
# ========================================================
# test case: IBKNNLSHHashFunctions Prediction Performance
# ========================================================
dataFileBase = data/yahoo-music/yahoo-music
k = 20
numOfHashTables = 5
numOfHashFunctions = 6
IBKNNLSHHashFunctionsMaeList =  [1.0039439521433702, 1.010504139841922, 1.0220549788718696, 1.0489749303052374, 1.106625076642592, 1.2472259650386708, 1.5982591750976047, 2.2459082129500842, 3.195711006756753, 5.28405680070411];
IBKNNLSHHashFunctionsRuntimeList = [2.975772491112934, 2.4456020417464224, 1.772876225902244, 1.05462289613668, 0.6709309990776355, 0.45308429525850963, 0.2883632258134513, 0.2095961969348226, 0.20571462790892533, 0.1820968628306915];
IBKNNLSHHashFunctionsCandidateSetList = [971.956191655358, 772.8170328636683, 519.8578331204935, 308.4728832442438, 167.7582173427559, 88.53404455072364, 45.374366002859425, 22.92147926971924, 12.95524749748393, 6.339304937237572];
IBKNNLSHHashFunctionsPredictionCoverageList  = [1.0, 1.0, 0.9996354024245738, 0.9946039558836933, 0.9633397137909032, 0.8721174004192873, 0.7041928721174004, 0.5064078023881141, 0.36164433506517185, 0.2137909032904931];
# ========================================================
# test case: IBLSH1HashTables Prediction Performance
# ========================================================
dataFileBase = data/yahoo-music/yahoo-music
k = 20
numOfHashTables = 5
numOfHashFunctions = 6
IBLSH1HashTablesMaeList =  [2.8241501045598616, 1.8209615442048446, 1.4949762436006162, 1.353138027959659, 1.2662949749662316, 1.207059413841013, 1.1671110530154771, 1.142226372820941, 1.1102088390176377, 1.0991005810257428];
IBLSH1HashTablesRuntimeList = [0.0018229878771306171, 0.004047033087229969, 0.005204630389207912, 0.007656549083948592, 0.009351927809680064, 0.012788259958071278, 0.0144745237444171, 0.016060523197520736, 0.017582718074924803, 0.0203810044663203];
IBLSH1HashTablesCandidateSetList = [17.885024154589374, 39.09858718439523, 54.09731109288123, 70.72100082034454, 88.56379546076018, 105.28617263695196, 120.01190411083768, 135.34106280193237, 157.35387840670862, 173.10277094157325];
IBLSH1HashTablesPredictionCoverageList  = [0.40594294047944574, 0.6192234071643423, 0.7446540880503144, 0.8169264424391578, 0.8687904475435237, 0.9014219305441618, 0.9251754625831738, 0.9430042840215113, 0.9602770941573238, 0.969546987512533];
# ========================================================
# test case: IBLSH1HashFunctions Prediction Performance
# ========================================================
dataFileBase = data/yahoo-music/yahoo-music
k = 20
numOfHashTables = 5
numOfHashFunctions = 6
IBLSH1HashFunctionsMaeList =  [1.0302309036119943, 1.0308543892685296, 1.0343925400171843, 1.0579342302537442, 1.111787642751253, 1.2615451742956727, 1.604970686711047, 2.354013243242908, 3.2514724519933624, 5.402185603494822];
IBLSH1HashFunctionsRuntimeList = [0.46441527663841037, 0.2657369428493301, 0.12009844134536506, 0.057223589463130074, 0.02699845046030444, 0.009315468052137453, 0.004721538601768298, 0.0024519186947406803, 0.001394585726004922, 6.289308176100629E-4];
IBLSH1HashFunctionsCandidateSetList = [971.5203536596482, 783.0661926898186, 527.2825722358947, 300.013991431957, 169.41877677513443, 88.44922067268253, 46.068589918877045, 23.81138455929268, 13.779810409260778, 7.101832102816516];
IBLSH1HashFunctionsPredictionCoverageList  = [1.0, 1.0, 0.9997447816972017, 0.9940205997630116, 0.9629477713973201, 0.8685078844225687, 0.6973657825175463, 0.481870385561936, 0.3522832923161061, 0.20827636496217297];
# ========================================================
# test case: IBLSH2HashTables Prediction Performance
# ========================================================
dataFileBase = data/yahoo-music/yahoo-music
k = 20
numOfHashTables = 5
numOfHashFunctions = 6
IBLSH2HashTablesMaeList =  [3.7211822972680535, 2.475294890332103, 1.895792507432885, 1.6177256940370606, 1.479387085538522, 1.3736289969913955, 1.3132562780793418, 1.2756575551478644, 1.2148757735309126, 1.2005620699788109];
IBLSH2HashTablesRuntimeList = [8.112296053231246E-4, 0.0012396317564488198, 0.0019050223316014947, 0.0025795278461398234, 0.003390757451462948, 0.003545711421019051, 0.004393400783884787, 0.004776228238082217, 0.005742411812961444, 0.0061890438428584445];
IBLSH2HashTablesCandidateSetList = [18.511603317837935, 36.07530762920427, 54.60631665299425, 74.87581806580987, 88.4258590830371, 108.6153769027436, 124.34696016771488, 135.63619542430044, 157.3603500136724, 167.34817245465317];
IBLSH2HashTablesPredictionCoverageList  = [0.30807583629568863, 0.4625467140643515, 0.5991431956977487, 0.7011849421201349, 0.7578069455838118, 0.8164980402880321, 0.847844316835293, 0.8708777686628384, 0.9040561480266156, 0.9115121684440798];
# ========================================================
# test case: IBLSH2HashFunctions Prediction Performance
# ========================================================
dataFileBase = data/yahoo-music/yahoo-music
k = 20
numOfHashTables = 5
numOfHashFunctions = 6
IBLSH2HashFunctionsMaeList =  [1.0395419991074153, 1.0412591780089433, 1.055081234837597, 1.096778189886766, 1.2055894175424735, 1.4660542785383108, 1.9359011152290855, 2.883838894196768, 4.521373373336122, 7.682970434947128];
IBLSH2HashFunctionsRuntimeList = [0.032877586364050686, 0.026333059885151763, 0.01852155683164707, 0.010910582444626742, 0.006006745055145383, 0.002761826633852885, 0.0019050223316014949, 8.659192416370431E-4, 6.562756357670223E-4, 3.7371251481177654E-4];
IBLSH2HashFunctionsCandidateSetList = [971.7941026342174, 792.2259228876128, 511.3222039923435, 303.79195150852246, 172.37904475435235, 89.23873849238902, 48.76803390757451, 25.184504603044388, 14.196682162063622, 7.214921155774316];
IBLSH2HashFunctionsPredictionCoverageList  = [1.0, 0.9999453103636861, 0.9972564032449185, 0.9768845137179838, 0.9105004101722723, 0.7687995624829095, 0.5872117400419287, 0.39657278279099445, 0.2555829003737125, 0.1459666393218485];
# ========================================================
# test case: UBLSH1HashTables Prediction Performance
# ========================================================
dataFileBase = data/yahoo-music/yahoo-music
k = 20
numOfHashTables = 5
numOfHashFunctions = 6
UBLSH1HashTablesMaeList =  [1.4203870466295032, 1.3327661029239612, 1.3143122529366864, 1.309110548501749, 1.3044118483635545, 1.2985742972756855, 1.2979308226154596, 1.299480884963895, 1.2980660240917266, 1.2958450040130536];
UBLSH1HashTablesRuntimeList = [0.06439704675963905, 0.11469328228967278, 0.15174551089235255, 0.18506972928630025, 0.25638501503965, 0.3459666393218485, 0.3595478990064716, 0.37158873393491937, 0.40909670950688176, 0.5109014675052411];
UBLSH1HashTablesCandidateSetList = [365.1158599945311, 642.2099170540515, 908.8322304256677, 1192.4383192051773, 1569.6345000455747, 2001.1264059794003, 2159.2099899735663, 2349.702424573876, 2606.659110381916, 2927.2151946039558];
UBLSH1HashTablesPredictionCoverageList  = [0.9549813143742595, 0.9947953696107921, 0.9992070002734481, 0.9998723908486008, 0.9999817701212287, 0.9999817701212287, 0.9999908850606144, 1.0, 1.0, 1.0];
# ========================================================
# test case: UBLSH1HashFunctions Prediction Performance
# ========================================================
dataFileBase = data/yahoo-music/yahoo-music
k = 20
numOfHashTables = 5
numOfHashFunctions = 6
UBLSH1HashFunctionsMaeList =  [1.3101505983890582, 1.3060908823293937, 1.3021323714079822, 1.3053691336972648, 1.3015700373122863, 1.3048490472973782, 1.3088010688453817, 1.3343109715415946, 1.4105970015671585, 1.5515663402265352];
UBLSH1HashFunctionsRuntimeList = [14.128283656913682, 12.525339531492115, 4.445419742958709, 1.8062163886610154, 0.9245829915231064, 0.2215112569501413, 0.12250478534317748, 0.05890985324947589, 0.028912587731291586, 0.013553914866466137];
UBLSH1HashFunctionsCandidateSetList = [14985.412168444078, 12099.646431501233, 8267.435730562393, 5068.468106827089, 2811.8413271351747, 1476.0875125330415, 869.6766657551728, 448.319451280649, 245.6214109926169, 132.24125421565947];
UBLSH1HashFunctionsPredictionCoverageList  = [1.0, 1.0, 1.0, 1.0, 1.0, 0.9999726551818431, 0.9990520463038921, 0.9901649804028803, 0.9587275544617628, 0.8891076474341446];
# ========================================================
# test case: UBLSH2HashTables Prediction Performance
# ========================================================
dataFileBase = data/yahoo-music/yahoo-music
k = 20
numOfHashTables = 5
numOfHashFunctions = 6
UBLSH2HashTablesMaeList =  [1.5165665099830636, 1.3697598227663421, 1.332124299428926, 1.3158626336341486, 1.312114777018661, 1.3096449220068003, 1.3066709076478935, 1.3071368946158841, 1.3058623746476596, 1.3034555764537281];
UBLSH2HashTablesRuntimeList = [0.00921520371889527, 0.015486282016224593, 0.02011667122413636, 0.024701485735119863, 0.026488013854707865, 0.030507702123780876, 0.033069000091149395, 0.042028985507246375, 0.03563941299790357, 0.036651171269711055];
UBLSH2HashTablesCandidateSetList = [308.5666940114848, 600.5174368790448, 982.2163248564398, 1280.1211466593747, 1563.5076838939021, 1895.9153951326225, 2204.9462127426855, 2473.795633944034, 2647.2417555373254, 2903.6903199343724];
UBLSH2HashTablesPredictionCoverageList  = [0.9164342357123325, 0.9826816151672592, 0.996189955336797, 0.9989882417281924, 0.999553367970103, 0.9998268161516727, 0.9999726551818431, 0.9999908850606144, 0.9999908850606144, 1.0];
# ========================================================
# test case: UBLSH2HashFunctions Prediction Performance
# ========================================================
dataFileBase = data/yahoo-music/yahoo-music
k = 20
numOfHashTables = 5
numOfHashFunctions = 6
UBLSH2HashFunctionsMaeList =  [1.3135539148664492, 1.312738778858531, 1.3101822976454767, 1.3096819855291186, 1.3120447480338486, 1.3128238539252195, 1.3365922735103395, 1.393170093124602, 1.5070535798056013, 1.7867823635310642];
UBLSH2HashFunctionsRuntimeList = [0.05837207182572235, 0.0555464406161699, 0.049667304712423664, 0.04555646704949412, 0.03778142375353204, 0.027609151399143193, 0.01955154498222587, 0.0118129614438064, 0.007802388114119041, 0.004220216935557379];
UBLSH2HashFunctionsCandidateSetList = [14987.023944945766, 12408.523088141463, 8420.179536961079, 5155.262072737216, 2778.718621821165, 1511.9723726187221, 856.1316744143652, 429.3218029350105, 249.19617172545804, 118.58624555646706];
UBLSH2HashFunctionsPredictionCoverageList  = [1.0, 1.0, 1.0, 1.0, 1.0, 0.9995807127882599, 0.9955154498222587, 0.9696472518457752, 0.9161152128338346, 0.7977850697292862];
