# ========================================================
# test case : IBLSH1Recommender Hash Functions Evaluation
# ========================================================
fileName = data/yahoo-music/yahoo-music
numOfHashTables = 5
IBLSH1RecommenderHashFunctionsPrecision = [0.005163225532003823, 0.004860640110265508, 0.006063208514812368, 0.00872348861862384, 0.0074775115029216315, 0.008429695730014033, 0.006715856248399155, 0.008073386088261697, 0.005785101900178878, 0.006442254464040377];
IBLSH1RecommenderHashFunctionsPecall = [0.025681522966325903, 0.025306024172639788, 0.033051540476563085, 0.041643955945717605, 0.037764402753025, 0.04214651655049678, 0.03425313516896357, 0.037762458210417404, 0.02850290641802089, 0.03043970234129816];
IBLSH1RecommenderHashFunctionsDiversity = [0.2301753008883519, 0.2584094923980507, 0.2332770455836375, 0.23085183877178253, 0.23717699100637976, 0.23393061779955449, 0.24729768723069856, 0.24271277677804523, 0.24811535463747492, 0.25011895474841167];
IBLSH1RecommenderHashFunctionsAggrDiversity = [577.0, 999.3333333333334, 995.3333333333334, 1000.0, 999.3333333333334, 1000.0, 1000.0, 1000.0, 998.3333333333334, 987.6666666666666];
IBLSH1RecommenderHashFunctionsNovelty = [5.873777471658442, 6.004637099806913, 5.930924929164173, 5.796834598058925, 5.890459838160709, 5.8683292010229025, 5.941714146387302, 5.886200027048365, 6.01697893099547, 5.999842034745304];
IBLSH1RecommenderHashFunctionsTopN = [20.0, 20.0, 20.0, 20.0, 20.0, 20.0, 20.0, 20.0, 20.0, 20.0];
IBLSH1RecommenderHashFunctionsAvgRecommTime = [6.772279531735243, 5.222616675933073, 3.6772121504254716, 2.14916555874026, 1.435375844652705, 0.9424271770759733, 0.5874477436301272, 0.3579253740000093, 0.20267652920916757, 0.13860101222897422];
IBLSH1RecommenderHashFunctionsCandidateItemListSize = [0.0, 0.0, 0.0, 0.0, 0.0, 0.0, 0.0, 0.0, 0.0, 0.0];
IBLSH1RecommenderHashFunctionsTopNRatioListSize = [1.0, 1.0, 1.0, 1.0, 1.0, 1.0, 1.0, 1.0, 1.0, 1.0];
# ========================================================
# test case : IBLSH1Recommender Hash Tables Evaluation
# ========================================================
fileName = data/yahoo-music/yahoo-music
numOfHashFunctions = 6
IBLSH1RecommenderHashTablesPrecision = [0.0037921376421246717, 0.007092356169231067, 0.007225378711810593, 0.006794314317013535, 0.007749670363631416, 0.006856353295548421, 0.010407527549522688, 0.01084042361888487, 0.006721008830228157, 0.009485850061324328];
IBLSH1RecommenderHashTablesRecall = [0.020646359974129183, 0.034717184893651505, 0.03693766657206596, 0.03244894139344254, 0.03776531034979011, 0.03227955118317781, 0.04623562992832603, 0.04972843942921316, 0.034486657664860636, 0.044809782949126874];
IBLSH1RecommenderHashTablesDiversity = [0.2631352934273338, 0.246216832783835, 0.23127157633400072, 0.2523232595651046, 0.2347591432713559, 0.2467483114488337, 0.23006103905363018, 0.2311560610637553, 0.2268564538453228, 0.23507333050103896];
IBLSH1RecommenderHashTablesAggrDiversity = [997.0, 998.3333333333334, 998.0, 1000.0, 1000.0, 1000.0, 999.0, 999.6666666666666, 998.6666666666666, 1000.0];
IBLSH1RecommenderHashTablesNovelty = [6.064321261528903, 5.913368264930015, 5.8634103214822995, 5.9660075846293426, 5.889053899327373, 5.9999004927708866, 5.813124983176837, 5.764499279887919, 5.914969257541114, 5.809609417750001];
IBLSH1RecommenderHashTablesTopN = [20.0, 20.0, 20.0, 20.0, 20.0, 20.0, 20.0, 20.0, 20.0, 20.0];
IBLSH1RecommenderHashTablesAvgRecommTime = [0.2173930595842324, 0.42935706148005215, 0.6518006730758398, 0.7867296797581645, 0.9253830520354107, 1.0561179981208306, 1.198041807067547, 1.3385690667573489, 1.4179869900600484, 1.5356328866614593];
IBLSH1RecommenderHashTablesCandidateItemListSize = [0.0, 0.0, 0.0, 0.0, 0.0, 0.0, 0.0, 0.0, 0.0, 0.0];
IBLSH1RecommenderHashTablesTopNRatioListSize = [1.0, 1.0, 1.0, 1.0, 1.0, 1.0, 1.0, 1.0, 1.0, 1.0];
# ========================================================
# test case : IBLSH2Recommender Hash Functions Evaluation
# ========================================================
fileName = data/yahoo-music/yahoo-music
numOfHashTables = 5
IBLSH2RecommenderHashFunctionsPrecision = [0.0033967362565714763, 0.003691643127996559, 0.0038661850777301984, 0.004142496230896162, 0.004251660880399618, 0.004456621195323962, 0.004670990833680167, 0.0050626852182964616, 0.005249212325426085, 0.006576281303797453];
IBLSH2RecommenderHashFunctionsPecall = [0.019220554081426866, 0.021001854094317613, 0.020993952647059676, 0.022321401895403572, 0.023069814942272737, 0.02399540016187845, 0.023916813467567744, 0.025400017168216018, 0.02743373338431916, 0.02994269635356936];
IBLSH2RecommenderHashFunctionsDiversity = [0.2695251215758242, 0.26763950585255397, 0.2652368405778115, 0.26606205571936026, 0.2645585928102732, 0.2612675333782939, 0.26332143175505446, 0.2556026697780276, 0.257737914900056, 0.2477590526471569];
IBLSH2RecommenderHashFunctionsAggrDiversity = [1000.0, 1000.0, 1000.0, 1000.0, 1000.0, 1000.0, 1000.0, 1000.0, 1000.0, 993.0];
IBLSH2RecommenderHashFunctionsNovelty = [6.106319591158148, 6.099610445837835, 6.086169740242156, 6.08644153479381, 6.075137680943972, 6.056431104739802, 6.066078484425731, 6.0221394668157044, 6.021560478397954, 5.931259398665027];
IBLSH2RecommenderHashFunctionsTopN = [20.0, 20.0, 20.0, 20.0, 20.0, 20.0, 20.0, 20.0, 20.0, 20.0];
IBLSH2RecommenderHashFunctionsAvgRecommTime = [2.136068497343372, 1.6060588507699893, 0.9942444925552688, 0.482976959224167, 0.3034655422753476, 0.2101396314206382, 0.15918122239060145, 0.1194059896525842, 0.09883159967694154, 0.08207533459165013];
IBLSH2RecommenderHashFunctionsCandidateItemListSize = [0.0, 0.0, 0.0, 0.0, 0.0, 0.0, 0.0, 0.0, 0.0, 0.0];
IBLSH2RecommenderHashFunctionsTopNRatioListSize = [1.0, 1.0, 1.0, 1.0, 1.0, 1.0, 1.0, 1.0, 1.0, 1.0];
# ========================================================
# test case : IBLSH2Recommender Hash Tables Evaluation
# ========================================================
fileName = data/yahoo-music/yahoo-music
numOfHashFunctions = 6
IBLSH2RecommenderHashTablesPrecision = [0.004371197543539915, 0.004238101553874559, 0.0043621034652539655, 0.004305209038622884, 0.004541316392457871, 0.004513709409421566, 0.004550748927164794, 0.004261898326013422, 0.004325861133658057, 0.0045206380966962235];
IBLSH2RecommenderHashTablesRecall = [0.02241264352144784, 0.023145994170276407, 0.023169062815556207, 0.02397757098502891, 0.0248293164719275, 0.024625910697675942, 0.024265682244102388, 0.02359353712334335, 0.023567252792806245, 0.024314972711938138];
IBLSH2RecommenderHashTablesDiversity = [0.2614509483250886, 0.26159378346275586, 0.2660008712601705, 0.2585833092882089, 0.2576309944052255, 0.25963662050707687, 0.2621907366140088, 0.2602898773716811, 0.2591402779395182, 0.2628772130922157];
IBLSH2RecommenderHashTablesAggrDiversity = [1000.0, 1000.0, 1000.0, 1000.0, 1000.0, 1000.0, 1000.0, 1000.0, 1000.0, 1000.0];
IBLSH2RecommenderHashTablesNovelty = [6.0668477171598925, 6.0583459887454305, 6.073644558067592, 6.048640831686956, 6.0453536688401615, 6.022242073762569, 6.070720551460243, 6.04959260277872, 6.045408759612285, 6.058619000235321];
IBLSH2RecommenderHashTablesTopN = [20.0, 20.0, 20.0, 20.0, 20.0, 20.0, 20.0, 20.0, 20.0, 20.0];
IBLSH2RecommenderHashTablesAvgRecommTime = [0.05578227468639627, 0.09770272507486528, 0.1309304348914236, 0.17132244063463312, 0.21418540907247782, 0.2536153257307244, 0.27854814835966196, 0.315978642879202, 0.3606592147815339, 0.3975159674165412];
IBLSH2RecommenderHashTablesCandidateItemListSize = [0.0, 0.0, 0.0, 0.0, 0.0, 0.0, 0.0, 0.0, 0.0, 0.0];
IBLSH2RecommenderHashTablesTopNRatioListSize = [1.0, 1.0, 1.0, 1.0, 1.0, 1.0, 1.0, 1.0, 1.0, 1.0];
# ========================================================
# test case : UBLSH1Recommender Hash Functions Evaluation
# ========================================================
fileName = data/yahoo-music/yahoo-music
numOfHashTables = 5
UBLSH1RecommenderHashFunctionsPrecision = [0.004813057767070507, 0.005333898930793032, 0.005115761231199927, 0.005635868508517552, 0.007097404901819458, 0.009368748712468055, 0.012142927273644341, 0.014997796767323315, 0.018975930244504658, 0.02083767919287687];
UBLSH1RecommenderHashFunctionsPecall = [0.022291571299149465, 0.02755220061415857, 0.02800399932536426, 0.030558989731101754, 0.036235193027464134, 0.044935848612231655, 0.05739477464552075, 0.06929990369460624, 0.08461094001708354, 0.09655878598249311];
UBLSH1RecommenderHashFunctionsDiversity = [0.23488267471499738, 0.24602747180825182, 0.2453912780773354, 0.2265392683626759, 0.21535264244619592, 0.1986080289997657, 0.18323511468027243, 0.17493137757731791, 0.16644212462331198, 0.16162268980054972];
UBLSH1RecommenderHashFunctionsAggrDiversity = [349.6666666666667, 547.6666666666666, 955.6666666666666, 999.3333333333334, 1000.0, 1000.0, 1000.0, 1000.0, 1000.0, 1000.0];
UBLSH1RecommenderHashFunctionsNovelty = [5.83653692305456, 5.845458158716581, 5.852871478710148, 5.723935240327446, 5.575241297377059, 5.364184289829432, 5.064673862832337, 4.802343112416125, 4.514332093141909, 4.2712688049404335];
UBLSH1RecommenderHashFunctionsTopN = [20.0, 20.0, 20.0, 20.0, 20.0, 20.0, 20.0, 20.0, 20.0, 20.0];
UBLSH1RecommenderHashFunctionsAvgRecommTime = [7.995024237513252, 6.767547771016738, 5.722889065487579, 4.636681135824114, 3.725554844980188, 2.943689405873863, 2.200382043259417, 1.7231159637040532, 1.240876999030387, 0.8555505458283844];
UBLSH1RecommenderHashFunctionsCandidateItemListSize = [0.0, 0.0, 0.0, 0.0, 0.0, 0.0, 0.0, 0.0, 0.0, 0.0];
UBLSH1RecommenderHashFunctionsTopNRatioListSize = [1.0, 1.0, 1.0, 1.0, 1.0, 1.0, 1.0, 1.0, 1.0, 1.0];
# ========================================================
# test case : UBLSH1Recommender Hash Tables Evaluation
# ========================================================
fileName = data/yahoo-music/yahoo-music
numOfHashFunctions = 6
UBLSH1RecommenderHashTablesPrecision = [0.006157889258917085, 0.007198199987486692, 0.007953271948922728, 0.00778946925256124, 0.010148325308317543, 0.009282729259458845, 0.010410508293149844, 0.0106148462526455, 0.010779530434359105, 0.010835357405599856];
UBLSH1RecommenderHashTablesRecall = [0.02596946418376163, 0.03347004730487773, 0.038097928509888836, 0.03946210598169484, 0.04814864672208277, 0.043785305488455245, 0.05018069347128118, 0.051209943343221105, 0.051117646636868595, 0.05103606849952066];
UBLSH1RecommenderHashTablesDiversity = [0.23664324104491796, 0.22080975214554108, 0.20938201115892588, 0.20307102646570305, 0.2002491749094515, 0.19828756907732883, 0.19253287887100623, 0.19529224963325098, 0.19257484118804544, 0.19121508165634285];
UBLSH1RecommenderHashTablesAggrDiversity = [998.0, 998.0, 999.3333333333334, 1000.0, 1000.0, 1000.0, 1000.0, 1000.0, 1000.0, 999.6666666666666];
UBLSH1RecommenderHashTablesNovelty = [5.798736924188283, 5.634461204478266, 5.517621636874291, 5.449530113885449, 5.344751332601081, 5.344800072577172, 5.247840337453481, 5.26769743620611, 5.219028180152027, 5.2257292094447365];
UBLSH1RecommenderHashTablesTopN = [20.0, 20.0, 20.0, 20.0, 20.0, 20.0, 20.0, 20.0, 20.0, 20.0];
UBLSH1RecommenderHashTablesAvgRecommTime = [1.1700407282437562, 1.7828687980119513, 2.2295284300073113, 2.600455599103636, 2.901710808220962, 3.2107685822897594, 3.367529900737674, 3.601741406784258, 3.7649660406642873, 3.9007481399463066];
UBLSH1RecommenderHashTablesCandidateItemListSize = [0.0, 0.0, 0.0, 0.0, 0.0, 0.0, 0.0, 0.0, 0.0, 0.0];
UBLSH1RecommenderHashTablesTopNRatioListSize = [1.0, 1.0, 1.0, 1.0, 1.0, 1.0, 1.0, 1.0, 1.0, 1.0];
# ========================================================
# test case : UBLSH2Recommender Hash Functions Evaluation
# ========================================================
fileName = data/yahoo-music/yahoo-music
numOfHashTables = 5
UBLSH2RecommenderHashFunctionsPrecision = [0.0036716237825763624, 0.0035343417613735266, 0.003995210889621896, 0.003944012830330024, 0.0038431881970056223, 0.004213519368878516, 0.004508278779332123, 0.005386165834387862, 0.005606736285703723, 0.006543416615424804];
UBLSH2RecommenderHashFunctionsPecall = [0.01974883310079274, 0.01973246263350287, 0.021883258608170197, 0.021136587075983187, 0.02202433289787038, 0.024353948782822713, 0.02457827508617401, 0.02837391526624988, 0.029550400291394937, 0.03470436532677617];
UBLSH2RecommenderHashFunctionsDiversity = [0.2590310655517227, 0.26219873185497994, 0.2608334006865119, 0.25752435135657725, 0.25453651266222704, 0.2476015474873329, 0.24137498207821165, 0.23388027398865804, 0.22549537401548148, 0.21614376504673458];
UBLSH2RecommenderHashFunctionsAggrDiversity = [1000.0, 1000.0, 1000.0, 1000.0, 1000.0, 1000.0, 1000.0, 1000.0, 1000.0, 1000.0];
UBLSH2RecommenderHashFunctionsNovelty = [6.046727841914663, 6.041673936234786, 6.038159966169292, 6.011215076209889, 5.986754006461105, 5.938385596141109, 5.881633751200084, 5.810913707319394, 5.725551006149412, 5.618958699766104];
UBLSH2RecommenderHashFunctionsTopN = [20.0, 20.0, 20.0, 20.0, 20.0, 20.0, 20.0, 20.0, 20.0, 20.0];
UBLSH2RecommenderHashFunctionsAvgRecommTime = [6.203139482934499, 4.693181592669132, 3.3863693776969583, 2.2111651735000106, 1.600792536166954, 1.035420497549474, 0.7018174001369365, 0.468105867758387, 0.30754912730297074, 0.19412380837927976];
UBLSH2RecommenderHashFunctionsCandidateItemListSize = [0.0, 0.0, 0.0, 0.0, 0.0, 0.0, 0.0, 0.0, 0.0, 0.0];
UBLSH2RecommenderHashFunctionsTopNRatioListSize = [1.0, 1.0, 1.0, 1.0, 1.0, 1.0, 1.0, 1.0, 1.0, 1.0];
# ========================================================
# test case : UBLSH2Recommender Hash Tables Evaluation
# ========================================================
fileName = data/yahoo-music/yahoo-music
numOfHashFunctions = 6
UBLSH2RecommenderHashTablesPrecision = [0.004361599660613978, 0.004484104961753467, 0.004401615803692625, 0.004610919277212332, 0.004521132917242041, 0.004479140986720663, 0.005020403936314568, 0.004160933042907026, 0.0045853207603880316, 0.004264549190506656];
UBLSH2RecommenderHashTablesRecall = [0.021779321387192584, 0.0237713389675397, 0.023592797738994666, 0.024111272201090456, 0.02416166972809951, 0.024387442701883616, 0.024307744467886198, 0.023228333241139088, 0.02411904868837052, 0.023096242631317442];
UBLSH2RecommenderHashTablesDiversity = [0.24862633652933827, 0.24760062169234262, 0.24759569601626075, 0.24886148033767397, 0.24801861744175857, 0.24870195181896762, 0.24972833852955267, 0.24968410874737557, 0.2502488034485464, 0.2513480899048379];
UBLSH2RecommenderHashTablesAggrDiversity = [1000.0, 1000.0, 1000.0, 1000.0, 1000.0, 1000.0, 1000.0, 1000.0, 1000.0, 1000.0];
UBLSH2RecommenderHashTablesNovelty = [5.973268845606724, 5.945392274826971, 5.940144558748339, 5.9463863249049735, 5.94064739546407, 5.940234175634491, 5.9473931672031695, 5.947614495466922, 5.950835526816587, 5.95423162239765];
UBLSH2RecommenderHashTablesTopN = [20.0, 20.0, 20.0, 20.0, 20.0, 20.0, 20.0, 20.0, 20.0, 20.0];
UBLSH2RecommenderHashTablesAvgRecommTime = [0.3016971324272801, 0.5580091171319472, 0.7579871311639522, 0.9262819497792414, 1.0559594008939197, 1.1794138378752865, 1.3324605622650678, 1.4624016182949215, 1.5668511654729225, 1.7139195564552903];
UBLSH2RecommenderHashTablesCandidateItemListSize = [0.0, 0.0, 0.0, 0.0, 0.0, 0.0, 0.0, 0.0, 0.0, 0.0];
UBLSH2RecommenderHashTablesTopNRatioListSize = [1.0, 1.0, 1.0, 1.0, 1.0, 1.0, 1.0, 1.0, 1.0, 1.0];
