# ========================================================
# test case: UBKNN Prediction
# ========================================================
fileName = "ymusic"
UBKNNMaeList = 1.248997513509842
UBKNNRuntime = 17.582702259161564
# ========================================================
# test case: IBKNN Prediction
# ========================================================
fileName = "ymusic"
IBKNNMaeList = 1.0233401319649393
IBKNNRuntime = 2.412779905514359
# ========================================================
# test case: IBLSH1HashTables Prediction Performance
# ========================================================
fileName = "ymusic"
k = 20
numOfHashTables = 5
numOfHashFunctions = 6
IBLSH1HashTablesMaeList =  [1.1871949015896661, 1.162286988520127, 1.1349563739103086, 1.1242119759358247, 1.119416790615416, 1.1023831361638088, 1.099644552697153, 1.086951459463849, 1.074252139962475, 1.0761638520127288];
IBLSH1HashTablesRuntimeList = [0.01124920299369205, 0.013014637215687271, 0.01424834050558185, 0.016885291529401558, 0.016811762092791806, 0.02103120880225549, 0.024728538723777643, 0.02639628769315358, 0.030674240181934126, 0.03376334009936586];
IBLSH1HashTablesCandidateSetList = [69.71385374239303, 88.3383468206549, 107.22470487352545, 124.12443464357288, 135.9560631922449, 154.3587214461287, 169.79046998883337, 181.99054569455416, 200.9725078908914, 212.73852474336036];
IBLSH1HashTablesPredictedItemsList  = [17365.0, 17365.0, 17365.0, 17365.0, 17365.0, 17365.0, 17365.0, 17365.0, 17365.0, 17365.0];
# ========================================================
# test case: IBLSH1HashFunctions Prediction Performance
# ========================================================
fileName = "ymusic"
k = 20
numOfHashTables = 5
numOfHashFunctions = 6
IBLSH1HashFunctionsMaeList =  [1.0588128965019494, 1.0943848137949856, 1.166081663435142, 1.2189429826307676, 1.2767931142619944, 1.3063694462159832, 1.3371095393471384, 1.3484985556597133, 1.366301046616477, 1.3763254296795095];
IBLSH1HashFunctionsRuntimeList = [0.05624940361917393, 0.021913978981388308, 0.010731850544943503, 0.005487822156664153, 0.0028208180604443705, 0.0015005515047334655, 7.471129590369759E-4, 0.0010343968302378383, 3.6534104395359324E-4, 8.984219998811311E-4];
IBLSH1HashFunctionsCandidateSetList = [299.9950333595568, 167.88651749672923, 89.67202064358382, 45.509721169509476, 24.688124257666306, 13.72074889146404, 7.321332835776634, 4.529569347163899, 2.712900782604615, 1.9072199130143355];
IBLSH1HashFunctionsPredictedItemsList  = [17365.0, 17365.0, 17365.0, 17365.0, 17365.0, 17365.0, 17365.0, 17365.0, 17365.0, 17365.0];
# ========================================================
# test case: IBLSH2HashTables Prediction Performance
# ========================================================
fileName = "ymusic"
k = 20
numOfHashTables = 5
numOfHashFunctions = 6
IBLSH2HashTablesMaeList =  [1.2417217069465505, 1.2076460501609427, 1.1900375595048995, 1.179247568880176, 1.1696039608507507, 1.1571883152262068, 1.1382079209032083, 1.13453763905989, 1.1288796283632592, 1.1220418748843732];
IBLSH2HashTablesRuntimeList = [0.003087461858359111, 0.003394896885512725, 0.004248739053826352, 0.005167061993179256, 0.006427163116277626, 0.006674056861646643, 0.0066729728907094915, 0.007275294247956195, 0.008344972027710087, 0.009080492530130222];
IBLSH2HashTablesCandidateSetList = [70.90419739107286, 87.70492241206875, 106.16021642730557, 119.75930893032113, 139.25067582711128, 153.96064804533415, 167.87746803019567, 184.06938323709082, 195.5779912689787, 210.71567967976873];
IBLSH2HashTablesPredictedItemsList  = [17365.0, 17365.0, 17365.0, 17365.0, 17365.0, 17365.0, 17365.0, 17365.0, 17365.0, 17365.0];
# ========================================================
# test case: IBLSH2HashFunctions Prediction Performance
# ========================================================
fileName = "ymusic"
k = 20
numOfHashTables = 5
numOfHashFunctions = 6
IBLSH2HashFunctionsMaeList =  [1.0983266391451871, 1.1532003487348168, 1.2085053427078425, 1.2643190943527705, 1.3097264757942044, 1.330380202733856, 1.3513565952700253, 1.3633934902263185, 1.369494244282447, 1.3768074493514735];
IBLSH2HashFunctionsRuntimeList = [0.012979640641405029, 0.007429511413390196, 0.003937489121207949, 0.002189389404513884, 0.0010758777337223204, 6.537156928070924E-4, 4.4144162364706226E-4, 3.266562457988399E-4, 2.1177834511117516E-4, 9.578336363471566E-5];
IBLSH2HashFunctionsCandidateSetList = [301.6638117818272, 162.80343575630545, 90.76350379142474, 47.26160899240865, 24.658716656171748, 14.06495353976367, 7.087222267368443, 4.407912627540991, 2.736387227646991, 1.9006110456423364];
IBLSH2HashFunctionsPredictedItemsList  = [17365.0, 17365.0, 17365.0, 17365.0, 17365.0, 17365.0, 17365.0, 17365.0, 17365.0, 17365.0];
# ========================================================
# test case: UBLSH1HashTables Prediction Performance
# ========================================================
fileName = "ymusic"
k = 20
numOfHashTables = 5
numOfHashFunctions = 6
UBLSH1HashTablesMaeList =  [1.2839980670781228, 1.276317433639303, 1.278667574665312, 1.278237629459799, 1.2763524096960281, 1.2744139222779307, 1.2721885667237236, 1.2704839858992691, 1.2705218478317708, 1.2706924191349154];
UBLSH1HashTablesRuntimeList = [0.22889964774140772, 0.33223090816867334, 0.3529813028093843, 0.3716327659770309, 0.4303502887185013, 0.5098693669206835, 0.6195924885006495, 0.6951946572900541, 0.6981728517710512, 0.8442190633865376];
UBLSH1HashTablesCandidateSetList = [1221.7395942041253, 1692.8862106199606, 1847.295659822444, 2042.676416314552, 2330.514429063408, 2704.773763886672, 3037.532213925668, 3275.38472585517, 3320.830281160346, 3523.378233092368];
UBLSH1HashTablesPredictedItemsList  = [17365.0, 17365.0, 17365.0, 17365.0, 17365.0, 17365.0, 17365.0, 17365.0, 17365.0, 17365.0];
# ========================================================
# test case: UBLSH1HashFunctions Prediction Performance
# ========================================================
fileName = "ymusic"
k = 20
numOfHashTables = 5
numOfHashFunctions = 6
UBLSH1HashFunctionsMaeList =  [1.2799638562537545, 1.2756646507047813, 1.2813577778263883, 1.2882711842431782, 1.3058954878872029, 1.3315925632075911, 1.368531200293339, 1.3816922525820108, 1.3962619369545093, 1.4042306950114003];
UBLSH1HashFunctionsRuntimeList = [1.9296773402751208, 0.6893886350424142, 0.2752368254125531, 0.1428067873287724, 0.08055525566374061, 0.03683590393312316, 0.015942615038655055, 0.009740606836015598, 0.0050283105539134934, 0.002973951254941218];
UBLSH1HashFunctionsCandidateSetList = [5075.560436801307, 2882.8244961036653, 1512.1398509221135, 844.185720518601, 459.80557461568225, 259.7223193489186, 127.34373405240456, 72.00905855758367, 42.03346775574342, 23.17412616121047];
UBLSH1HashFunctionsPredictedItemsList  = [17365.0, 17365.0, 17365.0, 17365.0, 17365.0, 17365.0, 17365.0, 17365.0, 17365.0, 17365.0];
# ========================================================
# test case: UBLSH2HashTables Prediction Performance
# ========================================================
fileName = "ymusic"
k = 20
numOfHashTables = 5
numOfHashFunctions = 6
UBLSH2HashTablesMaeList =  [1.298991069703637, 1.2951197719812326, 1.2891133396895171, 1.284635676731286, 1.2877044875868577, 1.2830333020009177, 1.2846147807312156, 1.2812753521240872, 1.2831565016729638, 1.279075314647291];
UBLSH2HashTablesRuntimeList = [0.028758830057611692, 0.0353304272488516, 0.036962124073946695, 0.03986791902368131, 0.04244876293011876, 0.04391945229112074, 0.04434160962312287, 0.046897641149156837, 0.047680253213240396, 0.047153814280156636];
UBLSH2HashTablesCandidateSetList = [1254.2624205493723, 1653.7844664740944, 1833.3617311717455, 2165.813939701542, 2302.939662390069, 2713.056871685453, 2899.2806722287182, 3097.5289603053643, 3406.7586019590576, 3779.512866503332];
UBLSH2HashTablesPredictedItemsList  = [17365.0, 17365.0, 17365.0, 17365.0, 17365.0, 17365.0, 17365.0, 17365.0, 17365.0, 17365.0];
# ========================================================
# test case: UBLSH2HashFunctions Prediction Performance
# ========================================================
fileName = "ymusic"
k = 20
numOfHashTables = 5
numOfHashFunctions = 6
UBLSH2HashFunctionsMaeList =  [1.287923022334847, 1.2857489564991629, 1.295053257337925, 1.3127816252819708, 1.337613435791446, 1.3744643397519514, 1.3875761540925557, 1.3996952114579255, 1.4132294089839252, 1.4066736285096535];
UBLSH2HashFunctionsRuntimeList = [0.051023696350204935, 0.04336407841532689, 0.031966542822886204, 0.020848980873604636, 0.013839747934489178, 0.007982598521334138, 0.005469626544869471, 0.002457644958365082, 0.002031457712071214, 8.664854860159775E-4];
UBLSH2HashFunctionsCandidateSetList = [5129.758642572037, 2965.534947264603, 1461.0692876416194, 811.9968960505289, 465.13139225639594, 237.3105744095617, 141.9909024608987, 68.2576661337273, 40.95899640459189, 25.141652714065902];
UBLSH2HashFunctionsPredictedItemsList  = [17365.0, 17365.0, 17365.0, 17365.0, 17365.0, 17365.0, 17365.0, 17365.0, 17365.0, 17365.0];
# ========================================================
# test case: UBKNNLSHHashTables Prediction Performance
# ========================================================
fileName = "ymusic"
k = 20
numOfHashTables = 5
numOfHashFunctions = 6
UBKNNLSHHashTablesMaeList =  [1.2575863750667136, 1.2505685648231186, 1.2481204901289036, 1.248844416239084, 1.2461724155545253, 1.242466208833519, 1.2411244619231419, 1.241735976369057, 1.2431130199739886, 1.2413660426973439];
UBKNNLSHHashTablesMaeList =  [1.2611276136249965, 1.2551746660691976, 1.2511238155201545, 1.2486818465782596, 1.2466950787612279, 1.2415958182582625, 1.2424505005653923, 1.2409080930024705, 1.243086573874288, 1.2432275986621617];
UBKNNLSHHashTablesRuntimeList = [0.40855043379708506, 0.4703150827277354, 0.5648663886832848, 0.6039580738009231, 0.7028072458600406, 0.7647022282137769, 0.8643596720201976, 0.8634560143321529, 0.9823355468532607, 1.023502354089174];
UBKNNLSHHashTablesCandidateSetList = [1248.5642866212222, 1538.6730228711713, 1903.9141642496645, 2103.7306075120136, 2468.8107500991914, 2640.0158683838645, 3031.173298816951, 3156.049528420895, 3479.483155211303, 3677.654797493967];
UBKNNLSHHashTablesPredictedItemsList  = [17365.0, 17365.0, 17365.0, 17365.0, 17365.0, 17365.0, 17365.0, 17365.0, 17365.0, 17365.0];
# ========================================================
# test case: UBKNNLSHHashFunctions Prediction Performance
# ========================================================
fileName = "ymusic"
k = 20
numOfHashTables = 5
numOfHashFunctions = 6
UBKNNLSHHashFunctionsMaeList =  [1.244959021091277, 1.2457532646139138, 1.2520794209681851, 1.2745031599092973, 1.2974207631948176, 1.328740052268488, 1.3557090958839524, 1.376066589302311, 1.3932318156686863, 1.4023057139821233];
UBKNNLSHHashFunctionsRuntimeList = [1.2745973990852082, 0.7312864993549687, 0.48354244610465963, 0.32376286620035183, 0.20511630975550443, 0.14916532875446886, 0.12288609186314119, 0.10739357071920973, 0.08830045261118567, 0.07913697301985151];
UBKNNLSHHashFunctionsCandidateSetList = [4974.4087428152925, 2790.6155664770067, 1549.3606022225438, 866.9781495603276, 451.0180508653937, 231.98218065822883, 138.42105739138484, 71.04571532663931, 39.128788619531235, 21.240623123308257];
UBKNNLSHHashFunctionsPredictedItemsList  = [17365.0, 17365.0, 17365.0, 17365.0, 17365.0, 17365.0, 17365.0, 17365.0, 17365.0, 17365.0];
# ========================================================
# test case: IBKNNLSHHashTables Prediction Performance
# ========================================================
fileName = "ymusic"
k = 20
numOfHashTables = 5
numOfHashFunctions = 6
IBKNNLSHHashTablesMaeList =  [1.181530992060818, 1.156106420647317, 1.1497413324643764, 1.1251756180369437, 1.116152945493895, 1.1019397736916419, 1.0953673695011654, 1.0848426906513329, 1.080342190566707, 1.0775374142154435];
IBKNNLSHHashTablesRuntimeList = [0.2738885234904809, 0.3088219941762223, 0.37030473212933074, 0.39561206198158155, 0.458945714285006, 0.4998017701184179, 0.5426170392734914, 0.6275197143072181, 0.6664296158006654, 0.6817363994986302];
IBKNNLSHHashTablesCandidateSetList = [71.73958596473337, 86.79034766615125, 102.02953593488199, 118.7825295999943, 135.38045623284998, 152.41426296782151, 166.82232219062107, 184.57210106250253, 198.85282027845062, 210.37796106933743];
IBKNNLSHHashTablesPredictedItemsList  = [17365.0, 17365.0, 17365.0, 17365.0, 17365.0, 17365.0, 17365.0, 17365.0, 17365.0, 17365.0];
# ========================================================
# test case: IBKNNLSHHashFunctions Prediction Performance
# ========================================================
fileName = "ymusic"
k = 20
numOfHashTables = 5
numOfHashFunctions = 6
IBKNNLSHHashFunctionsMaeList =  [1.058327508029488, 1.0998751947928158, 1.156178656125121, 1.2341724055261054, 1.2762051091520592, 1.3173216150010505, 1.3379113538200833, 1.3557115984319281, 1.3655127959347109, 1.3732067628277653];
IBKNNLSHHashFunctionsRuntimeList = [0.9153932902634704, 0.5068618657434469, 0.3253184862406698, 0.16168465938410317, 0.10738615586171411, 0.05117278509325329, 0.026701634611567146, 0.0193765609306906, 0.010033225894679457, 0.010724538469450205];
IBKNNLSHHashFunctionsCandidateSetList = [305.16058748188647, 162.6776384832461, 89.41190967551755, 46.29674976905824, 23.255504765448975, 11.769173272662215, 5.766358560483987, 3.051881518863102, 1.61059851760227, 0.7063100401552701];
IBKNNLSHHashFunctionsPredictedItemsList  = [17365.0, 17365.0, 17365.0, 17365.0, 17365.0, 17365.0, 17365.0, 17365.0, 17365.0, 17365.0];


# ========================================================
# test case : IBLSH1Recommender Hash Functions Evaluation
# ========================================================
fileName = data/ymusic/ymusic
numOfHashTables = 5
IBLSH1RecommenderHashFunctionsPrecision = [0.01827213365926412, 0.02182293610005992, 0.020328180269210225, 0.025303183327370537, 0.019587184184167265, 0.01845011475138819, 0.016401323274928867, 0.016360006121438904, 0.01438296305281686, 0.017900235038886724];
IBLSH1RecommenderHashFunctionsPecall = [0.03654426731852824, 0.04384166270428039, 0.04065636053842045, 0.050606366654741074, 0.03926897574771012, 0.03690022950277638, 0.032802646549857734, 0.032817907494958075, 0.028863821357713995, 0.034557486760341045];
IBLSH1RecommenderHashFunctionsDiversity = [0.19644782451311438, 0.20728050699333153, 0.20010438860161214, 0.1915172009887188, 0.20393443126658514, 0.20431422760366505, 0.20732315335708595, 0.21239433071561178, 0.22003006392641067, 0.20898864451509788];
IBLSH1RecommenderHashFunctionsAggrDiversity = [639.0, 701.3333333333334, 672.0, 699.0, 741.6666666666666, 727.6666666666666, 709.6666666666666, 641.0, 626.0, 543.3333333333334];
IBLSH1RecommenderHashFunctionsNovelty = [5.682371342216446, 5.704965910444955, 5.624009856833388, 5.555751607926312, 5.7530491278687235, 5.729691021155922, 5.839198972306472, 5.815616740051322, 5.923627477499692, 5.809179573462612];
IBLSH1RecommenderHashFunctionsTopN = [20.0, 20.0, 20.0, 20.0, 20.0, 20.0, 20.0, 20.0, 19.666666666666668, 19.0];
IBLSH1RecommenderHashFunctionsAvgRecommTime = [2.449702987374788, 1.4636730859883027, 1.075566437829264, 0.7336043579936216, 0.46367814027000875, 0.2927211561739778, 0.1708601210263749, 0.1290143792395187, 0.11665378144722895, 0.11514658184686268];
IBLSH1RecommenderHashFunctionsCandidateItemListSize = [0.0, 0.0, 0.0, 0.0, 0.0, 0.0, 0.0, 0.0, 0.0, 0.0];
IBLSH1RecommenderHashFunctionsTopNRatioListSize = [1.0, 1.0, 1.0, 1.0, 1.0, 1.0, 1.0, 1.0, 1.0, 1.0];
# ========================================================
# test case : IBLSH1Recommender Hash Tables Evaluation
# ========================================================
fileName = data/ymusic/ymusic
numOfHashFunctions = 6
IBLSH1RecommenderHashTablesPrecision = [0.019468107866304898, 0.022552787174049987, 0.023116048483229238, 0.020004335166182215, 0.020507146626375712, 0.02087327495446027, 0.027945686560831254, 0.024646040334959384, 0.03198288684192609, 0.026156278902174163];
IBLSH1RecommenderHashTablesRecall = [0.038936215732609795, 0.045105574348099975, 0.046232096966458476, 0.04010327771174002, 0.0411121885048317, 0.04174654990892054, 0.0559859805010381, 0.049484583301374625, 0.06396577368385219, 0.05250834830850887];
IBLSH1RecommenderHashTablesDiversity = [0.1951227863796491, 0.19903557152611553, 0.19357575437069086, 0.20438706221327876, 0.1945576645572165, 0.20522217608230095, 0.19639762481460563, 0.19065480196540485, 0.19164886879180962, 0.18847945277564152];
IBLSH1RecommenderHashTablesAggrDiversity = [688.0, 701.3333333333334, 703.0, 741.0, 728.3333333333334, 763.6666666666666, 734.3333333333334, 726.6666666666666, 725.6666666666666, 722.6666666666666];
IBLSH1RecommenderHashTablesNovelty = [5.718559280959025, 5.6876175999686405, 5.621600716557261, 5.761055297129167, 5.739537351827983, 5.7849562616925745, 5.634641816070918, 5.5913136705357855, 5.424157837917927, 5.610273532586369];
IBLSH1RecommenderHashTablesTopN = [20.0, 20.0, 20.0, 20.0, 20.0, 20.0, 20.0, 20.0, 20.0, 20.0];
IBLSH1RecommenderHashTablesAvgRecommTime = [0.889760613863626, 0.9683704970188695, 1.1379215590834015, 1.2391279841374887, 1.4276865362636395, 1.4702084641688533, 1.6682976002014547, 1.8128415478846487, 1.8642856905223644, 1.9851850046243478];
IBLSH1RecommenderHashTablesCandidateItemListSize = [0.0, 0.0, 0.0, 0.0, 0.0, 0.0, 0.0, 0.0, 0.0, 0.0];
IBLSH1RecommenderHashTablesTopNRatioListSize = [1.0, 1.0, 1.0, 1.0, 1.0, 1.0, 1.0, 1.0, 1.0, 1.0];
# ========================================================
# test case : IBLSH2Recommender Hash Functions Evaluation
# ========================================================
fileName = data/ymusic/ymusic
numOfHashTables = 5
IBLSH2RecommenderHashFunctionsPrecision = [0.009681767708795579, 0.011149476734693462, 0.011735402338737705, 0.011548940929650031, 0.012655604699381562, 0.012290183330953344, 0.013758138673111578, 0.013657683224749443, 0.017160189071563425, 0.01611185467104168];
IBLSH2RecommenderHashFunctionsPecall = [0.01946143066967143, 0.022298953469386925, 0.023565412056851004, 0.023097881859300062, 0.025311209398763124, 0.02458036666190669, 0.027614172598303437, 0.027315366449498887, 0.03259196251854363, 0.018638034864563172];
IBLSH2RecommenderHashFunctionsDiversity = [0.22414487501002067, 0.2245692941220114, 0.21798281657016383, 0.22084548566539516, 0.21818660218516742, 0.2160958138997177, 0.21672709054359796, 0.2088501831020482, 0.20694594529109703, 0.20919279484475325];
IBLSH2RecommenderHashFunctionsAggrDiversity = [961.6666666666666, 961.3333333333334, 950.6666666666666, 946.0, 931.3333333333334, 911.6666666666666, 874.0, 798.6666666666666, 684.0, 459.3333333333333];
IBLSH2RecommenderHashFunctionsNovelty = [5.924367033603889, 5.9276270629685435, 5.901579797344063, 5.892829816041558, 5.875876912344725, 5.869377823054045, 5.838336726705354, 5.800908574214138, 5.823744658130191, 5.7623336238785];
IBLSH2RecommenderHashFunctionsTopN = [20.0, 20.0, 20.0, 20.0, 20.0, 20.0, 20.0, 20.0, 18.333333333333332, 10.666666666666666];
IBLSH2RecommenderHashFunctionsAvgRecommTime = [0.4848203925807751, 0.2862049714682599, 0.19447129398312715, 0.1555432162838464, 0.11670694737251565, 0.09978118159125678, 0.07704459130438344, 0.09688789321671891, 0.07038343188542877, 0.058722884098538784];
IBLSH2RecommenderHashFunctionsCandidateItemListSize = [0.0, 0.0, 0.0, 0.0, 0.0, 0.0, 0.0, 0.0, 0.0, 0.0];
IBLSH2RecommenderHashFunctionsTopNRatioListSize = [1.0, 1.0, 1.0, 1.0, 1.0, 1.0, 1.0, 1.0, 1.0, 1.0];
# ========================================================
# test case : IBLSH2Recommender Hash Tables Evaluation
# ========================================================
fileName = data/ymusic/ymusic
numOfHashFunctions = 6
IBLSH2RecommenderHashTablesPrecision = [0.011740971645351676, 0.01529056169832054, 0.011334972072214558, 0.012882884231613545, 0.013871412163749514, 0.011189095265660726, 0.011511021021205464, 0.01276766580219256, 0.01272732751591907, 0.011700626961253237];
IBLSH2RecommenderHashTablesRecall = [0.023579838542783626, 0.03058112339664108, 0.022669944144429115, 0.02576576846322709, 0.027932039086250207, 0.02237819053132145, 0.02302204204241093, 0.026412524586841263, 0.02545465503183814, 0.023495861301882068];
IBLSH2RecommenderHashTablesDiversity = [0.22526204468031105, 0.22122400410465548, 0.22127254750218814, 0.2201823615624544, 0.22188409648353338, 0.22012166996249483, 0.21869923700635097, 0.22303376600838454, 0.22164502410804388, 0.2238182857065765];
IBLSH2RecommenderHashTablesAggrDiversity = [946.0, 951.6666666666666, 958.0, 960.0, 962.6666666666666, 959.0, 957.6666666666666, 953.6666666666666, 962.6666666666666, 959.6666666666666];
IBLSH2RecommenderHashTablesNovelty = [5.920758101448304, 5.872493409657746, 5.905872873468506, 5.896684762994091, 5.909113657056026, 5.913282407329047, 5.900170852108174, 5.905500741607926, 5.89118613770126, 5.918334492726037];
IBLSH2RecommenderHashTablesTopN = [20.0, 20.0, 20.0, 20.0, 20.0, 20.0, 20.0, 20.0, 20.0, 20.0];
IBLSH2RecommenderHashTablesAvgRecommTime = [0.14812832910820975, 0.1958428596946753, 0.2509432313315307, 0.26051700055635485, 0.3235147193478927, 0.33980306982995606, 0.40936521292729156, 0.4233490668644362, 0.44460763163268907, 0.45562558188217867];
IBLSH2RecommenderHashTablesCandidateItemListSize = [0.0, 0.0, 0.0, 0.0, 0.0, 0.0, 0.0, 0.0, 0.0, 0.0];
IBLSH2RecommenderHashTablesTopNRatioListSize = [1.0, 1.0, 1.0, 1.0, 1.0, 1.0, 1.0, 1.0, 1.0, 1.0];
# ========================================================
# test case : UBLSH1Recommender Hash Functions Evaluation
# ========================================================
fileName = data/ymusic/ymusic
numOfHashTables = 5
UBLSH1RecommenderHashFunctionsPrecision = [0.058623221980469764, 0.07325662149290435, 0.09845331942190283, 0.10496494887626051, 0.11229939619887312, 0.1188259549777382, 0.12018667957491831, 0.11926262572365803, 0.11174872580918414, 0.09922763857816792];
UBLSH1RecommenderHashFunctionsPecall = [0.11724644396093953, 0.14689824824872044, 0.19719374885463714, 0.2105106935195933, 0.22498379766065799, 0.23813481047046844, 0.24085297179212398, 0.23891354458293246, 0.22398035213336032, 0.19874238716716733];
UBLSH1RecommenderHashFunctionsDiversity = [0.15698588663479052, 0.15347843577921494, 0.14636804303061582, 0.1411065363547452, 0.1402154884145891, 0.13729148043154352, 0.13892007630413852, 0.14085899290977244, 0.14193109698572406, 0.14635223531395616];
UBLSH1RecommenderHashFunctionsAggrDiversity = [167.66666666666666, 146.33333333333334, 129.66666666666666, 115.33333333333333, 118.0, 110.33333333333333, 134.33333333333334, 204.66666666666666, 305.0, 463.6666666666667];
UBLSH1RecommenderHashFunctionsNovelty = [3.642247257801433, 3.104706791345668, 2.7217412059728363, 2.549839205269272, 2.497196855064511, 2.4413993112021837, 2.497908345370289, 2.655392041519052, 2.8470212912722097, 3.2202123328141306];
UBLSH1RecommenderHashFunctionsTopN = [20.0, 20.0, 20.0, 20.0, 20.0, 20.0, 20.0, 20.0, 20.0, 20.0];
UBLSH1RecommenderHashFunctionsAvgRecommTime = [10.80829352606653, 7.689804976381789, 4.65709552055007, 3.0747546178220886, 1.9558546879934322, 1.2384083567877595, 0.8813376214115239, 0.44752491185076787, 0.29117025942924235, 0.17452620267592867];
UBLSH1RecommenderHashFunctionsCandidateItemListSize = [0.0, 0.0, 0.0, 0.0, 0.0, 0.0, 0.0, 0.0, 0.0, 0.0];
UBLSH1RecommenderHashFunctionsTopNRatioListSize = [1.0, 1.0, 1.0, 1.0, 1.0, 1.0, 1.0, 1.0, 1.0, 1.0];
# ========================================================
# test case : UBLSH1Recommender Hash Tables Evaluation
# ========================================================
fileName = data/ymusic/ymusic
numOfHashFunctions = 6
UBLSH1RecommenderHashTablesPrecision = [0.09405136634508644, 0.09245403418690563, 0.08845034571286879, 0.08948236286006327, 0.08407979635979125, 0.082473037006555, 0.08077870422548193, 0.08030703097929211, 0.07692840680339595, 0.07000845216653388];
UBLSH1RecommenderHashTablesRecall = [0.18838984270100437, 0.18529307363672298, 0.17728240881594462, 0.17944433836241383, 0.16854131010978954, 0.16523647189664617, 0.16184451846179532, 0.16109696247357622, 0.15404931623824775, 0.14001690433306777];
UBLSH1RecommenderHashTablesDiversity = [0.1452900260806128, 0.14731703807330557, 0.15111331064226555, 0.14628016878722894, 0.14944487142735727, 0.15201741008443373, 0.15324556330448016, 0.15183587761338593, 0.15061597974978747, 0.15782974417887197];
UBLSH1RecommenderHashTablesAggrDiversity = [137.33333333333334, 136.33333333333334, 128.66666666666666, 132.66666666666666, 131.33333333333334, 127.33333333333333, 128.66666666666666, 141.33333333333334, 138.33333333333334, 136.33333333333334];
UBLSH1RecommenderHashTablesNovelty = [2.7924573316138517, 2.749444402655064, 2.8012018004071266, 2.797334332911856, 2.9190526399284553, 2.855393218456584, 3.0082169234048983, 3.04663830768089, 3.058570774970415, 3.240709445237302];
UBLSH1RecommenderHashTablesTopN = [20.0, 20.0, 20.0, 20.0, 20.0, 20.0, 20.0, 20.0, 20.0, 20.0];
UBLSH1RecommenderHashTablesAvgRecommTime = [4.290545575801686, 4.817580416820854, 5.694888368191243, 6.084344317631024, 6.902103937528566, 7.527529072996113, 7.929759303589077, 8.116196017072468, 8.69174652431762, 9.282227123809173];
UBLSH1RecommenderHashTablesCandidateItemListSize = [0.0, 0.0, 0.0, 0.0, 0.0, 0.0, 0.0, 0.0, 0.0, 0.0];
UBLSH1RecommenderHashTablesTopNRatioListSize = [1.0, 1.0, 1.0, 1.0, 1.0, 1.0, 1.0, 1.0, 1.0, 1.0];
# ========================================================
# test case : UBLSH2Recommender Hash Functions Evaluation
# ========================================================
fileName = data/ymusic/ymusic
numOfHashTables = 5
UBLSH2RecommenderHashFunctionsPrecision = [0.015410616883399378, 0.0181644230774152, 0.02241636315385129, 0.02476126516220531, 0.029823991997088694, 0.031844770597029635, 0.036905558890954926, 0.03954875628842209, 0.04006247284123305, 0.040017531319912175];
UBLSH2RecommenderHashFunctionsPecall = [0.030821233766798756, 0.0363288461548304, 0.04483272630770258, 0.04952253032441062, 0.05974587924625766, 0.06378743644613954, 0.07390901303399011, 0.07919211995621978, 0.08022284093454639, 0.08012967001919995];
UBLSH2RecommenderHashFunctionsDiversity = [0.20162589058928945, 0.1909849340200254, 0.18396052965171325, 0.18434027158237365, 0.18185459944237156, 0.1761193917504548, 0.17618302461592994, 0.17429605705437967, 0.1721132728505241, 0.1730225053023885];
UBLSH2RecommenderHashFunctionsAggrDiversity = [928.6666666666666, 924.3333333333334, 914.0, 912.3333333333334, 897.0, 884.0, 877.0, 883.6666666666666, 873.3333333333334, 872.3333333333334];
UBLSH2RecommenderHashFunctionsNovelty = [5.582103183725011, 5.425211714201488, 5.227655967895896, 5.169119963296225, 5.067472710024859, 4.944484251439214, 4.918163142944853, 4.880739159777517, 4.8554965779013335, 4.842210995425201];
UBLSH2RecommenderHashFunctionsTopN = [20.0, 20.0, 20.0, 20.0, 20.0, 20.0, 20.0, 20.0, 20.0, 19.666666666666668];
UBLSH2RecommenderHashFunctionsAvgRecommTime = [4.802516290141873, 3.068036261848132, 1.8616960429196805, 1.283615323865576, 0.776169727130207, 0.4393761301757764, 0.2737865373384741, 0.16287563549595171, 0.11072197407191871, 0.07259080944769368];
UBLSH2RecommenderHashFunctionsCandidateItemListSize = [0.0, 0.0, 0.0, 0.0, 0.0, 0.0, 0.0, 0.0, 0.0, 0.0];
UBLSH2RecommenderHashFunctionsTopNRatioListSize = [1.0, 1.0, 1.0, 1.0, 1.0, 1.0, 1.0, 1.0, 1.0, 1.0];
# ========================================================
# test case : UBLSH2Recommender Hash Tables Evaluation
# ========================================================
fileName = data/ymusic/ymusic
numOfHashFunctions = 6
UBLSH2RecommenderHashTablesPrecision = [0.023597395240734773, 0.02362345678064517, 0.02633620493308128, 0.022997445604412737, 0.020257202799278725, 0.020334242208344896, 0.01995698166485735, 0.019247603630688875, 0.01705220919454454, 0.019550722979809986];
UBLSH2RecommenderHashTablesRecall = [0.04738729311292541, 0.04724691356129034, 0.05286491249761843, 0.045994891208825474, 0.04060901297793304, 0.04076309179606539, 0.04000857070909029, 0.038593102513458016, 0.03410441838908908, 0.039196053338995555];
UBLSH2RecommenderHashTablesDiversity = [0.18238989276729242, 0.18496832334290467, 0.18685091112361518, 0.18818815806869507, 0.1895360463599495, 0.19078378181368963, 0.1909553544839485, 0.19276326251345935, 0.1942887045312417, 0.19470050105143807];
UBLSH2RecommenderHashTablesAggrDiversity = [907.6666666666666, 910.0, 925.3333333333334, 918.0, 922.0, 923.6666666666666, 920.0, 916.6666666666666, 927.0, 923.0];
UBLSH2RecommenderHashTablesNovelty = [5.197461165271146, 5.241671127224923, 5.2994137574458415, 5.3210877364701235, 5.359493459718823, 5.37982561881937, 5.3830099269033385, 5.393244893979908, 5.4270704700495225, 5.429187461889492];
UBLSH2RecommenderHashTablesTopN = [20.0, 20.0, 20.0, 20.0, 20.0, 20.0, 20.0, 20.0, 20.0, 20.0];
UBLSH2RecommenderHashTablesAvgRecommTime = [1.5972719546481222, 2.014183530053655, 2.3113472079124207, 2.4554662120628175, 2.86692792824609, 3.0167420202488597, 3.1608120170601843, 3.5662853051173897, 3.6322352362512027, 3.7047392911926518];
UBLSH2RecommenderHashTablesCandidateItemListSize = [0.0, 0.0, 0.0, 0.0, 0.0, 0.0, 0.0, 0.0, 0.0, 0.0];
UBLSH2RecommenderHashTablesTopNRatioListSize = [1.0, 1.0, 1.0, 1.0, 1.0, 1.0, 1.0, 1.0, 1.0, 1.0];
# ========================================================
# test case: IBKNNRecommender Precision
# ========================================================
dataFileBase = data/ymusic/ymusic
IBKNNRecommenderPrecision = 0.006122024307640182
IBKNNRecommenderRecall = 0.013121241597736505
IBKNNRecommenderDiversity = 0.2206311614855001
IBKNNRecommenderAggrDiversity = 460.3333333333333
IBKNNRecommenderNovelty = 6.6675800742621325
IBKNNRecommenderAvgRecommTime = 0.18639474375175621;
# ========================================================
# test case: UBKNNRecommender Precision
# ========================================================
dataFileBase = data/ymusic/ymusic
UBKNNRecommenderPrecision = 0.14190941294070145
UBKNNRecommenderRecall = 0.28449422902785076
UBKNNRecommenderDiversity = 0.13215671578352226
UBKNNRecommenderAggrDiversity = 271.3333333333333
UBKNNRecommenderNovelty = 2.867700613499149
UBKNNRecommenderAvgRecommTime = 0.388116244896455;



# ========================================================
# test case: LSH 2D
# ========================================================
dataFileBase = data/ymusic/ymusic
k = 20
UBKNNLSHMae2D = [[1.275475714800366, 1.2775579368561616, 1.2804849127103795, 1.2887002384825648, 1.3101173405981574, 1.3438150654455263, 1.3748097284530598, 1.4134465260999842, 1.4530383587468345, 1.4792281068980646]; [1.277765843948959, 1.2749387183901792, 1.2752284494969641, 1.2733482078646574, 1.2819906395344451, 1.2985244744943902, 1.3285860094901714, 1.3644007511978227, 1.3887567878650173, 1.434165684586442]; [1.2780238633377767, 1.275517869004138, 1.2749884912435794, 1.2726525864785578, 1.2761786316717305, 1.2884305633785333, 1.3052450106240523, 1.3319418491734087, 1.3694145819495536, 1.412307009376473]; [1.2780468733643457, 1.2757548854091714, 1.2737327152947795, 1.2705876342788998, 1.2718085366679437, 1.275773695060339, 1.2953392223656985, 1.32026757969854, 1.356983946944753, 1.387541693467733]; [1.2782964296323966, 1.2765425704195266, 1.2735516925495844, 1.2701614250966087, 1.27242739098489, 1.2717960840391171, 1.2865099435823517, 1.305400728609648, 1.3375073775717414, 1.3724444525852375]; [1.2784132394021797, 1.276419585859098, 1.2738021619666158, 1.2726218945002856, 1.2699305232768625, 1.2708801102800005, 1.2808672280985114, 1.294030718568135, 1.3207090365521286, 1.3603939321287914]; [1.27853004502808, 1.2774558603636137, 1.27318912171522, 1.271178982797734, 1.2698695698739346, 1.271162516715031, 1.2762390550560105, 1.2914292679847144, 1.3111484818283625, 1.3523591219977213]; [1.2786012241659064, 1.2776107609111798, 1.274910180017745, 1.2719941007955886, 1.2693097065745376, 1.2680784643357008, 1.272225728738446, 1.2848040160399021, 1.3107364054585002, 1.337881623879042]; [1.2786339966391826, 1.2775531226216998, 1.275093705864564, 1.271595820990411, 1.2688919998576829, 1.2677323798068971, 1.2690165738055537, 1.280405526219852, 1.301942841948211, 1.323919490294512]; [1.2786588510358772, 1.2778625325875834, 1.275311878488735, 1.271724215147479, 1.2699624265617186, 1.2693266292707688, 1.2703208359772484, 1.2766415490720098, 1.2941307949220426, 1.3284995944606408]];
UBKNNLSHRuntime2D = [[6598.666666666667, 4431.333333333333, 3046.3333333333335, 2460.3333333333335, 2082.3333333333335, 1779.0, 1587.0, 1737.0, 1347.3333333333333, 1631.0]; [9937.666666666666, 6387.666666666667, 4577.0, 3089.3333333333335, 2403.3333333333335, 2103.0, 1772.0, 1770.6666666666667, 1478.6666666666667, 1537.0]; [13360.0, 8868.0, 6028.333333333333, 3907.6666666666665, 2895.6666666666665, 2195.0, 1896.0, 1786.0, 1549.3333333333333, 1411.6666666666667]; [16453.333333333332, 10407.666666666666, 6981.0, 4747.333333333333, 3541.3333333333335, 2666.3333333333335, 2053.3333333333335, 1823.0, 1652.0, 1500.6666666666667]; [17834.0, 12681.666666666666, 8509.0, 5502.333333333333, 3746.0, 2844.0, 2350.0, 1873.6666666666667, 1689.3333333333333, 1538.0]; [20014.0, 13777.333333333334, 9629.0, 6165.333333333333, 4067.3333333333335, 2985.6666666666665, 2343.3333333333335, 1969.3333333333333, 1736.3333333333333, 1559.0]; [23576.666666666668, 16148.333333333334, 10952.333333333334, 6888.666666666667, 4607.333333333333, 3304.0, 2483.3333333333335, 2159.0, 1733.6666666666667, 1534.3333333333333]; [25952.666666666668, 17043.666666666668, 11394.666666666666, 7640.0, 5007.0, 3731.6666666666665, 2553.6666666666665, 2099.6666666666665, 1810.0, 1585.6666666666667]; [28531.666666666668, 19344.333333333332, 12602.666666666666, 8467.333333333334, 5707.0, 3789.3333333333335, 2734.0, 2135.3333333333335, 1846.3333333333333, 1671.0]; [31126.0, 19660.333333333332, 14031.666666666666, 9023.0, 5965.0, 3918.0, 2934.6666666666665, 2437.3333333333335, 1973.3333333333333, 1590.0]];
UBKNNLSHCandidate_Set_List2D = [[7759.022149619431, 4177.775602690716, 2255.7538419912426, 1187.2871162812191, 583.5330915515931, 323.0330215263502, 181.84531400154205, 93.21624443694623, 43.86407443265711, 24.92860616007898]; [11968.06183009618, 7125.874688717534, 4424.615490109899, 2134.9318814404273, 1220.4381710464902, 665.1342075758087, 357.7087169093116, 179.03205340766237, 103.81712518536808, 58.46481933518885]; [13556.283693767524, 9517.741192313812, 5864.994027942884, 3228.000907960433, 1713.9624613312872, 876.0373875043, 524.3247062408849, 279.7508467976534, 137.02752703475625, 78.87409804576488]; [14721.748531891188, 10878.69616265568, 6909.364610900676, 4289.11626538659, 2355.3342923758937, 1294.43161680768, 610.9522034842031, 343.19637098539334, 182.17520923411112, 109.23686060201813]; [14959.276510922859, 12228.5582492861, 8448.27673349529, 5018.513136994217, 2911.7275085784167, 1601.8340873726386, 863.9057412214496, 461.615748904673, 231.86239238578014, 134.51521308192937]; [15189.26791693373, 13141.564723207217, 9133.4839410269, 5831.570385264473, 3285.6713216155763, 1856.304449229673, 986.4099542523721, 540.8526782056441, 292.9624374208981, 154.63268709521853]; [15304.338914020904, 13849.57797240218, 10066.956050481793, 6297.033453179651, 3831.9973071854747, 2257.655162492514, 1154.7872387974248, 642.0362213017482, 356.5838111088952, 182.39452349934996]; [15354.568593078538, 14138.018864033796, 10582.145742921994, 7033.643328723801, 4119.7969695422635, 2494.1907579060376, 1343.7828777187094, 667.9588429223862, 380.2303511713583, 212.2045495945216]; [15376.940664390042, 14493.663014037347, 11489.238912143439, 7914.06600236768, 4719.08770371532, 2687.337878722927, 1535.2163300963482, 760.0358787904369, 436.5326449758591, 251.61004732911056]; [15389.15785005611, 14681.63532740874, 12203.309602827938, 8332.874911320207, 4973.204394544201, 2873.951458370386, 1681.6119933717457, 970.1211148461815, 487.25835143626676, 270.5534896864637]];


# ========================================================
# test case : UB Model Build
# ========================================================
fileName = "ymusic";
UBnumOfUsersList = [1540, 3080, 4620, 6160, 7700, 9240, 10780, 12320, 13860, 15400];
UBnumOfItemsList = [100, 200, 300, 400, 500, 600, 700, 800, 900, 1000];
UBmodelBuildTimeList = [3456, 14875, 36513, 67242, 107927, 157850, 213753, 279134, 356207, 433161];
# ========================================================
# test case : IB Model Build
# ========================================================
fileName = "ymusic";
IBnumOfUsersList = [1540, 3080, 4620, 6160, 7700, 9240, 10780, 12320, 13860, 15400];
IBnumOfItemsList = [100, 200, 300, 400, 500, 600, 700, 800, 900, 1000];
IBmodelBuildTimeList = [348, 1317, 2611, 4208, 6904, 9389, 13181, 17821, 22110, 27476];
# ========================================================
# test case : UBLSH Model Build
# ========================================================
fileName = "ymusic";
UBLSHnumOfUsersList = [1540, 3080, 4620, 6160, 7700, 9240, 10780, 12320, 13860, 15400];
UBLSHnumOfItemsList = [100, 200, 300, 400, 500, 600, 700, 800, 900, 1000];
UBLSHmodelBuildTimeList = [34, 60, 89, 131, 161, 181, 266, 269, 295, 313];
# ========================================================
# test case : IBLSH Model Build
# ========================================================
fileName = "ymusic";
IBLSHnumOfUsersList = [1540, 3080, 4620, 6160, 7700, 9240, 10780, 12320, 13860, 15400];
IBLSHnumOfItemsList = [100, 200, 300, 400, 500, 600, 700, 800, 900, 1000];
IBLSHmodelBuildTimeList = [85, 171, 222, 360, 453, 510, 596, 632, 860, 944];
