

# ========================================================
# test case: UBKNNLSHHashTables Prediction Performance
# ========================================================
dataFileBase = data/1m-new/ml-new
k = 20
numOfHashTables = 5
numOfHashFunctions = 6
UBKNNLSHHashTablesMaeList =  [0.8144915766260711, 0.8062154645251506, 0.8019734668584002, 0.7997477994654725, 0.7976167883201072, 0.7947912663035659, 0.7936675570901507, 0.7930742015808493, 0.7915987469675528, 0.7911798618002924];
UBKNNLSHHashTablesRuntimeList = [0.5285517012425393, 0.6473497108841259, 0.738360401637857, 0.8408660730597971, 0.9163938592881213, 1.0016984103132565, 1.1500324521556216, 1.2759988291742215, 1.4332882545032586, 1.542658316789269];
UBKNNLSHHashTablesCandidateSetList = [4305.010415142551, 5341.863857769644, 6319.625216511955, 7291.894671854437, 8280.069200302649, 9153.998197780411, 10082.943965289769, 10993.853635609368, 12044.407091137955, 12956.660538389915];
UBKNNLSHHashTablesPredictedItemsList  = [49855.333333333336, 49855.333333333336, 49855.333333333336, 49855.333333333336, 49855.333333333336, 49855.333333333336, 49855.333333333336, 49855.333333333336, 49855.333333333336, 49855.333333333336];
# ========================================================
# test case: UBKNNLSHHashFunctions Prediction Performance
# ========================================================
dataFileBase = data/1m-new/ml-new
k = 20
numOfHashTables = 5
numOfHashFunctions = 6
UBKNNLSHHashFunctionsMaeList =  [0.7887446566775892, 0.7958854724517477, 0.8070902602412966, 0.8281445709159648, 0.8620788053948426, 0.9124425368147119, 0.9761401481240801, 1.0549283017600095, 1.1244295284141532, 1.1812582027884482];
UBKNNLSHHashFunctionsRuntimeList = [2.3692347966276377, 1.1263793562617137, 0.6083821882121425, 0.37838194073092996, 0.23397596895189018, 0.17168267197715603, 0.12653835505947297, 0.10307131642543088, 0.09143758573492129, 0.08367682962971745];
UBKNNLSHHashFunctionsCandidateSetList = [18856.045764551665, 10204.413598954206, 5316.157334539831, 2767.0841578953373, 1422.4772420086758, 728.8094346484619, 376.3137823937759, 189.95330753454002, 99.4564947198135, 53.65604882298087];
UBKNNLSHHashFunctionsPredictedItemsList  = [49855.333333333336, 49855.333333333336, 49855.333333333336, 49855.333333333336, 49855.333333333336, 49855.333333333336, 49855.333333333336, 49855.333333333336, 49855.333333333336, 49855.333333333336];
# ========================================================
# test case: IBKNNLSHHashTables Prediction Performance
# ========================================================
dataFileBase = data/1m-new/ml-new
k = 20
numOfHashTables = 5
numOfHashFunctions = 6
IBKNNLSHHashTablesMaeList =  [1.0593512871320752, 1.0225331309158803, 1.0041054897765502, 0.9814992268497874, 0.9690745113659663, 0.9546336547505258, 0.9391760286743095, 0.9343518065945995, 0.9238643571713175, 0.9155827130045525];
IBKNNLSHHashTablesRuntimeList = [0.20156770621284756, 0.2534601623850816, 0.29410627315192045, 0.35736476717740334, 0.40385518449876695, 0.44977258722100416, 0.49604887784576596, 0.5337721770641849, 0.5748044456128789, 0.6089820382637833];
IBKNNLSHHashTablesCandidateSetList = [354.6203851748351, 445.2019831792166, 521.2748369385463, 615.364329032867, 692.5403563552376, 772.9083899765104, 853.4126035305967, 929.2754530223648, 1004.4481281668537, 1080.0259960541957];
IBKNNLSHHashTablesPredictedItemsList  = [49855.333333333336, 49855.333333333336, 49855.333333333336, 49855.333333333336, 49855.333333333336, 49855.333333333336, 49855.333333333336, 49855.333333333336, 49855.333333333336, 49855.333333333336];
# ========================================================
# test case: IBKNNLSHHashFunctions Prediction Performance
# ========================================================
dataFileBase = data/1m-new/ml-new
k = 20
numOfHashTables = 5
numOfHashFunctions = 6
IBKNNLSHHashFunctionsMaeList =  [0.8808541258038951, 0.9438823238868718, 1.0219209916539294, 1.1052819743692825, 1.187249274019203, 1.2394141245991042, 1.2733531964752764, 1.293675192901017, 1.305579861132636, 1.309909892599932];
IBKNNLSHHashFunctionsRuntimeList = [0.8835168870898836, 0.4842977668690865, 0.26435682523177606, 0.14231836430554534, 0.0768690053967191, 0.04250366405906314, 0.023849985214666303, 0.013686004565738935, 0.007822265720437397, 0.005529646247586381];
IBKNNLSHHashFunctionsCandidateSetList = [1599.1539181979363, 852.4396178604944, 443.2914940750724, 227.22822913345962, 115.4973437145689, 58.226552693048745, 29.72900386740763, 14.549926986072094, 7.313048094108889, 3.6812561087304316];
IBKNNLSHHashFunctionsPredictedItemsList  = [49855.333333333336, 49855.333333333336, 49855.333333333336, 49855.333333333336, 49855.333333333336, 49855.333333333336, 49855.333333333336, 49855.333333333336, 49855.333333333336, 49855.333333333336];
# ========================================================
# test case: IBLSH1HashTables Prediction Performance
# ========================================================
dataFileBase = data/1m-new/ml-new
k = 20
numOfHashTables = 5
numOfHashFunctions = 6
IBLSH1HashTablesMaeList =  [1.0551025162898335, 1.0256514131966317, 1.0015526743328786, 0.9835500954487228, 0.9700805039203426, 0.9536140238724379, 0.9405056611574749, 0.9335583841523047, 0.9227416907623175, 0.9191365670218197];
IBLSH1HashTablesRuntimeList = [0.05322772421950408, 0.062233229945398184, 0.07273190167831321, 0.08748827897182454, 0.1117652588078657, 0.12790552272095865, 0.13666256350361536, 0.14335687319423993, 0.15483314147037944, 0.16167250378895673];
IBLSH1HashTablesCandidateSetList = [360.29258505059806, 443.9969014442379, 532.3945843779911, 615.5598370947856, 694.5334595623135, 777.6307948510936, 860.1046510369433, 935.4619946742233, 1018.3046408132113, 1088.5759702681955];
IBLSH1HashTablesPredictedItemsList  = [49871.333333333336, 49871.333333333336, 49871.333333333336, 49871.333333333336, 49871.333333333336, 49871.333333333336, 49871.333333333336, 49871.333333333336, 49871.333333333336, 49871.333333333336];
# ========================================================
# test case: IBLSH1HashFunctions Prediction Performance
# ========================================================
dataFileBase = data/1m-new/ml-new
k = 20
numOfHashTables = 5
numOfHashFunctions = 6
IBLSH1HashFunctionsMaeList =  [0.8883495746320075, 0.9478397198669312, 1.0248127418427833, 1.1054930935929188, 1.18718618211731, 1.2426657568982662, 1.2746337831479477, 1.2936177416077141, 1.3041012227618285, 1.3088311445546854];
IBLSH1HashFunctionsRuntimeList = [0.300813600155071, 0.13824300743456497, 0.06358247341561142, 0.025653620047258994, 0.012257732834336815, 0.006222598420425608, 0.002753787114026782, 0.0015844203141470975, 9.092357060823831E-4, 5.74769903208563E-4];
IBLSH1HashFunctionsCandidateSetList = [1599.4097370392137, 853.0837523461176, 449.522814160124, 228.5356350779866, 115.47264625961161, 59.25133223183932, 30.094006935562167, 15.822079866612649, 8.566431566216066, 4.753119228701267];
IBLSH1HashFunctionsPredictedItemsList  = [49871.333333333336, 49871.333333333336, 49871.333333333336, 49871.333333333336, 49871.333333333336, 49871.333333333336, 49871.333333333336, 49871.333333333336, 49871.333333333336, 49871.333333333336];
# ========================================================
# test case: IBLSH2HashTables Prediction Performance
# ========================================================
dataFileBase = data/1m-new/ml-new
k = 20
numOfHashTables = 5
numOfHashFunctions = 6
IBLSH2HashTablesMaeList =  [1.116584940918039, 1.0885904712179435, 1.0633038462070192, 1.0472422681667017, 1.0262542367821743, 1.0144536559264103, 0.9999892743752361, 0.9869181709297262, 0.9792545120811891, 0.9730727103920898];
IBLSH2HashTablesRuntimeList = [0.01318005666696484, 0.01612246858525314, 0.019684273055317888, 0.023646490193958956, 0.02723177326670476, 0.0288950961319917, 0.03263636007140549, 0.03557174666495207, 0.037924493290351725, 0.04218963396871833];
IBLSH2HashTablesCandidateSetList = [361.30500962687694, 447.15066688161454, 530.93726582696, 616.531090883422, 700.4557365619839, 774.8346119281936, 857.6461869088633, 942.164855004579, 1014.6577940955244, 1086.255686390288];
IBLSH2HashTablesPredictedItemsList  = [49871.333333333336, 49871.333333333336, 49871.333333333336, 49871.333333333336, 49871.333333333336, 49871.333333333336, 49871.333333333336, 49871.333333333336, 49871.333333333336, 49871.333333333336];
# ========================================================
# test case: IBLSH2HashFunctions Prediction Performance
# ========================================================
dataFileBase = data/1m-new/ml-new
k = 20
numOfHashTables = 5
numOfHashFunctions = 6
IBLSH2HashFunctionsMaeList =  [0.9324376070942305, 1.0062350187508344, 1.085284454254104, 1.1685934471591264, 1.226233095100165, 1.2659952051578003, 1.2894846264907516, 1.2999072573923443, 1.3069134048246813, 1.3113361912087373];
IBLSH2HashFunctionsRuntimeList = [0.06232863548467541, 0.03250543547209861, 0.01654991662249306, 0.008007032720822628, 0.0037562182455537934, 0.0020722498002574735, 0.0012631311289151852, 6.282826160660329E-4, 4.078273427041476E-4, 1.9388280382209847E-4];
IBLSH2HashFunctionsCandidateSetList = [1601.5961483406336, 856.9663655303435, 450.3194208863277, 226.64563260564137, 116.49864989066249, 58.457342291839836, 30.26397864911497, 16.043129995008993, 8.502746071902438, 4.732196274429662];
IBLSH2HashFunctionsPredictedItemsList  = [49871.333333333336, 49871.333333333336, 49871.333333333336, 49871.333333333336, 49871.333333333336, 49871.333333333336, 49871.333333333336, 49871.333333333336, 49871.333333333336, 49871.333333333336];
# ========================================================
# test case: UBLSH1HashTables Prediction Performance
# ========================================================
dataFileBase = data/1m-new/ml-new
k = 20
numOfHashTables = 5
numOfHashFunctions = 6
UBLSH1HashTablesMaeList =  [0.8084779206809306, 0.8048733041295221, 0.803025148139182, 0.8011560223832994, 0.7992545398811403, 0.7976343057760681, 0.7985979802237063, 0.7969709116118516, 0.7952542001412403, 0.795940278445605];
UBLSH1HashTablesRuntimeList = [0.8204822240588858, 1.00969276908216, 1.2531710153768627, 1.466168465087417, 1.5390911578043511, 1.999769988996009, 2.3353340576006523, 2.8628381298803043, 3.314240374539468, 3.3877904536590804];
UBLSH1HashTablesCandidateSetList = [4260.323369145589, 5342.538242294708, 6308.4681436971505, 7376.925620968786, 8284.210326990722, 9248.021463424584, 10085.627610789967, 11052.116826745007, 11909.64376998635, 12812.950663817015];
UBLSH1HashTablesPredictedItemsList  = [49855.333333333336, 49855.333333333336, 49855.333333333336, 49855.333333333336, 49855.333333333336, 49855.333333333336, 49855.333333333336, 49855.333333333336, 49855.333333333336, 49855.333333333336];
# ========================================================
# test case: UBLSH1HashFunctions Prediction Performance
# ========================================================
dataFileBase = data/1m-new/ml-new
k = 20
numOfHashTables = 5
numOfHashFunctions = 6
UBLSH1HashFunctionsMaeList =  [0.7969205385198826, 0.8001105813825032, 0.804317917861613, 0.8183022363728364, 0.8414623381263965, 0.8781436726617939, 0.9325387660011101, 0.9973646746853714, 1.0664218331755368, 1.1429026469459518];
UBLSH1HashFunctionsRuntimeList = [7.76124462919968, 2.8382925468607, 1.0790175182341464, 0.43600838642643797, 0.20622393305594292, 0.09489000273002908, 0.046557918872300326, 0.020138812398211452, 0.01090411514167886, 0.005227778757003878];
UBLSH1HashFunctionsCandidateSetList = [18653.11382495069, 10132.285409666869, 5423.831442100746, 2720.6956103814264, 1414.4666107953956, 730.5754498478855, 379.3939505332069, 189.2211177833968, 100.85843628884435, 51.547568955378715];
UBLSH1HashFunctionsPredictedItemsList  = [49855.333333333336, 49855.333333333336, 49855.333333333336, 49855.333333333336, 49855.333333333336, 49855.333333333336, 49855.333333333336, 49855.333333333336, 49855.333333333336, 49855.333333333336];
# ========================================================
# test case: UBLSH2HashTables Prediction Performance
# ========================================================
dataFileBase = data/1m-new/ml-new
k = 20
numOfHashTables = 5
numOfHashFunctions = 6
UBLSH2HashTablesMaeList =  [0.8246785656422437, 0.8169320816826952, 0.8120751682835118, 0.8097675915722569, 0.8079026618975068, 0.804365909087054, 0.8035477448365187, 0.8025914891637056, 0.8000777904335125, 0.8007814376160179];
UBLSH2HashTablesRuntimeList = [0.12081737547693584, 0.13489892252422006, 0.1509404045680259, 0.1663808914950743, 0.17637513464379892, 0.18438878257949098, 0.1932221741001452, 0.2125371199411673, 0.22562815016790413, 0.2216184537911614];
UBLSH2HashTablesCandidateSetList = [4314.736222228001, 5389.833583196188, 6318.626420421118, 7312.594002007377, 8295.011242916218, 9266.272673139776, 10138.158286966938, 11028.91844834064, 12029.147102689616, 12805.951332154267];
UBLSH2HashTablesPredictedItemsList  = [49855.333333333336, 49855.333333333336, 49855.333333333336, 49855.333333333336, 49855.333333333336, 49855.333333333336, 49855.333333333336, 49855.333333333336, 49855.333333333336, 49855.333333333336];
# ========================================================
# test case: UBLSH2HashFunctions Prediction Performance
# ========================================================
dataFileBase = data/1m-new/ml-new
k = 20
numOfHashTables = 5
numOfHashFunctions = 6
UBLSH2HashFunctionsMaeList =  [0.7981128611041148, 0.8054327840405356, 0.8182333580636828, 0.8409065440924137, 0.8727253656820827, 0.9202914519267639, 0.9852621264950149, 1.0520500879039307, 1.118735467287066, 1.1827471462633827];
UBLSH2HashFunctionsRuntimeList = [0.2739271889109556, 0.19696707595526572, 0.13338806244951742, 0.08438401111740923, 0.04717829950816108, 0.02584747291288716, 0.013324534004304703, 0.00667994006855666, 0.00355067844266429, 0.0018848195430733738];
UBLSH2HashFunctionsCandidateSetList = [18887.624074424337, 10124.293566179154, 5315.827603748485, 2717.874518093097, 1402.2149312028093, 721.8726650675371, 370.398414297678, 191.0100470544553, 98.46477390806733, 51.274271436358305];
UBLSH2HashFunctionsPredictedItemsList  = [49855.333333333336, 49855.333333333336, 49855.333333333336, 49855.333333333336, 49855.333333333336, 49855.333333333336, 49855.333333333336, 49855.333333333336, 49855.333333333336, 49855.333333333336];
# ========================================================
# test case: UBKNN Prediction
# ========================================================
fileName = data/1m-new/ml-new.data
UBKNNMaeList = 0.7794051066229167
UBKNNRuntime = 75.79763404020154
# ========================================================
# test case: IBKNN Prediction
# ========================================================
fileName = data/1m-new/ml-new.data
IBKNNMaeList = 0.8108981165106132
IBKNNRuntime = 2.1582514747362493

# ========================================================
# test case : IBLSH1Recommender Hash Functions Evaluation
# ========================================================
fileName = data/1m-new/ml-new
numOfHashTables = 5
IBLSH1RecommenderHashFunctionsPrecision = [0.0021142502627423143, 0.002438723264937794, 0.0021063748713800717, 0.002277879573229447, 0.0019693980862455092, 0.0023959072725972144, 0.001824305177261648, 0.0023609666716188776, 0.002176256073336745, 0.0018560474751976766];
IBLSH1RecommenderHashFunctionsPecall = [0.0042285005254846285, 0.004877446529875588, 0.004212749742760143, 0.004555759146458894, 0.0039387961724910185, 0.004791814545194429, 0.003648610354523296, 0.004721933343237755, 0.00435251214667349, 0.003712094950395353];
IBLSH1RecommenderHashFunctionsDiversity = [0.8186462352568924, 0.8250665645351085, 0.8366828377977513, 0.8317754371643007, 0.8387275842610203, 0.8270342827596706, 0.8512452874900021, 0.8345441919223321, 0.8388203649460815, 0.8502443517144043];
IBLSH1RecommenderHashFunctionsAggrDiversity = [4123.666666666667, 4345.0, 4652.333333333333, 4567.0, 4519.333333333333, 4436.0, 4388.666666666667, 4133.666666666667, 3776.3333333333335, 2742.3333333333335];
IBLSH1RecommenderHashFunctionsNovelty = [10.491479695762775, 10.537164258298667, 10.61014357301815, 10.579512956885084, 10.62989072045408, 10.526196807356035, 10.732687041877874, 10.596252689512617, 10.605174250763017, 10.715846593136375];
IBLSH1RecommenderHashFunctionsTopN = [20.0, 20.0, 20.0, 20.0, 20.0, 20.0, 20.0, 20.0, 20.0, 20.0];
IBLSH1RecommenderHashFunctionsAvgRecommTime = [75.77680728195139, 41.75677833902838, 20.686543604219285, 9.2167032580047, 3.832767955892306, 1.7771085414637635, 0.9487157265719143, 0.5953506990871423, 0.3671280476732861, 0.2519004110335265];
IBLSH1RecommenderHashFunctionsCandidateItemListSize = [0.0, 0.0, 0.0, 0.0, 0.0, 0.0, 0.0, 0.0, 0.0, 0.0];
IBLSH1RecommenderHashFunctionsTopNRatioListSize = [1.0, 1.0, 1.0, 1.0, 1.0, 1.0, 1.0, 1.0, 1.0, 1.0];
# ========================================================
# test case : IBLSH1Recommender Hash Tables Evaluation
# ========================================================
fileName = data/1m-new/ml-new
numOfHashFunctions = 6
IBLSH1RecommenderHashTablesPrecision = [0.0019598031771185845, 0.0024885892801135697, 0.0025392806638163934, 0.0030203329536638082, 0.002354570065534261, 0.0028245486609771247, 0.0027510564717146187, 0.0025392806638163934, 0.002393775070569009, 0.0024668545755679905];
IBLSH1RecommenderHashTablesRecall = [0.003919606354237169, 0.0049771785602271395, 0.005078561327632787, 0.0060406659073276164, 0.004709140131068522, 0.005649097321954249, 0.0055021129434292375, 0.005078561327632787, 0.004787550141138018, 0.004933709151135981];
IBLSH1RecommenderHashTablesDiversity = [0.8380071487849876, 0.806777112343695, 0.8139758705538839, 0.7877940660379522, 0.8005553168014012, 0.783407599902139, 0.7991988222177641, 0.8038731190867034, 0.7812029286172728, 0.7958204024792707];
IBLSH1RecommenderHashTablesAggrDiversity = [4493.666666666667, 4336.666666666667, 4275.666666666667, 4273.333333333333, 4440.666666666667, 4317.333333333333, 4515.333333333333, 4582.333333333333, 4433.666666666667, 4548.0];
IBLSH1RecommenderHashTablesNovelty = [10.644347907580844, 10.368135785185038, 10.429414661686724, 10.22634800372276, 10.29726888814478, 10.151745441220724, 10.293073592172965, 10.325194866100668, 10.177889993070744, 10.273388865039196];
IBLSH1RecommenderHashTablesTopN = [20.0, 20.0, 20.0, 20.0, 20.0, 20.0, 20.0, 20.0, 20.0, 20.0];
IBLSH1RecommenderHashTablesAvgRecommTime = [16.173374161563142, 21.044568524846344, 25.777318322631057, 30.36922723496041, 34.381057517181425, 38.381034131739824, 42.14303567793019, 46.24843799006256, 50.927029856330854, 54.78187642032167];
IBLSH1RecommenderHashTablesCandidateItemListSize = [0.0, 0.0, 0.0, 0.0, 0.0, 0.0, 0.0, 0.0, 0.0, 0.0];
IBLSH1RecommenderHashTablesTopNRatioListSize = [1.0, 1.0, 1.0, 1.0, 1.0, 1.0, 1.0, 1.0, 1.0, 1.0];
# ========================================================
# test case : IBLSH2Recommender Hash Functions Evaluation
# ========================================================
fileName = data/1m-new/ml-new
numOfHashTables = 5
IBLSH2RecommenderHashFunctionsPrecision = [0.0017851001722269, 0.0018681872706163307, 0.0019751412755795467, 0.0018264373792898538, 0.0016845427733483008, 0.0014998321750661677, 0.0019116566797074902, 0.002082095280542762, 0.0016756012809719548, 0.0020407580734798096];
IBLSH2RecommenderHashFunctionsPecall = [0.0035702003444538, 0.0037363745412326613, 0.0039502825511590935, 0.0036528747585797077, 0.0033690855466966016, 0.0029996643501323354, 0.0038233133594149805, 0.004164190561085524, 0.0033512025619439095, 0.004081516146959619];
IBLSH2RecommenderHashFunctionsDiversity = [0.8615255183569227, 0.8570225111631163, 0.8560024291767446, 0.8578926402964918, 0.8533104987321293, 0.8510310393877621, 0.8491155359882051, 0.8484155819778207, 0.8476988517552534, 0.8505605547760154];
IBLSH2RecommenderHashFunctionsAggrDiversity = [5538.666666666667, 5527.666666666667, 5516.0, 5511.333333333333, 5470.333333333333, 5410.333333333333, 5306.666666666667, 5093.0, 4693.0, 4033.6666666666665];
IBLSH2RecommenderHashFunctionsNovelty = [10.812024957559421, 10.765635144040049, 10.750124506240853, 10.76457133579087, 10.71780880706366, 10.699012505876006, 10.686563400100836, 10.69567915570785, 10.673148636968273, 10.688996067600868];
IBLSH2RecommenderHashFunctionsTopN = [20.0, 20.0, 20.0, 20.0, 20.0, 20.0, 20.0, 20.0, 20.0, 20.0];
IBLSH2RecommenderHashFunctionsAvgRecommTime = [2.5069764274748674, 1.3528072159219091, 0.6995465975558086, 0.39718865723545566, 0.251546190374002, 0.18046201378915686, 0.1499880321563578, 0.11089857871539642, 0.0894321189411072, 0.07866931334841006];
IBLSH2RecommenderHashFunctionsCandidateItemListSize = [0.0, 0.0, 0.0, 0.0, 0.0, 0.0, 0.0, 0.0, 0.0, 0.0];
IBLSH2RecommenderHashFunctionsTopNRatioListSize = [1.0, 1.0, 1.0, 1.0, 1.0, 1.0, 1.0, 1.0, 1.0, 1.0];
# ========================================================
# test case : IBLSH2Recommender Hash Tables Evaluation
# ========================================================
fileName = data/1m-new/ml-new
numOfHashFunctions = 6
IBLSH2RecommenderHashTablesPrecision = [0.0016724029779296462, 0.0020428902755080147, 0.0017740264778223485, 0.0015183685765694389, 0.0018735177756868452, 0.0018671211696022281, 0.001931259182224864, 0.001834966187402676, 0.0022625414747684835, 0.0018581796772258819];
IBLSH2RecommenderHashTablesRecall = [0.0033448059558592925, 0.0040857805510160295, 0.003548052955644697, 0.0030367371531388777, 0.0037470355513736903, 0.0037342423392044562, 0.003862518364449728, 0.003669932374805352, 0.004525082949536967, 0.0037163593544517638];
IBLSH2RecommenderHashTablesDiversity = [0.8567174115342772, 0.8565796565705689, 0.8556674898668497, 0.8580362112332932, 0.8547614666237364, 0.8534790578246157, 0.8571361156632871, 0.8599548559505887, 0.8527953820412292, 0.8582883703339382];
IBLSH2RecommenderHashTablesAggrDiversity = [5529.0, 5535.0, 5523.333333333333, 5518.333333333333, 5530.0, 5520.0, 5531.333333333333, 5551.0, 5522.333333333333, 5530.0];
IBLSH2RecommenderHashTablesNovelty = [10.749747536649467, 10.751387789322232, 10.74985980164242, 10.773080159003412, 10.726165381474589, 10.722678638129972, 10.759057560600818, 10.782007810191274, 10.71960118712905, 10.78075400328738];
IBLSH2RecommenderHashTablesTopN = [20.0, 20.0, 20.0, 20.0, 20.0, 20.0, 20.0, 20.0, 20.0, 20.0];
IBLSH2RecommenderHashTablesAvgRecommTime = [0.567181559066123, 0.7016299652794973, 0.8069641845083829, 1.0373424233920445, 1.2713852985357963, 1.4324263908835295, 1.571531939010768, 1.6512659777590695, 1.8022086861783786, 1.9373902947666135];
IBLSH2RecommenderHashTablesCandidateItemListSize = [0.0, 0.0, 0.0, 0.0, 0.0, 0.0, 0.0, 0.0, 0.0, 0.0];
IBLSH2RecommenderHashTablesTopNRatioListSize = [1.0, 1.0, 1.0, 1.0, 1.0, 1.0, 1.0, 1.0, 1.0, 1.0];
# ========================================================
# test case : UBLSH1Recommender Hash Functions Evaluation
# ========================================================
fileName = data/1m-new/ml-new
numOfHashTables = 5
UBLSH1RecommenderHashFunctionsPrecision = [0.009556976565036285, 0.012066887865431941, 0.013422933965015418, 0.014321553948838208, 0.01559681710383691, 0.01694818611510046, 0.016924731892790194, 0.016543824317557854, 0.016202052966649668, 0.015793667497537706];
UBLSH1RecommenderHashFunctionsPecall = [0.01911395313007257, 0.024133775730863883, 0.026845867930030836, 0.028938383488227592, 0.031488909798225, 0.03422658842173044, 0.03384946378558039, 0.03338292422566689, 0.032404105933299336, 0.0318826105856266];
UBLSH1RecommenderHashFunctionsDiversity = [0.06603244152179825, 0.056049082601473586, 0.05348312085269848, 0.0515064753688981, 0.04988394851813303, 0.048932682796506866, 0.049083238415692676, 0.049460807195719846, 0.05104616062510895, 0.05576504135160352];
UBLSH1RecommenderHashFunctionsAggrDiversity = [287.0, 286.0, 259.0, 276.6666666666667, 278.3333333333333, 311.0, 358.3333333333333, 480.3333333333333, 711.3333333333334, 1027.0];
UBLSH1RecommenderHashFunctionsNovelty = [5.385111752073327, 5.017675665962016, 4.826503276322094, 4.72801352741448, 4.65482245254226, 4.647511142265604, 4.675285692727168, 4.751921346789888, 4.925855350625465, 5.134913077869015];
UBLSH1RecommenderHashFunctionsTopN = [20.0, 20.0, 20.0, 20.0, 20.0, 20.0, 20.0, 20.0, 20.0, 20.0];
UBLSH1RecommenderHashFunctionsAvgRecommTime = [32.747754309799326, 21.5090529171275, 13.151325816977282, 7.7593349180409055, 4.4752740223509795, 2.5850026411792864, 1.4905756670353314, 0.8829943819915592, 0.5085267446915048, 0.3148251319214029];
UBLSH1RecommenderHashFunctionsCandidateItemListSize = [0.0, 0.0, 0.0, 0.0, 0.0, 0.0, 0.0, 0.0, 0.0, 0.0];
UBLSH1RecommenderHashFunctionsTopNRatioListSize = [1.0, 1.0, 1.0, 1.0, 1.0, 1.0, 1.0, 1.0, 1.0, 1.0];
# ========================================================
# test case : UBLSH1Recommender Hash Tables Evaluation
# ========================================================
fileName = data/1m-new/ml-new
numOfHashFunctions = 6
UBLSH1RecommenderHashTablesPrecision = [0.013569505659276906, 0.013298509659563034, 0.012918427452857732, 0.012537932561888912, 0.012425648051855184, 0.012028336277147772, 0.01180933849463788, 0.011366184376324045, 0.01137430050017335, 0.011021042770597086];
UBLSH1RecommenderHashTablesRecall = [0.027139011318553813, 0.02659701931912607, 0.025836854905715464, 0.02537114071432901, 0.02485129610371037, 0.024056672554295545, 0.02361867698927576, 0.02273236875264809, 0.0227486010003467, 0.02207702614217251];
UBLSH1RecommenderHashTablesDiversity = [0.05245875647837988, 0.053947109730904136, 0.05368747100234753, 0.05286847066008466, 0.053140742586701074, 0.05489406390173022, 0.05371867346004977, 0.054385526140499574, 0.05330479609351985, 0.05535391038357957];
UBLSH1RecommenderHashTablesAggrDiversity = [302.3333333333333, 287.3333333333333, 256.0, 240.0, 212.0, 218.66666666666666, 220.66666666666666, 213.66666666666666, 218.0, 208.66666666666666];
UBLSH1RecommenderHashTablesNovelty = [4.866419873041649, 4.891897184202224, 4.844122461821363, 4.84889591634414, 4.860474861549176, 4.8850303961772905, 4.920278267963696, 4.981972754432474, 5.017447049785894, 4.941741822696344];
UBLSH1RecommenderHashTablesTopN = [20.0, 20.0, 20.0, 20.0, 20.0, 20.0, 20.0, 20.0, 20.0, 20.0];
UBLSH1RecommenderHashTablesAvgRecommTime = [11.124329388071773, 14.246706091769974, 15.806718637371587, 17.82446474851021, 19.777134678133788, 21.295340244419133, 22.71831754128218, 24.59210837639006, 25.91548914090141, 27.31635550273197];
UBLSH1RecommenderHashTablesCandidateItemListSize = [0.0, 0.0, 0.0, 0.0, 0.0, 0.0, 0.0, 0.0, 0.0, 0.0];
UBLSH1RecommenderHashTablesTopNRatioListSize = [1.0, 1.0, 1.0, 1.0, 1.0, 1.0, 1.0, 1.0, 1.0, 1.0];
# ========================================================
# test case : UBLSH2Recommender Hash Functions Evaluation
# ========================================================
fileName = data/1m-new/ml-new
numOfHashTables = 5
UBLSH2RecommenderHashFunctionsPrecision = [0.0041567278539867995, 0.0046916698305793465, 0.005461188420629801, 0.0060121219124338885, 0.007164921012231945, 0.00705115771692059, 0.007477907635759351, 0.008208633905038584, 0.00782002289022047, 0.00851646197527195];
UBLSH2RecommenderHashFunctionsPecall = [0.008313455707973599, 0.009383339661158693, 0.010922376841259601, 0.012319519415418959, 0.014351714290430645, 0.01410231543384118, 0.014955815271518702, 0.016417267810077168, 0.01564004578044094, 0.0170329239505439];
UBLSH2RecommenderHashFunctionsDiversity = [0.5424853499402565, 0.46867455397308805, 0.40783090265018873, 0.3451994856149377, 0.30921750489503536, 0.2816515868361134, 0.26531097197412357, 0.25613908075881575, 0.24638784478433864, 0.23744426417846984];
UBLSH2RecommenderHashFunctionsAggrDiversity = [4341.333333333333, 4086.6666666666665, 3848.3333333333335, 3578.0, 3442.0, 3316.3333333333335, 3239.0, 3227.3333333333335, 3164.6666666666665, 3126.3333333333335];
UBLSH2RecommenderHashFunctionsNovelty = [8.371415468321901, 8.021106315192563, 7.752521439420112, 7.465926785038557, 7.295112501846134, 7.172489735734222, 7.092632996032251, 7.038686901845544, 7.006569158070756, 6.972322638466561];
UBLSH2RecommenderHashFunctionsTopN = [20.0, 20.0, 20.0, 20.0, 20.0, 20.0, 20.0, 20.0, 20.0, 20.0];
UBLSH2RecommenderHashFunctionsAvgRecommTime = [12.295036921485442, 7.635114891298965, 4.8709797674661734, 2.9269390657928764, 1.7533750694685175, 1.0549392803886937, 0.5982690646373605, 0.3219625062590447, 0.17897084798362464, 0.08431896091604903];
UBLSH2RecommenderHashFunctionsCandidateItemListSize = [0.0, 0.0, 0.0, 0.0, 0.0, 0.0, 0.0, 0.0, 0.0, 0.0];
UBLSH2RecommenderHashFunctionsTopNRatioListSize = [1.0, 1.0, 1.0, 1.0, 1.0, 1.0, 1.0, 1.0, 1.0, 1.0];
# ========================================================
# test case : UBLSH2Recommender Hash Tables Evaluation
# ========================================================
fileName = data/1m-new/ml-new
numOfHashFunctions = 6
UBLSH2RecommenderHashTablesPrecision = [0.005887284922717982, 0.0057645801350302795, 0.005399423342522425, 0.005070685936270536, 0.005561333135244877, 0.005125229039766247, 0.005332087026857483, 0.0054999807414010254, 0.00450654654803369, 0.0051887136356383035];
UBLSH2RecommenderHashTablesRecall = [0.012069845435987145, 0.011529160270060559, 0.010833787286023189, 0.010141371872541072, 0.011122666270489754, 0.010272330345499249, 0.010664174053714967, 0.010999961482802051, 0.009048033697045717, 0.010377427271276607];
UBLSH2RecommenderHashTablesDiversity = [0.389901031502703, 0.40241385132911445, 0.4216930116460392, 0.42831757087606565, 0.43479281394038677, 0.44951821052021623, 0.45669733796851725, 0.4616112174781683, 0.4719172070914277, 0.4803235344180044];
UBLSH2RecommenderHashTablesAggrDiversity = [3770.3333333333335, 3822.6666666666665, 3873.6666666666665, 3940.6666666666665, 3953.0, 3995.3333333333335, 4048.0, 4067.0, 4101.666666666667, 4136.333333333333];
UBLSH2RecommenderHashTablesNovelty = [7.664942108996534, 7.717474415852894, 7.812655443917461, 7.832881266363395, 7.866858549749508, 7.935298849900036, 7.970913746437442, 7.97939127819413, 8.03668556990088, 8.07729637977838];
UBLSH2RecommenderHashTablesTopN = [20.0, 20.0, 20.0, 20.0, 20.0, 20.0, 20.0, 20.0, 20.0, 20.0];
UBLSH2RecommenderHashTablesAvgRecommTime = [4.081130287173223, 4.654663057054974, 5.589747134595597, 6.043473535933795, 6.4252133577642425, 7.112197158531284, 7.587138970050128, 8.188836753110264, 8.73553472875639, 9.557625854944233];
UBLSH2RecommenderHashTablesCandidateItemListSize = [0.0, 0.0, 0.0, 0.0, 0.0, 0.0, 0.0, 0.0, 0.0, 0.0];
UBLSH2RecommenderHashTablesTopNRatioListSize = [1.0, 1.0, 1.0, 1.0, 1.0, 1.0, 1.0, 1.0, 1.0, 1.0];
# ========================================================
# test case: IBKNNRecommender Precision
# ========================================================
dataFileBase = data/1m-new/ml-new
IBKNNRecommenderPrecision = 0.007178126908664703
IBKNNRecommenderRecall = 0.014356253817329407
IBKNNRecommenderDiversity = 0.3611951884510916
IBKNNRecommenderAggrDiversity = 1801.6666666666667
IBKNNRecommenderNovelty = 7.973422974453666
IBKNNRecommenderAvgRecommTime = 0.4943028937420559;
# ========================================================
# test case: UBKNNRecommender Precision
# ========================================================
dataFileBase = data/1m-new/ml-new
UBKNNRecommenderPrecision = 0.017693425114313616
UBKNNRecommenderRecall = 0.03538685022862723
UBKNNRecommenderDiversity = 0.06572278470601599
UBKNNRecommenderAggrDiversity = 1534.6666666666667
UBKNNRecommenderNovelty = 6.044247517636518
UBKNNRecommenderAvgRecommTime = 0.6060199629134408;


# =======================================================
# 10-fold CV Tests
# =======================================================
ml-new-ub-cover = [[0.9930731225985044, 0.9838249863133788, 0.9645282181260404, 0.9247689609135112, 0.8539961637946386, 0.7404798433843124, 0.5940467785055535, 0.4453602212937726, 0.30880575658753434, 0.1945150101397615]; [0.9972332643672243, 0.9932673912019978, 0.9853858732407309, 0.967147550110529, 0.9334711408332369, 0.8672101533796902, 0.7660471153920886, 0.6318599837502968, 0.4826006868759956, 0.3299751412511424]; [0.9983989168819177, 0.9960743161263874, 0.990842309814486, 0.980200766552845, 0.9594804228288764, 0.9170248189717928, 0.8396735544557478, 0.7241874697386042, 0.5848187017043515, 0.43334215354910005]; [0.9989984825345649, 0.9973706013392422, 0.9937564228423946, 0.986246705636157, 0.9707817577904069, 0.9380130137139631, 0.8784580101639673, 0.7799677119894812, 0.6493887398535604, 0.4999450364271376]; [0.9992363029999863, 0.9980070096997681, 0.9951699396095831, 0.9894355075851927, 0.976811009395601, 0.9524597352437573, 0.9055492484557869, 0.8240677473617151, 0.7038856917720185, 0.5523552272513644]; [0.9994540246123059, 0.9984659008849364, 0.9962719467954259, 0.9914887528759931, 0.9815607006281346, 0.9608537772317458, 0.9210275548675472, 0.8499398519330258, 0.7446232620083381, 0.5970886715823381]; [0.9995310621649659, 0.998666872583934, 0.9970121956666542, 0.993086504556652, 0.9839623051108776, 0.9676433070587445, 0.9329317554455349, 0.8714069498847042, 0.770970702214259, 0.6311971865851046]; [0.999651648718487, 0.9989649879246775, 0.9973471481615, 0.9942019044697545, 0.9863103447392717, 0.9715220768379469, 0.9410644786923509, 0.8879271017179934, 0.7926825719544882, 0.66555356855276]; [0.9997219867095829, 0.9991190611786712, 0.9976218079691165, 0.9948249236364534, 0.9884842146166144, 0.9751161672527832, 0.9491167960912176, 0.9002366920712374, 0.816273416766597, 0.6936363231051218]; [0.9997521318753781, 0.9991994586092913, 0.9980036641260269, 0.9952402691863936, 0.9893651408163886, 0.977832616796403, 0.9547609228770412, 0.9089991981644893, 0.8331116237600447, 0.71799724202348]];
ml-new-ib-cover = [[0.8534301423933147, 0.7177731925882864, 0.5477660760847686, 0.38481393370809713, 0.2393828543089291, 0.1325719750555764, 0.07624945808860432, 0.0392569541832177, 0.019899823809472684, 0.011167458502584137]; [0.9391888301748099, 0.849551363850327, 0.7238424145531374, 0.5563010451334938, 0.39212623229695925, 0.24189874597153072, 0.13623333928024428, 0.07597125883953898, 0.04261612205863465, 0.02246879632142738]; [0.9664575556911018, 0.9099974708600075, 0.8101406583628635, 0.6663208608373975, 0.48944712530066026, 0.3273088224861915, 0.1974399578976945, 0.10940305099912484, 0.05987005527579838, 0.03317418299770222]; [0.9796380658207967, 0.9391151176645159, 0.862102069099015, 0.7269508528931447, 0.5626015973422828, 0.39418246302432564, 0.24751220068653948, 0.14196079035906564, 0.0783966439917781, 0.0404157566845924]; [0.9863807052798537, 0.9557524320602164, 0.8940869407491984, 0.7833541605826172, 0.6251146720346501, 0.44757757755882627, 0.29900448442326116, 0.16811768165619825, 0.09963584057183612, 0.05318078932834271]; [0.9901891581037999, 0.9665413382443124, 0.9119670372655834, 0.8159791547309072, 0.6678644760210362, 0.5034186240932691, 0.333853391693763, 0.19971733038781828, 0.11242455593141754, 0.06050638353238505]; [0.992594154608554, 0.9744060990564766, 0.9266681300894032, 0.842714808028652, 0.7071116346224317, 0.5448121694106853, 0.3664414238110489, 0.22367991012910818, 0.12887740568508102, 0.07099387710133953]; [0.9946474047788373, 0.9797251789707584, 0.940130060338637, 0.8659439724332665, 0.7326517288834525, 0.5681184225139616, 0.3972772853227922, 0.24859393145792189, 0.14735019412274783, 0.0836919602334409]; [0.9956757248650919, 0.983386225451882, 0.9518769284240441, 0.8806854152671821, 0.7625365572639765, 0.6042398683212211, 0.4290849055225259, 0.2725636123221246, 0.1582698112601549, 0.09194864757514624]; [0.9962753060006143, 0.9864176095834813, 0.9576617020722065, 0.8941644003655115, 0.7847306560872146, 0.6244978564895363, 0.4562327280997758, 0.2963721322967608, 0.17755982772151144, 0.0994618078014844]];
