
# ========================================================
# test case: UBKNNLSHHashTables Prediction Performance
# ========================================================
dataFileBase = data/android/andapps
k = 20
numOfHashTables = 5
numOfHashFunctions = 6
UBKNNLSHHashTablesMaeList =  [1.1763564449005475, 1.1585951776193522, 1.1514956499825166, 1.1389484559932175, 1.1346721280699468, 1.122620344022778, 1.1178217028754913, 1.1129064422714905, 1.1087084468544055, 1.1082738852195422];
UBKNNLSHHashTablesRuntimeList = [0.25143172374016215, 0.2614525399936595, 0.2759744775232684, 0.30457530854176323, 0.39227203860960586, 0.4517846610352267, 0.4678970441062477, 0.46343310759561906, 0.46651351660537027, 0.5333311180072439];
UBKNNLSHHashTablesCandidateSetList = [1450.4358234550493, 1789.804172764292, 2150.490081670437, 2478.8100222902754, 2803.2779285363395, 3114.1679128366904, 3433.1501605363883, 3748.4129767652817, 4042.501303234049, 4377.593748794794];
UBKNNLSHHashTablesPredictionCoverageList  = [0.8342916133088102, 0.856964183295336, 0.8749540896845897, 0.8866239704588006, 0.8995535182485526, 0.9052158844965023, 0.9130805773032993, 0.9179993156194722, 0.9240142531402785, 0.9291686373879142];
# ========================================================
# test case: UBKNNLSHHashFunctions Prediction Performance
# ========================================================
dataFileBase = data/android/andapps
k = 20
numOfHashTables = 5
numOfHashFunctions = 6
UBKNNLSHHashFunctionsMaeList =  [1.0995272543265455, 1.124582600701379, 1.163557930798744, 1.2065044633299293, 1.2609600895732813, 1.3005266209502533, 1.354098313723008, 1.394395351464678, 1.412605007954003, 1.4344395481837537];
UBKNNLSHHashFunctionsRuntimeList = [0.6959012641765362, 0.38992341580694184, 0.23728429870187187, 0.15147543200359817, 0.12744753927990318, 0.10038221513399907, 0.09624205161888728, 0.1170316671894489, 0.16432888236098922, 0.2374698346160374];
UBKNNLSHHashFunctionsCandidateSetList = [6360.2052259601305, 3431.3295772429387, 1769.3170867088954, 920.0292557853445, 467.48129507358703, 237.9534547588352, 119.78055812768262, 60.79441762243861, 31.808797051530618, 15.640161543756298];
UBKNNLSHHashFunctionsPredictionCoverageList  = [0.9499791802845458, 0.910883343000076, 0.8558530858238355, 0.7815821957751227, 0.6797174642185256, 0.5548093164023679, 0.42782844072590764, 0.3072062470586452, 0.20771788866255994, 0.12822464111475687];
# ========================================================
# test case: IBKNNLSHHashTables Prediction Performance
# ========================================================
dataFileBase = data/android/andapps
k = 20
numOfHashTables = 5
numOfHashFunctions = 6
IBKNNLSHHashTablesMaeList =  [1.2601892444018885, 1.2413552818092983, 1.240515755165721, 1.2103166154652791, 1.206064921603466, 1.2049465328274913, 1.1934851006213951, 1.1794801396889874, 1.1737317346109344, 1.1704982901705565];
IBKNNLSHHashTablesRuntimeList = [0.714117177382204, 0.7756648437806338, 0.9387463249938744, 0.9899024253889742, 1.0388756102519576, 1.16197259504433, 1.234047320163784, 1.369731575398213, 1.6112884039366566, 1.6799634890999038];
IBKNNLSHHashTablesCandidateSetList = [1977.3513051936982, 2463.8264778458065, 2918.574901867352, 3374.2715160920743, 3849.8961861546613, 4307.48101073351, 4734.524480604545, 5167.80041795666, 5596.844650532558, 6005.320553473447];
IBKNNLSHHashTablesPredictionCoverageList  = [0.6561145407572303, 0.719658313485836, 0.7737543694834293, 0.8229628284091293, 0.8487649344604637, 0.8753774889546385, 0.8969688848810534, 0.9140666437522413, 0.9303134666123061, 0.9397280491666097];
# ========================================================
# test case: IBKNNLSHHashFunctions Prediction Performance
# ========================================================
dataFileBase = data/android/andapps
k = 20
numOfHashTables = 5
numOfHashFunctions = 6
IBKNNLSHHashFunctionsMaeList =  [1.129025437804049, 1.191688056803335, 1.2495608479087261, 1.2746716620367187, 1.3044246277350917, 1.2908015884053448, 1.2652800121999863, 1.2357247724375375, 1.2215546819378247, 1.116115572830851];
IBKNNLSHHashFunctionsRuntimeList = [2.184531650637363, 1.2562504129510035, 0.8859524643880087, 0.5640281952386011, 0.44861750978561626, 0.39499386492632, 0.3177979675737585, 0.31957450986542435, 0.33717211907452477, 0.41351310651544376];
IBKNNLSHHashFunctionsCandidateSetList = [8946.987397665165, 4789.798857637362, 2461.2157060914033, 1251.1215495394526, 636.4238244981924, 318.4838753857037, 160.80513489706323, 80.89804221054517, 40.58915840568117, 20.637641184513324];
IBKNNLSHHashFunctionsPredictionCoverageList  = [0.9794565161482439, 0.8927938449732311, 0.7242385009456177, 0.5214970929753621, 0.34344796767645197, 0.20882147296023568, 0.124119333466381, 0.07059795139849893, 0.040019391730207465, 0.022730532240501686];
# ========================================================
# test case: IBLSH1HashTables Prediction Performance
# ========================================================
dataFileBase = data/android/andapps
k = 20
numOfHashTables = 5
numOfHashFunctions = 6
IBLSH1HashTablesMaeList =  [1.1135086387704256, 1.1159579735975271, 1.1084220590217397, 1.111113191909195, 1.1000005158427466, 1.0883739581474552, 1.0858636232121974, 1.0876264668076152, 1.0755890824009267, 1.0767295999116706];
IBLSH1HashTablesRuntimeList = [0.4382603424389402, 0.5018038885714811, 0.6122493531559025, 0.7388589719981438, 0.8255303326722991, 0.8580008288652983, 0.8945491479907662, 0.9919120394582205, 1.1465222918555071, 1.2457959157936118];
IBLSH1HashTablesCandidateSetList = [1985.5415506583092, 2458.5219894180227, 2913.6593686725787, 3377.2086686780863, 3831.077914424415, 4289.636564337129, 4735.251535058617, 5144.460910801728, 5556.214169010301, 5999.526195914415];
IBLSH1HashTablesPredictionCoverageList  = [0.6327501780463618, 0.6939656013992623, 0.7403585290137586, 0.7830325138210831, 0.813689586868855, 0.839083590560747, 0.8591880248269153, 0.8773676002120907, 0.8896765696847165, 0.900833171405416];
# ========================================================
# test case: IBLSH1HashFunctions Prediction Performance
# ========================================================
dataFileBase = data/android/andapps
k = 20
numOfHashTables = 5
numOfHashFunctions = 6
IBLSH1HashFunctionsMaeList =  [1.0559263041270086, 1.090469822971368, 1.1175789754192662, 1.1302190696111973, 1.1410345489767348, 1.1382619807075642, 1.107929651042131, 1.0618078699957536, 1.0419314075194503, 0.9647074341796249];
IBLSH1HashFunctionsRuntimeList = [2.4567000275813475, 1.2108163851863951, 0.548309375288562, 0.24682018495093683, 0.13971008360286943, 0.05833977842208223, 0.028530724880542993, 0.015032589588165451, 0.009979086914498987, 0.0038644790867724];
IBLSH1HashFunctionsCandidateSetList = [8889.543544252223, 4747.442037605315, 2454.95701832317, 1258.8913983628743, 640.789691349326, 320.55555568704875, 163.3856837681342, 82.78379164454874, 42.08705997213666, 22.23510357947333];
IBLSH1HashFunctionsPredictionCoverageList  = [0.9383168842871923, 0.8572523455300894, 0.6928173047161262, 0.5013897343393466, 0.3292131139451286, 0.2016324962586881, 0.11742138862247282, 0.06710125749013175, 0.03988396131926288, 0.021243327535388767];
# ========================================================
# test case: IBLSH2HashTables Prediction Performance
# ========================================================
dataFileBase = data/android/andapps
k = 20
numOfHashTables = 5
numOfHashFunctions = 6
IBLSH2HashTablesMaeList =  [1.1354234868234403, 1.1430860883937362, 1.1296074798894777, 1.1242791047014642, 1.125245502349574, 1.1197514880041457, 1.1208466612905812, 1.1150218064284534, 1.107384593995169, 1.1063185934512914];
IBLSH2HashTablesRuntimeList = [0.11556932323717171, 0.14623808414213926, 0.17819401988265904, 0.21760176678300394, 0.2389501633040562, 0.274997401595934, 0.32311474737951856, 0.3349474197581701, 0.38605292613797354, 0.4118480568901532];
IBLSH2HashTablesCandidateSetList = [1965.6455363410616, 2463.186934411571, 2924.725913864759, 3395.520715812667, 3827.0103856290357, 4308.911778933384, 4759.748601196843, 5158.058579610018, 5573.164543066213, 6015.6609421711155];
IBLSH2HashTablesPredictionCoverageList  = [0.49862175673823605, 0.5645337892373022, 0.6161760450731096, 0.6621807956213093, 0.6994400620028491, 0.7311766593647254, 0.7623374181039373, 0.7857614364402784, 0.8030779632262987, 0.8221838722642091];
# ========================================================
# test case: IBLSH2HashFunctions Prediction Performance
# ========================================================
dataFileBase = data/android/andapps
k = 20
numOfHashTables = 5
numOfHashFunctions = 6
IBLSH2HashFunctionsMaeList =  [1.0910486774545494, 1.1180376107509258, 1.1460208131426446, 1.1499270304464122, 1.1462867599438675, 1.1379309900243841, 1.1065892611276258, 1.041843277838663, 1.0543468677935073, 0.9016352676518288];
IBLSH2HashFunctionsRuntimeList = [0.6601448274301608, 0.30118144793956175, 0.1404610361422138, 0.0636663303664109, 0.031495596704290675, 0.016401802829241727, 0.007430567446612041, 0.003585909210703401, 0.0019310973117793535, 0.0010862154300270597];
IBLSH2HashFunctionsCandidateSetList = [8948.909525374745, 4753.745654610833, 2467.485644348395, 1248.987987032312, 631.371467638308, 324.48349427062493, 160.13619166656804, 81.83116574443581, 41.291890198857594, 21.716180329281553];
IBLSH2HashFunctionsPredictionCoverageList  = [0.8946940102454026, 0.7521997301523794, 0.5618888789692288, 0.37696708984375965, 0.23961127609348734, 0.14071908935409586, 0.08349182046295515, 0.045798641598282896, 0.02579657697320026, 0.014881532768495574];
# ========================================================
# test case: UBLSH1HashTables Prediction Performance
# ========================================================
dataFileBase = data/android/andapps
k = 20
numOfHashTables = 5
numOfHashFunctions = 6
UBLSH1HashTablesMaeList =  [1.08065869886, 1.075550996991084, 1.070446051225251, 1.0687744017238883, 1.0675095892408428, 1.0620885171742698, 1.0649853107089509, 1.0599325065547427, 1.0620526905384653, 1.0599334641437428];
UBLSH1HashTablesRuntimeList = [0.32315383569141404, 0.40304575177004504, 0.441404658331995, 0.49109884898850487, 0.6261657106650218, 0.7244952539281789, 0.7637672014520048, 0.8383537436799111, 0.8700473698888379, 0.9165687326827979];
UBLSH1HashTablesCandidateSetList = [1448.3039069483893, 1817.5136111516704, 2151.8913974804323, 2459.9903657276445, 2787.4214506244975, 3151.168499766656, 3425.663669004745, 3762.7075724524507, 4047.8572230668415, 4371.275381423347];
UBLSH1HashTablesPredictionCoverageList  = [0.8357821285785914, 0.8583099264232278, 0.8747201061672528, 0.886753992904684, 0.8968858693455353, 0.9060614252542205, 0.9127151417191993, 0.919226506086887, 0.9227343280147394, 0.9294108068711494];
# ========================================================
# test case: UBLSH1HashFunctions Prediction Performance
# ========================================================
dataFileBase = data/android/andapps
k = 20
numOfHashTables = 5
numOfHashFunctions = 6
UBLSH1HashFunctionsMaeList =  [1.0614959366489816, 1.0679187634229028, 1.075311052196249, 1.090059277782297, 1.0880979179446364, 1.0960866757464625, 1.1007008619240153, 1.080325920779415, 1.0695348219097973, 1.0546781966837369];
UBLSH1HashFunctionsRuntimeList = [1.6682490944361492, 0.8604914077775545, 0.39277527577388777, 0.18495657260074708, 0.0908283791206569, 0.04404575815444849, 0.019027865901051374, 0.009136290154137227, 0.004514981337949762, 0.005085933611028554];
UBLSH1HashFunctionsCandidateSetList = [6382.594960962783, 3444.8407627821975, 1810.4638773447157, 922.6405584806698, 466.1764830019845, 237.56071218135943, 121.1450720344029, 60.711387543150316, 32.17899209351323, 16.51306289812299];
UBLSH1HashFunctionsPredictionCoverageList  = [0.9484182161335899, 0.9115106667495126, 0.8581785785248511, 0.7834134202288956, 0.6770198278853243, 0.5543934263684925, 0.42417386467753765, 0.30240222101600334, 0.20869199191829957, 0.12753118373611624];
# ========================================================
# test case: UBLSH2HashTables Prediction Performance
# ========================================================
dataFileBase = data/android/andapps
k = 20
numOfHashTables = 5
numOfHashFunctions = 6
UBLSH2HashTablesMaeList =  [1.0939044255298602, 1.0903228548711377, 1.084709398876795, 1.0793562105945786, 1.0730369198049845, 1.073259525393016, 1.0755290472695793, 1.0742238441006415, 1.076028269564593, 1.0674050460743183];
UBLSH2HashTablesRuntimeList = [0.07564683091961197, 0.08802967042559166, 0.10637674583308122, 0.12344052662671616, 0.1418547805985448, 0.16039019285976014, 0.17738140606458472, 0.18962764085180192, 0.1959981420370059, 0.22166630462680223];
UBLSH2HashTablesCandidateSetList = [1454.3669039289778, 1789.849372535092, 2174.441888498377, 2451.4297338197894, 2811.370187414754, 3135.3470342019045, 3452.4949923448826, 3746.362542610839, 4042.416702971908, 4357.638900693321];
UBLSH2HashTablesPredictionCoverageList  = [0.7784140209997784, 0.8131206209392654, 0.8295978306767681, 0.8450841515740443, 0.8611466018096783, 0.871252249776917, 0.8812485731495089, 0.8879590022621678, 0.8945055648171314, 0.899033214744172];
# ========================================================
# test case: UBLSH2HashFunctions Prediction Performance
# ========================================================
dataFileBase = data/android/andapps
k = 20
numOfHashTables = 5
numOfHashFunctions = 6
UBLSH2HashFunctionsMaeList =  [1.072289087905514, 1.0807389987961986, 1.087448700782823, 1.0956381484309887, 1.097318673552881, 1.0951411044215167, 1.0865125320962346, 1.0774709440506127, 1.0621789994223423, 1.0433094929522275];
UBLSH2HashFunctionsRuntimeList = [0.30383525645706083, 0.169842358021268, 0.08989669678537016, 0.042576585506571514, 0.023229066311590715, 0.011256689899062497, 0.0058099319087926244, 0.002860227439347963, 0.0023408551079518946, 6.65619856677116E-4];
UBLSH2HashFunctionsCandidateSetList = [6393.453308069039, 3463.4280033597647, 1796.5996392175482, 918.6729933602754, 469.4382605099316, 238.27752679443324, 120.04959219904049, 60.86547448431593, 32.11001442055122, 16.756081975991034];
UBLSH2HashFunctionsPredictionCoverageList  = [0.924609659715487, 0.8778038638795419, 0.8102812769786588, 0.7160043990324431, 0.5970966061402683, 0.4692893838230037, 0.34308946561675197, 0.23303277262201116, 0.1514633920864699, 0.09171605466854958];

# ========================================================
# test case: UBKNN Prediction
# ========================================================
fileName = data/android/andapps.dat
UBKNNMaeList = 1.066830133435223
UBKNNRuntime = 25.885558924814557
# ========================================================
# test case: IBKNN Prediction
# ========================================================
fileName = data/android/andapps.dat
IBKNNMaeList = 1.0270232895000264
IBKNNRuntime = 0.34904707805098617

# ========================================================
# test case : IBLSH1Recommender Hash Functions Evaluation
# ========================================================
fileName = data/android/andapps
numOfHashTables = 5
IBLSH1RecommenderHashFunctionsPrecision = [4.201680672268908E-4, 8.403361344537816E-4, 7.00280112044818E-4, 7.00280112044818E-4, 2.801120448179272E-4, 0.0014005602240896359, 0.0025210084033613447, 4.201680672268908E-4, 0.0012605042016806726, 2.801120448179272E-4];
IBLSH1RecommenderHashFunctionsPecall = [8.403361344537816E-4, 0.0016806722689075631, 0.001400560224089636, 0.001400560224089636, 5.602240896358544E-4, 0.0028011204481792717, 0.005042016806722689, 8.403361344537816E-4, 0.002521008403361345, 5.602240896358544E-4];
IBLSH1RecommenderHashFunctionsDiversity = [0.9869617541203658, 0.9874136207466339, 0.9859472244536578, 0.9866295854344251, 0.9871065139830854, 0.9874312221212121, 0.9861186013028567, 0.9877096368847812, 0.9884694288131189, 0.9885223821266741];
IBLSH1RecommenderHashFunctionsAggrDiversity = [2217.0, 2210.0, 2226.0, 2225.0, 2250.0, 2243.0, 2240.6666666666665, 2232.3333333333335, 2211.3333333333335, 2182.0];
IBLSH1RecommenderHashFunctionsNovelty = [12.743490149575308, 12.788040715357752, 12.949251019368186, 12.915297487773762, 12.953206903115928, 12.891713089923456, 12.920480782039803, 13.035357535004914, 12.954197321859885, 13.032400194438544];
IBLSH1RecommenderHashFunctionsTopN = [20.0, 20.0, 20.0, 20.0, 20.0, 20.0, 20.0, 20.0, 20.0, 20.0];
IBLSH1RecommenderHashFunctionsAvgRecommTime = [104.55742296918767, 57.106442577030805, 32.52100840336134, 18.92436974789916, 11.408963585434174, 6.661064425770308, 3.9859943977591037, 2.2408963585434174, 1.3249299719887955, 0.8011204481792719];
IBLSH1RecommenderHashFunctionsCandidateItemListSize = [0.0, 0.0, 0.0, 0.0, 0.0, 0.0, 0.0, 0.0, 0.0, 0.0];
IBLSH1RecommenderHashFunctionsTopNRatioListSize = [1.0, 1.0, 1.0, 1.0, 1.0, 1.0, 1.0, 1.0, 1.0, 1.0];
# ========================================================
# test case : IBLSH1Recommender Hash Tables Evaluation
# ========================================================
fileName = data/android/andapps
numOfHashFunctions = 6
IBLSH1RecommenderHashTablesPrecision = [4.201680672268908E-4, 0.0, 0.0011204481792717088, 0.0014005602240896359, 0.001400560224089636, 8.403361344537817E-4, 2.801120448179272E-4, 0.0011204481792717088, 0.0032212885154061627, 0.0016806722689075631];
IBLSH1RecommenderHashTablesRecall = [8.403361344537816E-4, 0.0, 0.0022408963585434176, 0.0028011204481792717, 0.002801120448179272, 0.0016806722689075633, 5.602240896358544E-4, 0.0022408963585434176, 0.0064425770308123255, 0.0037815126050420172];
IBLSH1RecommenderHashTablesDiversity = [0.9869619187107311, 0.9870051073232243, 0.9880607221252525, 0.9851448575526659, 0.9860790590878034, 0.9880715761202264, 0.9897349815308584, 0.9868035594535787, 0.985196863221311, 0.9826173879958188];
IBLSH1RecommenderHashTablesAggrDiversity = [2228.0, 2229.3333333333335, 2234.6666666666665, 2235.3333333333335, 2215.6666666666665, 2233.6666666666665, 2234.6666666666665, 2229.3333333333335, 2233.0, 2232.3333333333335];
IBLSH1RecommenderHashTablesNovelty = [12.814070363895572, 12.869400973422444, 12.849975782866402, 12.889155440681705, 12.880850970219972, 12.764207457039754, 12.8591051501939, 12.820986804140254, 12.711906945237466, 12.758517502552024];
IBLSH1RecommenderHashTablesTopN = [20.0, 20.0, 20.0, 20.0, 20.0, 20.0, 20.0, 20.0, 20.0, 20.0];
IBLSH1RecommenderHashTablesAvgRecommTime = [25.26610644257703, 30.39495798319328, 37.23249299719888, 40.753501400560225, 43.652661064425764, 50.50700280112045, 62.63305322128851, 62.12605042016807, 67.55742296918767, 71.46498599439776];
IBLSH1RecommenderHashTablesCandidateItemListSize = [0.0, 0.0, 0.0, 0.0, 0.0, 0.0, 0.0, 0.0, 0.0, 0.0];
IBLSH1RecommenderHashTablesTopNRatioListSize = [1.0, 1.0, 1.0, 1.0, 1.0, 1.0, 1.0, 1.0, 1.0, 1.0];
# ========================================================
# test case : IBLSH2Recommender Hash Functions Evaluation
# ========================================================
fileName = data/android/andapps
numOfHashTables = 5
IBLSH2RecommenderHashFunctionsPrecision = [0.0, 4.201680672268908E-4, 2.801120448179272E-4, 1.400560224089636E-4, 2.801120448179272E-4, 2.801120448179272E-4, 0.0011204481792717088, 5.602240896358544E-4, 0.0, 4.201680672268908E-4];
IBLSH2RecommenderHashFunctionsPecall = [0.0, 8.403361344537816E-4, 5.602240896358544E-4, 2.801120448179272E-4, 5.602240896358544E-4, 5.602240896358544E-4, 0.0022408963585434176, 0.0011204481792717088, 0.0, 8.403361344537816E-4];
IBLSH2RecommenderHashFunctionsDiversity = [0.9985010139050018, 0.9983352500972066, 0.9982081977271334, 0.9983475033981991, 0.9976761139174961, 0.9973582100614443, 0.9965453729679258, 0.9948692709151796, 0.9933450342794483, 0.9911659364535322];
IBLSH2RecommenderHashFunctionsAggrDiversity = [2303.6666666666665, 2292.0, 2295.6666666666665, 2300.3333333333335, 2282.3333333333335, 2283.6666666666665, 2291.0, 2284.3333333333335, 2277.3333333333335, 2252.6666666666665];
IBLSH2RecommenderHashFunctionsNovelty = [12.978041614404738, 12.971383174853342, 12.975125226853924, 13.026634278026558, 12.94802087724988, 12.962197970500597, 12.979389800501174, 12.977927690947938, 12.975469922306614, 12.97189802675554];
IBLSH2RecommenderHashFunctionsTopN = [20.0, 20.0, 20.0, 20.0, 20.0, 20.0, 20.0, 20.0, 20.0, 20.0];
IBLSH2RecommenderHashFunctionsAvgRecommTime = [15.633053221288515, 7.596638655462185, 4.044817927170868, 2.2913165266106446, 1.165266106442577, 0.6106442577030813, 0.40616246498599445, 0.25770308123249297, 0.1680672268907563, 0.13445378151260504];
IBLSH2RecommenderHashFunctionsCandidateItemListSize = [0.0, 0.0, 0.0, 0.0, 0.0, 0.0, 0.0, 0.0, 0.0, 0.0];
IBLSH2RecommenderHashFunctionsTopNRatioListSize = [1.0, 1.0, 1.0, 1.0, 1.0, 1.0, 1.0, 1.0, 1.0, 1.0];
# ========================================================
# test case : IBLSH2Recommender Hash Tables Evaluation
# ========================================================
fileName = data/android/andapps
numOfHashFunctions = 6
IBLSH2RecommenderHashTablesPrecision = [1.400560224089636E-4, 4.201680672268908E-4, 1.400560224089636E-4, 2.801120448179272E-4, 5.602240896358544E-4, 1.400560224089636E-4, 1.400560224089636E-4, 1.400560224089636E-4, 0.0, 4.201680672268908E-4];
IBLSH2RecommenderHashTablesRecall = [2.801120448179272E-4, 8.403361344537816E-4, 2.801120448179272E-4, 5.602240896358544E-4, 0.0011204481792717088, 2.801120448179272E-4, 2.801120448179272E-4, 2.801120448179272E-4, 0.0, 8.403361344537816E-4];
IBLSH2RecommenderHashTablesDiversity = [0.9978235153522604, 0.998042505233852, 0.9981707833989332, 0.9983072044705342, 0.9984332222475647, 0.9983248081233934, 0.998156572505111, 0.9981099893477353, 0.9983093174846829, 0.9985336386491541];
IBLSH2RecommenderHashTablesAggrDiversity = [2295.6666666666665, 2298.6666666666665, 2294.6666666666665, 2291.3333333333335, 2289.3333333333335, 2300.0, 2299.0, 2298.0, 2298.3333333333335, 2297.6666666666665];
IBLSH2RecommenderHashTablesNovelty = [12.946583631250718, 12.962613904660783, 12.996657714534367, 13.0076257047804, 12.96460665383472, 13.023739852084148, 12.94984330885498, 12.958005515057598, 12.992805099820197, 12.965215552694039];
IBLSH2RecommenderHashTablesTopN = [20.0, 20.0, 20.0, 20.0, 20.0, 20.0, 20.0, 20.0, 20.0, 20.0];
IBLSH2RecommenderHashTablesAvgRecommTime = [3.042016806722689, 3.792717086834734, 4.7478991596638656, 7.128851540616247, 6.641456582633054, 7.15406162464986, 8.179271708683473, 9.341736694677872, 9.974789915966385, 12.366946778711485];
IBLSH2RecommenderHashTablesCandidateItemListSize = [0.0, 0.0, 0.0, 0.0, 0.0, 0.0, 0.0, 0.0, 0.0, 0.0];
IBLSH2RecommenderHashTablesTopNRatioListSize = [1.0, 1.0, 1.0, 1.0, 1.0, 1.0, 1.0, 1.0, 1.0, 1.0];
# ========================================================
# test case : UBLSH1Recommender Hash Functions Evaluation
# ========================================================
fileName = data/android/andapps
numOfHashTables = 5
UBLSH1RecommenderHashFunctionsPrecision = [0.015546218487394965, 0.019327731092436976, 0.0211484593837535, 0.02226890756302521, 0.02170868347338935, 0.02254901960784313, 0.021568627450980385, 0.017366946778711492, 0.014845938375350145, 0.01344537815126051];
UBLSH1RecommenderHashFunctionsPecall = [0.03109243697478993, 0.03865546218487395, 0.042296918767507, 0.04519140989729225, 0.0434173669467787, 0.04575163398692809, 0.04313725490196077, 0.03538748832866481, 0.030345471521942117, 0.02754435107376285];
UBLSH1RecommenderHashFunctionsDiversity = [0.08423151197543055, 0.06604360014132532, 0.06217902082677828, 0.06070216773900953, 0.06544972533311312, 0.06819848291972262, 0.09371158251307622, 0.16072126986964522, 0.2831399355332023, 0.49578106953692297];
UBLSH1RecommenderHashFunctionsAggrDiversity = [97.0, 97.66666666666667, 94.0, 101.0, 139.66666666666666, 170.66666666666666, 272.0, 450.3333333333333, 702.0, 1034.3333333333333];
UBLSH1RecommenderHashFunctionsNovelty = [4.8742702797455975, 4.623918538495739, 4.52346567395409, 4.489538055491437, 4.565250460343173, 4.635133429598994, 4.854183170298257, 5.254587475172509, 5.834024019212102, 6.920528258387876];
UBLSH1RecommenderHashFunctionsTopN = [20.0, 20.0, 20.0, 20.0, 20.0, 20.0, 20.0, 20.0, 20.0, 20.0];
UBLSH1RecommenderHashFunctionsAvgRecommTime = [17.946778711484594, 11.243697478991598, 5.638655462184874, 3.2997198879551823, 1.7619047619047619, 1.011204481792717, 0.5154061624649859, 0.32492997198879553, 0.17086834733893555, 0.12605042016806722];
UBLSH1RecommenderHashFunctionsCandidateItemListSize = [0.0, 0.0, 0.0, 0.0, 0.0, 0.0, 0.0, 0.0, 0.0, 0.0];
UBLSH1RecommenderHashFunctionsTopNRatioListSize = [1.0, 1.0, 1.0, 1.0, 1.0, 1.0, 1.0, 1.0, 1.0, 1.0];
# ========================================================
# test case : UBLSH1Recommender Hash Tables Evaluation
# ========================================================
fileName = data/android/andapps
numOfHashFunctions = 6
UBLSH1RecommenderHashTablesPrecision = [0.019747899159663865, 0.01904761904761905, 0.0196078431372549, 0.019047619047619046, 0.020308123249299724, 0.0211484593837535, 0.020448179271708677, 0.018487394957983197, 0.017927170868347345, 0.017507002801120452];
UBLSH1RecommenderHashTablesRecall = [0.03949579831932773, 0.038748832866479926, 0.03986928104575163, 0.038748832866479926, 0.04061624649859945, 0.042296918767507, 0.04154995331465918, 0.036974789915966394, 0.03585434173669469, 0.035014005602240904];
UBLSH1RecommenderHashTablesDiversity = [0.06293529315793549, 0.06227720390287452, 0.06212498998241204, 0.0631298709383821, 0.06266627646052829, 0.06457149436114643, 0.06389731882285003, 0.06463440619568493, 0.06803970935313869, 0.06601734766326865];
UBLSH1RecommenderHashTablesAggrDiversity = [104.33333333333333, 98.33333333333333, 89.66666666666667, 86.0, 87.66666666666667, 86.33333333333333, 83.0, 76.0, 79.33333333333333, 82.33333333333333];
UBLSH1RecommenderHashTablesNovelty = [4.538301574676768, 4.535957982395694, 4.509617473383771, 4.529956778055074, 4.537447250328317, 4.56845842915933, 4.555342281709404, 4.593566470924233, 4.653532603274686, 4.6033055352171415];
UBLSH1RecommenderHashTablesTopN = [20.0, 20.0, 20.0, 20.0, 20.0, 20.0, 20.0, 20.0, 20.0, 20.0];
UBLSH1RecommenderHashTablesAvgRecommTime = [4.588235294117647, 5.6722689075630255, 6.613445378151261, 7.686274509803922, 8.647058823529411, 9.717086834733893, 10.235294117647058, 11.324929971988794, 12.019607843137257, 13.044817927170868];
UBLSH1RecommenderHashTablesCandidateItemListSize = [0.0, 0.0, 0.0, 0.0, 0.0, 0.0, 0.0, 0.0, 0.0, 0.0];
UBLSH1RecommenderHashTablesTopNRatioListSize = [1.0, 1.0, 1.0, 1.0, 1.0, 1.0, 1.0, 1.0, 1.0, 1.0];
# ========================================================
# test case : UBLSH2Recommender Hash Functions Evaluation
# ========================================================
fileName = data/android/andapps
numOfHashTables = 5
UBLSH2RecommenderHashFunctionsPrecision = [0.0030812324929971983, 0.0030812324929971983, 0.00392156862745098, 0.0028011204481792717, 0.00546218487394958, 0.004621848739495798, 0.0026610644257703078, 0.004061624649859944, 0.004481792717086835, 0.0051820728291316525];
UBLSH2RecommenderHashFunctionsPecall = [0.006162464985994397, 0.006162464985994397, 0.00784313725490196, 0.0056022408963585435, 0.011577964519140992, 0.009663865546218488, 0.0053221288515406156, 0.008123249299719889, 0.00896358543417367, 0.010364145658263305];
UBLSH2RecommenderHashFunctionsDiversity = [0.8809902443121801, 0.8670334973244898, 0.8490533457914248, 0.8393597017210039, 0.8323393239161146, 0.8177806669039279, 0.8166316811032264, 0.8155926832536493, 0.8096998950364277, 0.7935280075595644];
UBLSH2RecommenderHashFunctionsAggrDiversity = [1847.3333333333333, 1797.6666666666667, 1781.0, 1750.6666666666667, 1738.0, 1726.6666666666667, 1724.0, 1732.3333333333333, 1727.0, 1702.3333333333333];
UBLSH2RecommenderHashFunctionsNovelty = [9.085095759586478, 8.91046349935118, 8.78404283838003, 8.710681948060715, 8.651600642925224, 8.59977365472197, 8.59444771238021, 8.591393384859108, 8.619358305358494, 8.531106052256225];
UBLSH2RecommenderHashFunctionsTopN = [20.0, 20.0, 20.0, 20.0, 20.0, 20.0, 20.0, 20.0, 20.0, 20.0];
UBLSH2RecommenderHashFunctionsAvgRecommTime = [7.652661064425771, 3.904761904761905, 2.1904761904761902, 1.1988795518207283, 0.6218487394957983, 0.31092436974789917, 0.2380952380952381, 0.05322128851540616, 0.06162464985994398, 0.025210084033613443];
UBLSH2RecommenderHashFunctionsCandidateItemListSize = [0.0, 0.0, 0.0, 0.0, 0.0, 0.0, 0.0, 0.0, 0.0, 0.0];
UBLSH2RecommenderHashFunctionsTopNRatioListSize = [1.0, 1.0, 1.0, 1.0, 1.0, 1.0, 1.0, 1.0, 1.0, 1.0];
# ========================================================
# test case : UBLSH2Recommender Hash Tables Evaluation
# ========================================================
fileName = data/android/andapps
numOfHashFunctions = 6
UBLSH2RecommenderHashTablesPrecision = [0.0037815126050420172, 0.0035014005602240898, 0.0029411764705882353, 0.004061624649859944, 0.0032212885154061627, 0.003641456582633053, 0.0035014005602240893, 0.0026610644257703078, 0.00196078431372549, 0.004481792717086835];
UBLSH2RecommenderHashTablesRecall = [0.0075630252100840345, 0.00765639589169001, 0.0058823529411764705, 0.008123249299719889, 0.0064425770308123255, 0.007282913165266106, 0.007002801120448179, 0.0053221288515406156, 0.00392156862745098, 0.00896358543417367];
UBLSH2RecommenderHashTablesDiversity = [0.8499786737656355, 0.8511050753230497, 0.8520440396390239, 0.8525147317102385, 0.8605607574302822, 0.8637382147310823, 0.85982178262945, 0.8670796352842759, 0.8667633898094783, 0.8765896784890415];
UBLSH2RecommenderHashTablesAggrDiversity = [1773.0, 1784.6666666666667, 1789.3333333333333, 1789.3333333333333, 1793.0, 1813.6666666666667, 1808.0, 1813.6666666666667, 1801.3333333333333, 1834.3333333333333];
UBLSH2RecommenderHashTablesNovelty = [8.783384216331049, 8.806331959314662, 8.808797566010076, 8.829029443748505, 8.873535799185268, 8.9211213903222, 8.885167235614949, 8.931466563876013, 8.909099996909383, 9.034810398499156];
UBLSH2RecommenderHashTablesTopN = [20.0, 20.0, 20.0, 20.0, 20.0, 20.0, 20.0, 20.0, 20.0, 20.0];
UBLSH2RecommenderHashTablesAvgRecommTime = [1.8011204481792717, 2.1316526610644257, 2.5938375350140057, 3.0364145658263304, 3.3641456582633054, 3.7310924369747895, 4.053221288515406, 4.5098039215686265, 4.647058823529411, 4.868347338935575];
UBLSH2RecommenderHashTablesCandidateItemListSize = [0.0, 0.0, 0.0, 0.0, 0.0, 0.0, 0.0, 0.0, 0.0, 0.0];
UBLSH2RecommenderHashTablesTopNRatioListSize = [1.0, 1.0, 1.0, 1.0, 1.0, 1.0, 1.0, 1.0, 1.0, 1.0];
# ========================================================
# test case: IBKNNRecommender Precision
# ========================================================
dataFileBase = data/android/andapps
IBKNNRecommenderPrecision = 0.04761904761904758
IBKNNRecommenderRecall = 0.09589169000933699
IBKNNRecommenderDiversity = 0.11288280697814589
IBKNNRecommenderAggrDiversity = 475.0
IBKNNRecommenderNovelty = 5.680274922839868
IBKNNRecommenderAvgRecommTime = 0.6078431372549019;
# ========================================================
# test case: UBKNNRecommender Precision
# ========================================================
dataFileBase = data/android/andapps
UBKNNRecommenderPrecision = 0.045518207282913135
UBKNNRecommenderRecall = 0.09103641456582627
UBKNNRecommenderDiversity = 0.20490982642615918
UBKNNRecommenderAggrDiversity = 816.3333333333334
UBKNNRecommenderNovelty = 6.706132179270861
UBKNNRecommenderAvgRecommTime = 0.5014005602240896;
