# ========================================================
# test case: UBKNNLSHHashTables Prediction Performance
# ========================================================
dataFileBase = ../../../data/yahoo-music/yahoo-music
k = 20
numOfHashTables = 5
numOfHashFunctions = 6
UBKNNLSHHashTablesMaeList =  [1.4109007010501289, 1.31256654248453, 1.286338239882573, 1.2770986814513543, 1.2694038444338647, 1.2646119818871862, 1.2609629837872527, 1.258080739577648, 1.2564780715020487, 1.253672792951162];
UBKNNLSHHashTablesRuntimeList = [0.30121390273276016, 0.44794033174550335, 0.5924903399189614, 0.6813041785436076, 0.8020016865246309, 0.9275900901750198, 1.0140949340419398, 1.1372976507007588, 1.2522172076348554, 1.3402371996621365];
UBKNNLSHHashTablesCandidateSetList = [316.71704268355813, 631.1115262658687, 1014.2179985212663, 1252.3910300263465, 1526.1852029606528, 1841.3620716773053, 2111.8835647331825, 2374.029020107567, 2652.942877911609, 2894.685460558494];
UBKNNLSHHashTablesPredictionCoverageList  = [0.9565878332321678, 0.9948318831996603, 0.9991605215591545, 0.9998414021481302, 0.9999562491881377, 0.9999890623718002, 0.9999972655181842, 1.0, 1.0, 1.0];
# ========================================================
# test case: UBKNNLSHHashFunctions Prediction Performance
# ========================================================
dataFileBase = ../../../data/yahoo-music/yahoo-music
k = 20
numOfHashTables = 5
numOfHashFunctions = 6
UBKNNLSHHashFunctionsMaeList =  [1.2524107451916806, 1.2510303703633117, 1.2501158511061632, 1.251614772067726, 1.259028899773507, 1.2695117982724529, 1.2847578691713115, 1.320278263008206, 1.39205227434533, 1.5467545483072833];
UBKNNLSHHashFunctionsRuntimeList = [19.47909915100672, 17.343811129713323, 12.421465348498995, 6.994506988420089, 4.1723693047560175, 2.5017111264666996, 1.8022796218947523, 1.1390582563365563, 1.0175693528171927, 0.7689528279001622];
UBKNNLSHHashFunctionsCandidateSetList = [14998.121478606405, 12245.784081701251, 8215.603286957274, 4909.97972174598, 2727.1514943146494, 1496.7386746014167, 846.3873023098325, 458.25173774197094, 248.83664906542572, 127.85697486191346];
UBKNNLSHHashFunctionsPredictionCoverageList  = [1.0, 1.0, 1.0, 1.0, 1.0, 0.9999671868163377, 0.9989937196637115, 0.9908259256569354, 0.9594999666470077, 0.8875895438870275];
# ========================================================
# test case: IBKNNLSHHashTables Prediction Performance
# ========================================================
dataFileBase = ../../../data/yahoo-music/yahoo-music
k = 20
numOfHashTables = 5
numOfHashFunctions = 6
IBKNNLSHHashTablesMaeList =  [2.7436897141207206, 1.844372879999779, 1.5278946479803983, 1.3549210757930041, 1.2662782948340041, 1.2129052291578561, 1.1696819069209397, 1.1392162281392353, 1.1173502886050315, 1.1021409991479183];
IBKNNLSHHashTablesRuntimeList = [1.5924748078671456, 1.2561858544949023, 1.9162678029276878, 2.2660182378575797, 2.383826846672381, 2.7387279062377186, 3.0601800320299843, 3.368003074102237, 3.731642363823088, 4.084105706991585];
IBKNNLSHHashTablesCandidateSetList = [18.277517367581403, 35.84789607646261, 53.07539638196683, 72.21185499235138, 88.91345676602526, 103.74585865762712, 121.01181684517186, 135.64323910157646, 153.27749762570102, 169.88005951552515];
IBKNNLSHHashTablesPredictionCoverageList  = [0.4149918047040176, 0.6126644291676125, 0.7342961713411621, 0.8181919750382948, 0.8694325475470045, 0.8995991589393668, 0.9272745694731315, 0.9448652678925644, 0.9583214908155011, 0.968310452104034];
# ========================================================
# test case: IBKNNLSHHashFunctions Prediction Performance
# ========================================================
dataFileBase = ../../../data/yahoo-music/yahoo-music
k = 20
numOfHashTables = 5
numOfHashFunctions = 6
IBKNNLSHHashFunctionsMaeList =  [1.0068736367157747, 1.0143015133301545, 1.0267600806750514, 1.051059596439364, 1.1099325392825112, 1.2662444208125727, 1.584859922037735, 2.1767011437255985, 3.3566103573534276, 5.383541513291794];
IBKNNLSHHashFunctionsRuntimeList = [16.65704387308374, 13.83136740404667, 9.843665923268286, 5.791187584666755, 3.8251720330994003, 2.441439596287475, 1.7954023315366043, 1.3684028281662757, 0.9636026251931027, 1.3199300797154945];
IBKNNLSHHashFunctionsCandidateSetList = [971.3428439644844, 779.3982727485155, 513.8369008037367, 297.7524784415685, 168.7707982845314, 88.91395063730643, 46.85350874588808, 23.90583292341759, 11.854998070258585, 6.113561707552596];
IBKNNLSHHashFunctionsPredictionCoverageList  = [1.0, 1.0, 0.9997156171808598, 0.9937107606083713, 0.9632681654294657, 0.8688036825232368, 0.7094044133522683, 0.5204430401845315, 0.33577418380906543, 0.20921841565466387];
# ========================================================
# test case: IBLSH1HashTables Prediction Performance
# ========================================================
dataFileBase = ../../../data/yahoo-music/yahoo-music
k = 20
numOfHashTables = 5
numOfHashFunctions = 6
IBLSH1HashTablesMaeList =  [2.7937612255956226, 1.8330406091838, 1.522371081901155, 1.3719984350536192, 1.266747007271587, 1.2117272236407002, 1.1696751108336647, 1.1409370336567821, 1.1156750323015527, 1.1044814872560995];
IBLSH1HashTablesRuntimeList = [0.004629351808483574, 0.03044807102098392, 0.04026788172342604, 0.018790655641472843, 0.07530957356184491, 0.04052679739095714, 0.07961967046884796, 0.08656701890147939, 0.07827040458831905, 0.1033453608963478];
IBLSH1HashTablesCandidateSetList = [18.4082204389499, 37.2972219330533, 54.323457245718124, 71.34759775211748, 91.01676488984565, 106.72532234788495, 123.2326877354401, 136.15917603559768, 153.87090571160687, 168.09993650669895];
IBLSH1HashTablesPredictionCoverageList  = [0.40644645063826684, 0.6182785542024404, 0.734189356981674, 0.8103026696195542, 0.8692877279724869, 0.9026617675076182, 0.9278652211340768, 0.9443183443146994, 0.9592457384916961, 0.9666013848198263];
# ========================================================
# test case: IBLSH1HashFunctions Prediction Performance
# ========================================================
dataFileBase = ../../../data/yahoo-music/yahoo-music
k = 20
numOfHashTables = 5
numOfHashFunctions = 6
IBLSH1HashFunctionsMaeList =  [1.031005944295766, 1.0320615216542341, 1.037597745838724, 1.055014949374151, 1.1172700021749458, 1.2630999985834857, 1.5550841255076244, 2.1518203915769356, 3.3022574229031934, 5.1603595233167034];
IBLSH1HashFunctionsRuntimeList = [2.2498450504167, 1.395991125696609, 0.5411858866106825, 0.21519562296294228, 0.14023162109194484, 0.0367121949589984, 0.03649156682189377, 0.00989039373861533, 0.009849578378851382, 0.0050778768069811575];
IBLSH1HashFunctionsCandidateSetList = [972.9336702232274, 781.6297358260585, 518.1745953951577, 299.66071974022674, 166.75270966168674, 90.97768318228188, 48.88835217855898, 25.32218947807225, 13.404076206675146, 7.498099227551878];
IBLSH1HashFunctionsPredictionCoverageList  = [1.0, 0.9999945310363685, 0.9997539002253424, 0.9938830251871241, 0.9615099055844901, 0.8697964854394712, 0.7179252136045697, 0.5247955274661704, 0.34282928984563704, 0.21815461998605498];
# ========================================================
# test case: IBLSH2HashTables Prediction Performance
# ========================================================
dataFileBase = ../../../data/yahoo-music/yahoo-music
k = 20
numOfHashTables = 5
numOfHashFunctions = 6
IBLSH2HashTablesMaeList =  [3.6937649808953603, 2.387756704372522, 1.8872666563831544, 1.608742130907502, 1.486873816690618, 1.3917390031850791, 1.319977038863929, 1.2703534110351256, 1.2280963917222387, 1.1937961491516946];
IBLSH2HashTablesRuntimeList = [0.00716974283534587, 0.006196313663710833, 0.0047851700200367666, 0.01976463778044831, 0.01303248351165184, 0.025126861519019234, 0.01636573101392693, 0.035064172996296, 0.028662374545534643, 0.02975612510394119];
IBLSH2HashTablesCandidateSetList = [18.72623147553802, 37.01109994833838, 53.569017519090934, 73.37650513575521, 89.39145846317338, 105.68282083997235, 121.44877753006895, 137.32452166224138, 154.82077258614018, 173.52939383101082];
IBLSH2HashTablesPredictionCoverageList  = [0.3085195709541658, 0.47933330112425665, 0.6032747793554892, 0.7034814240580777, 0.7601721986353789, 0.8056542045502753, 0.8432176691038948, 0.872839861121759, 0.8989892080004894, 0.9185735676616924];
# ========================================================
# test case: IBLSH2HashFunctions Prediction Performance
# ========================================================
dataFileBase = ../../../data/yahoo-music/yahoo-music
k = 20
numOfHashTables = 5
numOfHashFunctions = 6
IBLSH2HashFunctionsMaeList =  [1.0406232623276395, 1.0431246123450302, 1.0568182869807492, 1.1005383963202415, 1.2269932078850705, 1.4967130374168234, 2.0081314541393867, 2.931349988636481, 4.569627468200176, 7.031276838678329];
IBLSH2HashFunctionsRuntimeList = [0.19470346259086974, 0.1503400355875904, 0.09692214804514755, 0.03992799581682749, 0.04538098799293775, 0.0076125557320575075, 0.015621918764073433, 0.0031691702195715482, 0.0057423448228672, 0.002165664439530143];
IBLSH2HashFunctionsCandidateSetList = [973.2563904630688, 783.0406086911364, 513.3774833212235, 302.8844228437776, 164.73436484052417, 87.64512333018405, 46.54721756150106, 24.618017953165822, 13.408588285744273, 7.515403012481736];
IBLSH2HashFunctionsPredictionCoverageList  = [1.0, 0.9999234357054123, 0.9971780425790534, 0.9767134540138945, 0.8996893534751612, 0.7538803237517611, 0.5650937788796652, 0.3882732109947672, 0.24850723027227328, 0.15899201231349708];
# ========================================================
# test case: UBLSH1HashTables Prediction Performance
# ========================================================
dataFileBase = ../../../data/yahoo-music/yahoo-music
k = 20
numOfHashTables = 5
numOfHashFunctions = 6
UBLSH1HashTablesMaeList =  [1.4193987904933543, 1.326924512678807, 1.3111396585392436, 1.3065301073969808, 1.3017073247577213, 1.3004562330024658, 1.2971651481957887, 1.2972771671232288, 1.294400138912642, 1.2938357171764638];
UBLSH1HashTablesRuntimeList = [0.23781697107010347, 0.5972447032554897, 0.8158943187301059, 0.9265496431962535, 1.2276073629530333, 1.5366325530078935, 1.2592710401119787, 1.5766547620185127, 1.7694826894830142, 2.6263973832353313];
UBLSH1HashTablesCandidateSetList = [305.19491265516, 664.3318026662027, 990.7710773502471, 1278.148978288316, 1519.383086748628, 1857.83376200175, 2086.4754213087026, 2426.812919455223, 2731.691409850047, 2967.012861592678];
UBLSH1HashTablesPredictionCoverageList  = [0.9567136481057302, 0.9944518015916696, 0.9992206816544144, 0.9998414015500042, 0.9999753902617847, 0.9999781241454743, 1.0, 1.0, 1.0, 1.0];
# ========================================================
# test case: UBLSH1HashFunctions Prediction Performance
# ========================================================
dataFileBase = ../../../data/yahoo-music/yahoo-music
k = 20
numOfHashTables = 5
numOfHashFunctions = 6
UBLSH1HashFunctionsMaeList =  [1.309369593384305, 1.305107372811936, 1.3011759353170782, 1.3022952646252832, 1.302181518348512, 1.3003402948597536, 1.3084477714029488, 1.3334699485738208, 1.402832754475876, 1.552731474076679];
UBLSH1HashFunctionsRuntimeList = [81.55515943754577, 48.962532438196135, 14.472657298610395, 7.0935339975251654, 2.6770965123446664, 0.9386332845457037, 0.5131753430277868, 0.2267757595865479, 0.09286933167915651, 0.07605328143873909];
UBLSH1HashFunctionsCandidateSetList = [14995.492296210787, 12251.588445279089, 8218.806319308973, 4998.864947181526, 2824.4331018369508, 1579.976610345044, 839.1817359339008, 463.4099520962509, 250.33627963453733, 133.06140842471314];
UBLSH1HashFunctionsPredictionCoverageList  = [1.0, 1.0, 1.0, 1.0, 0.9999972655181842, 0.99998085862729, 0.9990538767683421, 0.9911349164199136, 0.9596859057282796, 0.8888498866977693];
# ========================================================
# test case: UBLSH2HashTables Prediction Performance
# ========================================================
dataFileBase = ../../../data/yahoo-music/yahoo-music
k = 20
numOfHashTables = 5
numOfHashFunctions = 6
UBLSH2HashTablesMaeList =  [1.5174239113422034, 1.3621246938824396, 1.3334548096760248, 1.319619285