# ========================================================
# test case : IBLSH1Recommender Hash Functions Evaluation
# ========================================================
fileName = ../../../data/yahoo-music/yahoo-music
numOfHashTables = 5
IBLSH1RecommenderHashFunctionsPrecision = [0.004882669276415115, 0.005077346137274326, 0.006486692623034086, 0.006887263904099901, 0.007215955225528593, 0.007694603855015278, 0.00739479529339136, 0.007836627047514342, 0.006908554385245851, 0.010885293647004718];
IBLSH1RecommenderHashFunctionsPecall = [0.0221422435391327, 0.026498604433031227, 0.033451150395856666, 0.03510513239523574, 0.03657451198677261, 0.03997868443435589, 0.036314524832035615, 0.0375958873751261, 0.03312595073737672, 0.04335604948201697];
IBLSH1RecommenderHashFunctionsDiversity = [0.2259670383885263, 0.235297251812966, 0.24142053076498957, 0.2450762770362563, 0.23438556952024822, 0.2362351753983307, 0.23400504574142555, 0.24059807472925332, 0.23392037758230866, 0.23995239031955592];
IBLSH1RecommenderHashFunctionsAggrDiversity = [516.0, 999.3333333333334, 998.6666666666666, 1000.0, 999.6666666666666, 1000.0, 1000.0, 999.3333333333334, 999.3333333333334, 987.3333333333334];
IBLSH1RecommenderHashFunctionsNovelty = [5.924774427749241, 5.9423048548620265, 5.926259836466431, 5.933147690768894, 5.870108501240559, 5.894178954047999, 5.900884831252774, 5.877276267266038, 5.881038771790972, 5.849950310981286];
IBLSH1RecommenderHashFunctionsTopN = [20.0, 20.0, 20.0, 20.0, 20.0, 20.0, 20.0, 20.0, 20.0, 20.0];
IBLSH1RecommenderHashFunctionsAvgRecommTime = [8.151661290992317, 6.426408393567081, 4.419225981303858, 2.616066222601197, 1.6893937947447064, 1.1675454115177883, 0.7479950650581225, 0.46055006514907526, 0.2585002579016566, 0.18701272765191704];
IBLSH1RecommenderHashFunctionsCandidateItemListSize = [0.0, 0.0, 0.0, 0.0, 0.0, 0.0, 0.0, 0.0, 0.0, 0.0];
IBLSH1RecommenderHashFunctionsTopNRatioListSize = [1.0, 1.0, 1.0, 1.0, 1.0, 1.0, 1.0, 1.0, 1.0, 1.0];
# ========================================================
# test case : IBLSH1Recommender Hash Tables Evaluation
# ========================================================
fileName = ../../../data/yahoo-music/yahoo-music
numOfHashFunctions = 6
IBLSH1RecommenderHashTablesPrecision = [0.00428996592207632, 0.0060912583300839, 0.00678905209153421, 0.008391728197406322, 0.007322119126562184, 0.008856528641131312, 0.009007538846747775, 0.009495950119522402, 0.00835874383340589, 0.011473755027786019];
IBLSH1RecommenderHashTablesRecall = [0.02434750274877009, 0.03280315581787833, 0.03497712900131897, 0.040224774949803435, 0.037750301743547134, 0.04148056161185801, 0.040435127847728264, 0.043972532071984004, 0.039728314707155966, 0.05146667222332508];
IBLSH1RecommenderHashTablesDiversity = [0.24736211474643635, 0.24663194871945138, 0.24933749545736927, 0.23412499590872016, 0.22633937941381024, 0.22826513517996105, 0.242180289310815, 0.229643641088176, 0.2324426787451336, 0.22985772752918565];
IBLSH1RecommenderHashTablesAggrDiversity = [998.0, 997.0, 1000.0, 1000.0, 999.6666666666666, 1000.0, 1000.0, 1000.0, 1000.0, 999.6666666666666];
IBLSH1RecommenderHashTablesNovelty = [6.0585601826228315, 5.91895977221614, 5.925138558584824, 5.8756022484724495, 5.8378163161385475, 5.806985962859222, 5.868555078704792, 5.858591059954139, 5.8915621163702605, 5.744112544695729];
IBLSH1RecommenderHashTablesTopN = [20.0, 20.0, 20.0, 20.0, 20.0, 20.0, 20.0, 20.0, 20.0, 20.0];
IBLSH1RecommenderHashTablesAvgRecommTime = [0.29093905310160983, 0.5904689970156515, 0.7487806393592386, 1.003687909143941, 1.1624240920752973, 1.3129520573960152, 1.45594364779683, 1.604489678742522, 1.7501263033390402, 1.830807997765205];
IBLSH1RecommenderHashTablesCandidateItemListSize = [0.0, 0.0, 0.0, 0.0, 0.0, 0.0, 0.0, 0.0, 0.0, 0.0];
IBLSH1RecommenderHashTablesTopNRatioListSize = [1.0, 1.0, 1.0, 1.0, 1.0, 1.0, 1.0, 1.0, 1.0, 1.0];
# ========================================================
# test case : IBLSH2Recommender Hash Functions Evaluation
# ========================================================
fileName = ../../../data/yahoo-music/yahoo-music
numOfHashTables = 5
IBLSH2RecommenderHashFunctionsPrecision = [0.003782822865901232, 0.003920578736002051, 0.0035627246955047594, 0.004101375359560758, 0.004132424970786086, 0.004289933840914049, 0.004718104703830192, 0.0049250514127381064, 0.004895285024854277, 0.006061464347081657];
IBLSH2RecommenderHashFunctionsPecall = [0.02024344968156243, 0.021364479963605316, 0.020722106884225995, 0.021480184483673514, 0.022832067291872298, 0.023238585340206463, 0.02520886881858872, 0.02568122333607362, 0.02437817285555115, 0.028779190208856692];
IBLSH2RecommenderHashFunctionsDiversity = [0.2696428736350039, 0.2674019725988955, 0.2664428573081964, 0.26462490440366976, 0.26283847528439813, 0.261781497303286, 0.2582868840274035, 0.25559161282697246, 0.2572521543036058, 0.2535275666922965];
IBLSH2RecommenderHashFunctionsAggrDiversity = [1000.0, 1000.0, 1000.0, 1000.0, 1000.0, 1000.0, 1000.0, 1000.0, 1000.0, 994.3333333333334];
IBLSH2RecommenderHashFunctionsNovelty = [6.105951341739821, 6.0949844889057045, 6.091341389992021, 6.0716233101572135, 6.061933843765039, 6.067730851639794, 6.0363367036038795, 6.0187614293845115, 6.049190601127428, 5.97531226385738];
IBLSH2RecommenderHashFunctionsTopN = [20.0, 20.0, 20.0, 20.0, 20.0, 20.0, 20.0, 20.0, 20.0, 19.666666666666668];
IBLSH2RecommenderHashFunctionsAvgRecommTime = [2.981969817117934, 2.1229990616555665, 1.2568399531476049, 0.6315325370090091, 0.39606226796158617, 0.2528252916526171, 0.17577851355901666, 0.13713876921503979, 0.11545094185363995, 0.0985996347566143];
IBLSH2RecommenderHashFunctionsCandidateItemListSize = [0.0, 0.0, 0.0, 0.0, 0.0, 0.0, 0.0, 0.0, 0.0, 0.0];
IBLSH2RecommenderHashFunctionsTopNRatioListSize = [1.0, 1.0, 1.0, 1.0, 1.0, 1.0, 1.0, 1.0, 1.0, 1.0];
# ========================================================
# test case : IBLSH2Recommender Hash Tables Evaluation
# ========================================================
fileName = ../../../data/yahoo-music/yahoo-music
numOfHashFunctions = 6
IBLSH2RecommenderHashTablesPrecision = [0.00475983107420132, 0.004612791626810206, 0.004250790546190407, 0.004481822177737149, 0.004154135765785273, 0.004858061512167125, 0.004528998080640916, 0.004696660169415883, 0.004317625944883456, 0.0044910852618011005];
IBLSH2RecommenderHashTablesRecall = [0.02311696924243208, 0.02408083544298945, 0.02338492338454046, 0.023319737655916925, 0.02363507462646429, 0.02418473007587787, 0.023476162165256914, 0.024442883125896275, 0.022903416134117047, 0.023435764641658734];
IBLSH2RecommenderHashTablesDiversity = [0.26035058337308636, 0.26096850095015245, 0.25938887969013114, 0.2607862968412975, 0.26273790398517943, 0.2620172271708569, 0.26006967402451964, 0.26223194138238476, 0.26288440543843683, 0.26138676184759047];
IBLSH2RecommenderHashTablesAggrDiversity = [1000.0, 1000.0, 1000.0, 1000.0, 1000.0, 1000.0, 1000.0, 1000.0, 1000.0, 1000.0];
IBLSH2RecommenderHashTablesNovelty = [6.055453191764582, 6.063668038298484, 6.034457005718099, 6.052935476527821, 6.067495497622307, 6.0549313580455495, 6.059470076791766, 6.059119879839254, 6.0730871224482605, 6.053743090768371];
IBLSH2RecommenderHashTablesTopN = [20.0, 20.0, 20.0, 20.0, 20.0, 20.0, 20.0, 20.0, 20.0, 20.0];
IBLSH2RecommenderHashTablesAvgRecommTime = [0.06616669156782747, 0.12040542690682121, 0.1667301028491223, 0.1968208710649544, 0.24654928337932444, 0.28459419449155626, 0.31527989918190374, 0.37023922494846534, 0.421802772805065, 0.4832503613692933];
IBLSH2RecommenderHashTablesCandidateItemListSize = [0.0, 0.0, 0.0, 0.0, 0.0, 0.0, 0.0, 0.0, 0.0, 0.0];
IBLSH2RecommenderHashTablesTopNRatioListSize = [1.0, 1.0, 1.0, 1.0, 1.0, 1.0, 1.0, 1.0, 1.0, 1.0];
# ========================================================
# test case : UBLSH1Recommender Hash Functions Evaluation
# ========================================================
fileName = ../../../data/yahoo-music/yahoo-music
numOfHashTables = 5
UBLSH1RecommenderHashFunctionsPrecision = [0.004143012166609973, 0.005391447075117979, 0.005257095535622368, 0.005951177353845251, 0.007176694519897051, 0.009511472545300369, 0.011455796393887946, 0.014442822843196888, 0.01783436666753955, 0.02126097094788419];
UBLSH1RecommenderHashFunctionsPecall = [0.021198142193673403, 0.028512307704075066, 0.026695551222365155, 0.03182913590546845, 0.03769014539075794, 0.04749478794401859, 0.05597542998157331, 0.06783449787467143, 0.08183128522027988, 0.09453930473265935];
UBLSH1RecommenderHashFunctionsDiversity = [0.23595804157944567, 0.24227120004638633, 0.2399516343231898, 0.22942868417074092, 0.21313253948209865, 0.19418780274304923, 0.18641544318651107, 0.1738363239884192, 0.16741471872944733, 0.16303926494182683];
UBLSH1RecommenderHashFunctionsAggrDiversity = [348.0, 545.6666666666666, 944.6666666666666, 999.6666666666666, 1000.0, 1000.0, 1000.0, 1000.0, 1000.0, 1000.0];
UBLSH1RecommenderHashFunctionsNovelty = [5.932928354300021, 5.779972895059303, 5.846105385768841, 5.718390587639758, 5.552949927311644, 5.27019292094863, 5.1138237705795335, 4.82131035186245, 4.535416859508569, 4.326307584839346];
UBLSH1RecommenderHashFunctionsTopN = [20.0, 20.0, 20.0, 20.0, 20.0, 20.0, 20.0, 20.0, 20.0, 20.0];
UBLSH1RecommenderHashFunctionsAvgRecommTime = [6.591337914906746, 5.7736309256377, 5.007381613843588, 4.319347290526827, 3.5541287004473023, 2.8811878100681336, 2.2583686142735977, 1.7352143393665884, 1.326839910073233, 0.9527814936718038];
UBLSH1RecommenderHashFunctionsCandidateItemListSize = [0.0, 0.0, 0.0, 0.0, 0.0, 0.0, 0.0, 0.0, 0.0, 0.0];
UBLSH1RecommenderHashFunctionsTopNRatioListSize = [1.0, 1.0, 1.0, 1.0, 1.0, 1.0, 1.0, 1.0, 1.0, 1.0];
# ========================================================
# test case : UBLSH1Recommender Hash Tables Evaluation
# ========================================================
fileName = ../../../data/yahoo-music/yahoo-music
numOfHashFunctions = 6
UBLSH1RecommenderHashTablesPrecision = [0.006587087988927458, 0.006816524698363684, 0.007455569614567385, 0.008145353100644417, 0.009259215061042521, 0.009135698391152103, 0.009912898151773682, 0.010237311188520353, 0.010548943406641342, 0.01037990406528942];
UBLSH1RecommenderHashTablesRecall = [0.02595650017165162, 0.031909765215301436, 0.03660744635932701, 0.041810714433027175, 0.04566618128167388, 0.0460268081780153, 0.04720063193181812, 0.048731007963429974, 0.05114593524976704, 0.049973689411186205];
UBLSH1RecommenderHashTablesDiversity = [0.23523006023824053, 0.22095967847594453, 0.209807797056207, 0.20204593393258677, 0.19826796101473254, 0.197094945867711, 0.19509565819827726, 0.19589170647451626, 0.19045900192886522, 0.19190582395930245];
UBLSH1RecommenderHashTablesAggrDiversity = [997.0, 998.0, 999.6666666666666, 999.6666666666666, 1000.0, 1000.0, 1000.0, 999.6666666666666, 999.6666666666666, 1000.0];
UBLSH1RecommenderHashTablesNovelty = [5.799045811174364, 5.654075771315199, 5.562821557649635, 5.402440109698342, 5.359013149128008, 5.326509884780986, 5.264742213707572, 5.2746974595237495, 5.224029006576831, 5.231147393944416];
UBLSH1RecommenderHashTablesTopN = [20.0, 20.0, 20.0, 20.0, 20.0, 20.0, 20.0, 20.0, 20.0, 20.0];
UBLSH1RecommenderHashTablesAvgRecommTime = [1.292686307829461, 1.8446257202714067, 2.2629214294347957, 2.579553885252278, 2.8539695711961492, 3.1266420991122783, 3.2837640877265364, 3.551863738475509, 3.660483507758412, 3.949255513751156];
UBLSH1RecommenderHashTablesCandidateItemListSize = [0.0, 0.0, 0.0, 0.0, 0.0, 0.0, 0.0, 0.0, 0.0, 0.0];
UBLSH1RecommenderHashTablesTopNRatioListSize = [1.0, 1.0, 1.0, 1.0, 1.0, 1.0, 1.0, 1.0, 1.0, 1.0];
# ========================================================
# test case : UBLSH2Recommender Hash Functions Evaluation
# ========================================================
fileName = ../../../data/yahoo-music/yahoo-music
numOfHashTables = 5
UBLSH2RecommenderHashFunctionsPrecision = [0.0037869236644326614, 0.0039924377583369875, 0.004023811275598852, 0.004053586995141256, 0.004359063745754275, 0.004371094261531137, 0.004548583977300816, 0.005122192450401376, 0.00590551268942999, 0.006831927065964499];
UBLSH2RecommenderHashFunctionsPecall = [0.019826024745742816, 0.020745601958419495, 0.02161808247038378, 0.021426471710443835, 0.023221862496040663, 0.023368457856817737, 0.02510479682166618, 0.02713491234868175, 0.031118866906773197, 0.036256996803831015];
UBLSH2RecommenderHashFunctionsDiversity = [0.26115589705105563, 0.2632731298679296, 0.26146596661763444, 0.2570359702884751, 0.2535978404690012, 0.2486036415773409, 0.2428163572719697, 0.23336040174740805, 0.22451650909586976, 0.21541777273336024];
UBLSH2RecommenderHashFunctionsAggrDiversity = [1000.0, 1000.0, 1000.0, 1000.0, 1000.0, 1000.0, 1000.0, 1000.0, 1000.0, 1000.0];
UBLSH2RecommenderHashFunctionsNovelty = [6.057593055148561, 6.052866069774616, 6.034998680930008, 6.013110241100976, 5.98271675310949, 5.944042208650102, 5.895772703516184, 5.811485592072958, 5.715142612234193, 5.608578436944629];
UBLSH2RecommenderHashFunctionsTopN = [20.0, 20.0, 20.0, 20.0, 20.0, 20.0, 20.0, 20.0, 20.0, 20.0];
UBLSH2RecommenderHashFunctionsAvgRecommTime = [4.444475049415701, 3.409341319586162, 2.5036150546085865, 1.7699965455706919, 1.3025278903105832, 0.9006322559357177, 0.6938984230240272, 0.4310944461091191, 0.28352358445944653, 0.1766183038867839];
UBLSH2RecommenderHashFunctionsCandidateItemListSize = [0.0, 0.0, 0.0, 0.0, 0.0, 0.0, 0.0, 0.0, 0.0, 0.0];
UBLSH2RecommenderHashFunctionsTopNRatioListSize = [1.0, 1.0, 1.0, 1.0, 1.0, 1.0, 1.0, 1.0, 1.0, 1.0];
# ========================================================
# test case : UBLSH2Recommender Hash Tables Evaluation
# ========================================================
fileName = ../../../data/yahoo-music/yahoo-music
numOfHashFunctions = 6
UBLSH2RecommenderHashTablesPrecision = [0.004315033086660067, 0.004338505246789645, 0.004337079791563679, 0.004393451519085809, 0.004293076775740017, 0.00423955784938275, 0.004245199044804685, 0.004042420743797332, 0.0043350509064609835, 0.004156914283298517];
UBLSH2RecommenderHashTablesRecall = [0.02186348945811749, 0.023228732957447495, 0.02456770245494778, 0.024011181275977067, 0.022892515941713387, 0.023098643103848942, 0.02396223962653382, 0.022729245069293736, 0.023542458091308435, 0.0232583134826865];
UBLSH2RecommenderHashTablesDiversity = [0.2471646562515344, 0.2470479997564009, 0.24619509181096663, 0.2479020511405566, 0.2480884993521696, 0.2498864283230741, 0.248884332704854, 0.2501011923172012, 0.2495759304965606, 0.25005476275544797];
UBLSH2RecommenderHashTablesAggrDiversity = [1000.0, 1000.0, 1000.0, 1000.0, 1000.0, 1000.0, 1000.0, 1000.0, 1000.0, 1000.0];
UBLSH2RecommenderHashTablesNovelty = [5.974457232897508, 5.941367461142563, 5.9307012908000445, 5.937334277349177, 5.941031382034553, 5.949251329594445, 5.94697602190341, 5.951390744898667, 5.9478885104234855, 5.950458223839656];
UBLSH2RecommenderHashTablesTopN = [20.0, 20.0, 20.0, 20.0, 20.0, 20.0, 20.0, 20.0, 20.0, 20.0];
UBLSH2RecommenderHashTablesAvgRecommTime = [0.2586969839856996, 0.4827766407781884, 0.6210538449862176, 0.8000854117157973, 0.9476988388205593, 1.0759266967259025, 1.140860404078543, 1.309517410984714, 1.3173920292720753, 1.4165549828697888];
UBLSH2RecommenderHashTablesCandidateItemListSize = [0.0, 0.0, 0.0, 0.0, 0.0, 0.0, 0.0, 0.0, 0.0, 0.0];
UBLSH2RecommenderHashTablesTopNRatioListSize = [1.0, 1.0, 1.0, 1.0, 1.0, 1.0, 1.0, 1.0, 1.0, 1.0];
