# ========================================================
# test case: UBKNNLSHHashTables Prediction Performance
# ========================================================
dataFileBase = ../../../data/ml-1m/ml-1m
k = 20
numOfHashTables = 5
numOfHashFunctions = 6
UBKNNLSHHashTablesMaeList =  [0.8571847678565979, 0.7993981445498891, 0.7856073307718043, 0.7801964696631073, 0.7783093334583396, 0.7763311325332597, 0.7732067322127048, 0.7725333100687202, 0.7728367752444871, 0.7724777012779356];
UBKNNLSHHashTablesRuntimeList = [1.9498454185457772, 3.898642971819316, 4.908648176426538, 6.33436342711352, 6.552502316942491, 8.095503011560007, 11.29532698148673, 11.47289615594898, 12.456999678575222, 12.476057063752279];
UBKNNLSHHashTablesCandidateSetList = [183.18208568846765, 366.5000188902556, 485.43489477385805, 618.237210493643, 683.8960304289643, 820.5865993749115, 1034.928580724565, 1163.888195229791, 1278.1880467090116, 1358.1003814971575];
UBKNNLSHHashTablesPredictionCoverageList  = [0.9560740938783049, 0.9904375569157394, 0.9963370080343218, 0.9975768981108543, 0.9980601807495261, 0.9988401083563673, 0.999190076859244, 0.9992933985938673, 0.9994567177951078, 0.9995133790289726];
# ========================================================
# test case: UBKNNLSHHashFunctions Prediction Performance
# ========================================================
dataFileBase = ../../../data/ml-1m/ml-1m
k = 20
numOfHashTables = 5
numOfHashFunctions = 6
UBKNNLSHHashFunctionsMaeList =  [0.7712885921894114, 0.7708078821413598, 0.7716734691148075, 0.7720241549081275, 0.7727072979824702, 0.7784189995838128, 0.7861394352178764, 0.8026759134031561, 0.825625886708772, 0.8656425683315517];
UBKNNLSHHashFunctionsRuntimeList = [35.55128442111632, 31.246558078388784, 25.811480123441857, 15.547200433660988, 12.040690201241532, 6.421305995603402, 4.135322576142756, 2.390655346448771, 1.6523756642528526, 1.1031846229148068];
UBKNNLSHHashFunctionsCandidateSetList = [5910.031078516576, 4883.971947134002, 3592.7592478235233, 2116.285083121916, 1340.0157302903497, 682.8375420345861, 403.85476205017295, 212.1859256974973, 120.30316086573407, 70.3424639798792];
UBKNNLSHHashFunctionsPredictionCoverageList  = [0.9999966670332929, 0.9999733356997877, 0.9998833441656431, 0.9996466998634931, 0.9992467381597724, 0.9981268438496124, 0.9957270654954837, 0.9895843094402864, 0.978062042673026, 0.9545708948003098];
# ========================================================
# test case: IBKNNLSHHashTables Prediction Performance
# ========================================================
dataFileBase = ../../../data/ml-1m/ml-1m
k = 20
numOfHashTables = 5
numOfHashFunctions = 6
IBKNNLSHHashTablesMaeList =  [0.9572760209144531, 0.8435883996170452, 0.8202776030949791, 0.8114735214704478, 0.7986277284925166, 0.7940898053489499, 0.7920638049953037, 0.7874298893901654, 0.7862437820718465, 0.7818280697054053];
IBKNNLSHHashTablesRuntimeList = [1.7627398199500224, 3.6384752177379975, 4.532694537316778, 5.257612151876393, 7.624939262303428, 8.371305722312814, 8.211234602037036, 10.58193921372548, 11.328116153282659, 12.58755637270386];
IBKNNLSHHashTablesCandidateSetList = [110.55507016215103, 204.87403567084485, 271.44592567057975, 340.84404734059814, 447.2188771738344, 510.0355923633279, 547.2477062245609, 662.3977268471084, 747.1425816834717, 818.1423608888172];
IBKNNLSHHashTablesPredictionCoverageList  = [0.9157579474038228, 0.9803251587607859, 0.9921907185660541, 0.9960670348982354, 0.9981168406169766, 0.9989734297907655, 0.9993667260276555, 0.9996666974970946, 0.9998200170650194, 0.9998933431990746];
